INFO: [SIM 2] *************** CSIM start ***************
INFO: [SIM 4] CSIM will launch GCC as the compiler.
   Compiling ../../../test_bench.cpp in debug mode
   Compiling ../../../cam.cpp in debug mode
   Generating csim.exe
FICHERO DE ENTRADA CON NUMERO DE DATOS 1024 BUSQUEDA 1
---- CASE TESTING FOR PARENT CASES ---- 
---- Testing nº of access for worst case (i = N) ---- 
El numero de lecturas del arbol han sido 256
El numero de lecturas del arbol han sido 256
Node 1023 's father is:  
695
SEARCH ENDED
---- Test succesful at the moment! ----
---- Finalized test for worst case ---- 
 
---- Testing nº of access for best case (i = 1) ---- 
Node 1 's father is:  
SEARCH ENDED
---- Test succesful at the moment! ----
---- Finalized test for best case ---- 
 
---- Testing nº of access for promedium case (i = N/2)
El numero de lecturas del arbol han sido 256
El numero de lecturas del arbol han sido 256
Node 512 's father is:  
339
SEARCH ENDED
---- Test succesful at the moment! ----
---- Finalized test for promedium case ---- 
---- Finalized test for PARENT cases. Starting CHILDREN cases----
---- CASE TESTING FOR CHILDREN CASES ---- 
---- Testing nº of access for worst case (i = N). ---- 
El numero de lecturas del arbol han sido 256
El numero de lecturas del arbol han sido 256
Node 1023 's children is/are: 
SEARCH ENDED
---- Test succesful at the moment! ----
---- Finalized test for worst case ---- 
 
---- Testing nº of access for best case (i = 1) ---- 
El numero de lecturas del arbol han sido 256
El numero de lecturas del arbol han sido 256
Node 1 's children is/are: 
2
3
4
SEARCH ENDED
---- Test succesful at the moment! ----
---- Finalized test for best case ---- 
 
---- Testing nº of access for promedium case (i = N/2)
El numero de lecturas del arbol han sido 256
El numero de lecturas del arbol han sido 256
Node 512 's children is/are: 
769
770
771
SEARCH ENDED
---- Test succesful at the moment! ----
 
INFO: [SIM 1] CSim done with 0 errors.
INFO: [SIM 3] *************** CSIM finish ***************
