

================================================================
== Vivado HLS Report for 'top_function'
================================================================
* Date:           Fri Jul 24 19:00:08 2020

* Version:        2019.1 (Build 2552052 on Fri May 24 15:28:33 MDT 2019)
* Project:        binarycam
* Solution:       solution1
* Product family: zynq
* Target device:  xc7z020-clg484-1


================================================================
== Performance Estimates
================================================================
+ Timing (ns): 
    * Summary: 
    +--------+-------+----------+------------+
    |  Clock | Target| Estimated| Uncertainty|
    +--------+-------+----------+------------+
    |ap_clk  |  10.00|     7.470|        1.25|
    +--------+-------+----------+------------+

+ Latency (clock cycles): 
    * Summary: 
    +-----+-----+-----+-----+----------+
    |  Latency  |  Interval | Pipeline |
    | min | max | min | max |   Type   |
    +-----+-----+-----+-----+----------+
    |    ?|    ?|    ?|    ?| dataflow |
    +-----+-----+-----+-----+----------+

    + Detail: 
        * Instance: 
        +-------------------------+----------------------+-----+-----+-----+-----+---------+
        |                         |                      |  Latency  |  Interval | Pipeline|
        |         Instance        |        Module        | min | max | min | max |   Type  |
        +-------------------------+----------------------+-----+-----+-----+-----+---------+
        |busqueda_cam_U0          |busqueda_cam          |    1|  259|    1|  259|   none  |
        |busqueda_cam_1_U0        |busqueda_cam_1        |    1|  259|    1|  259|   none  |
        |combinar_U0              |combinar              |    ?|    ?|    ?|    ?|   none  |
        |top_function_entry43_U0  |top_function_entry43  |    0|    0|    0|    0|   none  |
        |top_function_entry3_U0   |top_function_entry3   |    0|    0|    0|    0|   none  |
        +-------------------------+----------------------+-----+-----+-----+-----+---------+

        * Loop: 
        N/A



================================================================
== Utilization Estimates
================================================================
* Summary: 
+-----------------+---------+-------+--------+-------+-----+
|       Name      | BRAM_18K| DSP48E|   FF   |  LUT  | URAM|
+-----------------+---------+-------+--------+-------+-----+
|DSP              |        -|      -|       -|      -|    -|
|Expression       |        -|      -|       0|     46|    -|
|FIFO             |        0|      -|      69|    265|    -|
|Instance         |        -|      -|     258|   1100|    -|
|Memory           |        -|      -|       -|      -|    -|
|Multiplexer      |        -|      -|       -|     54|    -|
|Register         |        -|      -|       9|      -|    -|
+-----------------+---------+-------+--------+-------+-----+
|Total            |        0|      0|     336|   1465|    0|
+-----------------+---------+-------+--------+-------+-----+
|Available        |      280|    220|  106400|  53200|    0|
+-----------------+---------+-------+--------+-------+-----+
|Utilization (%)  |        0|      0|   ~0   |      2|    0|
+-----------------+---------+-------+--------+-------+-----+

+ Detail: 
    * Instance: 
    +-------------------------+----------------------+---------+-------+----+-----+-----+
    |         Instance        |        Module        | BRAM_18K| DSP48E| FF | LUT | URAM|
    +-------------------------+----------------------+---------+-------+----+-----+-----+
    |busqueda_cam_U0          |busqueda_cam          |        0|      0|  93|  380|    0|
    |busqueda_cam_1_U0        |busqueda_cam_1        |        0|      0|  94|  389|    0|
    |combinar_U0              |combinar              |        0|      0|  66|  192|    0|
    |top_function_entry3_U0   |top_function_entry3   |        0|      0|   3|   47|    0|
    |top_function_entry43_U0  |top_function_entry43  |        0|      0|   2|   92|    0|
    +-------------------------+----------------------+---------+-------+----+-----+-----+
    |Total                    |                      |        0|      0| 258| 1100|    0|
    +-------------------------+----------------------+---------+-------+----+-----+-----+

    * DSP48E: 
    N/A

    * Memory: 
    N/A

    * FIFO: 
    +---------------------+---------+---+----+-----+------+-----+---------+
    |         Name        | BRAM_18K| FF| LUT| URAM| Depth| Bits| Size:D*B|
    +---------------------+---------+---+----+-----+------+-----+---------+
    |fatherSearch_c3_U    |        0|  5|   0|    -|     2|    1|        2|
    |fatherSearch_c9_U    |        0|  5|   0|    -|     2|    1|        2|
    |fatherSearch_c_U     |        0|  5|   0|    -|     2|    1|        2|
    |in1_V_V_U            |        0|  6|   0|    -|     8|   11|       88|
    |in1b_V_V_U           |        0|  6|   0|    -|     8|   11|       88|
    |in2_V_V_U            |        0|  6|   0|    -|     8|   11|       88|
    |in2b_V_V_U           |        0|  6|   0|    -|     8|   11|       88|
    |nodo_V_c1_U          |        0|  5|   0|    -|     2|   11|       22|
    |nodo_V_c7_U          |        0|  5|   0|    -|     2|   11|       22|
    |nodo_V_c_U           |        0|  5|   0|    -|     2|   11|       22|
    |relationship_V_c2_U  |        0|  5|   0|    -|     2|    2|        4|
    |relationship_V_c8_U  |        0|  5|   0|    -|     2|    2|        4|
    |relationship_V_c_U   |        0|  5|   0|    -|     2|    2|        4|
    +---------------------+---------+---+----+-----+------+-----+---------+
    |Total                |        0| 69|   0|    0|    50|   86|      436|
    +---------------------+---------+---+----+-----+------+-----+---------+

    * Expression: 
    +-----------------------------------------+----------+-------+---+----+------------+------------+
    |              Variable Name              | Operation| DSP48E| FF| LUT| Bitwidth P0| Bitwidth P1|
    +-----------------------------------------+----------+-------+---+----+------------+------------+
    |busqueda_cam_1_U0_ap_ready_count         |     +    |      0|  0|  10|           2|           1|
    |busqueda_cam_U0_ap_ready_count           |     +    |      0|  0|  10|           2|           1|
    |top_function_entry3_U0_ap_ready_count    |     +    |      0|  0|  10|           2|           1|
    |ap_idle                                  |    and   |      0|  0|   2|           1|           1|
    |ap_sync_ready                            |    and   |      0|  0|   2|           1|           1|
    |busqueda_cam_1_U0_ap_start               |    and   |      0|  0|   2|           1|           1|
    |busqueda_cam_U0_ap_start                 |    and   |      0|  0|   2|           1|           1|
    |top_function_entry3_U0_ap_start          |    and   |      0|  0|   2|           1|           1|
    |ap_sync_busqueda_cam_1_U0_ap_ready       |    or    |      0|  0|   2|           1|           1|
    |ap_sync_busqueda_cam_U0_ap_ready         |    or    |      0|  0|   2|           1|           1|
    |ap_sync_top_function_entry3_U0_ap_ready  |    or    |      0|  0|   2|           1|           1|
    +-----------------------------------------+----------+-------+---+----+------------+------------+
    |Total                                    |          |      0|  0|  46|          14|          11|
    +-----------------------------------------+----------+-------+---+----+------------+------------+

    * Multiplexer: 
    +---------------------------------------------+----+-----------+-----+-----------+
    |                     Name                    | LUT| Input Size| Bits| Total Bits|
    +---------------------------------------------+----+-----------+-----+-----------+
    |ap_sync_reg_busqueda_cam_1_U0_ap_ready       |   9|          2|    1|          2|
    |ap_sync_reg_busqueda_cam_U0_ap_ready         |   9|          2|    1|          2|
    |ap_sync_reg_top_function_entry3_U0_ap_ready  |   9|          2|    1|          2|
    |busqueda_cam_1_U0_ap_ready_count             |   9|          2|    2|          4|
    |busqueda_cam_U0_ap_ready_count               |   9|          2|    2|          4|
    |top_function_entry3_U0_ap_ready_count        |   9|          2|    2|          4|
    +---------------------------------------------+----+-----------+-----+-----------+
    |Total                                        |  54|         12|    9|         18|
    +---------------------------------------------+----+-----------+-----+-----------+

    * Register: 
    +---------------------------------------------+---+----+-----+-----------+
    |                     Name                    | FF| LUT| Bits| Const Bits|
    +---------------------------------------------+---+----+-----+-----------+
    |ap_sync_reg_busqueda_cam_1_U0_ap_ready       |  1|   0|    1|          0|
    |ap_sync_reg_busqueda_cam_U0_ap_ready         |  1|   0|    1|          0|
    |ap_sync_reg_top_function_entry3_U0_ap_ready  |  1|   0|    1|          0|
    |busqueda_cam_1_U0_ap_ready_count             |  2|   0|    2|          0|
    |busqueda_cam_U0_ap_ready_count               |  2|   0|    2|          0|
    |top_function_entry3_U0_ap_ready_count        |  2|   0|    2|          0|
    +---------------------------------------------+---+----+-----+-----------+
    |Total                                        |  9|   0|    9|          0|
    +---------------------------------------------+---+----+-----+-----------+



================================================================
== Interface
================================================================
* Summary: 
+-------------------+-----+-----+------------+----------------+--------------+
|     RTL Ports     | Dir | Bits|  Protocol  |  Source Object |    C Type    |
+-------------------+-----+-----+------------+----------------+--------------+
|tree1_V_address0   | out |    9|  ap_memory |     tree1_V    |     array    |
|tree1_V_ce0        | out |    1|  ap_memory |     tree1_V    |     array    |
|tree1_V_d0         | out |   24|  ap_memory |     tree1_V    |     array    |
|tree1_V_q0         |  in |   24|  ap_memory |     tree1_V    |     array    |
|tree1_V_we0        | out |    1|  ap_memory |     tree1_V    |     array    |
|tree1_V_address1   | out |    9|  ap_memory |     tree1_V    |     array    |
|tree1_V_ce1        | out |    1|  ap_memory |     tree1_V    |     array    |
|tree1_V_d1         | out |   24|  ap_memory |     tree1_V    |     array    |
|tree1_V_q1         |  in |   24|  ap_memory |     tree1_V    |     array    |
|tree1_V_we1        | out |    1|  ap_memory |     tree1_V    |     array    |
|tree2_V_address0   | out |   10|  ap_memory |     tree2_V    |     array    |
|tree2_V_ce0        | out |    1|  ap_memory |     tree2_V    |     array    |
|tree2_V_d0         | out |   24|  ap_memory |     tree2_V    |     array    |
|tree2_V_q0         |  in |   24|  ap_memory |     tree2_V    |     array    |
|tree2_V_we0        | out |    1|  ap_memory |     tree2_V    |     array    |
|tree2_V_address1   | out |   10|  ap_memory |     tree2_V    |     array    |
|tree2_V_ce1        | out |    1|  ap_memory |     tree2_V    |     array    |
|tree2_V_d1         | out |   24|  ap_memory |     tree2_V    |     array    |
|tree2_V_q1         |  in |   24|  ap_memory |     tree2_V    |     array    |
|tree2_V_we1        | out |    1|  ap_memory |     tree2_V    |     array    |
|nodo_V             |  in |   11|   ap_none  |     nodo_V     |    scalar    |
|relationship_V     |  in |    2|   ap_none  | relationship_V |    scalar    |
|fatherSearch       |  in |    1|   ap_none  |  fatherSearch  |    scalar    |
|result_V_V_din     | out |   11|   ap_fifo  |   result_V_V   |    pointer   |
|result_V_V_full_n  |  in |    1|   ap_fifo  |   result_V_V   |    pointer   |
|result_V_V_write   | out |    1|   ap_fifo  |   result_V_V   |    pointer   |
|ap_clk             |  in |    1| ap_ctrl_hs |  top_function  | return value |
|ap_rst             |  in |    1| ap_ctrl_hs |  top_function  | return value |
|ap_start           |  in |    1| ap_ctrl_hs |  top_function  | return value |
|ap_done            | out |    1| ap_ctrl_hs |  top_function  | return value |
|ap_ready           | out |    1| ap_ctrl_hs |  top_function  | return value |
|ap_idle            | out |    1| ap_ctrl_hs |  top_function  | return value |
+-------------------+-----+-----+------------+----------------+--------------+

============================================================
+ Verbose Summary: Synthesis Manager
============================================================
InlineROM: 1
ExposeGlobal: 0
============================================================
+ Verbose Summary: CDFG Model
============================================================
IsTopModel: 1
ResetActiveHigh: 1
IsCombinational: 2
IsDatapathOnly: 2
HasWiredReturn: 1
HasMFsm: 0
HasVarLatency: 1
IsPipeline: 0
IsRtlPipelined: 0
IsInstanceOverlapped: 0
IsDontTouch: 0
HasImplIP: 0
IsGatedGlobalClock: 0


============================================================
+ Verbose Summary: Schedule
============================================================
* Number of FSM states : 6
* Pipeline : 0
* Dataflow Pipeline: 1
  DF-Pipeline-0: Size = 6, States = { 1 2 3 4 5 6 }

* FSM state transitions: 
1 --> 2 
2 --> 3 
3 --> 4 
4 --> 5 
5 --> 6 
6 --> 

* FSM state operations: 

State 1 <SV = 0> <Delay = 3.63>
ST_1 : Operation 7 [1/1] (0.00ns)   --->   "%fatherSearch_read = call i1 @_ssdm_op_Read.ap_auto.i1(i1 %fatherSearch)" [binarycam/cam.cpp:12]   --->   Operation 7 'read' 'fatherSearch_read' <Predicate = true> <Delay = 0.00>
ST_1 : Operation 8 [1/1] (0.00ns)   --->   "%relationship_V_read = call i2 @_ssdm_op_Read.ap_auto.i2(i2 %relationship_V)" [binarycam/cam.cpp:12]   --->   Operation 8 'read' 'relationship_V_read' <Predicate = true> <Delay = 0.00>
ST_1 : Operation 9 [1/1] (0.00ns)   --->   "%nodo_V_read = call i11 @_ssdm_op_Read.ap_auto.i11(i11 %nodo_V)" [binarycam/cam.cpp:12]   --->   Operation 9 'read' 'nodo_V_read' <Predicate = true> <Delay = 0.00>
ST_1 : Operation 10 [1/1] (0.00ns)   --->   "%fatherSearch_c3 = alloca i1, align 1" [binarycam/cam.cpp:12]   --->   Operation 10 'alloca' 'fatherSearch_c3' <Predicate = true> <Delay = 0.00> <Core = "FIFO">   --->   Core 32 'FIFO' <Latency = 0> <II = 1> <Delay = 3.54> <Storage> <Opcode : 'read' 'write' 'nbread' 'nbwrite'> <Ports = 0> <Width = 11> <Depth = 8> <FIFO>
ST_1 : Operation 11 [1/1] (0.00ns)   --->   "%relationship_V_c2 = alloca i2, align 1" [binarycam/cam.cpp:12]   --->   Operation 11 'alloca' 'relationship_V_c2' <Predicate = true> <Delay = 0.00> <Core = "FIFO">   --->   Core 32 'FIFO' <Latency = 0> <II = 1> <Delay = 3.54> <Storage> <Opcode : 'read' 'write' 'nbread' 'nbwrite'> <Ports = 0> <Width = 11> <Depth = 8> <FIFO>
ST_1 : Operation 12 [1/1] (0.00ns)   --->   "%nodo_V_c1 = alloca i11, align 2" [binarycam/cam.cpp:12]   --->   Operation 12 'alloca' 'nodo_V_c1' <Predicate = true> <Delay = 0.00> <Core = "FIFO">   --->   Core 32 'FIFO' <Latency = 0> <II = 1> <Delay = 3.54> <Storage> <Opcode : 'read' 'write' 'nbread' 'nbwrite'> <Ports = 0> <Width = 11> <Depth = 8> <FIFO>
ST_1 : Operation 13 [1/1] (0.00ns)   --->   "%fatherSearch_c9 = alloca i1, align 1" [binarycam/cam.cpp:12]   --->   Operation 13 'alloca' 'fatherSearch_c9' <Predicate = true> <Delay = 0.00> <Core = "FIFO">   --->   Core 32 'FIFO' <Latency = 0> <II = 1> <Delay = 3.54> <Storage> <Opcode : 'read' 'write' 'nbread' 'nbwrite'> <Ports = 0> <Width = 11> <Depth = 8> <FIFO>
ST_1 : Operation 14 [1/1] (0.00ns)   --->   "%fatherSearch_c = alloca i1, align 1" [binarycam/cam.cpp:12]   --->   Operation 14 'alloca' 'fatherSearch_c' <Predicate = true> <Delay = 0.00> <Core = "FIFO">   --->   Core 32 'FIFO' <Latency = 0> <II = 1> <Delay = 3.54> <Storage> <Opcode : 'read' 'write' 'nbread' 'nbwrite'> <Ports = 0> <Width = 11> <Depth = 8> <FIFO>
ST_1 : Operation 15 [1/1] (0.00ns)   --->   "%relationship_V_c8 = alloca i2, align 1" [binarycam/cam.cpp:21]   --->   Operation 15 'alloca' 'relationship_V_c8' <Predicate = true> <Delay = 0.00> <Core = "FIFO">   --->   Core 32 'FIFO' <Latency = 0> <II = 1> <Delay = 3.54> <Storage> <Opcode : 'read' 'write' 'nbread' 'nbwrite'> <Ports = 0> <Width = 11> <Depth = 8> <FIFO>
ST_1 : Operation 16 [1/1] (0.00ns)   --->   "%relationship_V_c = alloca i2, align 1" [binarycam/cam.cpp:21]   --->   Operation 16 'alloca' 'relationship_V_c' <Predicate = true> <Delay = 0.00> <Core = "FIFO">   --->   Core 32 'FIFO' <Latency = 0> <II = 1> <Delay = 3.54> <Storage> <Opcode : 'read' 'write' 'nbread' 'nbwrite'> <Ports = 0> <Width = 11> <Depth = 8> <FIFO>
ST_1 : Operation 17 [1/1] (0.00ns)   --->   "%nodo_V_c7 = alloca i11, align 2" [binarycam/cam.cpp:21]   --->   Operation 17 'alloca' 'nodo_V_c7' <Predicate = true> <Delay = 0.00> <Core = "FIFO">   --->   Core 32 'FIFO' <Latency = 0> <II = 1> <Delay = 3.54> <Storage> <Opcode : 'read' 'write' 'nbread' 'nbwrite'> <Ports = 0> <Width = 11> <Depth = 8> <FIFO>
ST_1 : Operation 18 [1/1] (0.00ns)   --->   "%nodo_V_c = alloca i11, align 2" [binarycam/cam.cpp:21]   --->   Operation 18 'alloca' 'nodo_V_c' <Predicate = true> <Delay = 0.00> <Core = "FIFO">   --->   Core 32 'FIFO' <Latency = 0> <II = 1> <Delay = 3.54> <Storage> <Opcode : 'read' 'write' 'nbread' 'nbwrite'> <Ports = 0> <Width = 11> <Depth = 8> <FIFO>
ST_1 : Operation 19 [1/1] (3.63ns)   --->   "call void @top_function.entry3(i11 %nodo_V_read, i2 %relationship_V_read, i1 %fatherSearch_read, i11* %nodo_V_c1, i2* %relationship_V_c2, i1* %fatherSearch_c3)" [binarycam/cam.cpp:12]   --->   Operation 19 'call' <Predicate = true> <Delay = 3.63> <CoreType = "Generic">   --->   Core 0 '' <Latency = 0> <II = 1> <Delay = 1.00> <Generic> <Opcode : >

State 2 <SV = 1> <Delay = 0.00>
ST_2 : Operation 20 [1/1] (0.00ns)   --->   "call fastcc void @top_function.entry43(i11* nocapture %nodo_V_c1, i2* nocapture %relationship_V_c2, i1* nocapture %fatherSearch_c3, i11* %nodo_V_c, i11* %nodo_V_c7, i2* %relationship_V_c, i2* %relationship_V_c8, i1* %fatherSearch_c, i1* %fatherSearch_c9)" [binarycam/cam.cpp:21]   --->   Operation 20 'call' <Predicate = true> <Delay = 0.00> <CoreType = "Generic">   --->   Core 0 '' <Latency = 0> <II = 1> <Delay = 1.00> <Generic> <Opcode : >

State 3 <SV = 2> <Delay = 0.00>
ST_3 : Operation 21 [2/2] (0.00ns)   --->   "call fastcc void @busqueda_cam.1([512 x i24]* nocapture %tree1_V, i11* nocapture %nodo_V_c, i2* nocapture %relationship_V_c, i1* nocapture %fatherSearch_c)" [binarycam/cam.cpp:22]   --->   Operation 21 'call' <Predicate = true> <Delay = 0.00> <CoreType = "Generic">   --->   Core 0 '' <Latency = 0> <II = 1> <Delay = 1.00> <Generic> <Opcode : >
ST_3 : Operation 22 [2/2] (0.00ns)   --->   "call fastcc void @busqueda_cam([1024 x i24]* nocapture %tree2_V, i11* nocapture %nodo_V_c7, i2* nocapture %relationship_V_c8, i1* nocapture %fatherSearch_c9)" [binarycam/cam.cpp:23]   --->   Operation 22 'call' <Predicate = true> <Delay = 0.00> <CoreType = "Generic">   --->   Core 0 '' <Latency = 0> <II = 1> <Delay = 1.00> <Generic> <Opcode : >

State 4 <SV = 3> <Delay = 0.00>
ST_4 : Operation 23 [1/2] (0.00ns)   --->   "call fastcc void @busqueda_cam.1([512 x i24]* nocapture %tree1_V, i11* nocapture %nodo_V_c, i2* nocapture %relationship_V_c, i1* nocapture %fatherSearch_c)" [binarycam/cam.cpp:22]   --->   Operation 23 'call' <Predicate = true> <Delay = 0.00> <CoreType = "Generic">   --->   Core 0 '' <Latency = 0> <II = 1> <Delay = 1.00> <Generic> <Opcode : >
ST_4 : Operation 24 [1/2] (0.00ns)   --->   "call fastcc void @busqueda_cam([1024 x i24]* nocapture %tree2_V, i11* nocapture %nodo_V_c7, i2* nocapture %relationship_V_c8, i1* nocapture %fatherSearch_c9)" [binarycam/cam.cpp:23]   --->   Operation 24 'call' <Predicate = true> <Delay = 0.00> <CoreType = "Generic">   --->   Core 0 '' <Latency = 0> <II = 1> <Delay = 1.00> <Generic> <Opcode : >

State 5 <SV = 4> <Delay = 0.00>
ST_5 : Operation 25 [2/2] (0.00ns)   --->   "call fastcc void @combinar(i11* %result_V_V)" [binarycam/cam.cpp:24]   --->   Operation 25 'call' <Predicate = true> <Delay = 0.00> <CoreType = "Generic">   --->   Core 0 '' <Latency = 0> <II = 1> <Delay = 1.00> <Generic> <Opcode : >

State 6 <SV = 5> <Delay = 0.00>
ST_6 : Operation 26 [1/1] (0.00ns)   --->   "call void (...)* @_ssdm_op_SpecDataflowPipeline(i32 -1, i32 0, [1 x i8]* @p_str1) nounwind" [binarycam/cam.cpp:21]   --->   Operation 26 'specdataflowpipeline' <Predicate = true> <Delay = 0.00>
ST_6 : Operation 27 [1/1] (0.00ns)   --->   "%empty = call i32 (...)* @_ssdm_op_SpecChannel([8 x i8]* @in1_OC_V_OC_V_str, i32 1, [1 x i8]* @p_str, [1 x i8]* @p_str, i32 8, i32 8, i11* @in1_V_V, i11* @in1_V_V)"   --->   Operation 27 'specchannel' 'empty' <Predicate = true> <Delay = 0.00>
ST_6 : Operation 28 [1/1] (0.00ns)   --->   "%empty_24 = call i32 (...)* @_ssdm_op_SpecInterface(i11* @in1_V_V, [8 x i8]* @ap_fifo_str, i32 0, i32 0, [1 x i8]* @p_str, i32 0, i32 0, [1 x i8]* @p_str, [1 x i8]* @p_str, [1 x i8]* @p_str, i32 2, i32 2, i32 16, i32 16, [1 x i8]* @p_str, [1 x i8]* @p_str)"   --->   Operation 28 'specinterface' 'empty_24' <Predicate = true> <Delay = 0.00>
ST_6 : Operation 29 [1/1] (0.00ns)   --->   "%empty_25 = call i32 (...)* @_ssdm_op_SpecChannel([9 x i8]* @in1b_OC_V_OC_V_str, i32 1, [1 x i8]* @p_str, [1 x i8]* @p_str, i32 8, i32 8, i11* @in1b_V_V, i11* @in1b_V_V)"   --->   Operation 29 'specchannel' 'empty_25' <Predicate = true> <Delay = 0.00>
ST_6 : Operation 30 [1/1] (0.00ns)   --->   "%empty_26 = call i32 (...)* @_ssdm_op_SpecInterface(i11* @in1b_V_V, [8 x i8]* @ap_fifo_str, i32 0, i32 0, [1 x i8]* @p_str, i32 0, i32 0, [1 x i8]* @p_str, [1 x i8]* @p_str, [1 x i8]* @p_str, i32 2, i32 2, i32 16, i32 16, [1 x i8]* @p_str, [1 x i8]* @p_str)"   --->   Operation 30 'specinterface' 'empty_26' <Predicate = true> <Delay = 0.00>
ST_6 : Operation 31 [1/1] (0.00ns)   --->   "%empty_27 = call i32 (...)* @_ssdm_op_SpecChannel([8 x i8]* @in2_OC_V_OC_V_str, i32 1, [1 x i8]* @p_str, [1 x i8]* @p_str, i32 8, i32 8, i11* @in2_V_V, i11* @in2_V_V)"   --->   Operation 31 'specchannel' 'empty_27' <Predicate = true> <Delay = 0.00>
ST_6 : Operation 32 [1/1] (0.00ns)   --->   "%empty_28 = call i32 (...)* @_ssdm_op_SpecInterface(i11* @in2_V_V, [8 x i8]* @ap_fifo_str, i32 0, i32 0, [1 x i8]* @p_str, i32 0, i32 0, [1 x i8]* @p_str, [1 x i8]* @p_str, [1 x i8]* @p_str, i32 2, i32 2, i32 16, i32 16, [1 x i8]* @p_str, [1 x i8]* @p_str)"   --->   Operation 32 'specinterface' 'empty_28' <Predicate = true> <Delay = 0.00>
ST_6 : Operation 33 [1/1] (0.00ns)   --->   "%empty_29 = call i32 (...)* @_ssdm_op_SpecChannel([9 x i8]* @in2b_OC_V_OC_V_str, i32 1, [1 x i8]* @p_str, [1 x i8]* @p_str, i32 8, i32 8, i11* @in2b_V_V, i11* @in2b_V_V)"   --->   Operation 33 'specchannel' 'empty_29' <Predicate = true> <Delay = 0.00>
ST_6 : Operation 34 [1/1] (0.00ns)   --->   "%empty_30 = call i32 (...)* @_ssdm_op_SpecInterface(i11* @in2b_V_V, [8 x i8]* @ap_fifo_str, i32 0, i32 0, [1 x i8]* @p_str, i32 0, i32 0, [1 x i8]* @p_str, [1 x i8]* @p_str, [1 x i8]* @p_str, i32 2, i32 2, i32 16, i32 16, [1 x i8]* @p_str, [1 x i8]* @p_str)"   --->   Operation 34 'specinterface' 'empty_30' <Predicate = true> <Delay = 0.00>
ST_6 : Operation 35 [1/1] (0.00ns)   --->   "%empty_31 = call i32 (...)* @_ssdm_op_SpecInterface(i11* %result_V_V, [8 x i8]* @ap_fifo_str, i32 0, i32 0, [1 x i8]* @p_str, i32 0, i32 0, [1 x i8]* @p_str, [1 x i8]* @p_str, [1 x i8]* @p_str, i32 2, i32 2, i32 16, i32 16, [1 x i8]* @p_str, [1 x i8]* @p_str)"   --->   Operation 35 'specinterface' 'empty_31' <Predicate = true> <Delay = 0.00>
ST_6 : Operation 36 [1/1] (0.00ns)   --->   "call void (...)* @_ssdm_op_SpecBitsMap([512 x i24]* %tree1_V), !map !73"   --->   Operation 36 'specbitsmap' <Predicate = true> <Delay = 0.00>
ST_6 : Operation 37 [1/1] (0.00ns)   --->   "call void (...)* @_ssdm_op_SpecBitsMap([1024 x i24]* %tree2_V), !map !79"   --->   Operation 37 'specbitsmap' <Predicate = true> <Delay = 0.00>
ST_6 : Operation 38 [1/1] (0.00ns)   --->   "call void (...)* @_ssdm_op_SpecBitsMap(i11 %nodo_V), !map !85"   --->   Operation 38 'specbitsmap' <Predicate = true> <Delay = 0.00>
ST_6 : Operation 39 [1/1] (0.00ns)   --->   "call void (...)* @_ssdm_op_SpecBitsMap(i2 %relationship_V), !map !91"   --->   Operation 39 'specbitsmap' <Predicate = true> <Delay = 0.00>
ST_6 : Operation 40 [1/1] (0.00ns)   --->   "call void (...)* @_ssdm_op_SpecBitsMap(i1 %fatherSearch), !map !95"   --->   Operation 40 'specbitsmap' <Predicate = true> <Delay = 0.00>
ST_6 : Operation 41 [1/1] (0.00ns)   --->   "call void (...)* @_ssdm_op_SpecBitsMap(i11* %result_V_V), !map !99"   --->   Operation 41 'specbitsmap' <Predicate = true> <Delay = 0.00>
ST_6 : Operation 42 [1/1] (0.00ns)   --->   "call void (...)* @_ssdm_op_SpecTopModule([13 x i8]* @top_function_str) nounwind"   --->   Operation 42 'spectopmodule' <Predicate = true> <Delay = 0.00>
ST_6 : Operation 43 [1/1] (0.00ns)   --->   "%empty_32 = call i32 (...)* @_ssdm_op_SpecChannel([9 x i8]* @nodo_OC_V_c_str, i32 1, [1 x i8]* @p_str, [1 x i8]* @p_str, i32 2, i32 0, i11* %nodo_V_c, i11* %nodo_V_c)" [binarycam/cam.cpp:21]   --->   Operation 43 'specchannel' 'empty_32' <Predicate = true> <Delay = 0.00>
ST_6 : Operation 44 [1/1] (0.00ns)   --->   "%empty_33 = call i32 (...)* @_ssdm_op_SpecInterface(i11* %nodo_V_c, [8 x i8]* @ap_fifo_str, i32 0, i32 0, [1 x i8]* @p_str, i32 0, i32 0, [1 x i8]* @p_str, [1 x i8]* @p_str, [1 x i8]* @p_str, i32 2, i32 2, i32 16, i32 16, [1 x i8]* @p_str, [1 x i8]* @p_str)" [binarycam/cam.cpp:21]   --->   Operation 44 'specinterface' 'empty_33' <Predicate = true> <Delay = 0.00>
ST_6 : Operation 45 [1/1] (0.00ns)   --->   "%empty_34 = call i32 (...)* @_ssdm_op_SpecChannel([10 x i8]* @nodo_OC_V_c7_str, i32 1, [1 x i8]* @p_str, [1 x i8]* @p_str, i32 2, i32 0, i11* %nodo_V_c7, i11* %nodo_V_c7)" [binarycam/cam.cpp:21]   --->   Operation 45 'specchannel' 'empty_34' <Predicate = true> <Delay = 0.00>
ST_6 : Operation 46 [1/1] (0.00ns)   --->   "%empty_35 = call i32 (...)* @_ssdm_op_SpecInterface(i11* %nodo_V_c7, [8 x i8]* @ap_fifo_str, i32 0, i32 0, [1 x i8]* @p_str, i32 0, i32 0, [1 x i8]* @p_str, [1 x i8]* @p_str, [1 x i8]* @p_str, i32 2, i32 2, i32 16, i32 16, [1 x i8]* @p_str, [1 x i8]* @p_str)" [binarycam/cam.cpp:21]   --->   Operation 46 'specinterface' 'empty_35' <Predicate = true> <Delay = 0.00>
ST_6 : Operation 47 [1/1] (0.00ns)   --->   "%empty_36 = call i32 (...)* @_ssdm_op_SpecChannel([17 x i8]* @relationship_OC_V_c_s, i32 1, [1 x i8]* @p_str, [1 x i8]* @p_str, i32 2, i32 0, i2* %relationship_V_c, i2* %relationship_V_c)" [binarycam/cam.cpp:21]   --->   Operation 47 'specchannel' 'empty_36' <Predicate = true> <Delay = 0.00>
ST_6 : Operation 48 [1/1] (0.00ns)   --->   "%empty_37 = call i32 (...)* @_ssdm_op_SpecInterface(i2* %relationship_V_c, [8 x i8]* @ap_fifo_str, i32 0, i32 0, [1 x i8]* @p_str, i32 0, i32 0, [1 x i8]* @p_str, [1 x i8]* @p_str, [1 x i8]* @p_str, i32 2, i32 2, i32 16, i32 16, [1 x i8]* @p_str, [1 x i8]* @p_str)" [binarycam/cam.cpp:21]   --->   Operation 48 'specinterface' 'empty_37' <Predicate = true> <Delay = 0.00>
ST_6 : Operation 49 [1/1] (0.00ns)   --->   "%empty_38 = call i32 (...)* @_ssdm_op_SpecChannel([18 x i8]* @relationship_OC_V_c8, i32 1, [1 x i8]* @p_str, [1 x i8]* @p_str, i32 2, i32 0, i2* %relationship_V_c8, i2* %relationship_V_c8)" [binarycam/cam.cpp:21]   --->   Operation 49 'specchannel' 'empty_38' <Predicate = true> <Delay = 0.00>
ST_6 : Operation 50 [1/1] (0.00ns)   --->   "%empty_39 = call i32 (...)* @_ssdm_op_SpecInterface(i2* %relationship_V_c8, [8 x i8]* @ap_fifo_str, i32 0, i32 0, [1 x i8]* @p_str, i32 0, i32 0, [1 x i8]* @p_str, [1 x i8]* @p_str, [1 x i8]* @p_str, i32 2, i32 2, i32 16, i32 16, [1 x i8]* @p_str, [1 x i8]* @p_str)" [binarycam/cam.cpp:21]   --->   Operation 50 'specinterface' 'empty_39' <Predicate = true> <Delay = 0.00>
ST_6 : Operation 51 [1/1] (0.00ns)   --->   "%empty_40 = call i32 (...)* @_ssdm_op_SpecChannel([15 x i8]* @fatherSearch_c_str, i32 1, [1 x i8]* @p_str, [1 x i8]* @p_str, i32 2, i32 0, i1* %fatherSearch_c, i1* %fatherSearch_c)" [binarycam/cam.cpp:12]   --->   Operation 51 'specchannel' 'empty_40' <Predicate = true> <Delay = 0.00>
ST_6 : Operation 52 [1/1] (0.00ns)   --->   "%empty_41 = call i32 (...)* @_ssdm_op_SpecInterface(i1* %fatherSearch_c, [8 x i8]* @ap_fifo_str, i32 0, i32 0, [1 x i8]* @p_str, i32 0, i32 0, [1 x i8]* @p_str, [1 x i8]* @p_str, [1 x i8]* @p_str, i32 2, i32 2, i32 16, i32 16, [1 x i8]* @p_str, [1 x i8]* @p_str)" [binarycam/cam.cpp:12]   --->   Operation 52 'specinterface' 'empty_41' <Predicate = true> <Delay = 0.00>
ST_6 : Operation 53 [1/1] (0.00ns)   --->   "%empty_42 = call i32 (...)* @_ssdm_op_SpecChannel([16 x i8]* @fatherSearch_c9_str, i32 1, [1 x i8]* @p_str, [1 x i8]* @p_str, i32 2, i32 0, i1* %fatherSearch_c9, i1* %fatherSearch_c9)" [binarycam/cam.cpp:12]   --->   Operation 53 'specchannel' 'empty_42' <Predicate = true> <Delay = 0.00>
ST_6 : Operation 54 [1/1] (0.00ns)   --->   "%empty_43 = call i32 (...)* @_ssdm_op_SpecInterface(i1* %fatherSearch_c9, [8 x i8]* @ap_fifo_str, i32 0, i32 0, [1 x i8]* @p_str, i32 0, i32 0, [1 x i8]* @p_str, [1 x i8]* @p_str, [1 x i8]* @p_str, i32 2, i32 2, i32 16, i32 16, [1 x i8]* @p_str, [1 x i8]* @p_str)" [binarycam/cam.cpp:12]   --->   Operation 54 'specinterface' 'empty_43' <Predicate = true> <Delay = 0.00>
ST_6 : Operation 55 [1/1] (0.00ns)   --->   "%empty_44 = call i32 (...)* @_ssdm_op_SpecChannel([10 x i8]* @nodo_OC_V_c1_str, i32 1, [1 x i8]* @p_str, [1 x i8]* @p_str, i32 2, i32 0, i11* %nodo_V_c1, i11* %nodo_V_c1)" [binarycam/cam.cpp:12]   --->   Operation 55 'specchannel' 'empty_44' <Predicate = true> <Delay = 0.00>
ST_6 : Operation 56 [1/1] (0.00ns)   --->   "%empty_45 = call i32 (...)* @_ssdm_op_SpecInterface(i11* %nodo_V_c1, [8 x i8]* @ap_fifo_str, i32 0, i32 0, [1 x i8]* @p_str, i32 0, i32 0, [1 x i8]* @p_str, [1 x i8]* @p_str, [1 x i8]* @p_str, i32 2, i32 2, i32 16, i32 16, [1 x i8]* @p_str, [1 x i8]* @p_str)" [binarycam/cam.cpp:12]   --->   Operation 56 'specinterface' 'empty_45' <Predicate = true> <Delay = 0.00>
ST_6 : Operation 57 [1/1] (0.00ns)   --->   "%empty_46 = call i32 (...)* @_ssdm_op_SpecChannel([18 x i8]* @relationship_OC_V_c2, i32 1, [1 x i8]* @p_str, [1 x i8]* @p_str, i32 2, i32 0, i2* %relationship_V_c2, i2* %relationship_V_c2)" [binarycam/cam.cpp:12]   --->   Operation 57 'specchannel' 'empty_46' <Predicate = true> <Delay = 0.00>
ST_6 : Operation 58 [1/1] (0.00ns)   --->   "%empty_47 = call i32 (...)* @_ssdm_op_SpecInterface(i2* %relationship_V_c2, [8 x i8]* @ap_fifo_str, i32 0, i32 0, [1 x i8]* @p_str, i32 0, i32 0, [1 x i8]* @p_str, [1 x i8]* @p_str, [1 x i8]* @p_str, i32 2, i32 2, i32 16, i32 16, [1 x i8]* @p_str, [1 x i8]* @p_str)" [binarycam/cam.cpp:12]   --->   Operation 58 'specinterface' 'empty_47' <Predicate = true> <Delay = 0.00>
ST_6 : Operation 59 [1/1] (0.00ns)   --->   "%empty_48 = call i32 (...)* @_ssdm_op_SpecChannel([16 x i8]* @fatherSearch_c3_str, i32 1, [1 x i8]* @p_str, [1 x i8]* @p_str, i32 2, i32 0, i1* %fatherSearch_c3, i1* %fatherSearch_c3)" [binarycam/cam.cpp:12]   --->   Operation 59 'specchannel' 'empty_48' <Predicate = true> <Delay = 0.00>
ST_6 : Operation 60 [1/1] (0.00ns)   --->   "%empty_49 = call i32 (...)* @_ssdm_op_SpecInterface(i1* %fatherSearch_c3, [8 x i8]* @ap_fifo_str, i32 0, i32 0, [1 x i8]* @p_str, i32 0, i32 0, [1 x i8]* @p_str, [1 x i8]* @p_str, [1 x i8]* @p_str, i32 2, i32 2, i32 16, i32 16, [1 x i8]* @p_str, [1 x i8]* @p_str)" [binarycam/cam.cpp:12]   --->   Operation 60 'specinterface' 'empty_49' <Predicate = true> <Delay = 0.00>
ST_6 : Operation 61 [1/2] (0.00ns)   --->   "call fastcc void @combinar(i11* %result_V_V)" [binarycam/cam.cpp:24]   --->   Operation 61 'call' <Predicate = true> <Delay = 0.00> <CoreType = "Generic">   --->   Core 0 '' <Latency = 0> <II = 1> <Delay = 1.00> <Generic> <Opcode : >
ST_6 : Operation 62 [1/1] (0.00ns)   --->   "ret void" [binarycam/cam.cpp:25]   --->   Operation 62 'ret' <Predicate = true> <Delay = 0.00>


============================================================
+ Verbose Summary: Binding
============================================================
STG Binding: 
---------------- STG Properties BEGIN ----------------
- Is combinational: 0
- Is one-state seq: 0
- Is datapath-only: 0
- Is pipelined: 0
- Is top level: 1
Port [ Return ] is wired: 1; IO mode=ap_ctrl_hs:ce=0
Port [ tree1_V]:  wired=1; compound=1; hidden=0; nouse=0; global=0; static=0; extern=0; dir=0; type=1; pingpong=0; private_global=0; MemPort=[11]; IO mode=ap_memory:ce=0
Port [ tree2_V]:  wired=1; compound=1; hidden=0; nouse=0; global=0; static=0; extern=0; dir=0; type=1; pingpong=0; private_global=0; MemPort=[11]; IO mode=ap_memory:ce=0
Port [ nodo_V]:  wired=1; compound=0; hidden=0; nouse=0; global=0; static=0; extern=0; dir=0; type=0; pingpong=0; private_global=0; IO mode=ap_none:ce=0
Port [ relationship_V]:  wired=1; compound=0; hidden=0; nouse=0; global=0; static=0; extern=0; dir=0; type=0; pingpong=0; private_global=0; IO mode=ap_none:ce=0
Port [ fatherSearch]:  wired=1; compound=0; hidden=0; nouse=0; global=0; static=0; extern=0; dir=0; type=0; pingpong=0; private_global=0; IO mode=ap_none:ce=0
Port [ result_V_V]:  wired=1; compound=1; hidden=0; nouse=0; global=0; static=0; extern=0; dir=1; type=3; pingpong=0; private_global=0; IO mode=ap_fifo:ce=0
Port [ in1_V_V]:  wired=0; compound=1; hidden=1; nouse=0; global=1; static=1; extern=0; dir=2; type=3; pingpong=0; private_global=1; linkage=7; visibility=0; IO mode=ap_fifo:ce=0
Port [ in1b_V_V]:  wired=0; compound=1; hidden=1; nouse=0; global=1; static=1; extern=0; dir=2; type=3; pingpong=0; private_global=1; linkage=7; visibility=0; IO mode=ap_fifo:ce=0
Port [ in2_V_V]:  wired=0; compound=1; hidden=1; nouse=0; global=1; static=1; extern=0; dir=2; type=3; pingpong=0; private_global=1; linkage=7; visibility=0; IO mode=ap_fifo:ce=0
Port [ in2b_V_V]:  wired=0; compound=1; hidden=1; nouse=0; global=1; static=1; extern=0; dir=2; type=3; pingpong=0; private_global=1; linkage=7; visibility=0; IO mode=ap_fifo:ce=0
---------------- STG Properties END ------------------

---------------- Datapath Model BEGIN ----------------

<LifeTime>
<method=bitvector/>
fatherSearch_read         (read                ) [ 0000000]
relationship_V_read       (read                ) [ 0000000]
nodo_V_read               (read                ) [ 0000000]
fatherSearch_c3           (alloca              ) [ 0111111]
relationship_V_c2         (alloca              ) [ 0111111]
nodo_V_c1                 (alloca              ) [ 0111111]
fatherSearch_c9           (alloca              ) [ 0011111]
fatherSearch_c            (alloca              ) [ 0011111]
relationship_V_c8         (alloca              ) [ 0011111]
relationship_V_c          (alloca              ) [ 0011111]
nodo_V_c7                 (alloca              ) [ 0011111]
nodo_V_c                  (alloca              ) [ 0011111]
call_ln12                 (call                ) [ 0000000]
call_ln21                 (call                ) [ 0000000]
call_ln22                 (call                ) [ 0000000]
call_ln23                 (call                ) [ 0000000]
specdataflowpipeline_ln21 (specdataflowpipeline) [ 0000000]
empty                     (specchannel         ) [ 0000000]
empty_24                  (specinterface       ) [ 0000000]
empty_25                  (specchannel         ) [ 0000000]
empty_26                  (specinterface       ) [ 0000000]
empty_27                  (specchannel         ) [ 0000000]
empty_28                  (specinterface       ) [ 0000000]
empty_29                  (specchannel         ) [ 0000000]
empty_30                  (specinterface       ) [ 0000000]
empty_31                  (specinterface       ) [ 0000000]
specbitsmap_ln0           (specbitsmap         ) [ 0000000]
specbitsmap_ln0           (specbitsmap         ) [ 0000000]
specbitsmap_ln0           (specbitsmap         ) [ 0000000]
specbitsmap_ln0           (specbitsmap         ) [ 0000000]
specbitsmap_ln0           (specbitsmap         ) [ 0000000]
specbitsmap_ln0           (specbitsmap         ) [ 0000000]
spectopmodule_ln0         (spectopmodule       ) [ 0000000]
empty_32                  (specchannel         ) [ 0000000]
empty_33                  (specinterface       ) [ 0000000]
empty_34                  (specchannel         ) [ 0000000]
empty_35                  (specinterface       ) [ 0000000]
empty_36                  (specchannel         ) [ 0000000]
empty_37                  (specinterface       ) [ 0000000]
empty_38                  (specchannel         ) [ 0000000]
empty_39                  (specinterface       ) [ 0000000]
empty_40                  (specchannel         ) [ 0000000]
empty_41                  (specinterface       ) [ 0000000]
empty_42                  (specchannel         ) [ 0000000]
empty_43                  (specinterface       ) [ 0000000]
empty_44                  (specchannel         ) [ 0000000]
empty_45                  (specinterface       ) [ 0000000]
empty_46                  (specchannel         ) [ 0000000]
empty_47                  (specinterface       ) [ 0000000]
empty_48                  (specchannel         ) [ 0000000]
empty_49                  (specinterface       ) [ 0000000]
call_ln24                 (call                ) [ 0000000]
ret_ln25                  (ret                 ) [ 0000000]
</LifeTime>

<model>

<comp_list>
<comp id="0" class="1000" name="tree1_V">
<pin_list>
<pin id="1" dir="1" index="0" bw="1" slack="0"/>
</pin_list>
<bind>
<StgValue><ssdm name="tree1_V"/><MemPortTyVec>1 1 </MemPortTyVec>
</StgValue>
</bind>
</comp>

<comp id="2" class="1000" name="tree2_V">
<pin_list>
<pin id="3" dir="1" index="0" bw="1" slack="0"/>
</pin_list>
<bind>
<StgValue><ssdm name="tree2_V"/><MemPortTyVec>1 1 </MemPortTyVec>
</StgValue>
</bind>
</comp>

<comp id="4" class="1000" name="nodo_V">
<pin_list>
<pin id="5" dir="1" index="0" bw="1" slack="0"/>
</pin_list>
<bind>
<StgValue><ssdm name="nodo_V"/></StgValue>
</bind>
</comp>

<comp id="6" class="1000" name="relationship_V">
<pin_list>
<pin id="7" dir="1" index="0" bw="1" slack="0"/>
</pin_list>
<bind>
<StgValue><ssdm name="relationship_V"/></StgValue>
</bind>
</comp>

<comp id="8" class="1000" name="fatherSearch">
<pin_list>
<pin id="9" dir="1" index="0" bw="1" slack="0"/>
</pin_list>
<bind>
<StgValue><ssdm name="fatherSearch"/></StgValue>
</bind>
</comp>

<comp id="10" class="1000" name="result_V_V">
<pin_list>
<pin id="11" dir="1" index="0" bw="1" slack="0"/>
</pin_list>
<bind>
<StgValue><ssdm name="result_V_V"/></StgValue>
</bind>
</comp>

<comp id="12" class="1000" name="in1_V_V">
<pin_list>
<pin id="13" dir="1" index="0" bw="1" slack="0"/>
</pin_list>
<bind>
<StgValue><ssdm name="in1_V_V"/></StgValue>
</bind>
</comp>

<comp id="14" class="1000" name="in1b_V_V">
<pin_list>
<pin id="15" dir="1" index="0" bw="1" slack="0"/>
</pin_list>
<bind>
<StgValue><ssdm name="in1b_V_V"/></StgValue>
</bind>
</comp>

<comp id="16" class="1000" name="in2_V_V">
<pin_list>
<pin id="17" dir="1" index="0" bw="1" slack="0"/>
</pin_list>
<bind>
<StgValue><ssdm name="in2_V_V"/></StgValue>
</bind>
</comp>

<comp id="18" class="1000" name="in2b_V_V">
<pin_list>
<pin id="19" dir="1" index="0" bw="1" slack="0"/>
</pin_list>
<bind>
<StgValue><ssdm name="in2b_V_V"/></StgValue>
</bind>
</comp>

<comp id="20" class="1001" name="const_20">
<pin_list>
<pin id="21" dir="1" index="0" bw="1" slack="0"/>
</pin_list>
<bind>
<StgValue><ssdm name="_ssdm_op_Read.ap_auto.i1"/></StgValue>
</bind>
</comp>

<comp id="22" class="1001" name="const_22">
<pin_list>
<pin id="23" dir="1" index="0" bw="1" slack="0"/>
</pin_list>
<bind>
<StgValue><ssdm name="_ssdm_op_Read.ap_auto.i2"/></StgValue>
</bind>
</comp>

<comp id="24" class="1001" name="const_24">
<pin_list>
<pin id="25" dir="1" index="0" bw="1" slack="0"/>
</pin_list>
<bind>
<StgValue><ssdm name="_ssdm_op_Read.ap_auto.i11"/></StgValue>
</bind>
</comp>

<comp id="26" class="1001" name="const_26">
<pin_list>
<pin id="27" dir="1" index="0" bw="1" slack="0"/>
</pin_list>
<bind>
<StgValue><ssdm name=""/></StgValue>
</bind>
</comp>

<comp id="28" class="1001" name="const_28">
<pin_list>
<pin id="29" dir="1" index="0" bw="1" slack="0"/>
</pin_list>
<bind>
<StgValue><ssdm name="top_function.entry3"/></StgValue>
</bind>
</comp>

<comp id="30" class="1001" name="const_30">
<pin_list>
<pin id="31" dir="1" index="0" bw="1" slack="0"/>
</pin_list>
<bind>
<StgValue><ssdm name="top_function.entry43"/></StgValue>
</bind>
</comp>

<comp id="32" class="1001" name="const_32">
<pin_list>
<pin id="33" dir="1" index="0" bw="1" slack="0"/>
</pin_list>
<bind>
<StgValue><ssdm name="busqueda_cam.1"/></StgValue>
</bind>
</comp>

<comp id="34" class="1001" name="const_34">
<pin_list>
<pin id="35" dir="1" index="0" bw="1" slack="0"/>
</pin_list>
<bind>
<StgValue><ssdm name="busqueda_cam"/></StgValue>
</bind>
</comp>

<comp id="36" class="1001" name="const_36">
<pin_list>
<pin id="37" dir="1" index="0" bw="1" slack="0"/>
</pin_list>
<bind>
<StgValue><ssdm name="combinar"/></StgValue>
</bind>
</comp>

<comp id="38" class="1001" name="const_38">
<pin_list>
<pin id="39" dir="1" index="0" bw="1" slack="2147483647"/>
</pin_list>
<bind>
<StgValue><ssdm name="_ssdm_op_SpecDataflowPipeline"/></StgValue>
</bind>
</comp>

<comp id="40" class="1001" name="const_40">
<pin_list>
<pin id="41" dir="1" index="0" bw="1" slack="2147483647"/>
</pin_list>
<bind>
<StgValue><ssdm name=""/></StgValue>
</bind>
</comp>

<comp id="42" class="1001" name="const_42">
<pin_list>
<pin id="43" dir="1" index="0" bw="1" slack="2147483647"/>
</pin_list>
<bind>
<StgValue><ssdm name=""/></StgValue>
</bind>
</comp>

<comp id="44" class="1001" name="const_44">
<pin_list>
<pin id="45" dir="1" index="0" bw="1" slack="2147483647"/>
</pin_list>
<bind>
<StgValue><ssdm name="p_str1"/></StgValue>
</bind>
</comp>

<comp id="46" class="1001" name="const_46">
<pin_list>
<pin id="47" dir="1" index="0" bw="1" slack="2147483647"/>
</pin_list>
<bind>
<StgValue><ssdm name="_ssdm_op_SpecChannel"/></StgValue>
</bind>
</comp>

<comp id="48" class="1001" name="const_48">
<pin_list>
<pin id="49" dir="1" index="0" bw="1" slack="2147483647"/>
</pin_list>
<bind>
<StgValue><ssdm name="in1_OC_V_OC_V_str"/></StgValue>
</bind>
</comp>

<comp id="50" class="1001" name="const_50">
<pin_list>
<pin id="51" dir="1" index="0" bw="1" slack="2147483647"/>
</pin_list>
<bind>
<StgValue><ssdm name=""/></StgValue>
</bind>
</comp>

<comp id="52" class="1001" name="const_52">
<pin_list>
<pin id="53" dir="1" index="0" bw="1" slack="2147483647"/>
</pin_list>
<bind>
<StgValue><ssdm name="p_str"/></StgValue>
</bind>
</comp>

<comp id="54" class="1001" name="const_54">
<pin_list>
<pin id="55" dir="1" index="0" bw="1" slack="2147483647"/>
</pin_list>
<bind>
<StgValue><ssdm name=""/></StgValue>
</bind>
</comp>

<comp id="56" class="1001" name="const_56">
<pin_list>
<pin id="57" dir="1" index="0" bw="1" slack="2147483647"/>
</pin_list>
<bind>
<StgValue><ssdm name="_ssdm_op_SpecInterface"/></StgValue>
</bind>
</comp>

<comp id="58" class="1001" name="const_58">
<pin_list>
<pin id="59" dir="1" index="0" bw="1" slack="2147483647"/>
</pin_list>
<bind>
<StgValue><ssdm name="ap_fifo_str"/></StgValue>
</bind>
</comp>

<comp id="60" class="1001" name="const_60">
<pin_list>
<pin id="61" dir="1" index="0" bw="1" slack="2147483647"/>
</pin_list>
<bind>
<StgValue><ssdm name=""/></StgValue>
</bind>
</comp>

<comp id="62" class="1001" name="const_62">
<pin_list>
<pin id="63" dir="1" index="0" bw="1" slack="2147483647"/>
</pin_list>
<bind>
<StgValue><ssdm name=""/></StgValue>
</bind>
</comp>

<comp id="64" class="1001" name="const_64">
<pin_list>
<pin id="65" dir="1" index="0" bw="1" slack="2147483647"/>
</pin_list>
<bind>
<StgValue><ssdm name="in1b_OC_V_OC_V_str"/></StgValue>
</bind>
</comp>

<comp id="66" class="1001" name="const_66">
<pin_list>
<pin id="67" dir="1" index="0" bw="1" slack="2147483647"/>
</pin_list>
<bind>
<StgValue><ssdm name="in2_OC_V_OC_V_str"/></StgValue>
</bind>
</comp>

<comp id="68" class="1001" name="const_68">
<pin_list>
<pin id="69" dir="1" index="0" bw="1" slack="2147483647"/>
</pin_list>
<bind>
<StgValue><ssdm name="in2b_OC_V_OC_V_str"/></StgValue>
</bind>
</comp>

<comp id="70" class="1001" name="const_70">
<pin_list>
<pin id="71" dir="1" index="0" bw="1" slack="2147483647"/>
</pin_list>
<bind>
<StgValue><ssdm name="_ssdm_op_SpecBitsMap"/></StgValue>
</bind>
</comp>

<comp id="72" class="1001" name="const_72">
<pin_list>
<pin id="73" dir="1" index="0" bw="1" slack="2147483647"/>
</pin_list>
<bind>
<StgValue><ssdm name="_ssdm_op_SpecTopModule"/></StgValue>
</bind>
</comp>

<comp id="74" class="1001" name="const_74">
<pin_list>
<pin id="75" dir="1" index="0" bw="1" slack="2147483647"/>
</pin_list>
<bind>
<StgValue><ssdm name="top_function_str"/></StgValue>
</bind>
</comp>

<comp id="76" class="1001" name="const_76">
<pin_list>
<pin id="77" dir="1" index="0" bw="1" slack="2147483647"/>
</pin_list>
<bind>
<StgValue><ssdm name="nodo_OC_V_c_str"/></StgValue>
</bind>
</comp>

<comp id="78" class="1001" name="const_78">
<pin_list>
<pin id="79" dir="1" index="0" bw="1" slack="2147483647"/>
</pin_list>
<bind>
<StgValue><ssdm name="nodo_OC_V_c7_str"/></StgValue>
</bind>
</comp>

<comp id="80" class="1001" name="const_80">
<pin_list>
<pin id="81" dir="1" index="0" bw="1" slack="2147483647"/>
</pin_list>
<bind>
<StgValue><ssdm name="relationship_OC_V_c_s"/></StgValue>
</bind>
</comp>

<comp id="82" class="1001" name="const_82">
<pin_list>
<pin id="83" dir="1" index="0" bw="1" slack="2147483647"/>
</pin_list>
<bind>
<StgValue><ssdm name="relationship_OC_V_c8"/></StgValue>
</bind>
</comp>

<comp id="84" class="1001" name="const_84">
<pin_list>
<pin id="85" dir="1" index="0" bw="1" slack="2147483647"/>
</pin_list>
<bind>
<StgValue><ssdm name="fatherSearch_c_str"/></StgValue>
</bind>
</comp>

<comp id="86" class="1001" name="const_86">
<pin_list>
<pin id="87" dir="1" index="0" bw="1" slack="2147483647"/>
</pin_list>
<bind>
<StgValue><ssdm name="fatherSearch_c9_str"/></StgValue>
</bind>
</comp>

<comp id="88" class="1001" name="const_88">
<pin_list>
<pin id="89" dir="1" index="0" bw="1" slack="2147483647"/>
</pin_list>
<bind>
<StgValue><ssdm name="nodo_OC_V_c1_str"/></StgValue>
</bind>
</comp>

<comp id="90" class="1001" name="const_90">
<pin_list>
<pin id="91" dir="1" index="0" bw="1" slack="2147483647"/>
</pin_list>
<bind>
<StgValue><ssdm name="relationship_OC_V_c2"/></StgValue>
</bind>
</comp>

<comp id="92" class="1001" name="const_92">
<pin_list>
<pin id="93" dir="1" index="0" bw="1" slack="2147483647"/>
</pin_list>
<bind>
<StgValue><ssdm name="fatherSearch_c3_str"/></StgValue>
</bind>
</comp>

<comp id="94" class="1004" name="fatherSearch_c3_fu_94">
<pin_list>
<pin id="95" dir="0" index="0" bw="1" slack="0"/>
<pin id="96" dir="1" index="1" bw="1" slack="0"/>
</pin_list>
<bind>
<opcode="alloca(26) " fcode="alloca"/>
<opset="fatherSearch_c3/1 "/>
</bind>
</comp>

<comp id="98" class="1004" name="relationship_V_c2_fu_98">
<pin_list>
<pin id="99" dir="0" index="0" bw="1" slack="0"/>
<pin id="100" dir="1" index="1" bw="2" slack="0"/>
</pin_list>
<bind>
<opcode="alloca(26) " fcode="alloca"/>
<opset="relationship_V_c2/1 "/>
</bind>
</comp>

<comp id="102" class="1004" name="nodo_V_c1_fu_102">
<pin_list>
<pin id="103" dir="0" index="0" bw="1" slack="0"/>
<pin id="104" dir="1" index="1" bw="11" slack="0"/>
</pin_list>
<bind>
<opcode="alloca(26) " fcode="alloca"/>
<opset="nodo_V_c1/1 "/>
</bind>
</comp>

<comp id="106" class="1004" name="fatherSearch_c9_fu_106">
<pin_list>
<pin id="107" dir="0" index="0" bw="1" slack="0"/>
<pin id="108" dir="1" index="1" bw="1" slack="1"/>
</pin_list>
<bind>
<opcode="alloca(26) " fcode="alloca"/>
<opset="fatherSearch_c9/1 "/>
</bind>
</comp>

<comp id="110" class="1004" name="fatherSearch_c_fu_110">
<pin_list>
<pin id="111" dir="0" index="0" bw="1" slack="0"/>
<pin id="112" dir="1" index="1" bw="1" slack="1"/>
</pin_list>
<bind>
<opcode="alloca(26) " fcode="alloca"/>
<opset="fatherSearch_c/1 "/>
</bind>
</comp>

<comp id="114" class="1004" name="relationship_V_c8_fu_114">
<pin_list>
<pin id="115" dir="0" index="0" bw="1" slack="0"/>
<pin id="116" dir="1" index="1" bw="2" slack="1"/>
</pin_list>
<bind>
<opcode="alloca(26) " fcode="alloca"/>
<opset="relationship_V_c8/1 "/>
</bind>
</comp>

<comp id="118" class="1004" name="relationship_V_c_fu_118">
<pin_list>
<pin id="119" dir="0" index="0" bw="1" slack="0"/>
<pin id="120" dir="1" index="1" bw="2" slack="1"/>
</pin_list>
<bind>
<opcode="alloca(26) " fcode="alloca"/>
<opset="relationship_V_c/1 "/>
</bind>
</comp>

<comp id="122" class="1004" name="nodo_V_c7_fu_122">
<pin_list>
<pin id="123" dir="0" index="0" bw="1" slack="0"/>
<pin id="124" dir="1" index="1" bw="11" slack="1"/>
</pin_list>
<bind>
<opcode="alloca(26) " fcode="alloca"/>
<opset="nodo_V_c7/1 "/>
</bind>
</comp>

<comp id="126" class="1004" name="nodo_V_c_fu_126">
<pin_list>
<pin id="127" dir="0" index="0" bw="1" slack="0"/>
<pin id="128" dir="1" index="1" bw="11" slack="1"/>
</pin_list>
<bind>
<opcode="alloca(26) " fcode="alloca"/>
<opset="nodo_V_c/1 "/>
</bind>
</comp>

<comp id="130" class="1004" name="fatherSearch_read_read_fu_130">
<pin_list>
<pin id="131" dir="0" index="0" bw="1" slack="0"/>
<pin id="132" dir="0" index="1" bw="1" slack="0"/>
<pin id="133" dir="1" index="2" bw="1" slack="0"/>
</pin_list>
<bind>
<opcode="read(1150) " fcode="read"/>
<opset="fatherSearch_read/1 "/>
</bind>
</comp>

<comp id="136" class="1004" name="relationship_V_read_read_fu_136">
<pin_list>
<pin id="137" dir="0" index="0" bw="2" slack="0"/>
<pin id="138" dir="0" index="1" bw="2" slack="0"/>
<pin id="139" dir="1" index="2" bw="2" slack="0"/>
</pin_list>
<bind>
<opcode="read(1150) " fcode="read"/>
<opset="relationship_V_read/1 "/>
</bind>
</comp>

<comp id="142" class="1004" name="nodo_V_read_read_fu_142">
<pin_list>
<pin id="143" dir="0" index="0" bw="11" slack="0"/>
<pin id="144" dir="0" index="1" bw="11" slack="0"/>
<pin id="145" dir="1" index="2" bw="11" slack="0"/>
</pin_list>
<bind>
<opcode="read(1150) " fcode="read"/>
<opset="nodo_V_read/1 "/>
</bind>
</comp>

<comp id="148" class="1004" name="grp_busqueda_cam_fu_148">
<pin_list>
<pin id="149" dir="0" index="0" bw="0" slack="0"/>
<pin id="150" dir="0" index="1" bw="24" slack="0"/>
<pin id="151" dir="0" index="2" bw="11" slack="2"/>
<pin id="152" dir="0" index="3" bw="2" slack="2"/>
<pin id="153" dir="0" index="4" bw="1" slack="2"/>
<pin id="154" dir="0" index="5" bw="11" slack="0"/>
<pin id="155" dir="0" index="6" bw="11" slack="0"/>
<pin id="156" dir="1" index="7" bw="0" slack="2147483647"/>
</pin_list>
<bind>
<opcode="call(48) " fcode="call"/>
<opset="call_ln23/3 "/>
</bind>
</comp>

<comp id="161" class="1004" name="grp_busqueda_cam_1_fu_161">
<pin_list>
<pin id="162" dir="0" index="0" bw="0" slack="0"/>
<pin id="163" dir="0" index="1" bw="24" slack="0"/>
<pin id="164" dir="0" index="2" bw="11" slack="2"/>
<pin id="165" dir="0" index="3" bw="2" slack="2"/>
<pin id="166" dir="0" index="4" bw="1" slack="2"/>
<pin id="167" dir="0" index="5" bw="11" slack="0"/>
<pin id="168" dir="0" index="6" bw="11" slack="0"/>
<pin id="169" dir="1" index="7" bw="0" slack="2147483647"/>
</pin_list>
<bind>
<opcode="call(48) " fcode="call"/>
<opset="call_ln22/3 "/>
</bind>
</comp>

<comp id="174" class="1004" name="grp_combinar_fu_174">
<pin_list>
<pin id="175" dir="0" index="0" bw="0" slack="0"/>
<pin id="176" dir="0" index="1" bw="11" slack="0"/>
<pin id="177" dir="0" index="2" bw="11" slack="0"/>
<pin id="178" dir="0" index="3" bw="11" slack="0"/>
<pin id="179" dir="0" index="4" bw="11" slack="0"/>
<pin id="180" dir="0" index="5" bw="11" slack="0"/>
<pin id="181" dir="1" index="6" bw="0" slack="2147483647"/>
</pin_list>
<bind>
<opcode="call(48) " fcode="call"/>
<opset="call_ln24/5 "/>
</bind>
</comp>

<comp id="188" class="1004" name="call_ln21_top_function_entry43_fu_188">
<pin_list>
<pin id="189" dir="0" index="0" bw="0" slack="0"/>
<pin id="190" dir="0" index="1" bw="11" slack="1"/>
<pin id="191" dir="0" index="2" bw="2" slack="1"/>
<pin id="192" dir="0" index="3" bw="1" slack="1"/>
<pin id="193" dir="0" index="4" bw="11" slack="1"/>
<pin id="194" dir="0" index="5" bw="11" slack="1"/>
<pin id="195" dir="0" index="6" bw="2" slack="1"/>
<pin id="196" dir="0" index="7" bw="2" slack="1"/>
<pin id="197" dir="0" index="8" bw="1" slack="1"/>
<pin id="198" dir="0" index="9" bw="1" slack="1"/>
<pin id="199" dir="1" index="10" bw="0" slack="2147483647"/>
</pin_list>
<bind>
<opcode="call(48) " fcode="call"/>
<opset="call_ln21/2 "/>
</bind>
</comp>

<comp id="201" class="1004" name="call_ln12_top_function_entry3_fu_201">
<pin_list>
<pin id="202" dir="0" index="0" bw="0" slack="0"/>
<pin id="203" dir="0" index="1" bw="11" slack="0"/>
<pin id="204" dir="0" index="2" bw="2" slack="0"/>
<pin id="205" dir="0" index="3" bw="1" slack="0"/>
<pin id="206" dir="0" index="4" bw="11" slack="0"/>
<pin id="207" dir="0" index="5" bw="2" slack="0"/>
<pin id="208" dir="0" index="6" bw="1" slack="0"/>
<pin id="209" dir="1" index="7" bw="0" slack="2147483647"/>
</pin_list>
<bind>
<opcode="call(48) " fcode="call"/>
<opset="call_ln12/1 "/>
</bind>
</comp>

<comp id="214" class="1005" name="fatherSearch_c3_reg_214">
<pin_list>
<pin id="215" dir="0" index="0" bw="1" slack="0"/>
<pin id="216" dir="1" index="1" bw="1" slack="0"/>
</pin_list>
<bind>
<opset="fatherSearch_c3 "/>
</bind>
</comp>

<comp id="220" class="1005" name="relationship_V_c2_reg_220">
<pin_list>
<pin id="221" dir="0" index="0" bw="2" slack="0"/>
<pin id="222" dir="1" index="1" bw="2" slack="0"/>
</pin_list>
<bind>
<opset="relationship_V_c2 "/>
</bind>
</comp>

<comp id="226" class="1005" name="nodo_V_c1_reg_226">
<pin_list>
<pin id="227" dir="0" index="0" bw="11" slack="0"/>
<pin id="228" dir="1" index="1" bw="11" slack="0"/>
</pin_list>
<bind>
<opset="nodo_V_c1 "/>
</bind>
</comp>

<comp id="232" class="1005" name="fatherSearch_c9_reg_232">
<pin_list>
<pin id="233" dir="0" index="0" bw="1" slack="1"/>
<pin id="234" dir="1" index="1" bw="1" slack="1"/>
</pin_list>
<bind>
<opset="fatherSearch_c9 "/>
</bind>
</comp>

<comp id="238" class="1005" name="fatherSearch_c_reg_238">
<pin_list>
<pin id="239" dir="0" index="0" bw="1" slack="1"/>
<pin id="240" dir="1" index="1" bw="1" slack="1"/>
</pin_list>
<bind>
<opset="fatherSearch_c "/>
</bind>
</comp>

<comp id="244" class="1005" name="relationship_V_c8_reg_244">
<pin_list>
<pin id="245" dir="0" index="0" bw="2" slack="1"/>
<pin id="246" dir="1" index="1" bw="2" slack="1"/>
</pin_list>
<bind>
<opset="relationship_V_c8 "/>
</bind>
</comp>

<comp id="250" class="1005" name="relationship_V_c_reg_250">
<pin_list>
<pin id="251" dir="0" index="0" bw="2" slack="1"/>
<pin id="252" dir="1" index="1" bw="2" slack="1"/>
</pin_list>
<bind>
<opset="relationship_V_c "/>
</bind>
</comp>

<comp id="256" class="1005" name="nodo_V_c7_reg_256">
<pin_list>
<pin id="257" dir="0" index="0" bw="11" slack="1"/>
<pin id="258" dir="1" index="1" bw="11" slack="1"/>
</pin_list>
<bind>
<opset="nodo_V_c7 "/>
</bind>
</comp>

<comp id="262" class="1005" name="nodo_V_c_reg_262">
<pin_list>
<pin id="263" dir="0" index="0" bw="11" slack="1"/>
<pin id="264" dir="1" index="1" bw="11" slack="1"/>
</pin_list>
<bind>
<opset="nodo_V_c "/>
</bind>
</comp>

</comp_list>

<net_list>
<net id="97"><net_src comp="26" pin="0"/><net_sink comp="94" pin=0"/></net>

<net id="101"><net_src comp="26" pin="0"/><net_sink comp="98" pin=0"/></net>

<net id="105"><net_src comp="26" pin="0"/><net_sink comp="102" pin=0"/></net>

<net id="109"><net_src comp="26" pin="0"/><net_sink comp="106" pin=0"/></net>

<net id="113"><net_src comp="26" pin="0"/><net_sink comp="110" pin=0"/></net>

<net id="117"><net_src comp="26" pin="0"/><net_sink comp="114" pin=0"/></net>

<net id="121"><net_src comp="26" pin="0"/><net_sink comp="118" pin=0"/></net>

<net id="125"><net_src comp="26" pin="0"/><net_sink comp="122" pin=0"/></net>

<net id="129"><net_src comp="26" pin="0"/><net_sink comp="126" pin=0"/></net>

<net id="134"><net_src comp="20" pin="0"/><net_sink comp="130" pin=0"/></net>

<net id="135"><net_src comp="8" pin="0"/><net_sink comp="130" pin=1"/></net>

<net id="140"><net_src comp="22" pin="0"/><net_sink comp="136" pin=0"/></net>

<net id="141"><net_src comp="6" pin="0"/><net_sink comp="136" pin=1"/></net>

<net id="146"><net_src comp="24" pin="0"/><net_sink comp="142" pin=0"/></net>

<net id="147"><net_src comp="4" pin="0"/><net_sink comp="142" pin=1"/></net>

<net id="157"><net_src comp="34" pin="0"/><net_sink comp="148" pin=0"/></net>

<net id="158"><net_src comp="2" pin="0"/><net_sink comp="148" pin=1"/></net>

<net id="159"><net_src comp="16" pin="0"/><net_sink comp="148" pin=5"/></net>

<net id="160"><net_src comp="18" pin="0"/><net_sink comp="148" pin=6"/></net>

<net id="170"><net_src comp="32" pin="0"/><net_sink comp="161" pin=0"/></net>

<net id="171"><net_src comp="0" pin="0"/><net_sink comp="161" pin=1"/></net>

<net id="172"><net_src comp="12" pin="0"/><net_sink comp="161" pin=5"/></net>

<net id="173"><net_src comp="14" pin="0"/><net_sink comp="161" pin=6"/></net>

<net id="182"><net_src comp="36" pin="0"/><net_sink comp="174" pin=0"/></net>

<net id="183"><net_src comp="10" pin="0"/><net_sink comp="174" pin=1"/></net>

<net id="184"><net_src comp="12" pin="0"/><net_sink comp="174" pin=2"/></net>

<net id="185"><net_src comp="16" pin="0"/><net_sink comp="174" pin=3"/></net>

<net id="186"><net_src comp="14" pin="0"/><net_sink comp="174" pin=4"/></net>

<net id="187"><net_src comp="18" pin="0"/><net_sink comp="174" pin=5"/></net>

<net id="200"><net_src comp="30" pin="0"/><net_sink comp="188" pin=0"/></net>

<net id="210"><net_src comp="28" pin="0"/><net_sink comp="201" pin=0"/></net>

<net id="211"><net_src comp="142" pin="2"/><net_sink comp="201" pin=1"/></net>

<net id="212"><net_src comp="136" pin="2"/><net_sink comp="201" pin=2"/></net>

<net id="213"><net_src comp="130" pin="2"/><net_sink comp="201" pin=3"/></net>

<net id="217"><net_src comp="94" pin="1"/><net_sink comp="214" pin=0"/></net>

<net id="218"><net_src comp="214" pin="1"/><net_sink comp="201" pin=6"/></net>

<net id="219"><net_src comp="214" pin="1"/><net_sink comp="188" pin=3"/></net>

<net id="223"><net_src comp="98" pin="1"/><net_sink comp="220" pin=0"/></net>

<net id="224"><net_src comp="220" pin="1"/><net_sink comp="201" pin=5"/></net>

<net id="225"><net_src comp="220" pin="1"/><net_sink comp="188" pin=2"/></net>

<net id="229"><net_src comp="102" pin="1"/><net_sink comp="226" pin=0"/></net>

<net id="230"><net_src comp="226" pin="1"/><net_sink comp="201" pin=4"/></net>

<net id="231"><net_src comp="226" pin="1"/><net_sink comp="188" pin=1"/></net>

<net id="235"><net_src comp="106" pin="1"/><net_sink comp="232" pin=0"/></net>

<net id="236"><net_src comp="232" pin="1"/><net_sink comp="188" pin=9"/></net>

<net id="237"><net_src comp="232" pin="1"/><net_sink comp="148" pin=4"/></net>

<net id="241"><net_src comp="110" pin="1"/><net_sink comp="238" pin=0"/></net>

<net id="242"><net_src comp="238" pin="1"/><net_sink comp="188" pin=8"/></net>

<net id="243"><net_src comp="238" pin="1"/><net_sink comp="161" pin=4"/></net>

<net id="247"><net_src comp="114" pin="1"/><net_sink comp="244" pin=0"/></net>

<net id="248"><net_src comp="244" pin="1"/><net_sink comp="188" pin=7"/></net>

<net id="249"><net_src comp="244" pin="1"/><net_sink comp="148" pin=3"/></net>

<net id="253"><net_src comp="118" pin="1"/><net_sink comp="250" pin=0"/></net>

<net id="254"><net_src comp="250" pin="1"/><net_sink comp="188" pin=6"/></net>

<net id="255"><net_src comp="250" pin="1"/><net_sink comp="161" pin=3"/></net>

<net id="259"><net_src comp="122" pin="1"/><net_sink comp="256" pin=0"/></net>

<net id="260"><net_src comp="256" pin="1"/><net_sink comp="188" pin=5"/></net>

<net id="261"><net_src comp="256" pin="1"/><net_sink comp="148" pin=2"/></net>

<net id="265"><net_src comp="126" pin="1"/><net_sink comp="262" pin=0"/></net>

<net id="266"><net_src comp="262" pin="1"/><net_sink comp="188" pin=4"/></net>

<net id="267"><net_src comp="262" pin="1"/><net_sink comp="161" pin=2"/></net>

</net_list>

</model> 
---------------- Datapath Model END ------------------

* FSMD analyzer results:
  - Output states:
	Port: result_V_V | {5 6 }
	Port: in1_V_V | {3 4 }
	Port: in1b_V_V | {3 4 }
	Port: in2_V_V | {3 4 }
	Port: in2b_V_V | {3 4 }
 - Input state : 
	Port: top_function : tree1_V | {3 4 }
	Port: top_function : tree2_V | {3 4 }
	Port: top_function : nodo_V | {1 }
	Port: top_function : relationship_V | {1 }
	Port: top_function : fatherSearch | {1 }
	Port: top_function : in1_V_V | {5 6 }
	Port: top_function : in1b_V_V | {5 6 }
	Port: top_function : in2_V_V | {5 6 }
	Port: top_function : in2b_V_V | {5 6 }
  - Chain level:
	State 1
		call_ln12 : 1
	State 2
	State 3
	State 4
	State 5
	State 6


============================================================
+ Verbose Summary: Datapath Resource usage 
============================================================

* Functional unit list:
|----------|---------------------------------------|---------|---------|---------|
| Operation|            Functional Unit            |  Delay  |    FF   |   LUT   |
|----------|---------------------------------------|---------|---------|---------|
|          |        grp_busqueda_cam_fu_148        |  7.3505 |   145   |   207   |
|          |       grp_busqueda_cam_1_fu_161       |  7.3505 |   141   |   207   |
|   call   |          grp_combinar_fu_174          | 1.90625 |    57   |    85   |
|          | call_ln21_top_function_entry43_fu_188 |    0    |    0    |    0    |
|          |  call_ln12_top_function_entry3_fu_201 |    0    |    0    |    0    |
|----------|---------------------------------------|---------|---------|---------|
|          |     fatherSearch_read_read_fu_130     |    0    |    0    |    0    |
|   read   |    relationship_V_read_read_fu_136    |    0    |    0    |    0    |
|          |        nodo_V_read_read_fu_142        |    0    |    0    |    0    |
|----------|---------------------------------------|---------|---------|---------|
|   Total  |                                       | 16.6073 |   343   |   499   |
|----------|---------------------------------------|---------|---------|---------|

Memories:
N/A

* Register list:
+-------------------------+--------+
|                         |   FF   |
+-------------------------+--------+
| fatherSearch_c3_reg_214 |    1   |
| fatherSearch_c9_reg_232 |    1   |
|  fatherSearch_c_reg_238 |    1   |
|    nodo_V_c1_reg_226    |   11   |
|    nodo_V_c7_reg_256    |   11   |
|     nodo_V_c_reg_262    |   11   |
|relationship_V_c2_reg_220|    2   |
|relationship_V_c8_reg_244|    2   |
| relationship_V_c_reg_250|    2   |
+-------------------------+--------+
|          Total          |   42   |
+-------------------------+--------+

* Multiplexer (MUX) list: 
|--------|------|------|------|--------|
|  Comp  |  Pin | Size |  BW  | S x BW |
|--------|------|------|------|--------|
|  Total |      |      |      |    0   |
|--------|------|------|------|--------|



* Summary:
+-----------+--------+--------+--------+
|           |  Delay |   FF   |   LUT  |
+-----------+--------+--------+--------+
|  Function |   16   |   343  |   499  |
|   Memory  |    -   |    -   |    -   |
|Multiplexer|    -   |    -   |    -   |
|  Register |    -   |   42   |    -   |
+-----------+--------+--------+--------+
|   Total   |   16   |   385  |   499  |
+-----------+--------+--------+--------+
