

================================================================
== Vivado HLS Report for 'top_function_entry43'
================================================================
* Date:           Fri Jul 24 19:00:06 2020

* Version:        2019.1 (Build 2552052 on Fri May 24 15:28:33 MDT 2019)
* Project:        binarycam
* Solution:       solution1
* Product family: zynq
* Target device:  xc7z020-clg484-1


================================================================
== Performance Estimates
================================================================
+ Timing (ns): 
    * Summary: 
    +--------+-------+----------+------------+
    |  Clock | Target| Estimated| Uncertainty|
    +--------+-------+----------+------------+
    |ap_clk  |  10.00|     7.268|        1.25|
    +--------+-------+----------+------------+

+ Latency (clock cycles): 
    * Summary: 
    +-----+-----+-----+-----+---------+
    |  Latency  |  Interval | Pipeline|
    | min | max | min | max |   Type  |
    +-----+-----+-----+-----+---------+
    |    0|    0|    0|    0|   none  |
    +-----+-----+-----+-----+---------+

    + Detail: 
        * Instance: 
        N/A

        * Loop: 
        N/A



================================================================
== Utilization Estimates
================================================================
* Summary: 
+-----------------+---------+-------+--------+-------+-----+
|       Name      | BRAM_18K| DSP48E|   FF   |  LUT  | URAM|
+-----------------+---------+-------+--------+-------+-----+
|DSP              |        -|      -|       -|      -|    -|
|Expression       |        -|      -|       0|      2|    -|
|FIFO             |        -|      -|       -|      -|    -|
|Instance         |        -|      -|       -|      -|    -|
|Memory           |        -|      -|       -|      -|    -|
|Multiplexer      |        -|      -|       -|     90|    -|
|Register         |        -|      -|       2|      -|    -|
+-----------------+---------+-------+--------+-------+-----+
|Total            |        0|      0|       2|     92|    0|
+-----------------+---------+-------+--------+-------+-----+
|Available        |      280|    220|  106400|  53200|    0|
+-----------------+---------+-------+--------+-------+-----+
|Utilization (%)  |        0|      0|   ~0   |   ~0  |    0|
+-----------------+---------+-------+--------+-------+-----+

+ Detail: 
    * Instance: 
    N/A

    * DSP48E: 
    N/A

    * Memory: 
    N/A

    * FIFO: 
    N/A

    * Expression: 
    +-----------------+----------+-------+---+----+------------+------------+
    |  Variable Name  | Operation| DSP48E| FF| LUT| Bitwidth P0| Bitwidth P1|
    +-----------------+----------+-------+---+----+------------+------------+
    |ap_block_state1  |    or    |      0|  0|   2|           1|           1|
    +-----------------+----------+-------+---+----+------------+------------+
    |Total            |          |      0|  0|   2|           1|           1|
    +-----------------+----------+-------+---+----+------------+------------+

    * Multiplexer: 
    +---------------------------+----+-----------+-----+-----------+
    |            Name           | LUT| Input Size| Bits| Total Bits|
    +---------------------------+----+-----------+-----+-----------+
    |ap_done                    |   9|          2|    1|          2|
    |fatherSearch_blk_n         |   9|          2|    1|          2|
    |fatherSearch_out3_blk_n    |   9|          2|    1|          2|
    |fatherSearch_out_blk_n     |   9|          2|    1|          2|
    |nodo_V_blk_n               |   9|          2|    1|          2|
    |nodo_V_out1_blk_n          |   9|          2|    1|          2|
    |nodo_V_out_blk_n           |   9|          2|    1|          2|
    |relationship_V_blk_n       |   9|          2|    1|          2|
    |relationship_V_out2_blk_n  |   9|          2|    1|          2|
    |relationship_V_out_blk_n   |   9|          2|    1|          2|
    +---------------------------+----+-----------+-----+-----------+
    |Total                      |  90|         20|   10|         20|
    +---------------------------+----+-----------+-----+-----------+

    * Register: 
    +-------------+---+----+-----+-----------+
    |     Name    | FF| LUT| Bits| Const Bits|
    +-------------+---+----+-----+-----------+
    |ap_CS_fsm    |  1|   0|    1|          0|
    |ap_done_reg  |  1|   0|    1|          0|
    +-------------+---+----+-----+-----------+
    |Total        |  2|   0|    2|          0|
    +-------------+---+----+-----+-----------+



================================================================
== Interface
================================================================
* Summary: 
+----------------------------+-----+-----+------------+----------------------+--------------+
|          RTL Ports         | Dir | Bits|  Protocol  |     Source Object    |    C Type    |
+----------------------------+-----+-----+------------+----------------------+--------------+
|ap_clk                      |  in |    1| ap_ctrl_hs | top_function.entry43 | return value |
|ap_rst                      |  in |    1| ap_ctrl_hs | top_function.entry43 | return value |
|ap_start                    |  in |    1| ap_ctrl_hs | top_function.entry43 | return value |
|ap_done                     | out |    1| ap_ctrl_hs | top_function.entry43 | return value |
|ap_continue                 |  in |    1| ap_ctrl_hs | top_function.entry43 | return value |
|ap_idle                     | out |    1| ap_ctrl_hs | top_function.entry43 | return value |
|ap_ready                    | out |    1| ap_ctrl_hs | top_function.entry43 | return value |
|nodo_V_dout                 |  in |   11|   ap_fifo  |        nodo_V        |    pointer   |
|nodo_V_empty_n              |  in |    1|   ap_fifo  |        nodo_V        |    pointer   |
|nodo_V_read                 | out |    1|   ap_fifo  |        nodo_V        |    pointer   |
|relationship_V_dout         |  in |    2|   ap_fifo  |    relationship_V    |    pointer   |
|relationship_V_empty_n      |  in |    1|   ap_fifo  |    relationship_V    |    pointer   |
|relationship_V_read         | out |    1|   ap_fifo  |    relationship_V    |    pointer   |
|fatherSearch_dout           |  in |    1|   ap_fifo  |     fatherSearch     |    pointer   |
|fatherSearch_empty_n        |  in |    1|   ap_fifo  |     fatherSearch     |    pointer   |
|fatherSearch_read           | out |    1|   ap_fifo  |     fatherSearch     |    pointer   |
|nodo_V_out_din              | out |   11|   ap_fifo  |      nodo_V_out      |    pointer   |
|nodo_V_out_full_n           |  in |    1|   ap_fifo  |      nodo_V_out      |    pointer   |
|nodo_V_out_write            | out |    1|   ap_fifo  |      nodo_V_out      |    pointer   |
|nodo_V_out1_din             | out |   11|   ap_fifo  |      nodo_V_out1     |    pointer   |
|nodo_V_out1_full_n          |  in |    1|   ap_fifo  |      nodo_V_out1     |    pointer   |
|nodo_V_out1_write           | out |    1|   ap_fifo  |      nodo_V_out1     |    pointer   |
|relationship_V_out_din      | out |    2|   ap_fifo  |  relationship_V_out  |    pointer   |
|relationship_V_out_full_n   |  in |    1|   ap_fifo  |  relationship_V_out  |    pointer   |
|relationship_V_out_write    | out |    1|   ap_fifo  |  relationship_V_out  |    pointer   |
|relationship_V_out2_din     | out |    2|   ap_fifo  |  relationship_V_out2 |    pointer   |
|relationship_V_out2_full_n  |  in |    1|   ap_fifo  |  relationship_V_out2 |    pointer   |
|relationship_V_out2_write   | out |    1|   ap_fifo  |  relationship_V_out2 |    pointer   |
|fatherSearch_out_din        | out |    1|   ap_fifo  |   fatherSearch_out   |    pointer   |
|fatherSearch_out_full_n     |  in |    1|   ap_fifo  |   fatherSearch_out   |    pointer   |
|fatherSearch_out_write      | out |    1|   ap_fifo  |   fatherSearch_out   |    pointer   |
|fatherSearch_out3_din       | out |    1|   ap_fifo  |   fatherSearch_out3  |    pointer   |
|fatherSearch_out3_full_n    |  in |    1|   ap_fifo  |   fatherSearch_out3  |    pointer   |
|fatherSearch_out3_write     | out |    1|   ap_fifo  |   fatherSearch_out3  |    pointer   |
+----------------------------+-----+-----+------------+----------------------+--------------+

============================================================
+ Verbose Summary: Synthesis Manager
============================================================
InlineROM: 1
ExposeGlobal: 0
============================================================
+ Verbose Summary: CDFG Model
============================================================
IsTopModel: 0
ResetActiveHigh: 1
IsCombinational: 2
IsDatapathOnly: 0
HasWiredReturn: 1
HasMFsm: 0
HasVarLatency: 0
IsPipeline: 0
IsRtlPipelined: 0
IsInstanceOverlapped: 0
IsDontTouch: 0
HasImplIP: 0
IsGatedGlobalClock: 0


============================================================
+ Verbose Summary: Schedule
============================================================
* Number of FSM states : 1
* Pipeline : 0
* Dataflow Pipeline: 0

* FSM state transitions: 
1 --> 

* FSM state operations: 

State 1 <SV = 0> <Delay = 7.26>
ST_1 : Operation 2 [1/1] (0.00ns)   --->   "%empty = call i32 (...)* @_ssdm_op_SpecInterface(i11* %nodo_V_out, [8 x i8]* @ap_fifo_str, i32 0, i32 0, [1 x i8]* @p_str, i32 0, i32 0, [1 x i8]* @p_str, [1 x i8]* @p_str, [1 x i8]* @p_str, i32 2, i32 2, i32 16, i32 16, [1 x i8]* @p_str, [11 x i8]* @ScalarProp_str)"   --->   Operation 2 'specinterface' 'empty' <Predicate = true> <Delay = 0.00>
ST_1 : Operation 3 [1/1] (0.00ns)   --->   "%empty_8 = call i32 (...)* @_ssdm_op_SpecInterface(i11* %nodo_V_out1, [8 x i8]* @ap_fifo_str, i32 0, i32 0, [1 x i8]* @p_str, i32 0, i32 0, [1 x i8]* @p_str, [1 x i8]* @p_str, [1 x i8]* @p_str, i32 2, i32 2, i32 16, i32 16, [1 x i8]* @p_str, [11 x i8]* @ScalarProp_str)"   --->   Operation 3 'specinterface' 'empty_8' <Predicate = true> <Delay = 0.00>
ST_1 : Operation 4 [1/1] (0.00ns)   --->   "%empty_9 = call i32 (...)* @_ssdm_op_SpecInterface(i2* %relationship_V_out, [8 x i8]* @ap_fifo_str, i32 0, i32 0, [1 x i8]* @p_str, i32 0, i32 0, [1 x i8]* @p_str, [1 x i8]* @p_str, [1 x i8]* @p_str, i32 2, i32 2, i32 16, i32 16, [1 x i8]* @p_str, [11 x i8]* @ScalarProp_str)"   --->   Operation 4 'specinterface' 'empty_9' <Predicate = true> <Delay = 0.00>
ST_1 : Operation 5 [1/1] (0.00ns)   --->   "%empty_10 = call i32 (...)* @_ssdm_op_SpecInterface(i2* %relationship_V_out2, [8 x i8]* @ap_fifo_str, i32 0, i32 0, [1 x i8]* @p_str, i32 0, i32 0, [1 x i8]* @p_str, [1 x i8]* @p_str, [1 x i8]* @p_str, i32 2, i32 2, i32 16, i32 16, [1 x i8]* @p_str, [11 x i8]* @ScalarProp_str)"   --->   Operation 5 'specinterface' 'empty_10' <Predicate = true> <Delay = 0.00>
ST_1 : Operation 6 [1/1] (0.00ns)   --->   "%empty_11 = call i32 (...)* @_ssdm_op_SpecInterface(i1* %fatherSearch_out, [8 x i8]* @ap_fifo_str, i32 0, i32 0, [1 x i8]* @p_str, i32 0, i32 0, [1 x i8]* @p_str, [1 x i8]* @p_str, [1 x i8]* @p_str, i32 2, i32 2, i32 16, i32 16, [1 x i8]* @p_str, [11 x i8]* @ScalarProp_str)"   --->   Operation 6 'specinterface' 'empty_11' <Predicate = true> <Delay = 0.00>
ST_1 : Operation 7 [1/1] (0.00ns)   --->   "%empty_12 = call i32 (...)* @_ssdm_op_SpecInterface(i1* %fatherSearch_out3, [8 x i8]* @ap_fifo_str, i32 0, i32 0, [1 x i8]* @p_str, i32 0, i32 0, [1 x i8]* @p_str, [1 x i8]* @p_str, [1 x i8]* @p_str, i32 2, i32 2, i32 16, i32 16, [1 x i8]* @p_str, [11 x i8]* @ScalarProp_str)"   --->   Operation 7 'specinterface' 'empty_12' <Predicate = true> <Delay = 0.00>
ST_1 : Operation 8 [1/1] (0.00ns)   --->   "%empty_13 = call i32 (...)* @_ssdm_op_SpecInterface(i1* %fatherSearch, [8 x i8]* @ap_fifo_str, i32 0, i32 0, [1 x i8]* @p_str, i32 0, i32 0, [1 x i8]* @p_str, [1 x i8]* @p_str, [1 x i8]* @p_str, i32 2, i32 2, i32 16, i32 16, [1 x i8]* @p_str, [11 x i8]* @ScalarProp_str)"   --->   Operation 8 'specinterface' 'empty_13' <Predicate = true> <Delay = 0.00>
ST_1 : Operation 9 [1/1] (0.00ns)   --->   "%empty_14 = call i32 (...)* @_ssdm_op_SpecInterface(i2* %relationship_V, [8 x i8]* @ap_fifo_str, i32 0, i32 0, [1 x i8]* @p_str, i32 0, i32 0, [1 x i8]* @p_str, [1 x i8]* @p_str, [1 x i8]* @p_str, i32 2, i32 2, i32 16, i32 16, [1 x i8]* @p_str, [11 x i8]* @ScalarProp_str)"   --->   Operation 9 'specinterface' 'empty_14' <Predicate = true> <Delay = 0.00>
ST_1 : Operation 10 [1/1] (0.00ns)   --->   "%empty_15 = call i32 (...)* @_ssdm_op_SpecInterface(i11* %nodo_V, [8 x i8]* @ap_fifo_str, i32 0, i32 0, [1 x i8]* @p_str, i32 0, i32 0, [1 x i8]* @p_str, [1 x i8]* @p_str, [1 x i8]* @p_str, i32 2, i32 2, i32 16, i32 16, [1 x i8]* @p_str, [11 x i8]* @ScalarProp_str)"   --->   Operation 10 'specinterface' 'empty_15' <Predicate = true> <Delay = 0.00>
ST_1 : Operation 11 [1/1] (3.63ns)   --->   "%nodo_V_read = call i11 @_ssdm_op_Read.ap_fifo.i11P(i11* %nodo_V)" [binarycam/cam.cpp:21]   --->   Operation 11 'read' 'nodo_V_read' <Predicate = true> <Delay = 3.63> <Core = "FIFO">   --->   Core 32 'FIFO' <Latency = 0> <II = 1> <Delay = 3.63> <Storage> <Opcode : 'read' 'write' 'nbread' 'nbwrite'> <Ports = 0> <Width = 11> <Depth = 2> <FIFO>
ST_1 : Operation 12 [1/1] (3.63ns)   --->   "%relationship_V_read = call i2 @_ssdm_op_Read.ap_fifo.i2P(i2* %relationship_V)" [binarycam/cam.cpp:21]   --->   Operation 12 'read' 'relationship_V_read' <Predicate = true> <Delay = 3.63> <Core = "FIFO">   --->   Core 32 'FIFO' <Latency = 0> <II = 1> <Delay = 3.63> <Storage> <Opcode : 'read' 'write' 'nbread' 'nbwrite'> <Ports = 0> <Width = 11> <Depth = 2> <FIFO>
ST_1 : Operation 13 [1/1] (3.63ns)   --->   "%fatherSearch_read = call i1 @_ssdm_op_Read.ap_fifo.i1P(i1* %fatherSearch)" [binarycam/cam.cpp:21]   --->   Operation 13 'read' 'fatherSearch_read' <Predicate = true> <Delay = 3.63> <Core = "FIFO">   --->   Core 32 'FIFO' <Latency = 0> <II = 1> <Delay = 3.63> <Storage> <Opcode : 'read' 'write' 'nbread' 'nbwrite'> <Ports = 0> <Width = 11> <Depth = 2> <FIFO>
ST_1 : Operation 14 [1/1] (0.00ns)   --->   "%empty_16 = call i32 (...)* @_ssdm_op_SpecInterface(i11* %nodo_V_out, [8 x i8]* @ap_fifo_str, i32 0, i32 0, [1 x i8]* @p_str, i32 0, i32 0, [1 x i8]* @p_str, [1 x i8]* @p_str, [1 x i8]* @p_str, i32 2, i32 2, i32 16, i32 16, [1 x i8]* @p_str, [11 x i8]* @ScalarProp_str)"   --->   Operation 14 'specinterface' 'empty_16' <Predicate = true> <Delay = 0.00>
ST_1 : Operation 15 [1/1] (3.63ns)   --->   "call void @_ssdm_op_Write.ap_fifo.i11P(i11* %nodo_V_out, i11 %nodo_V_read)" [binarycam/cam.cpp:21->binarycam/cam.cpp:12]   --->   Operation 15 'write' <Predicate = true> <Delay = 3.63> <Core = "FIFO">   --->   Core 32 'FIFO' <Latency = 0> <II = 1> <Delay = 3.63> <Storage> <Opcode : 'read' 'write' 'nbread' 'nbwrite'> <Ports = 0> <Width = 11> <Depth = 2> <FIFO>
ST_1 : Operation 16 [1/1] (0.00ns)   --->   "%empty_17 = call i32 (...)* @_ssdm_op_SpecInterface(i11* %nodo_V_out1, [8 x i8]* @ap_fifo_str, i32 0, i32 0, [1 x i8]* @p_str, i32 0, i32 0, [1 x i8]* @p_str, [1 x i8]* @p_str, [1 x i8]* @p_str, i32 2, i32 2, i32 16, i32 16, [1 x i8]* @p_str, [11 x i8]* @ScalarProp_str)"   --->   Operation 16 'specinterface' 'empty_17' <Predicate = true> <Delay = 0.00>
ST_1 : Operation 17 [1/1] (3.63ns)   --->   "call void @_ssdm_op_Write.ap_fifo.i11P(i11* %nodo_V_out1, i11 %nodo_V_read)" [binarycam/cam.cpp:21->binarycam/cam.cpp:12]   --->   Operation 17 'write' <Predicate = true> <Delay = 3.63> <Core = "FIFO">   --->   Core 32 'FIFO' <Latency = 0> <II = 1> <Delay = 3.63> <Storage> <Opcode : 'read' 'write' 'nbread' 'nbwrite'> <Ports = 0> <Width = 11> <Depth = 2> <FIFO>
ST_1 : Operation 18 [1/1] (0.00ns)   --->   "%empty_18 = call i32 (...)* @_ssdm_op_SpecInterface(i2* %relationship_V_out, [8 x i8]* @ap_fifo_str, i32 0, i32 0, [1 x i8]* @p_str, i32 0, i32 0, [1 x i8]* @p_str, [1 x i8]* @p_str, [1 x i8]* @p_str, i32 2, i32 2, i32 16, i32 16, [1 x i8]* @p_str, [11 x i8]* @ScalarProp_str)"   --->   Operation 18 'specinterface' 'empty_18' <Predicate = true> <Delay = 0.00>
ST_1 : Operation 19 [1/1] (3.63ns)   --->   "call void @_ssdm_op_Write.ap_fifo.i2P(i2* %relationship_V_out, i2 %relationship_V_read)" [binarycam/cam.cpp:21->binarycam/cam.cpp:12]   --->   Operation 19 'write' <Predicate = true> <Delay = 3.63> <Core = "FIFO">   --->   Core 32 'FIFO' <Latency = 0> <II = 1> <Delay = 3.63> <Storage> <Opcode : 'read' 'write' 'nbread' 'nbwrite'> <Ports = 0> <Width = 11> <Depth = 2> <FIFO>
ST_1 : Operation 20 [1/1] (0.00ns)   --->   "%empty_19 = call i32 (...)* @_ssdm_op_SpecInterface(i2* %relationship_V_out2, [8 x i8]* @ap_fifo_str, i32 0, i32 0, [1 x i8]* @p_str, i32 0, i32 0, [1 x i8]* @p_str, [1 x i8]* @p_str, [1 x i8]* @p_str, i32 2, i32 2, i32 16, i32 16, [1 x i8]* @p_str, [11 x i8]* @ScalarProp_str)"   --->   Operation 20 'specinterface' 'empty_19' <Predicate = true> <Delay = 0.00>
ST_1 : Operation 21 [1/1] (3.63ns)   --->   "call void @_ssdm_op_Write.ap_fifo.i2P(i2* %relationship_V_out2, i2 %relationship_V_read)" [binarycam/cam.cpp:21->binarycam/cam.cpp:12]   --->   Operation 21 'write' <Predicate = true> <Delay = 3.63> <Core = "FIFO">   --->   Core 32 'FIFO' <Latency = 0> <II = 1> <Delay = 3.63> <Storage> <Opcode : 'read' 'write' 'nbread' 'nbwrite'> <Ports = 0> <Width = 11> <Depth = 2> <FIFO>
ST_1 : Operation 22 [1/1] (0.00ns)   --->   "%empty_20 = call i32 (...)* @_ssdm_op_SpecInterface(i1* %fatherSearch_out, [8 x i8]* @ap_fifo_str, i32 0, i32 0, [1 x i8]* @p_str, i32 0, i32 0, [1 x i8]* @p_str, [1 x i8]* @p_str, [1 x i8]* @p_str, i32 2, i32 2, i32 16, i32 16, [1 x i8]* @p_str, [11 x i8]* @ScalarProp_str)"   --->   Operation 22 'specinterface' 'empty_20' <Predicate = true> <Delay = 0.00>
ST_1 : Operation 23 [1/1] (3.63ns)   --->   "call void @_ssdm_op_Write.ap_fifo.i1P(i1* %fatherSearch_out, i1 %fatherSearch_read)" [binarycam/cam.cpp:21->binarycam/cam.cpp:12]   --->   Operation 23 'write' <Predicate = true> <Delay = 3.63> <Core = "FIFO">   --->   Core 32 'FIFO' <Latency = 0> <II = 1> <Delay = 3.63> <Storage> <Opcode : 'read' 'write' 'nbread' 'nbwrite'> <Ports = 0> <Width = 11> <Depth = 2> <FIFO>
ST_1 : Operation 24 [1/1] (0.00ns)   --->   "%empty_21 = call i32 (...)* @_ssdm_op_SpecInterface(i1* %fatherSearch_out3, [8 x i8]* @ap_fifo_str, i32 0, i32 0, [1 x i8]* @p_str, i32 0, i32 0, [1 x i8]* @p_str, [1 x i8]* @p_str, [1 x i8]* @p_str, i32 2, i32 2, i32 16, i32 16, [1 x i8]* @p_str, [11 x i8]* @ScalarProp_str)"   --->   Operation 24 'specinterface' 'empty_21' <Predicate = true> <Delay = 0.00>
ST_1 : Operation 25 [1/1] (3.63ns)   --->   "call void @_ssdm_op_Write.ap_fifo.i1P(i1* %fatherSearch_out3, i1 %fatherSearch_read)" [binarycam/cam.cpp:21->binarycam/cam.cpp:12]   --->   Operation 25 'write' <Predicate = true> <Delay = 3.63> <Core = "FIFO">   --->   Core 32 'FIFO' <Latency = 0> <II = 1> <Delay = 3.63> <Storage> <Opcode : 'read' 'write' 'nbread' 'nbwrite'> <Ports = 0> <Width = 11> <Depth = 2> <FIFO>
ST_1 : Operation 26 [1/1] (0.00ns)   --->   "ret void" [binarycam/cam.cpp:12]   --->   Operation 26 'ret' <Predicate = true> <Delay = 0.00>


============================================================
+ Verbose Summary: Binding
============================================================
STG Binding: 
---------------- STG Properties BEGIN ----------------
- Is combinational: 0
- Is one-state seq: 1
- Is datapath-only: 0
- Is pipelined: 0
- Is top level: 0
Port [ Return ] is wired: 1; IO mode=ap_ctrl_hs:ce=0
Port [ nodo_V]:  wired=1; compound=1; hidden=0; nouse=0; global=0; static=0; extern=0; dir=0; type=3; pingpong=0; private_global=0; IO mode=ap_fifo:ce=0
Port [ relationship_V]:  wired=1; compound=1; hidden=0; nouse=0; global=0; static=0; extern=0; dir=0; type=3; pingpong=0; private_global=0; IO mode=ap_fifo:ce=0
Port [ fatherSearch]:  wired=1; compound=1; hidden=0; nouse=0; global=0; static=0; extern=0; dir=0; type=3; pingpong=0; private_global=0; IO mode=ap_fifo:ce=0
Port [ nodo_V_out]:  wired=1; compound=1; hidden=0; nouse=0; global=0; static=0; extern=0; dir=1; type=3; pingpong=0; private_global=0; IO mode=ap_fifo:ce=0
Port [ nodo_V_out1]:  wired=1; compound=1; hidden=0; nouse=0; global=0; static=0; extern=0; dir=1; type=3; pingpong=0; private_global=0; IO mode=ap_fifo:ce=0
Port [ relationship_V_out]:  wired=1; compound=1; hidden=0; nouse=0; global=0; static=0; extern=0; dir=1; type=3; pingpong=0; private_global=0; IO mode=ap_fifo:ce=0
Port [ relationship_V_out2]:  wired=1; compound=1; hidden=0; nouse=0; global=0; static=0; extern=0; dir=1; type=3; pingpong=0; private_global=0; IO mode=ap_fifo:ce=0
Port [ fatherSearch_out]:  wired=1; compound=1; hidden=0; nouse=0; global=0; static=0; extern=0; dir=1; type=3; pingpong=0; private_global=0; IO mode=ap_fifo:ce=0
Port [ fatherSearch_out3]:  wired=1; compound=1; hidden=0; nouse=0; global=0; static=0; extern=0; dir=1; type=3; pingpong=0; private_global=0; IO mode=ap_fifo:ce=0
---------------- STG Properties END ------------------

---------------- Datapath Model BEGIN ----------------

<LifeTime>
<method=bitvector/>
empty               (specinterface) [ 00]
empty_8             (specinterface) [ 00]
empty_9             (specinterface) [ 00]
empty_10            (specinterface) [ 00]
empty_11            (specinterface) [ 00]
empty_12            (specinterface) [ 00]
empty_13            (specinterface) [ 00]
empty_14            (specinterface) [ 00]
empty_15            (specinterface) [ 00]
nodo_V_read         (read         ) [ 00]
relationship_V_read (read         ) [ 00]
fatherSearch_read   (read         ) [ 00]
empty_16            (specinterface) [ 00]
write_ln21          (write        ) [ 00]
empty_17            (specinterface) [ 00]
write_ln21          (write        ) [ 00]
empty_18            (specinterface) [ 00]
write_ln21          (write        ) [ 00]
empty_19            (specinterface) [ 00]
write_ln21          (write        ) [ 00]
empty_20            (specinterface) [ 00]
write_ln21          (write        ) [ 00]
empty_21            (specinterface) [ 00]
write_ln21          (write        ) [ 00]
ret_ln12            (ret          ) [ 00]
</LifeTime>

<model>

<comp_list>
<comp id="0" class="1000" name="nodo_V">
<pin_list>
<pin id="1" dir="1" index="0" bw="1" slack="0"/>
</pin_list>
<bind>
<StgValue><ssdm name="nodo_V"/></StgValue>
</bind>
</comp>

<comp id="2" class="1000" name="relationship_V">
<pin_list>
<pin id="3" dir="1" index="0" bw="1" slack="0"/>
</pin_list>
<bind>
<StgValue><ssdm name="relationship_V"/></StgValue>
</bind>
</comp>

<comp id="4" class="1000" name="fatherSearch">
<pin_list>
<pin id="5" dir="1" index="0" bw="1" slack="0"/>
</pin_list>
<bind>
<StgValue><ssdm name="fatherSearch"/></StgValue>
</bind>
</comp>

<comp id="6" class="1000" name="nodo_V_out">
<pin_list>
<pin id="7" dir="1" index="0" bw="1" slack="0"/>
</pin_list>
<bind>
<StgValue><ssdm name="nodo_V_out"/></StgValue>
</bind>
</comp>

<comp id="8" class="1000" name="nodo_V_out1">
<pin_list>
<pin id="9" dir="1" index="0" bw="1" slack="0"/>
</pin_list>
<bind>
<StgValue><ssdm name="nodo_V_out1"/></StgValue>
</bind>
</comp>

<comp id="10" class="1000" name="relationship_V_out">
<pin_list>
<pin id="11" dir="1" index="0" bw="1" slack="0"/>
</pin_list>
<bind>
<StgValue><ssdm name="relationship_V_out"/></StgValue>
</bind>
</comp>

<comp id="12" class="1000" name="relationship_V_out2">
<pin_list>
<pin id="13" dir="1" index="0" bw="1" slack="0"/>
</pin_list>
<bind>
<StgValue><ssdm name="relationship_V_out2"/></StgValue>
</bind>
</comp>

<comp id="14" class="1000" name="fatherSearch_out">
<pin_list>
<pin id="15" dir="1" index="0" bw="1" slack="0"/>
</pin_list>
<bind>
<StgValue><ssdm name="fatherSearch_out"/></StgValue>
</bind>
</comp>

<comp id="16" class="1000" name="fatherSearch_out3">
<pin_list>
<pin id="17" dir="1" index="0" bw="1" slack="0"/>
</pin_list>
<bind>
<StgValue><ssdm name="fatherSearch_out3"/></StgValue>
</bind>
</comp>

<comp id="18" class="1001" name="const_18">
<pin_list>
<pin id="19" dir="1" index="0" bw="1" slack="2147483647"/>
</pin_list>
<bind>
<StgValue><ssdm name="_ssdm_op_SpecInterface"/></StgValue>
</bind>
</comp>

<comp id="20" class="1001" name="const_20">
<pin_list>
<pin id="21" dir="1" index="0" bw="1" slack="2147483647"/>
</pin_list>
<bind>
<StgValue><ssdm name="ap_fifo_str"/></StgValue>
</bind>
</comp>

<comp id="22" class="1001" name="const_22">
<pin_list>
<pin id="23" dir="1" index="0" bw="1" slack="2147483647"/>
</pin_list>
<bind>
<StgValue><ssdm name=""/></StgValue>
</bind>
</comp>

<comp id="24" class="1001" name="const_24">
<pin_list>
<pin id="25" dir="1" index="0" bw="1" slack="2147483647"/>
</pin_list>
<bind>
<StgValue><ssdm name="p_str"/></StgValue>
</bind>
</comp>

<comp id="26" class="1001" name="const_26">
<pin_list>
<pin id="27" dir="1" index="0" bw="1" slack="2147483647"/>
</pin_list>
<bind>
<StgValue><ssdm name=""/></StgValue>
</bind>
</comp>

<comp id="28" class="1001" name="const_28">
<pin_list>
<pin id="29" dir="1" index="0" bw="1" slack="2147483647"/>
</pin_list>
<bind>
<StgValue><ssdm name=""/></StgValue>
</bind>
</comp>

<comp id="30" class="1001" name="const_30">
<pin_list>
<pin id="31" dir="1" index="0" bw="1" slack="2147483647"/>
</pin_list>
<bind>
<StgValue><ssdm name="ScalarProp_str"/></StgValue>
</bind>
</comp>

<comp id="32" class="1001" name="const_32">
<pin_list>
<pin id="33" dir="1" index="0" bw="1" slack="0"/>
</pin_list>
<bind>
<StgValue><ssdm name="_ssdm_op_Read.ap_fifo.i11P"/></StgValue>
</bind>
</comp>

<comp id="34" class="1001" name="const_34">
<pin_list>
<pin id="35" dir="1" index="0" bw="1" slack="0"/>
</pin_list>
<bind>
<StgValue><ssdm name="_ssdm_op_Read.ap_fifo.i2P"/></StgValue>
</bind>
</comp>

<comp id="36" class="1001" name="const_36">
<pin_list>
<pin id="37" dir="1" index="0" bw="1" slack="0"/>
</pin_list>
<bind>
<StgValue><ssdm name="_ssdm_op_Read.ap_fifo.i1P"/></StgValue>
</bind>
</comp>

<comp id="38" class="1001" name="const_38">
<pin_list>
<pin id="39" dir="1" index="0" bw="1" slack="0"/>
</pin_list>
<bind>
<StgValue><ssdm name="_ssdm_op_Write.ap_fifo.i11P"/></StgValue>
</bind>
</comp>

<comp id="40" class="1001" name="const_40">
<pin_list>
<pin id="41" dir="1" index="0" bw="1" slack="0"/>
</pin_list>
<bind>
<StgValue><ssdm name="_ssdm_op_Write.ap_fifo.i2P"/></StgValue>
</bind>
</comp>

<comp id="42" class="1001" name="const_42">
<pin_list>
<pin id="43" dir="1" index="0" bw="1" slack="0"/>
</pin_list>
<bind>
<StgValue><ssdm name="_ssdm_op_Write.ap_fifo.i1P"/></StgValue>
</bind>
</comp>

<comp id="44" class="1004" name="nodo_V_read_read_fu_44">
<pin_list>
<pin id="45" dir="0" index="0" bw="11" slack="0"/>
<pin id="46" dir="0" index="1" bw="11" slack="0"/>
<pin id="47" dir="1" index="2" bw="11" slack="0"/>
</pin_list>
<bind>
<opcode="read(1150) " fcode="read"/>
<opset="nodo_V_read/1 "/>
</bind>
</comp>

<comp id="50" class="1004" name="relationship_V_read_read_fu_50">
<pin_list>
<pin id="51" dir="0" index="0" bw="2" slack="0"/>
<pin id="52" dir="0" index="1" bw="2" slack="0"/>
<pin id="53" dir="1" index="2" bw="2" slack="0"/>
</pin_list>
<bind>
<opcode="read(1150) " fcode="read"/>
<opset="relationship_V_read/1 "/>
</bind>
</comp>

<comp id="56" class="1004" name="fatherSearch_read_read_fu_56">
<pin_list>
<pin id="57" dir="0" index="0" bw="1" slack="0"/>
<pin id="58" dir="0" index="1" bw="1" slack="0"/>
<pin id="59" dir="1" index="2" bw="1" slack="0"/>
</pin_list>
<bind>
<opcode="read(1150) " fcode="read"/>
<opset="fatherSearch_read/1 "/>
</bind>
</comp>

<comp id="62" class="1004" name="write_ln21_write_fu_62">
<pin_list>
<pin id="63" dir="0" index="0" bw="0" slack="0"/>
<pin id="64" dir="0" index="1" bw="11" slack="0"/>
<pin id="65" dir="0" index="2" bw="11" slack="0"/>
<pin id="66" dir="1" index="3" bw="0" slack="2147483647"/>
</pin_list>
<bind>
<opcode="write(1151) " fcode="write"/>
<opset="write_ln21/1 "/>
</bind>
</comp>

<comp id="70" class="1004" name="write_ln21_write_fu_70">
<pin_list>
<pin id="71" dir="0" index="0" bw="0" slack="0"/>
<pin id="72" dir="0" index="1" bw="11" slack="0"/>
<pin id="73" dir="0" index="2" bw="11" slack="0"/>
<pin id="74" dir="1" index="3" bw="0" slack="2147483647"/>
</pin_list>
<bind>
<opcode="write(1151) " fcode="write"/>
<opset="write_ln21/1 "/>
</bind>
</comp>

<comp id="78" class="1004" name="write_ln21_write_fu_78">
<pin_list>
<pin id="79" dir="0" index="0" bw="0" slack="0"/>
<pin id="80" dir="0" index="1" bw="2" slack="0"/>
<pin id="81" dir="0" index="2" bw="2" slack="0"/>
<pin id="82" dir="1" index="3" bw="0" slack="2147483647"/>
</pin_list>
<bind>
<opcode="write(1151) " fcode="write"/>
<opset="write_ln21/1 "/>
</bind>
</comp>

<comp id="86" class="1004" name="write_ln21_write_fu_86">
<pin_list>
<pin id="87" dir="0" index="0" bw="0" slack="0"/>
<pin id="88" dir="0" index="1" bw="2" slack="0"/>
<pin id="89" dir="0" index="2" bw="2" slack="0"/>
<pin id="90" dir="1" index="3" bw="0" slack="2147483647"/>
</pin_list>
<bind>
<opcode="write(1151) " fcode="write"/>
<opset="write_ln21/1 "/>
</bind>
</comp>

<comp id="94" class="1004" name="write_ln21_write_fu_94">
<pin_list>
<pin id="95" dir="0" index="0" bw="0" slack="0"/>
<pin id="96" dir="0" index="1" bw="1" slack="0"/>
<pin id="97" dir="0" index="2" bw="1" slack="0"/>
<pin id="98" dir="1" index="3" bw="0" slack="2147483647"/>
</pin_list>
<bind>
<opcode="write(1151) " fcode="write"/>
<opset="write_ln21/1 "/>
</bind>
</comp>

<comp id="102" class="1004" name="write_ln21_write_fu_102">
<pin_list>
<pin id="103" dir="0" index="0" bw="0" slack="0"/>
<pin id="104" dir="0" index="1" bw="1" slack="0"/>
<pin id="105" dir="0" index="2" bw="1" slack="0"/>
<pin id="106" dir="1" index="3" bw="0" slack="2147483647"/>
</pin_list>
<bind>
<opcode="write(1151) " fcode="write"/>
<opset="write_ln21/1 "/>
</bind>
</comp>

</comp_list>

<net_list>
<net id="48"><net_src comp="32" pin="0"/><net_sink comp="44" pin=0"/></net>

<net id="49"><net_src comp="0" pin="0"/><net_sink comp="44" pin=1"/></net>

<net id="54"><net_src comp="34" pin="0"/><net_sink comp="50" pin=0"/></net>

<net id="55"><net_src comp="2" pin="0"/><net_sink comp="50" pin=1"/></net>

<net id="60"><net_src comp="36" pin="0"/><net_sink comp="56" pin=0"/></net>

<net id="61"><net_src comp="4" pin="0"/><net_sink comp="56" pin=1"/></net>

<net id="67"><net_src comp="38" pin="0"/><net_sink comp="62" pin=0"/></net>

<net id="68"><net_src comp="6" pin="0"/><net_sink comp="62" pin=1"/></net>

<net id="69"><net_src comp="44" pin="2"/><net_sink comp="62" pin=2"/></net>

<net id="75"><net_src comp="38" pin="0"/><net_sink comp="70" pin=0"/></net>

<net id="76"><net_src comp="8" pin="0"/><net_sink comp="70" pin=1"/></net>

<net id="77"><net_src comp="44" pin="2"/><net_sink comp="70" pin=2"/></net>

<net id="83"><net_src comp="40" pin="0"/><net_sink comp="78" pin=0"/></net>

<net id="84"><net_src comp="10" pin="0"/><net_sink comp="78" pin=1"/></net>

<net id="85"><net_src comp="50" pin="2"/><net_sink comp="78" pin=2"/></net>

<net id="91"><net_src comp="40" pin="0"/><net_sink comp="86" pin=0"/></net>

<net id="92"><net_src comp="12" pin="0"/><net_sink comp="86" pin=1"/></net>

<net id="93"><net_src comp="50" pin="2"/><net_sink comp="86" pin=2"/></net>

<net id="99"><net_src comp="42" pin="0"/><net_sink comp="94" pin=0"/></net>

<net id="100"><net_src comp="14" pin="0"/><net_sink comp="94" pin=1"/></net>

<net id="101"><net_src comp="56" pin="2"/><net_sink comp="94" pin=2"/></net>

<net id="107"><net_src comp="42" pin="0"/><net_sink comp="102" pin=0"/></net>

<net id="108"><net_src comp="16" pin="0"/><net_sink comp="102" pin=1"/></net>

<net id="109"><net_src comp="56" pin="2"/><net_sink comp="102" pin=2"/></net>

</net_list>

</model> 
---------------- Datapath Model END ------------------

* FSMD analyzer results:
  - Output states:
	Port: nodo_V_out | {1 }
	Port: nodo_V_out1 | {1 }
	Port: relationship_V_out | {1 }
	Port: relationship_V_out2 | {1 }
	Port: fatherSearch_out | {1 }
	Port: fatherSearch_out3 | {1 }
 - Input state : 
	Port: top_function.entry43 : nodo_V | {1 }
	Port: top_function.entry43 : relationship_V | {1 }
	Port: top_function.entry43 : fatherSearch | {1 }
	Port: top_function.entry43 : nodo_V_out | {}
	Port: top_function.entry43 : nodo_V_out1 | {}
	Port: top_function.entry43 : relationship_V_out | {}
	Port: top_function.entry43 : relationship_V_out2 | {}
	Port: top_function.entry43 : fatherSearch_out | {}
	Port: top_function.entry43 : fatherSearch_out3 | {}
  - Chain level:
	State 1


============================================================
+ Verbose Summary: Datapath Resource usage 
============================================================

* Functional unit list:
|----------|--------------------------------|
| Operation|         Functional Unit        |
|----------|--------------------------------|
|          |     nodo_V_read_read_fu_44     |
|   read   | relationship_V_read_read_fu_50 |
|          |  fatherSearch_read_read_fu_56  |
|----------|--------------------------------|
|          |     write_ln21_write_fu_62     |
|          |     write_ln21_write_fu_70     |
|   write  |     write_ln21_write_fu_78     |
|          |     write_ln21_write_fu_86     |
|          |     write_ln21_write_fu_94     |
|          |     write_ln21_write_fu_102    |
|----------|--------------------------------|
|   Total  |                                |
|----------|--------------------------------|

Memories:
N/A

* Register list:
N/A

* Multiplexer (MUX) list: 
|--------|------|------|------|--------|
|  Comp  |  Pin | Size |  BW  | S x BW |
|--------|------|------|------|--------|
|  Total |      |      |      |    0   |
|--------|------|------|------|--------|



* Summary:
+-----------+
|           |
+-----------+
|  Function |
|   Memory  |
|Multiplexer|
|  Register |
+-----------+
|   Total   |
+-----------+
