

================================================================
== Vivado HLS Report for 'busqueda_cam'
================================================================
* Date:           Fri Jul 24 17:56:20 2020

* Version:        2019.1 (Build 2552052 on Fri May 24 15:28:33 MDT 2019)
* Project:        cam_simple
* Solution:       simple_optimizada_parada
* Product family: zynq
* Target device:  xc7z020-clg484-1


================================================================
== Performance Estimates
================================================================
+ Timing (ns): 
    * Summary: 
    +--------+-------+----------+------------+
    |  Clock | Target| Estimated| Uncertainty|
    +--------+-------+----------+------------+
    |ap_clk  |  10.00|     7.090|        1.25|
    +--------+-------+----------+------------+

+ Latency (clock cycles): 
    * Summary: 
    +-----+------+-----+------+---------+
    |   Latency  |  Interval  | Pipeline|
    | min |  max | min |  max |   Type  |
    +-----+------+-----+------+---------+
    |    6|  3076|    6|  3076|   none  |
    +-----+------+-----+------+---------+

    + Detail: 
        * Instance: 
        N/A

        * Loop: 
        +----------+-----+------+----------+-----------+-----------+----------+----------+
        |          |   Latency  | Iteration|  Initiation Interval  |   Trip   |          |
        | Loop Name| min |  max |  Latency |  achieved |   target  |   Count  | Pipelined|
        +----------+-----+------+----------+-----------+-----------+----------+----------+
        |- Loop 1  |    3|  2049|         2|          2|          1| 1 ~ 1024 |    yes   |
        |- Loop 2  |    5|  3074|         3|          3|          1| 1 ~ 1024 |    yes   |
        +----------+-----+------+----------+-----------+-----------+----------+----------+

============================================================
+ Verbose Summary: Synthesis Manager
============================================================
InlineROM: 1
ExposeGlobal: 0
============================================================
+ Verbose Summary: CDFG Model
============================================================
IsTopModel: 0
ResetActiveHigh: 1
IsCombinational: 0
IsDatapathOnly: 0
HasWiredReturn: 1
HasMFsm: 0
HasVarLatency: 1
IsPipeline: 0
IsRtlPipelined: 0
IsInstanceOverlapped: 0
IsDontTouch: 0
HasImplIP: 0
IsGatedGlobalClock: 0

+ Individual pipeline summary: 
  * Pipeline-0: initiation interval (II) = 3, depth = 3
  * Pipeline-1: initiation interval (II) = 2, depth = 2


============================================================
+ Verbose Summary: Schedule
============================================================
* Number of FSM states : 9
* Pipeline : 2
  Pipeline-0 : II = 3, D = 3, States = { 2 3 4 }
  Pipeline-1 : II = 2, D = 2, States = { 6 7 }
* Dataflow Pipeline: 0

* FSM state transitions: 
1 --> 2 6 
2 --> 3 
3 --> 4 
4 --> 5 2 
5 --> 
6 --> 7 
7 --> 8 9 6 
8 --> 5 
9 --> 8 

* FSM state operations: 

State 1 <SV = 0> <Delay = 1.76>
ST_1 : Operation 10 [1/1] (0.00ns)   --->   "%empty = call i32 (...)* @_ssdm_op_SpecInterface(i11* %result_V_V, [8 x i8]* @ap_fifo_str, i32 0, i32 0, [1 x i8]* @p_str18, i32 0, i32 0, [1 x i8]* @p_str19, [1 x i8]* @p_str20, [1 x i8]* @p_str21, i32 2, i32 2, i32 16, i32 16, [1 x i8]* @p_str22, [1 x i8]* @p_str23)"   --->   Operation 10 'specinterface' 'empty' <Predicate = true> <Delay = 0.00>
ST_1 : Operation 11 [1/1] (0.00ns)   --->   "%fatherSearch_read = call i1 @_ssdm_op_Read.ap_auto.i1(i1 %fatherSearch)"   --->   Operation 11 'read' 'fatherSearch_read' <Predicate = true> <Delay = 0.00>
ST_1 : Operation 12 [1/1] (0.00ns)   --->   "%relationship_V_read = call i2 @_ssdm_op_Read.ap_auto.i2(i2 %relationship_V)"   --->   Operation 12 'read' 'relationship_V_read' <Predicate = true> <Delay = 0.00>
ST_1 : Operation 13 [1/1] (0.00ns)   --->   "%nodo_V_read = call i11 @_ssdm_op_Read.ap_auto.i11(i11 %nodo_V)"   --->   Operation 13 'read' 'nodo_V_read' <Predicate = true> <Delay = 0.00>
ST_1 : Operation 14 [1/1] (0.00ns)   --->   "br i1 %fatherSearch_read, label %.preheader223.preheader, label %.preheader.preheader" [cam_simple/cam.cpp:17]   --->   Operation 14 'br' <Predicate = true> <Delay = 0.00>
ST_1 : Operation 15 [1/1] (0.00ns)   --->   "%flag_0 = alloca i1"   --->   Operation 15 'alloca' 'flag_0' <Predicate = (!fatherSearch_read)> <Delay = 0.00>
ST_1 : Operation 16 [1/1] (1.76ns)   --->   "store i1 false, i1* %flag_0" [cam_simple/cam.cpp:28]   --->   Operation 16 'store' <Predicate = (!fatherSearch_read)> <Delay = 1.76>
ST_1 : Operation 17 [1/1] (1.76ns)   --->   "br label %.preheader" [cam_simple/cam.cpp:28]   --->   Operation 17 'br' <Predicate = (!fatherSearch_read)> <Delay = 1.76>
ST_1 : Operation 18 [1/1] (1.76ns)   --->   "br label %.preheader223" [cam_simple/cam.cpp:18]   --->   Operation 18 'br' <Predicate = (fatherSearch_read)> <Delay = 1.76>

State 2 <SV = 1> <Delay = 3.25>
ST_2 : Operation 19 [1/1] (0.00ns)   --->   "%i1_0 = phi i11 [ %i_1, %hls_label_1_end ], [ 0, %.preheader.preheader ]"   --->   Operation 19 'phi' 'i1_0' <Predicate = true> <Delay = 0.00>
ST_2 : Operation 20 [1/1] (1.88ns)   --->   "%icmp_ln28 = icmp eq i11 %i1_0, -1024" [cam_simple/cam.cpp:28]   --->   Operation 20 'icmp' 'icmp_ln28' <Predicate = true> <Delay = 1.88> <Core = "Cmp">   --->   Core 25 'Cmp' <Latency = 0> <II = 1> <Delay = 0.95> <FuncUnit> <Opcode : 'icmp'> <InPorts = 2> <OutPorts = 1>
ST_2 : Operation 21 [1/1] (0.00ns)   --->   "%empty_7 = call i32 (...)* @_ssdm_op_SpecLoopTripCount(i64 1, i64 1024, i64 512)"   --->   Operation 21 'speclooptripcount' 'empty_7' <Predicate = true> <Delay = 0.00>
ST_2 : Operation 22 [1/1] (1.63ns)   --->   "%i_1 = add i11 %i1_0, 1" [cam_simple/cam.cpp:28]   --->   Operation 22 'add' 'i_1' <Predicate = true> <Delay = 1.63> <Core = "AddSub">   --->   Core 14 'AddSub' <Latency = 0> <II = 1> <Delay = 1.63> <FuncUnit> <Opcode : 'add' 'sub'> <InPorts = 2> <OutPorts = 1>
ST_2 : Operation 23 [1/1] (0.00ns)   --->   "br i1 %icmp_ln28, label %.loopexit, label %hls_label_1_begin" [cam_simple/cam.cpp:28]   --->   Operation 23 'br' <Predicate = true> <Delay = 0.00>
ST_2 : Operation 24 [1/1] (0.00ns)   --->   "%zext_ln30 = zext i11 %i1_0 to i64" [cam_simple/cam.cpp:30]   --->   Operation 24 'zext' 'zext_ln30' <Predicate = (!icmp_ln28)> <Delay = 0.00>
ST_2 : Operation 25 [1/1] (0.00ns)   --->   "%tree_V_addr_1 = getelementptr [1024 x i24]* %tree_V, i64 0, i64 %zext_ln30" [cam_simple/cam.cpp:30]   --->   Operation 25 'getelementptr' 'tree_V_addr_1' <Predicate = (!icmp_ln28)> <Delay = 0.00>
ST_2 : Operation 26 [2/2] (3.25ns)   --->   "%valor_V_1 = load i24* %tree_V_addr_1, align 4" [cam_simple/cam.cpp:30]   --->   Operation 26 'load' 'valor_V_1' <Predicate = (!icmp_ln28)> <Delay = 3.25> <Core = "RAM">   --->   Core 37 'RAM' <Latency = 1> <II = 1> <Delay = 3.25> <Storage> <Opcode : 'load' 'store'> <Ports = 2> <Width = 24> <Depth = 1024> <RAM>

State 3 <SV = 2> <Delay = 7.09>
ST_3 : Operation 27 [1/1] (0.00ns)   --->   "%tmp_1 = call i32 (...)* @_ssdm_op_SpecRegionBegin([12 x i8]* @p_str2)" [cam_simple/cam.cpp:28]   --->   Operation 27 'specregionbegin' 'tmp_1' <Predicate = (!icmp_ln28)> <Delay = 0.00>
ST_3 : Operation 28 [1/1] (0.00ns)   --->   "call void (...)* @_ssdm_op_SpecPipeline(i32 -1, i32 1, i32 1, i32 0, [1 x i8]* @p_str1) nounwind" [cam_simple/cam.cpp:29]   --->   Operation 28 'specpipeline' <Predicate = (!icmp_ln28)> <Delay = 0.00>
ST_3 : Operation 29 [1/2] (3.25ns)   --->   "%valor_V_1 = load i24* %tree_V_addr_1, align 4" [cam_simple/cam.cpp:30]   --->   Operation 29 'load' 'valor_V_1' <Predicate = (!icmp_ln28)> <Delay = 3.25> <Core = "RAM">   --->   Core 37 'RAM' <Latency = 1> <II = 1> <Delay = 3.25> <Storage> <Opcode : 'load' 'store'> <Ports = 2> <Width = 24> <Depth = 1024> <RAM>
ST_3 : Operation 30 [1/1] (0.00ns)   --->   "%node_relation_V_1 = trunc i24 %valor_V_1 to i2" [cam_simple/cam.cpp:31]   --->   Operation 30 'trunc' 'node_relation_V_1' <Predicate = (!icmp_ln28)> <Delay = 0.00>
ST_3 : Operation 31 [1/1] (0.00ns)   --->   "%compare_node_V_1 = call i11 @_ssdm_op_PartSelect.i11.i24.i32.i32(i24 %valor_V_1, i32 13, i32 23)" [cam_simple/cam.cpp:32]   --->   Operation 31 'partselect' 'compare_node_V_1' <Predicate = (!icmp_ln28)> <Delay = 0.00>
ST_3 : Operation 32 [1/1] (1.88ns)   --->   "%icmp_ln879_1 = icmp eq i11 %compare_node_V_1, %nodo_V_read" [cam_simple/cam.cpp:33]   --->   Operation 32 'icmp' 'icmp_ln879_1' <Predicate = (!icmp_ln28)> <Delay = 1.88> <Core = "Cmp">   --->   Core 25 'Cmp' <Latency = 0> <II = 1> <Delay = 0.95> <FuncUnit> <Opcode : 'icmp'> <InPorts = 2> <OutPorts = 1>
ST_3 : Operation 33 [1/1] (0.95ns)   --->   "%icmp_ln879_3 = icmp eq i2 %node_relation_V_1, %relationship_V_read" [cam_simple/cam.cpp:33]   --->   Operation 33 'icmp' 'icmp_ln879_3' <Predicate = (!icmp_ln28)> <Delay = 0.95> <Core = "Cmp">   --->   Core 25 'Cmp' <Latency = 0> <II = 1> <Delay = 0.95> <FuncUnit> <Opcode : 'icmp'> <InPorts = 2> <OutPorts = 1>
ST_3 : Operation 34 [1/1] (0.97ns)   --->   "%and_ln33 = and i1 %icmp_ln879_1, %icmp_ln879_3" [cam_simple/cam.cpp:33]   --->   Operation 34 'and' 'and_ln33' <Predicate = (!icmp_ln28)> <Delay = 0.97> <Core = "LogicGate">   --->   Core 27 'LogicGate' <Latency = 0> <II = 1> <Delay = 0.97> <FuncUnit> <Opcode : 'and' 'or' 'xor'> <InPorts = 2> <OutPorts = 1>
ST_3 : Operation 35 [1/1] (0.00ns)   --->   "br i1 %and_ln33, label %2, label %._crit_edge225" [cam_simple/cam.cpp:33]   --->   Operation 35 'br' <Predicate = (!icmp_ln28)> <Delay = 0.00>
ST_3 : Operation 36 [1/1] (0.00ns)   --->   "%tmp_V_1 = call i11 @_ssdm_op_PartSelect.i11.i24.i32.i32(i24 %valor_V_1, i32 2, i32 12)" [cam_simple/cam.cpp:34]   --->   Operation 36 'partselect' 'tmp_V_1' <Predicate = (!icmp_ln28 & and_ln33)> <Delay = 0.00>
ST_3 : Operation 37 [1/1] (1.76ns)   --->   "store i1 true, i1* %flag_0" [cam_simple/cam.cpp:36]   --->   Operation 37 'store' <Predicate = (!icmp_ln28 & and_ln33)> <Delay = 1.76>

State 4 <SV = 3> <Delay = 3.63>
ST_4 : Operation 38 [1/1] (3.63ns)   --->   "call void @_ssdm_op_Write.ap_fifo.volatile.i11P(i11* %result_V_V, i11 %tmp_V_1)" [cam_simple/cam.cpp:34]   --->   Operation 38 'write' <Predicate = (!icmp_ln28 & and_ln33)> <Delay = 3.63> <Core = "FIFO">   --->   Core 32 'FIFO' <Latency = 0> <II = 1> <Delay = 3.63> <Storage> <Opcode : 'read' 'write' 'nbread' 'nbwrite'> <Ports = 0> <Width = 11> <Depth = 0> <FIFO>
ST_4 : Operation 39 [1/1] (0.00ns)   --->   "br label %._crit_edge225" [cam_simple/cam.cpp:36]   --->   Operation 39 'br' <Predicate = (!icmp_ln28 & and_ln33)> <Delay = 0.00>
ST_4 : Operation 40 [1/1] (0.00ns)   --->   "%flag_0_load = load i1* %flag_0" [cam_simple/cam.cpp:37]   --->   Operation 40 'load' 'flag_0_load' <Predicate = (!icmp_ln28)> <Delay = 0.00>
ST_4 : Operation 41 [1/1] (0.00ns) (grouped into LUT with out node or_ln37)   --->   "%xor_ln37 = xor i1 %flag_0_load, true" [cam_simple/cam.cpp:37]   --->   Operation 41 'xor' 'xor_ln37' <Predicate = (!icmp_ln28)> <Delay = 0.00> <Core = "LogicGate">   --->   Core 27 'LogicGate' <Latency = 0> <II = 1> <Delay = 0.97> <FuncUnit> <Opcode : 'and' 'or' 'xor'> <InPorts = 2> <OutPorts = 1>
ST_4 : Operation 42 [1/1] (0.97ns) (out node of the LUT)   --->   "%or_ln37 = or i1 %icmp_ln879_1, %xor_ln37" [cam_simple/cam.cpp:37]   --->   Operation 42 'or' 'or_ln37' <Predicate = (!icmp_ln28)> <Delay = 0.97> <Core = "LogicGate">   --->   Core 27 'LogicGate' <Latency = 0> <II = 1> <Delay = 0.97> <FuncUnit> <Opcode : 'and' 'or' 'xor'> <InPorts = 2> <OutPorts = 1>
ST_4 : Operation 43 [1/1] (0.00ns)   --->   "br i1 %or_ln37, label %hls_label_1_end, label %.loopexit" [cam_simple/cam.cpp:37]   --->   Operation 43 'br' <Predicate = (!icmp_ln28)> <Delay = 0.00>
ST_4 : Operation 44 [1/1] (0.00ns)   --->   "%empty_8 = call i32 (...)* @_ssdm_op_SpecRegionEnd([12 x i8]* @p_str2, i32 %tmp_1)" [cam_simple/cam.cpp:38]   --->   Operation 44 'specregionend' 'empty_8' <Predicate = (!icmp_ln28 & or_ln37)> <Delay = 0.00>
ST_4 : Operation 45 [1/1] (0.00ns)   --->   "br label %.preheader" [cam_simple/cam.cpp:28]   --->   Operation 45 'br' <Predicate = (!icmp_ln28 & or_ln37)> <Delay = 0.00>

State 5 <SV = 4> <Delay = 3.63>
ST_5 : Operation 46 [1/1] (0.00ns)   --->   "br label %3"   --->   Operation 46 'br' <Predicate = (!fatherSearch_read)> <Delay = 0.00>
ST_5 : Operation 47 [1/1] (3.63ns)   --->   "call void @_ssdm_op_Write.ap_fifo.volatile.i11P(i11* %result_V_V, i11 0)" [cam_simple/cam.cpp:40]   --->   Operation 47 'write' <Predicate = true> <Delay = 3.63> <Core = "FIFO">   --->   Core 32 'FIFO' <Latency = 0> <II = 1> <Delay = 3.63> <Storage> <Opcode : 'read' 'write' 'nbread' 'nbwrite'> <Ports = 0> <Width = 11> <Depth = 0> <FIFO>
ST_5 : Operation 48 [1/1] (0.00ns)   --->   "ret void" [cam_simple/cam.cpp:41]   --->   Operation 48 'ret' <Predicate = true> <Delay = 0.00>

State 6 <SV = 1> <Delay = 3.25>
ST_6 : Operation 49 [1/1] (0.00ns)   --->   "%i_0 = phi i11 [ %i, %hls_label_0_end ], [ 0, %.preheader223.preheader ]"   --->   Operation 49 'phi' 'i_0' <Predicate = true> <Delay = 0.00>
ST_6 : Operation 50 [1/1] (1.88ns)   --->   "%icmp_ln18 = icmp eq i11 %i_0, -1024" [cam_simple/cam.cpp:18]   --->   Operation 50 'icmp' 'icmp_ln18' <Predicate = true> <Delay = 1.88> <Core = "Cmp">   --->   Core 25 'Cmp' <Latency = 0> <II = 1> <Delay = 0.95> <FuncUnit> <Opcode : 'icmp'> <InPorts = 2> <OutPorts = 1>
ST_6 : Operation 51 [1/1] (0.00ns)   --->   "%empty_5 = call i32 (...)* @_ssdm_op_SpecLoopTripCount(i64 1, i64 1024, i64 512)"   --->   Operation 51 'speclooptripcount' 'empty_5' <Predicate = true> <Delay = 0.00>
ST_6 : Operation 52 [1/1] (1.63ns)   --->   "%i = add i11 %i_0, 1" [cam_simple/cam.cpp:18]   --->   Operation 52 'add' 'i' <Predicate = true> <Delay = 1.63> <Core = "AddSub">   --->   Core 14 'AddSub' <Latency = 0> <II = 1> <Delay = 1.63> <FuncUnit> <Opcode : 'add' 'sub'> <InPorts = 2> <OutPorts = 1>
ST_6 : Operation 53 [1/1] (0.00ns)   --->   "br i1 %icmp_ln18, label %.loopexit222.loopexit, label %hls_label_0_begin" [cam_simple/cam.cpp:18]   --->   Operation 53 'br' <Predicate = true> <Delay = 0.00>
ST_6 : Operation 54 [1/1] (0.00ns)   --->   "%zext_ln20 = zext i11 %i_0 to i64" [cam_simple/cam.cpp:20]   --->   Operation 54 'zext' 'zext_ln20' <Predicate = (!icmp_ln18)> <Delay = 0.00>
ST_6 : Operation 55 [1/1] (0.00ns)   --->   "%tree_V_addr = getelementptr [1024 x i24]* %tree_V, i64 0, i64 %zext_ln20" [cam_simple/cam.cpp:20]   --->   Operation 55 'getelementptr' 'tree_V_addr' <Predicate = (!icmp_ln18)> <Delay = 0.00>
ST_6 : Operation 56 [2/2] (3.25ns)   --->   "%valor_V = load i24* %tree_V_addr, align 4" [cam_simple/cam.cpp:20]   --->   Operation 56 'load' 'valor_V' <Predicate = (!icmp_ln18)> <Delay = 3.25> <Core = "RAM">   --->   Core 37 'RAM' <Latency = 1> <II = 1> <Delay = 3.25> <Storage> <Opcode : 'load' 'store'> <Ports = 2> <Width = 24> <Depth = 1024> <RAM>

State 7 <SV = 2> <Delay = 6.11>
ST_7 : Operation 57 [1/1] (0.00ns)   --->   "%tmp = call i32 (...)* @_ssdm_op_SpecRegionBegin([12 x i8]* @p_str)" [cam_simple/cam.cpp:18]   --->   Operation 57 'specregionbegin' 'tmp' <Predicate = (!icmp_ln18)> <Delay = 0.00>
ST_7 : Operation 58 [1/1] (0.00ns)   --->   "call void (...)* @_ssdm_op_SpecPipeline(i32 -1, i32 1, i32 1, i32 0, [1 x i8]* @p_str1) nounwind" [cam_simple/cam.cpp:19]   --->   Operation 58 'specpipeline' <Predicate = (!icmp_ln18)> <Delay = 0.00>
ST_7 : Operation 59 [1/2] (3.25ns)   --->   "%valor_V = load i24* %tree_V_addr, align 4" [cam_simple/cam.cpp:20]   --->   Operation 59 'load' 'valor_V' <Predicate = (!icmp_ln18)> <Delay = 3.25> <Core = "RAM">   --->   Core 37 'RAM' <Latency = 1> <II = 1> <Delay = 3.25> <Storage> <Opcode : 'load' 'store'> <Ports = 2> <Width = 24> <Depth = 1024> <RAM>
ST_7 : Operation 60 [1/1] (0.00ns)   --->   "%node_relation_V = trunc i24 %valor_V to i2" [cam_simple/cam.cpp:21]   --->   Operation 60 'trunc' 'node_relation_V' <Predicate = (!icmp_ln18)> <Delay = 0.00>
ST_7 : Operation 61 [1/1] (0.00ns)   --->   "%compare_node_V = call i11 @_ssdm_op_PartSelect.i11.i24.i32.i32(i24 %valor_V, i32 2, i32 12)" [cam_simple/cam.cpp:22]   --->   Operation 61 'partselect' 'compare_node_V' <Predicate = (!icmp_ln18)> <Delay = 0.00>
ST_7 : Operation 62 [1/1] (1.88ns)   --->   "%icmp_ln879 = icmp eq i11 %compare_node_V, %nodo_V_read" [cam_simple/cam.cpp:23]   --->   Operation 62 'icmp' 'icmp_ln879' <Predicate = (!icmp_ln18)> <Delay = 1.88> <Core = "Cmp">   --->   Core 25 'Cmp' <Latency = 0> <II = 1> <Delay = 0.95> <FuncUnit> <Opcode : 'icmp'> <InPorts = 2> <OutPorts = 1>
ST_7 : Operation 63 [1/1] (0.95ns)   --->   "%icmp_ln879_2 = icmp eq i2 %node_relation_V, %relationship_V_read" [cam_simple/cam.cpp:23]   --->   Operation 63 'icmp' 'icmp_ln879_2' <Predicate = (!icmp_ln18)> <Delay = 0.95> <Core = "Cmp">   --->   Core 25 'Cmp' <Latency = 0> <II = 1> <Delay = 0.95> <FuncUnit> <Opcode : 'icmp'> <InPorts = 2> <OutPorts = 1>
ST_7 : Operation 64 [1/1] (0.97ns)   --->   "%and_ln23 = and i1 %icmp_ln879, %icmp_ln879_2" [cam_simple/cam.cpp:23]   --->   Operation 64 'and' 'and_ln23' <Predicate = (!icmp_ln18)> <Delay = 0.97> <Core = "LogicGate">   --->   Core 27 'LogicGate' <Latency = 0> <II = 1> <Delay = 0.97> <FuncUnit> <Opcode : 'and' 'or' 'xor'> <InPorts = 2> <OutPorts = 1>
ST_7 : Operation 65 [1/1] (0.00ns)   --->   "br i1 %and_ln23, label %1, label %hls_label_0_end" [cam_simple/cam.cpp:23]   --->   Operation 65 'br' <Predicate = (!icmp_ln18)> <Delay = 0.00>
ST_7 : Operation 66 [1/1] (0.00ns)   --->   "%empty_6 = call i32 (...)* @_ssdm_op_SpecRegionEnd([12 x i8]* @p_str, i32 %tmp)" [cam_simple/cam.cpp:26]   --->   Operation 66 'specregionend' 'empty_6' <Predicate = (!icmp_ln18 & !and_ln23)> <Delay = 0.00>
ST_7 : Operation 67 [1/1] (0.00ns)   --->   "br label %.preheader223" [cam_simple/cam.cpp:18]   --->   Operation 67 'br' <Predicate = (!icmp_ln18 & !and_ln23)> <Delay = 0.00>

State 8 <SV = 3> <Delay = 3.63>
ST_8 : Operation 68 [1/1] (0.00ns)   --->   "%tmp_V = call i11 @_ssdm_op_PartSelect.i11.i24.i32.i32(i24 %valor_V, i32 13, i32 23)" [cam_simple/cam.cpp:23]   --->   Operation 68 'partselect' 'tmp_V' <Predicate = (!icmp_ln18)> <Delay = 0.00>
ST_8 : Operation 69 [1/1] (3.63ns)   --->   "call void @_ssdm_op_Write.ap_fifo.volatile.i11P(i11* %result_V_V, i11 %tmp_V)" [cam_simple/cam.cpp:23]   --->   Operation 69 'write' <Predicate = (!icmp_ln18)> <Delay = 3.63> <Core = "FIFO">   --->   Core 32 'FIFO' <Latency = 0> <II = 1> <Delay = 3.63> <Storage> <Opcode : 'read' 'write' 'nbread' 'nbwrite'> <Ports = 0> <Width = 11> <Depth = 0> <FIFO>
ST_8 : Operation 70 [1/1] (0.00ns)   --->   "br label %.loopexit222" [cam_simple/cam.cpp:24]   --->   Operation 70 'br' <Predicate = (!icmp_ln18)> <Delay = 0.00>
ST_8 : Operation 71 [1/1] (0.00ns)   --->   "br label %3" [cam_simple/cam.cpp:27]   --->   Operation 71 'br' <Predicate = true> <Delay = 0.00>

State 9 <SV = 2> <Delay = 0.00>
ST_9 : Operation 72 [1/1] (0.00ns)   --->   "br label %.loopexit222"   --->   Operation 72 'br' <Predicate = true> <Delay = 0.00>


============================================================
+ Verbose Summary: Timing violations
============================================================
Target clock period: 10ns, clock uncertainty: 1.25ns.

 <State 1>: 1.77ns
The critical path consists of the following:
	'alloca' operation ('flag_0') [12]  (0 ns)
	'store' operation ('store_ln28', cam_simple/cam.cpp:28) of constant 0 on local variable 'flag_0' [13]  (1.77 ns)

 <State 2>: 3.25ns
The critical path consists of the following:
	'phi' operation ('i') with incoming values : ('i', cam_simple/cam.cpp:28) [16]  (0 ns)
	'getelementptr' operation ('tree_V_addr_1', cam_simple/cam.cpp:30) [25]  (0 ns)
	'load' operation ('valor.V', cam_simple/cam.cpp:30) on array 'tree_V' [26]  (3.25 ns)

 <State 3>: 7.09ns
The critical path consists of the following:
	'load' operation ('valor.V', cam_simple/cam.cpp:30) on array 'tree_V' [26]  (3.25 ns)
	'icmp' operation ('icmp_ln879_1', cam_simple/cam.cpp:33) [29]  (1.88 ns)
	'and' operation ('and_ln33', cam_simple/cam.cpp:33) [31]  (0.978 ns)
	blocking operation 0.978 ns on control path)

 <State 4>: 3.63ns
The critical path consists of the following:
	fifo write on port 'result_V_V' (cam_simple/cam.cpp:34) [35]  (3.63 ns)

 <State 5>: 3.63ns
The critical path consists of the following:
	fifo write on port 'result_V_V' (cam_simple/cam.cpp:40) [80]  (3.63 ns)

 <State 6>: 3.25ns
The critical path consists of the following:
	'phi' operation ('i') with incoming values : ('i', cam_simple/cam.cpp:18) [51]  (0 ns)
	'getelementptr' operation ('tree_V_addr', cam_simple/cam.cpp:20) [60]  (0 ns)
	'load' operation ('valor.V', cam_simple/cam.cpp:20) on array 'tree_V' [61]  (3.25 ns)

 <State 7>: 6.11ns
The critical path consists of the following:
	'load' operation ('valor.V', cam_simple/cam.cpp:20) on array 'tree_V' [61]  (3.25 ns)
	'icmp' operation ('icmp_ln879', cam_simple/cam.cpp:23) [64]  (1.88 ns)
	'and' operation ('and_ln23', cam_simple/cam.cpp:23) [66]  (0.978 ns)

 <State 8>: 3.63ns
The critical path consists of the following:
	fifo write on port 'result_V_V' (cam_simple/cam.cpp:23) [73]  (3.63 ns)

 <State 9>: 0ns
The critical path consists of the following:


============================================================
+ Verbose Summary: Binding
============================================================
N/A
* FSMD analyzer results:
  - Output states:
 - Input state : 
  - Chain level:
	State 1
	State 2
	State 3
	State 4
	State 5
	State 6
	State 7
	State 8
	State 9


============================================================
+ Verbose Summary: Datapath Resource usage 
============================================================
N/A
