INFO: [XSIM 43-3496] Using init file passed via -initfile option "G:/Vivado/2019.1/data/xsim/ip/xsim_ip.ini".
Vivado Simulator 2019.1
Copyright 1986-1999, 2001-2019 Xilinx, Inc. All Rights Reserved.
Running: G:/Vivado/2019.1/bin/unwrapped/win64.o/xelab.exe xil_defaultlib.apatb_top_function_top glbl -prj top_function.prj -L smartconnect_v1_0 -L axi_protocol_checker_v1_1_12 -L axi_protocol_checker_v1_1_13 -L axis_protocol_checker_v1_1_11 -L axis_protocol_checker_v1_1_12 -L xil_defaultlib -L unisims_ver -L xpm --initfile G:/Vivado/2019.1/data/xsim/ip/xsim_ip.ini --lib ieee_proposed=./ieee_proposed -s top_function 
Multi-threading is on. Using 10 slave threads.
INFO: [VRFC 10-2263] Analyzing SystemVerilog file "C:/Users/manug/AppData/Roaming/Xilinx/Vivado/binarycam/solution1/sim/verilog/glbl.v" into library work
INFO: [VRFC 10-311] analyzing module glbl
INFO: [VRFC 10-2263] Analyzing SystemVerilog file "C:/Users/manug/AppData/Roaming/Xilinx/Vivado/binarycam/solution1/sim/verilog/AESL_autofifo_result_V_V.v" into library xil_defaultlib
INFO: [VRFC 10-311] analyzing module AESL_autofifo_result_V_V
INFO: [VRFC 10-2263] Analyzing SystemVerilog file "C:/Users/manug/AppData/Roaming/Xilinx/Vivado/binarycam/solution1/sim/verilog/AESL_automem_tree1_V.v" into library xil_defaultlib
INFO: [VRFC 10-311] analyzing module AESL_automem_tree1_V
INFO: [VRFC 10-2263] Analyzing SystemVerilog file "C:/Users/manug/AppData/Roaming/Xilinx/Vivado/binarycam/solution1/sim/verilog/AESL_automem_tree2_V.v" into library xil_defaultlib
INFO: [VRFC 10-311] analyzing module AESL_automem_tree2_V
INFO: [VRFC 10-2263] Analyzing SystemVerilog file "C:/Users/manug/AppData/Roaming/Xilinx/Vivado/binarycam/solution1/sim/verilog/AESL_deadlock_detection_unit.v" into library xil_defaultlib
INFO: [VRFC 10-311] analyzing module AESL_deadlock_detect_unit
INFO: [VRFC 10-2263] Analyzing SystemVerilog file "C:/Users/manug/AppData/Roaming/Xilinx/Vivado/binarycam/solution1/sim/verilog/AESL_deadlock_detector.v" into library xil_defaultlib
INFO: [VRFC 10-311] analyzing module AESL_deadlock_detector
INFO: [VRFC 10-2263] Analyzing SystemVerilog file "C:/Users/manug/AppData/Roaming/Xilinx/Vivado/binarycam/solution1/sim/verilog/AESL_deadlock_report_unit.v" into library xil_defaultlib
INFO: [VRFC 10-311] analyzing module AESL_deadlock_report_unit
INFO: [VRFC 10-2263] Analyzing SystemVerilog file "C:/Users/manug/AppData/Roaming/Xilinx/Vivado/binarycam/solution1/sim/verilog/busqueda_cam.v" into library xil_defaultlib
INFO: [VRFC 10-311] analyzing module busqueda_cam
INFO: [VRFC 10-2263] Analyzing SystemVerilog file "C:/Users/manug/AppData/Roaming/Xilinx/Vivado/binarycam/solution1/sim/verilog/busqueda_cam_1.v" into library xil_defaultlib
INFO: [VRFC 10-311] analyzing module busqueda_cam_1
INFO: [VRFC 10-2263] Analyzing SystemVerilog file "C:/Users/manug/AppData/Roaming/Xilinx/Vivado/binarycam/solution1/sim/verilog/combinar.v" into library xil_defaultlib
INFO: [VRFC 10-311] analyzing module combinar
INFO: [VRFC 10-2263] Analyzing SystemVerilog file "C:/Users/manug/AppData/Roaming/Xilinx/Vivado/binarycam/solution1/sim/verilog/fifo_w11_d2_A.v" into library xil_defaultlib
INFO: [VRFC 10-311] analyzing module fifo_w11_d2_A_shiftReg
INFO: [VRFC 10-311] analyzing module fifo_w11_d2_A
INFO: [VRFC 10-2263] Analyzing SystemVerilog file "C:/Users/manug/AppData/Roaming/Xilinx/Vivado/binarycam/solution1/sim/verilog/fifo_w11_d8_A.v" into library xil_defaultlib
INFO: [VRFC 10-311] analyzing module fifo_w11_d8_A_shiftReg
INFO: [VRFC 10-311] analyzing module fifo_w11_d8_A
INFO: [VRFC 10-2263] Analyzing SystemVerilog file "C:/Users/manug/AppData/Roaming/Xilinx/Vivado/binarycam/solution1/sim/verilog/fifo_w1_d2_A.v" into library xil_defaultlib
INFO: [VRFC 10-311] analyzing module fifo_w1_d2_A_shiftReg
INFO: [VRFC 10-311] analyzing module fifo_w1_d2_A
INFO: [VRFC 10-2263] Analyzing SystemVerilog file "C:/Users/manug/AppData/Roaming/Xilinx/Vivado/binarycam/solution1/sim/verilog/fifo_w2_d2_A.v" into library xil_defaultlib
INFO: [VRFC 10-311] analyzing module fifo_w2_d2_A_shiftReg
INFO: [VRFC 10-311] analyzing module fifo_w2_d2_A
INFO: [VRFC 10-2263] Analyzing SystemVerilog file "C:/Users/manug/AppData/Roaming/Xilinx/Vivado/binarycam/solution1/sim/verilog/start_for_combinacud.v" into library xil_defaultlib
INFO: [VRFC 10-311] analyzing module start_for_combinacud_shiftReg
INFO: [VRFC 10-311] analyzing module start_for_combinacud
INFO: [VRFC 10-2263] Analyzing SystemVerilog file "C:/Users/manug/AppData/Roaming/Xilinx/Vivado/binarycam/solution1/sim/verilog/start_for_top_funbkb.v" into library xil_defaultlib
INFO: [VRFC 10-311] analyzing module start_for_top_funbkb_shiftReg
INFO: [VRFC 10-311] analyzing module start_for_top_funbkb
INFO: [VRFC 10-2263] Analyzing SystemVerilog file "C:/Users/manug/AppData/Roaming/Xilinx/Vivado/binarycam/solution1/sim/verilog/top_function.autotb.v" into library xil_defaultlib
INFO: [VRFC 10-311] analyzing module apatb_top_function_top
INFO: [VRFC 10-2263] Analyzing SystemVerilog file "C:/Users/manug/AppData/Roaming/Xilinx/Vivado/binarycam/solution1/sim/verilog/top_function.v" into library xil_defaultlib
INFO: [VRFC 10-311] analyzing module top_function
INFO: [VRFC 10-2263] Analyzing SystemVerilog file "C:/Users/manug/AppData/Roaming/Xilinx/Vivado/binarycam/solution1/sim/verilog/top_function_entry3.v" into library xil_defaultlib
INFO: [VRFC 10-311] analyzing module top_function_entry3
INFO: [VRFC 10-2263] Analyzing SystemVerilog file "C:/Users/manug/AppData/Roaming/Xilinx/Vivado/binarycam/solution1/sim/verilog/top_function_entry43.v" into library xil_defaultlib
INFO: [VRFC 10-311] analyzing module top_function_entry43
Starting static elaboration
Completed static elaboration
Starting simulation data flow analysis
Completed simulation data flow analysis
Time Resolution for simulation is 1ps
Compiling module xil_defaultlib.top_function_entry3
Compiling module xil_defaultlib.top_function_entry43
Compiling module xil_defaultlib.busqueda_cam_1
Compiling module xil_defaultlib.busqueda_cam
Compiling module xil_defaultlib.combinar
Compiling module xil_defaultlib.fifo_w11_d2_A_shiftReg
Compiling module xil_defaultlib.fifo_w11_d2_A
Compiling module xil_defaultlib.fifo_w2_d2_A_shiftReg
Compiling module xil_defaultlib.fifo_w2_d2_A
Compiling module xil_defaultlib.fifo_w1_d2_A_shiftReg
Compiling module xil_defaultlib.fifo_w1_d2_A
Compiling module xil_defaultlib.fifo_w11_d8_A_shiftReg
Compiling module xil_defaultlib.fifo_w11_d8_A
Compiling module xil_defaultlib.start_for_top_funbkb_shiftReg
Compiling module xil_defaultlib.start_for_top_funbkb
Compiling module xil_defaultlib.start_for_combinacud_shiftReg
Compiling module xil_defaultlib.start_for_combinacud
Compiling module xil_defaultlib.top_function
Compiling module xil_defaultlib.AESL_automem_tree1_V
Compiling module xil_defaultlib.AESL_automem_tree2_V
Compiling module xil_defaultlib.AESL_autofifo_result_V_V
Compiling module xil_defaultlib.AESL_deadlock_detect_unit(PROC_N...
Compiling module xil_defaultlib.AESL_deadlock_detect_unit(PROC_N...
Compiling module xil_defaultlib.AESL_deadlock_detect_unit(PROC_N...
Compiling module xil_defaultlib.AESL_deadlock_detect_unit(PROC_N...
Compiling module xil_defaultlib.AESL_deadlock_detect_unit(PROC_N...
Compiling module xil_defaultlib.AESL_deadlock_report_unit(PROC_N...
Compiling module xil_defaultlib.AESL_deadlock_detector_1
Compiling module xil_defaultlib.apatb_top_function_top
Compiling module work.glbl
Built simulation snapshot top_function
