INFO-FLOW: Workspace C:/Users/manug/AppData/Roaming/Xilinx/Vivado/cam_hash/duaL_one_memory_with_mux opened at Fri Jul 24 13:37:43 +0200 2020
Execute     config_clock -quiet -name default -period 10 -default=false 
INFO: [SYN 201-201] Setting up clock 'default' with a period of 10ns.
Execute     open_platform DefaultPlatform 
Execute     import_lib G:/Vivado/2019.1/common/technology/xilinx/zynq/zynq 
Execute       source G:/Vivado/2019.1/common/technology/xilinx/common/xilinx.lib 
Execute         source G:/Vivado/2019.1/common/technology/xilinx/interface/xilinx_interface.lib 
Execute           source G:/Vivado/2019.1/common/technology/xilinx/interface/plb46.lib 
Execute           source G:/Vivado/2019.1/common/technology/xilinx/interface/fsl.lib 
Execute           source G:/Vivado/2019.1/common/technology/xilinx/interface/axi4.lib 
Execute           source G:/Vivado/2019.1/common/technology/xilinx/interface/maxi.lib 
Execute           source G:/Vivado/2019.1/common/technology/xilinx/interface/saxilite.lib 
Execute         source G:/Vivado/2019.1/common/technology/xilinx/common/dsp48.lib 
Execute         source G:/Vivado/2019.1/common/technology/xilinx/ip/dds_compiler.lib 
Execute         source G:/Vivado/2019.1/common/technology/xilinx/ip/xfft.lib 
Execute         source G:/Vivado/2019.1/common/technology/xilinx/ip/xfir.lib 
Execute       source G:/Vivado/2019.1/common/technology/xilinx/common/xilinx.hlp 
Execute         source G:/Vivado/2019.1/common/technology/xilinx/common/target_info.tcl 
Execute         source G:/Vivado/2019.1/common/technology/xilinx/interface/xilinx_interface.hlp 
Execute           source G:/Vivado/2019.1/common/technology/xilinx/interface/maxi.hlp 
Execute           source G:/Vivado/2019.1/common/technology/xilinx/interface/saxilite.hlp 
Execute         source G:/Vivado/2019.1/common/technology/xilinx/common/dsp48.hlp 
Execute       source G:/Vivado/2019.1/common/technology/xilinx/zynq/dsp48e1.hlp 
Execute       source G:/Vivado/2019.1/common/technology/xilinx/common/xilinx.hlp 
Execute         source G:/Vivado/2019.1/common/technology/xilinx/common/target_info.tcl 
Execute         source G:/Vivado/2019.1/common/technology/xilinx/interface/xilinx_interface.hlp 
Execute           source G:/Vivado/2019.1/common/technology/xilinx/interface/maxi.hlp 
Execute           source G:/Vivado/2019.1/common/technology/xilinx/interface/saxilite.hlp 
Execute         source G:/Vivado/2019.1/common/technology/xilinx/common/dsp48.hlp 
Execute     source G:/Vivado/2019.1/common/technology/xilinx/zynq/zynq.gen 
Execute       source G:/Vivado/2019.1/common/technology/xilinx/common/xilinx.gen 
Execute         source G:/Vivado/2019.1/common/technology/xilinx/interface/plb46.gen 
Execute         source G:/Vivado/2019.1/common/technology/xilinx/interface/fsl.gen 
Execute         source G:/Vivado/2019.1/common/technology/xilinx/interface/axi4.gen 
Execute         source G:/Vivado/2019.1/common/technology/xilinx/interface/nativeAXI4.gen 
Execute           source G:/Vivado/2019.1/common/technology/xilinx/interface/saxilite.gen 
Execute           source G:/Vivado/2019.1/common/technology/xilinx/interface/maxi.gen 
Execute         source G:/Vivado/2019.1/common/technology/xilinx/scripts/xilinxcoregen.gen 
Execute         source G:/Vivado/2019.1/common/technology/xilinx/interface/XilEDKCoreGen.gen 
Execute         source G:/Vivado/2019.1/common/technology/xilinx/ip/dds_compiler.gen 
Execute         source G:/Vivado/2019.1/common/technology/xilinx/ip/util.gen 
Execute         source G:/Vivado/2019.1/common/technology/xilinx/ip/xfft.gen 
Execute         source G:/Vivado/2019.1/common/technology/xilinx/ip/xfir.gen 
Execute         source G:/Vivado/2019.1/common/technology/xilinx/common/dsp48.gen 
Command       ap_source done; 0.182 sec.
Command     ap_source done; 0.186 sec.
Execute     open_platform DefaultPlatform 
Execute     import_lib G:/Vivado/2019.1/common/technology/xilinx/zynq/zynq_fpv6 
Execute       source G:/Vivado/2019.1/common/technology/xilinx/common/xilinx_fp.lib 
Execute       source G:/Vivado/2019.1/common/technology/xilinx/common/xilinx_fp.hlp 
Execute         source G:/Vivado/2019.1/common/technology/xilinx/common/xilinx.hlp 
Execute           source G:/Vivado/2019.1/common/technology/xilinx/common/target_info.tcl 
Execute           source G:/Vivado/2019.1/common/technology/xilinx/interface/xilinx_interface.hlp 
Execute             source G:/Vivado/2019.1/common/technology/xilinx/interface/maxi.hlp 
Execute             source G:/Vivado/2019.1/common/technology/xilinx/interface/saxilite.hlp 
Execute           source G:/Vivado/2019.1/common/technology/xilinx/common/dsp48.hlp 
Execute     source G:/Vivado/2019.1/common/technology/xilinx/zynq/zynq_fpv6.gen 
Execute       source G:/Vivado/2019.1/common/technology/xilinx/common/xilinx_fp.gen 
Execute     set_part xc7z020-clg484-1 
Execute       ap_part_info -name xc7z020-clg484-1 -data single -quiet 
Command       ap_part_info done; 1.124 sec.
Execute       ap_part_info -name xc7z020-clg484-1 -data info 
Execute       add_library xilinx/zynq/zynq:xc7z020:-clg484:-1 
Execute         get_default_platform 
Execute         license_isbetapart xc7z020 
Command         license_isbetapart done; error code: 1; 
Execute         ap_part_info -data single -name xc7z020-clg484-1 
Execute         ap_part_info -name xc7z020-clg484-1 -data resources 
Execute         ap_part_info -name xc7z020-clg484-1 -data info 
Execute         ap_part_info -name xc7z020-clg484-1 -data info 
Execute         config_chip_info -quiet -resource {SLICE 13300} {LUT 53200} {FF 106400} {DSP48E 220} {BRAM 280} {URAM 0} 
Execute         ap_part_info -name xc7z020-clg484-1 -data info 
Execute         config_chip_info -quiet -speed slow 
Execute       add_library xilinx/zynq/zynq_fpv6 
Execute         get_default_platform 
Execute         open_platform DefaultPlatform 
Execute         import_lib G:/Vivado/2019.1/common/technology/xilinx/zynq/zynq_fpv6 
Execute           source G:/Vivado/2019.1/common/technology/xilinx/common/xilinx_fp.lib 
Execute           source G:/Vivado/2019.1/common/technology/xilinx/common/xilinx_fp.hlp 
Execute             source G:/Vivado/2019.1/common/technology/xilinx/common/xilinx.hlp 
Execute               source G:/Vivado/2019.1/common/technology/xilinx/common/target_info.tcl 
Execute               source G:/Vivado/2019.1/common/technology/xilinx/interface/xilinx_interface.hlp 
Execute                 source G:/Vivado/2019.1/common/technology/xilinx/interface/maxi.hlp 
Execute                 source G:/Vivado/2019.1/common/technology/xilinx/interface/saxilite.hlp 
Execute               source G:/Vivado/2019.1/common/technology/xilinx/common/dsp48.hlp 
Execute         source G:/Vivado/2019.1/common/technology/xilinx/zynq/zynq_fpv6.gen 
Execute           source G:/Vivado/2019.1/common/technology/xilinx/common/xilinx_fp.gen 
INFO: [HLS 200-10] Setting target device to 'xc7z020-clg484-1'
Execute       ap_part_info -name xc7z020-clg484-1 -data info 
Execute       get_default_platform 
Command     set_part done; 1.27 sec.
Execute     ap_part_info -data single -name xc7z020-clg484-1 
Execute     ap_part_info -name xc7z020-clg484-1 -data resources 
Execute     ap_part_info -name xc7z020-clg484-1 -data info 
Execute     ap_part_info -name xc7z020-clg484-1 -data info 
Execute     config_chip_info -quiet -resource {SLICE 13300} {LUT 53200} {FF 106400} {DSP48E 220} {BRAM 280} {URAM 0} 
Execute     ap_part_info -name xc7z020-clg484-1 -data info 
Execute     config_chip_info -quiet -speed slow 
Command   open_solution done; 1.622 sec.
Execute   set_part xc7z020-clg484-1 
Execute     ap_part_info -name xc7z020-clg484-1 -data single -quiet 
Execute     ap_part_info -name xc7z020-clg484-1 -data info 
Execute     add_library xilinx/zynq/zynq:xc7z020:-clg484:-1 
Execute       get_default_platform 
Execute       license_isbetapart xc7z020 
Command       license_isbetapart done; error code: 1; 
Execute       ap_part_info -data single -name xc7z020-clg484-1 
Execute       ap_part_info -name xc7z020-clg484-1 -data resources 
Execute       ap_part_info -name xc7z020-clg484-1 -data info 
Execute       ap_part_info -name xc7z020-clg484-1 -data info 
Execute       config_chip_info -quiet -resource {SLICE 13300} {LUT 53200} {FF 106400} {DSP48E 220} {BRAM 280} {URAM 0} 
Execute       ap_part_info -name xc7z020-clg484-1 -data info 
Execute       config_chip_info -quiet -speed slow 
Execute     add_library xilinx/zynq/zynq_fpv6 
Execute       get_default_platform 
Execute       open_platform DefaultPlatform 
Execute       import_lib G:/Vivado/2019.1/common/technology/xilinx/zynq/zynq_fpv6 
Execute         source G:/Vivado/2019.1/common/technology/xilinx/common/xilinx_fp.lib 
Execute         source G:/Vivado/2019.1/common/technology/xilinx/common/xilinx_fp.hlp 
Execute           source G:/Vivado/2019.1/common/technology/xilinx/common/xilinx.hlp 
Execute             source G:/Vivado/2019.1/common/technology/xilinx/common/target_info.tcl 
Execute             source G:/Vivado/2019.1/common/technology/xilinx/interface/xilinx_interface.hlp 
Execute               source G:/Vivado/2019.1/common/technology/xilinx/interface/maxi.hlp 
Execute               source G:/Vivado/2019.1/common/technology/xilinx/interface/saxilite.hlp 
Execute             source G:/Vivado/2019.1/common/technology/xilinx/common/dsp48.hlp 
Execute       source G:/Vivado/2019.1/common/technology/xilinx/zynq/zynq_fpv6.gen 
Execute         source G:/Vivado/2019.1/common/technology/xilinx/common/xilinx_fp.gen 
Execute     ap_part_info -name xc7z020-clg484-1 -data info 
Execute     get_default_platform 
Command   set_part done; 0.111 sec.
Execute   create_clock -period 10 -name default 
Execute     config_clock -quiet -name default -period 10 -default=false 
INFO: [SYN 201-201] Setting up clock 'default' with a period of 10ns.
Execute   csynth_design 
Execute     get_config_compile -dump_cfg 
Execute     get_config_compile -effort 
Execute     get_config_compile -enable_clang39 
Execute     get_config_compile -g 
Execute     get_config_compile -ng 
Execute     get_config_compile -opt_fp 
Execute     get_config_compile -skip_cdt 
Execute     get_config_compile -skip_syncheck 
Execute     get_config_compile -skip_transform 
Execute     get_config_compile -keep_printf 
Execute     elaborate -effort=medium -skip_syncheck=0 -keep_printf=0 -skip_cdt=0 -skip_transform=0 -ng=0 -g=0 -opt_fp=0 -from_csynth_design=1 
Execute       get_config_schedule -relax_ii_for_timing 
INFO: [SCHED 204-61] Option 'relax_ii_for_timing' is enabled, will increase II to preserve clock frequency constraints.
Execute       get_config_schedule -suppress_dependence_error_break 
INFO: [HLS 200-10] Analyzing design file 'cam_hash/cam.cpp' ... 
INFO-FLOW: Compiling one TU...
Execute       is_m_axi_addr64 
INFO-FLOW: Handling cam_hash/cam.cpp as C++
Execute       ap_part_info -name xc7z020-clg484-1 -data info 
Execute       is_encrypted cam_hash/cam.cpp 
Execute       ap_part_info -name xc7z020-clg484-1 -data info 
INFO-FLOW: Running: GCC PP
INFO-FLOW: Source preprocessing
Execute       clang  -fno-limit-debug-info -gcc-toolchain "G:/Vivado/2019.1/msys" -hls  -fno-exceptions  -D__llvm__  -E "cam_hash/cam.cpp"   -DTREE_SIZE=1024  -fno-math-errno -c -emit-llvm -O0  -mllvm -disable-llvm-optzns -fno-threadsafe-statics  -fno-use-cxa-atexit  -fno-threadsafe-statics -fno-use-cxa-atexit -D__CLANG_3_1__ -D__cdecl= -DAESL_SYN -D__SYNTHESIS__ -D__HLS_SYN__ -I "G:/Vivado/2019.1/common/technology/autopilot" -I "G:/Vivado/2019.1/common/technology/autopilot/ap_sysc" -include etc/autopilot_ssdm_op.h -D__DSP48E1__  -o "C:/Users/manug/AppData/Roaming/Xilinx/Vivado/cam_hash/duaL_one_memory_with_mux/.autopilot/db/cam.pp.0.cpp" 
INFO-FLOW: exec G:/Vivado/2019.1/win64/tools/clang/bin/clang -fno-limit-debug-info -gcc-toolchain G:/Vivado/2019.1/msys -hls -fno-exceptions -D__llvm__ -E cam_hash/cam.cpp -DTREE_SIZE=1024 -fno-math-errno -c -emit-llvm -O0 -mllvm -disable-llvm-optzns -fno-threadsafe-statics -fno-use-cxa-atexit -fno-threadsafe-statics -fno-use-cxa-atexit -D__CLANG_3_1__ -D__cdecl= -DAESL_SYN -D__SYNTHESIS__ -D__HLS_SYN__ -I G:/Vivado/2019.1/common/technology/autopilot -I G:/Vivado/2019.1/common/technology/autopilot/ap_sysc -include etc/autopilot_ssdm_op.h -D__DSP48E1__ -o C:/Users/manug/AppData/Roaming/Xilinx/Vivado/cam_hash/duaL_one_memory_with_mux/.autopilot/db/cam.pp.0.cpp
Command       clang done; 1.538 sec.
Execute       tidy_31 xilinx-xfmat-array-geometry C:/Users/manug/AppData/Roaming/Xilinx/Vivado/cam_hash/duaL_one_memory_with_mux/.autopilot/db/cam.pp.0.cpp std=gnu++98 
INFO-FLOW: exec G:/Vivado/2019.1/win64/tools/clang-3.9-csynth/bin/tidy-3.1 -header-filter=.* -checks=-*,xilinx-xfmat-array-geometry -quiet -fix C:/Users/manug/AppData/Roaming/Xilinx/Vivado/cam_hash/duaL_one_memory_with_mux/.autopilot/db/cam.pp.0.cpp -- -std=gnu++98 -fhls -ferror-limit=0
Command       tidy_31 done; 0.635 sec.
INFO-FLOW: Syntax Checking before pre-processing...
Execute       clang -syntaxcheck -src C:/Users/manug/AppData/Roaming/Xilinx/Vivado/cam_hash/duaL_one_memory_with_mux/.autopilot/db/cam.pp.0.cpp  -fno-limit-debug-info -gcc-toolchain "G:/Vivado/2019.1/msys" -hls  -DTREE_SIZE=1024  -fno-math-errno -c -emit-llvm -O0  -mllvm -disable-llvm-optzns -fno-threadsafe-statics  -fno-use-cxa-atexit  -fno-threadsafe-statics -fno-use-cxa-atexit -D__CLANG_3_1__ -D__cdecl= -DAESL_SYN -D__SYNTHESIS__ -D__HLS_SYN__ -I "G:/Vivado/2019.1/common/technology/autopilot" -I "G:/Vivado/2019.1/common/technology/autopilot/ap_sysc" -include etc/autopilot_ssdm_op.h -D__DSP48E1__  "C:/Users/manug/AppData/Roaming/Xilinx/Vivado/cam_hash/duaL_one_memory_with_mux/.autopilot/db/cam.pp.0.cpp"  -o "C:/Users/manug/AppData/Roaming/Xilinx/Vivado/cam_hash/duaL_one_memory_with_mux/.autopilot/db/useless.bc"  
INFO-FLOW: exec G:/Vivado/2019.1/win64/tools/clang/bin/clang -fno-limit-debug-info -gcc-toolchain G:/Vivado/2019.1/msys -hls -DTREE_SIZE=1024 -fno-math-errno -c -emit-llvm -O0 -mllvm -disable-llvm-optzns -fno-threadsafe-statics -fno-use-cxa-atexit -fno-threadsafe-statics -fno-use-cxa-atexit -D__CLANG_3_1__ -D__cdecl= -DAESL_SYN -D__SYNTHESIS__ -D__HLS_SYN__ -I G:/Vivado/2019.1/common/technology/autopilot -I G:/Vivado/2019.1/common/technology/autopilot/ap_sysc -include etc/autopilot_ssdm_op.h -D__DSP48E1__ C:/Users/manug/AppData/Roaming/Xilinx/Vivado/cam_hash/duaL_one_memory_with_mux/.autopilot/db/cam.pp.0.cpp -o C:/Users/manug/AppData/Roaming/Xilinx/Vivado/cam_hash/duaL_one_memory_with_mux/.autopilot/db/useless.bc
Command       clang done; 1.334 sec.
INFO-FLOW: Done: GCC PP time: 3.5 seconds per iteration
Execute       source G:/Vivado/2019.1/tps/tcl/tcllib1.11.1/yaml/huddle.tcl 
Execute       source G:/Vivado/2019.1/tps/tcl/tcllib1.11.1/yaml/json2huddle.tcl 
Execute         source G:/Vivado/2019.1/tps/tcl/tcllib1.11.1/try/try.tcl 
Execute       list_core -type functional_unit 
Execute       tidy_31 xilinx-systemc-detector C:/Users/manug/AppData/Roaming/Xilinx/Vivado/cam_hash/duaL_one_memory_with_mux/.autopilot/db/cam.pp.0.cpp std=gnu++98 -directive=C:/Users/manug/AppData/Roaming/Xilinx/Vivado/cam_hash/duaL_one_memory_with_mux/.autopilot/db/.systemc_flag 
INFO-FLOW: exec G:/Vivado/2019.1/win64/tools/clang-3.9-csynth/bin/tidy-3.1 -header-filter=.* -checks=-*,xilinx-systemc-detector -import-directive=C:/Users/manug/AppData/Roaming/Xilinx/Vivado/cam_hash/duaL_one_memory_with_mux/.autopilot/db/.systemc_flag -quiet -fix-errors C:/Users/manug/AppData/Roaming/Xilinx/Vivado/cam_hash/duaL_one_memory_with_mux/.autopilot/db/cam.pp.0.cpp -- -std=gnu++98 -fhls -ferror-limit=0
Command       tidy_31 done; 0.515 sec.
INFO-FLOW: Running: tidy-3.1 CDT preprocess
Execute       tidy_31 xilinx-directive2pragma C:/Users/manug/AppData/Roaming/Xilinx/Vivado/cam_hash/duaL_one_memory_with_mux/.autopilot/db/cam.pp.0.cpp std=gnu++98 -directive=C:/Users/manug/AppData/Roaming/Xilinx/Vivado/cam_hash/duaL_one_memory_with_mux/.autopilot/db/all.directive.json 
INFO-FLOW: exec G:/Vivado/2019.1/win64/tools/clang-3.9-csynth/bin/tidy-3.1 -header-filter=.* -checks=-*,xilinx-directive2pragma -import-directive=C:/Users/manug/AppData/Roaming/Xilinx/Vivado/cam_hash/duaL_one_memory_with_mux/.autopilot/db/all.directive.json -quiet -fix-errors C:/Users/manug/AppData/Roaming/Xilinx/Vivado/cam_hash/duaL_one_memory_with_mux/.autopilot/db/cam.pp.0.cpp -- -std=gnu++98 -fhls -ferror-limit=0
Command       tidy_31 done; 0.51 sec.
Execute       get_config_dataflow -strict_mode 
Execute       ap_eval exec -ignorestderr G:/Vivado/2019.1/win64/tools/clang-3.9-csynth/bin/xilinx-dataflow-lawyer -export-fixes=C:/Users/manug/AppData/Roaming/Xilinx/Vivado/cam_hash/duaL_one_memory_with_mux/.autopilot/db/xilinx-dataflow-lawyer.cam.pp.0.cpp.diag.yml C:/Users/manug/AppData/Roaming/Xilinx/Vivado/cam_hash/duaL_one_memory_with_mux/.autopilot/db/cam.pp.0.cpp -- -std=gnu++98 -fhls -ferror-limit=0 -fstrict-dataflow > C:/Users/manug/AppData/Roaming/Xilinx/Vivado/cam_hash/duaL_one_memory_with_mux/.autopilot/db/xilinx-dataflow-lawyer.cam.pp.0.cpp.out.log 2> C:/Users/manug/AppData/Roaming/Xilinx/Vivado/cam_hash/duaL_one_memory_with_mux/.autopilot/db/xilinx-dataflow-lawyer.cam.pp.0.cpp.err.log 
Command       ap_eval done; 0.399 sec.
Execute       tidy_31 -errorcheck xilinx-constantarray-param,xilinx-resource-pragma-transformer,xilinx-xfmat-array-geometry C:/Users/manug/AppData/Roaming/Xilinx/Vivado/cam_hash/duaL_one_memory_with_mux/.autopilot/db/cam.pp.0.cpp std=gnu++98 
Execute         ap_eval exec -ignorestderr G:/Vivado/2019.1/win64/tools/clang-3.9-csynth/bin/tidy-3.1 -export-fixes=C:/Users/manug/AppData/Roaming/Xilinx/Vivado/cam_hash/duaL_one_memory_with_mux/.autopilot/db/tidy-3.1.cam.pp.0.cpp.diag.yml -header-filter=.* -checks=-*,xilinx-constantarray-param,xilinx-resource-pragma-transformer,xilinx-xfmat-array-geometry -quiet -fix-errors C:/Users/manug/AppData/Roaming/Xilinx/Vivado/cam_hash/duaL_one_memory_with_mux/.autopilot/db/cam.pp.0.cpp -- -std=gnu++98 -fhls -ferror-limit=0 > C:/Users/manug/AppData/Roaming/Xilinx/Vivado/cam_hash/duaL_one_memory_with_mux/.autopilot/db/tidy-3.1.cam.pp.0.cpp.out.log 2> C:/Users/manug/AppData/Roaming/Xilinx/Vivado/cam_hash/duaL_one_memory_with_mux/.autopilot/db/tidy-3.1.cam.pp.0.cpp.err.log 
Command         ap_eval done; 1.005 sec.
Execute         source G:/Vivado/2019.1/tps/tcl/tcllib1.11.1/yaml/yaml.tcl 
Execute           source G:/Vivado/2019.1/tps/tcl/tcllib1.11.1/cmdline/cmdline.tcl 
Execute         ap_eval exec -ignorestderr G:/Vivado/2019.1/win64/tools/clang-3.9-csynth/bin/xilinx-legacy-rewriter C:/Users/manug/AppData/Roaming/Xilinx/Vivado/cam_hash/duaL_one_memory_with_mux/.autopilot/db/cam.pp.0.cpp -- -std=gnu++98 -fhls -ferror-limit=0 > C:/Users/manug/AppData/Roaming/Xilinx/Vivado/cam_hash/duaL_one_memory_with_mux/.autopilot/db/xilinx-legacy-rewriter.cam.pp.0.cpp.out.log 2> C:/Users/manug/AppData/Roaming/Xilinx/Vivado/cam_hash/duaL_one_memory_with_mux/.autopilot/db/xilinx-legacy-rewriter.cam.pp.0.cpp.err.log 
Command         ap_eval done; 0.394 sec.
Command       tidy_31 done; 1.44 sec.
INFO-FLOW: Done: tidy-3.1 CDT preprocess time: 2.4 seconds per iteration
INFO-FLOW: Pragma Handling...
Execute       tidy_31 xilinx-ssdm-intrinsics-arguments C:/Users/manug/AppData/Roaming/Xilinx/Vivado/cam_hash/duaL_one_memory_with_mux/.autopilot/db/cam.pragma.1.cpp std=gnu++98 
INFO-FLOW: exec G:/Vivado/2019.1/win64/tools/clang-3.9-csynth/bin/tidy-3.1 -header-filter=.* -checks=-*,xilinx-ssdm-intrinsics-arguments -quiet -fix-errors C:/Users/manug/AppData/Roaming/Xilinx/Vivado/cam_hash/duaL_one_memory_with_mux/.autopilot/db/cam.pragma.1.cpp -- -std=gnu++98 -fhls -ferror-limit=0
Command       tidy_31 done; 0.968 sec.
Execute       ap_part_info -name xc7z020-clg484-1 -data info 
INFO-FLOW: Processing labels
Execute       clang -src C:/Users/manug/AppData/Roaming/Xilinx/Vivado/cam_hash/duaL_one_memory_with_mux/.autopilot/db/cam.pragma.2.cpp  -fno-limit-debug-info -gcc-toolchain G:/Vivado/2019.1/msys -hls -hls-analyze-label -hls-analyze-pragma -fno-exceptions  -D__llvm__  -w  "C:/Users/manug/AppData/Roaming/Xilinx/Vivado/cam_hash/duaL_one_memory_with_mux/.autopilot/db/cam.pragma.2.cpp"  -DTREE_SIZE=1024  -fno-math-errno -c -emit-llvm -O0  -mllvm -disable-llvm-optzns -fno-threadsafe-statics  -fno-use-cxa-atexit -DAESL_SYN -D__SYNTHESIS__ -D__HLS_SYN__ -I "G:/Vivado/2019.1/common/technology/autopilot" -I "G:/Vivado/2019.1/common/technology/autopilot/ap_sysc" -include etc/autopilot_ssdm_op.h -D__DSP48E1__ -g -o "C:/Users/manug/AppData/Roaming/Xilinx/Vivado/cam_hash/duaL_one_memory_with_mux/.autopilot/db/cam.bc" 
INFO-FLOW: exec G:/Vivado/2019.1/win64/tools/clang/bin/clang -fno-limit-debug-info -gcc-toolchain G:/Vivado/2019.1/msys -hls -hls-analyze-label -hls-analyze-pragma -fno-exceptions -D__llvm__ -w C:/Users/manug/AppData/Roaming/Xilinx/Vivado/cam_hash/duaL_one_memory_with_mux/.autopilot/db/cam.pragma.2.cpp -DTREE_SIZE=1024 -fno-math-errno -c -emit-llvm -O0 -mllvm -disable-llvm-optzns -fno-threadsafe-statics -fno-use-cxa-atexit -DAESL_SYN -D__SYNTHESIS__ -D__HLS_SYN__ -I G:/Vivado/2019.1/common/technology/autopilot -I G:/Vivado/2019.1/common/technology/autopilot/ap_sysc -include etc/autopilot_ssdm_op.h -D__DSP48E1__ -g -o C:/Users/manug/AppData/Roaming/Xilinx/Vivado/cam_hash/duaL_one_memory_with_mux/.autopilot/db/cam.bc
Command       clang done; 1.353 sec.
INFO-FLOW: Linking Debug ...
Execute       llvm-ld C:/Users/manug/AppData/Roaming/Xilinx/Vivado/cam_hash/duaL_one_memory_with_mux/.autopilot/db/cam.g.bc -hls-opt -except-internalize top_function -LG:/Vivado/2019.1/win64/lib -lhlsm -lhlsmc++ -o C:/Users/manug/AppData/Roaming/Xilinx/Vivado/cam_hash/duaL_one_memory_with_mux/.autopilot/db/a.g 
Command       llvm-ld done; 1.265 sec.
INFO: [HLS 200-111] Finished Linking Time (s): cpu = 00:00:01 ; elapsed = 00:00:13 . Memory (MB): peak = 184.219 ; gain = 116.750
INFO: [HLS 200-111] Finished Checking Pragmas Time (s): cpu = 00:00:01 ; elapsed = 00:00:13 . Memory (MB): peak = 184.219 ; gain = 116.750
Execute       get_config_sdx -target 
Execute       opt_and_import_c a -opt_level=2 -skip_syncheck=0 -ng=0 -keep_printf=0 
Execute         cleanup_all_models 
INFO: [HLS 200-10] Starting code transformations ...
Execute         transform -promote-dbg-pointer C:/Users/manug/AppData/Roaming/Xilinx/Vivado/cam_hash/duaL_one_memory_with_mux/.autopilot/db/a.pp.bc -o C:/Users/manug/AppData/Roaming/Xilinx/Vivado/cam_hash/duaL_one_memory_with_mux/.autopilot/db/a.pp.0.bc -f 
Execute         llvm-ld C:/Users/manug/AppData/Roaming/Xilinx/Vivado/cam_hash/duaL_one_memory_with_mux/.autopilot/db/a.pp.0.bc -disable-opt -LG:/Vivado/2019.1/win64/lib -lfloatconversion -o C:/Users/manug/AppData/Roaming/Xilinx/Vivado/cam_hash/duaL_one_memory_with_mux/.autopilot/db/a.g.0 
Command         llvm-ld done; 0.546 sec.
INFO-FLOW: Running Standard Transforms...
Execute         transform -hls -share-std-xform -demangle-name -inline-byval-memcpy -always-inline -promote-dbg-pointer -interface-preproc -mem2reg -scalarrepl -mem2reg -keep-read-access -instcombine -dce -promote-dbg-pointer -bitop-raise -loop-simplify -indvarspre -indvars -loop-simplify -xunroll -constprop -instcombine -simplifycfg -indvars -simplifycfg -dce -globaldce -basicaa -simplifycfg -mem2reg -globalopt -global-constprop -deadargelim -instcombine -simplifycfg -prune-eh -simplifycfg -scalarrepl -instcombine -reassociate -licm -simplifycfg -loop-simplify -indvars -instcombine -simplifycfg -mem2reg -loop-simplify -indvars -instcombine -gvn -gvn -instcombine -adce -break-crit-edges -simplifycfg -loop-delete -global-array-opt -dce -dse -adce -find-syn-modules -top top_function -deadargelim -mem2reg -instcombine -dce -presyn-prepare -auto-rom-infer -interface-preproc -syn-check -check-rec-only -find-region -simplifycfg -func-extr -function-inline -globaldce -mem2reg -instcombine -dce -gvn -globaldce -adce -adse -constprop -instcombine -bit-constprop -instcombine -dce -simplifycfg -bitop-raise -simplifycfg -dce -loop-delete -reassociate -globalopt -global-privatize -mem2reg -dce -global-constprop -pointer-simplify -constprop -dce -func-inst -deadargelim -auto-shift-reg-idiom -promote-dbg-pointer -norm-name C:/Users/manug/AppData/Roaming/Xilinx/Vivado/cam_hash/duaL_one_memory_with_mux/.autopilot/db/a.g.0.bc -o C:/Users/manug/AppData/Roaming/Xilinx/Vivado/cam_hash/duaL_one_memory_with_mux/.autopilot/db/a.g.1.bc -f -phase std-opt 
INFO: [HLS 200-111] Finished Standard Transforms Time (s): cpu = 00:00:01 ; elapsed = 00:00:14 . Memory (MB): peak = 184.219 ; gain = 116.750
INFO: [HLS 200-10] Checking synthesizability ...
INFO-FLOW: Checking Synthesizability 1/2..
Execute         transform -hls -syn-check -check-rec-only -disaggr -scalarrepl -norm-name -dce -mem2reg -instcombine -function-uniquify -directive-preproc -mem2reg -dse -dce -auto-rom-infer -dce -pag -array-normalize -instcombine -dce -warn-fifo-pointer -array-seg-normalize -instcombine -dce -array-flatten -instcombine -dce -array-burst -dce -deadargelim -promote-global-argument -simplifycfg -mem2reg -globaldce -dce -deadargelim -dce -instcombine -function-inline -globaldce -dce -doublePtrSimplify -doublePtrElim -dce -doublePtrSimplify -promote-dbg-pointer -dce -scalarrepl -dse -adse -instcombine -ptrLegalization -simplifycfg -dce -instcombine -pointer-simplify -ptrArgReplace -dce -instcombine -resolve-double-ptr -disaggr -scalarrepl -norm-name -dce -mem2reg -instcombine -ptrLegalization -simplifycfg -deadargelim -instcombine -dce -inst-simplify -function-uniquify -directive-preproc -mem2reg -dse -dce -globaldce -check-dspbuiltin C:/Users/manug/AppData/Roaming/Xilinx/Vivado/cam_hash/duaL_one_memory_with_mux/.autopilot/db/a.g.1.bc -o C:/Users/manug/AppData/Roaming/Xilinx/Vivado/cam_hash/duaL_one_memory_with_mux/.autopilot/db/a.g.2.prechk.bc -f 
INFO-FLOW: Checking Synthesizability 2/2..
Execute         transform -syn-check C:/Users/manug/AppData/Roaming/Xilinx/Vivado/cam_hash/duaL_one_memory_with_mux/.autopilot/db/a.g.2.prechk.bc -o C:/Users/manug/AppData/Roaming/Xilinx/Vivado/cam_hash/duaL_one_memory_with_mux/.autopilot/db/a.g.2.bc -f -phase syn-check 
INFO: [HLS 200-111] Finished Checking Synthesizability Time (s): cpu = 00:00:01 ; elapsed = 00:00:14 . Memory (MB): peak = 184.219 ; gain = 116.750
INFO-FLOW: Compiler optimizing ...
INFO-FLOW: Share syncheck's 1.bc for syn flow: copy C:/Users/manug/AppData/Roaming/Xilinx/Vivado/cam_hash/duaL_one_memory_with_mux/.autopilot/db/a.g.1.bc to C:/Users/manug/AppData/Roaming/Xilinx/Vivado/cam_hash/duaL_one_memory_with_mux/.autopilot/db/a.o.1.bc
INFO-FLOW: Presyn 1...
Execute         transform -hls -tmp C:/Users/manug/AppData/Roaming/Xilinx/Vivado/cam_hash/duaL_one_memory_with_mux/.autopilot/db -interface-port-rename -type-info -function-uniquify -directive-preproc -mem2reg -dse -dce -disaggr -scalarrepl -norm-name -deadargelim -mem2reg -instcombine -dce -simplifycfg -auto-rom-infer -dce -function-uniquify -resource-proc -clib-intrinsic-prepare -dce -func-buffer -dce -pag -array-normalize -func-legal -instcombine -gvn -constprop -dce -simplifycfg -mem2reg -globaldce -resolve-double-ptr -dce -deadargelim -dce -instcombine -ptrArgReplace -mem2reg -dce -array-seg-normalize -deadargelim -instcombine -dce -pointer-simplify -dce -port-alignment -dce -interface-preproc -data-pack -instcombine -dce -basicaa -aggr-aa -aggrmodref-aa -aggr-aa -gvn -gvn -basicaa -aggr-aa -aggrmodref-aa -aggr-aa -dse -adse -adce -loop-simplify -indvars -instcombine -gvn -loop-simplify -mem2reg -dce -find-region -instcombine -auto-loop-pipeline -inst-simplify -interface-preproc -cfgopt -instcombine -indvars -auto-loop-unroll -loop-simplify -loop-bound -xunroll -constprop -instcombine -simplifycfg -indvars -simplifycfg -dce -globaldce -clean-region -attach-range -gvn -inst-simplify -constprop -simplifycfg -dce -pointer-simplify -dce -globalopt -constprop -dce -array-promote -constprop -dce -ptrArgReplace -mem2reg -simplifycfg -dce -auto-par -instcombine -dce -array-transform-check -array-reshape -instcombine -simplifycfg -dce -ptrArgReplace -deadargelim -mem2reg -instcombine -simplifycfg -dce -indvars -loop-simplify -loop-bound -xunroll -constprop -instcombine -simplifycfg -indvars -simplifycfg -dce -globaldce -basicaa -aggr-aa -aggrmodref-aa -aggr-aa -dse -duplicate-dataflow-processes -globaldce -instcombine -array-partition -instcombine -simplifycfg -dce -ptrArgReplace -global-constprop -deadargelim -mem2reg -func-legal -dce -global-constprop -deadargelim -mem2reg -simplifycfg -dce -merge-param -deadargelim -globalopt -constprop -dce -array-promote -constprop -dce -ptrArgReplace -mem2reg -simplifycfg -dce -mem-intrinsic-preproc -dce -global-internalize -global-privatize -mem2reg -globaldce -promote-global-argument -ptrArgReplace -mem2reg -dce -globalopt -mergereturn -simplify-global-access -mem2reg -dce -pointer-simplify -dce -functionattrs -basicaa -aggr-aa -aggrmodref-aa -aggr-aa -gvn -gvn -basicaa -aggr-aa -aggrmodref-aa -aggr-aa -dse -adse -adce -dce -norm-name -function-inline -complex-op-raise -inst-simplify -globaldce -func-inst -constprop -instcombine -simplifycfg -dce -func-legal -dce -loop-bound -arraycheck -bitwidthmin -on-by-dataflow -loop-delete -instcombine -simplifycfg -globaldce -dce -gvn -deadargelim -dce -loop-simplify -clean-region -simplifycfg -propagate-stable-arguments -loop-stream -instcombine -simplifycfg -dce -globaldce -duplicate-dataflow-processes -stream-intrinsic-preproc -dce -check-ap-stream -loop-simplify -eliminate-keepreads -extract-dataflow-in-loop -loop-simplify -dce -gvn -deadargelim -dse -check-dataflow-syntax -legalize-stream-variable -legalize-global -extract-subproc -dce -dead-channel-elimination -canonicalize-gep -globaldce -dce -gvn -deadargelim -annotate-dataflow-channels -scalar-propagation -deadargelim -globaldce -mem2reg -check-dataflow-channels -function-stream -dce -globaldce -prop-fifo-spec -internal-stream-gen -canonicalize-gep -globaldce -dce -gvn -deadargelim -mergereturn -indvars -loop-simplify -instcombine -array-stream -array-seg-normalize -array-partition -func-legal -instcombine -simplifycfg -dce -bundle-memfifo-ops -deadargelim -function-uniquify -directive-preproc -mem2reg -dse -dce -group-axi-access -licm -simplifycfg -dce -loop-delete -norm-name C:/Users/manug/AppData/Roaming/Xilinx/Vivado/cam_hash/duaL_one_memory_with_mux/.autopilot/db/a.o.1.bc -o C:/Users/manug/AppData/Roaming/Xilinx/Vivado/cam_hash/duaL_one_memory_with_mux/.autopilot/db/a.o.1.tmp.bc -f 
WARNING: [XFORM 203-505] Ignore pipeline pragma in Loop whose tripcount is only 1 (cam_hash/cam.cpp:57) in function 'busqueda_cam'.
WARNING: [XFORM 203-505] Ignore pipeline pragma in Loop whose tripcount is only 1 (cam_hash/cam.cpp:71) in function 'busqueda_cam'.
INFO: [XFORM 203-502] Unrolling small iteration loop 'Loop-1' (cam_hash/cam.cpp:56) in function 'busqueda_cam' automatically.
INFO: [XFORM 203-502] Unrolling small iteration loop 'Loop-2' (cam_hash/cam.cpp:70) in function 'busqueda_cam' automatically.
INFO: [HLS 200-489] Unrolling loop 'Loop-1' (cam_hash/cam.cpp:56) in function 'busqueda_cam' completely with a factor of 1.
INFO: [HLS 200-489] Unrolling loop 'Loop-2' (cam_hash/cam.cpp:70) in function 'busqueda_cam' completely with a factor of 1.
INFO: [XFORM 203-101] Partitioning array 'end' (cam_hash/cam.cpp:90) in dimension 1 completely.
INFO: [XFORM 203-712] Applying dataflow to function 'top_function', detected/extracted 2 process function(s): 
	 'busqueda_cam'
	 'combinar'.
Command         transform done; 0.258 sec.
INFO-FLOW: Presyn 2...
Execute         transform -hls -keep-callgraph -scalarrepl -mem2reg -port-alignment -attach-range -dce -pipe-mux-gen -indvars -loop-bound -inst-simplify -instcombine -dce -merge-array-access -mem2reg -dce -clean-region -mergereturn -if-conv -instcombine -dce -constprop -basicaa -aggr-aa -aggrmodref-aa -aggr-aa -gvn -gvn -basicaa -aggr-aa -aggrmodref-aa -aggr-aa -dse -adse -adce -scalarrepl -mem2reg -global-constprop -deadargelim -deadargelim -instcombine -dce -simplifycfg -ptrArgReplace -mem2reg -function-inline -globaldce -mem2reg -instcombine -dce -expr-balance -instcombine -dce -bitwidthmin -interface-preproc -directive-preproc -inst-rectify -instcombine -dce -functionattrs -constprop -instcombine -bit-constprop -simplify-global-access -globalopt -globaldce -inst-simplify -instcombine -elimdeaddata -dce -loop-delete -simplifycfg -loop-simplify -auto-burst -norm-name C:/Users/manug/AppData/Roaming/Xilinx/Vivado/cam_hash/duaL_one_memory_with_mux/.autopilot/db/a.o.1.tmp.bc -o C:/Users/manug/AppData/Roaming/Xilinx/Vivado/cam_hash/duaL_one_memory_with_mux/.autopilot/db/a.o.2.bc -f -phase presyn 
Command         transform done; 0.121 sec.
INFO: [HLS 200-111] Finished Pre-synthesis Time (s): cpu = 00:00:01 ; elapsed = 00:00:14 . Memory (MB): peak = 184.219 ; gain = 116.750
INFO-FLOW: Building ssdm...
Execute         transform -hls -function-uniquify -auto-function-inline -globaldce -ptrArgReplace -mem2reg -dce -reset-lda -loop-simplify -indvars -licm -loop-dep -loop-bound -licm -loop-simplify -flattenloopnest -array-flatten -gvn -instcombine -dce -array-map -dce -func-legal -gvn -adce -instcombine -cfgopt -simplifycfg -loop-simplify -array-burst -promote-global-argument -dce -ptrLegalization -axi4-lower -array-seg-normalize -basicaa -aggrmodref-aa -globalsmodref-aa -aggr-aa -gvn -gvn -basicaa -aggrmodref-aa -globalsmodref-aa -aggr-aa -dse -adse -adce -licm -inst-simplify -dce -globaldce -instcombine -array-stream -eliminate-keepreads -instcombine -dce -deadargelim -doublePtrSimplify -doublePtrElim -dce -doublePtrSimplify -promote-dbg-pointer -dce -scalarrepl -mem2reg -disaggr -norm-name -mem2reg -instcombine -dse -adse -adce -ptrLegalization -dce -auto-rom-infer -array-flatten -dce -instcombine -check-doubleptr -loop-rot -constprop -cfgopt -simplifycfg -loop-simplify -indvars -pointer-simplify -dce -loop-bound -loop-simplify -loop-preproc -constprop -global-constprop -gvn -mem2reg -instcombine -dce -loop-bound -loop-merge -dce -bitwidthmin -deadargelim -dce -canonicalize-dataflow -dce -scalar-propagation -deadargelim -globaldce -mem2reg -read-loop-dep -interface-preproc -directive-preproc -interface-gen -bram-byte-enable -deadargelim -inst-simplify -dce -gvn -mem2reg -instcombine -dce -adse -loop-bound -instcombine -cfgopt -simplifycfg -loop-simplify -clean-region -io-protocol -find-region -mem2reg -bitop-raise -complex-op-raise -inst-simplify -inst-rectify -instcombine -adce -deadargelim -loop-simplify -phi-opt -bitop-raise -cfgopt -simplifycfg -strip-dead-prototypes -interface-lower -bitop-lower -intrinsic-lower -auto-function-inline -basicaa -aggrmodref-aa -globalsmodref-aa -aggr-aa -inst-simplify -simplifycfg -loop-simplify -mergereturn -inst-simplify -inst-rectify -dce -load-elim -bitop-lower -loop-rewind -pointer-simplify -dce -cfgopt -dce -loop-bound -loop-dep -read-loop-dep -dce -check-stream -norm-name -legalize -validate-dataflow -inst-clarity -bitwidth -dump-loop-dep-to-ir -check-all-ssdm -cdfg-build C:/Users/manug/AppData/Roaming/Xilinx/Vivado/cam_hash/duaL_one_memory_with_mux/.autopilot/db/a.o.2.bc -o C:/Users/manug/AppData/Roaming/Xilinx/Vivado/cam_hash/duaL_one_memory_with_mux/.autopilot/db/a.o.3.bc -f -phase build-ssdm 
Command         transform done; 0.259 sec.
INFO: [HLS 200-111] Finished Architecture Synthesis Time (s): cpu = 00:00:02 ; elapsed = 00:00:14 . Memory (MB): peak = 190.074 ; gain = 122.605
INFO-FLOW: Finish building internal data model.
Command       opt_and_import_c done; 1.405 sec.
Command     elaborate done; 11.556 sec.
Execute     autosyn -from_csynth_design=1 
INFO: [HLS 200-10] Starting hardware synthesis ...
INFO-FLOW: Synthesizing C/C++ design ...
INFO: [HLS 200-10] Synthesizing 'top_function' ...
Execute       ap_set_top_model top_function 
WARNING: [SYN 201-103] Legalizing function name 'top_function.entry3' to 'top_function_entry3'.
Execute       get_model_list top_function -filter all-wo-channel -topdown 
Execute       preproc_iomode -model top_function 
Execute       preproc_iomode -model combinar 
Execute       preproc_iomode -model busqueda_cam 
Execute       preproc_iomode -model top_function.entry3 
Execute       get_model_list top_function -filter all-wo-channel 
INFO-FLOW: Model list for configure: top_function.entry3 busqueda_cam combinar top_function
INFO-FLOW: Configuring Module : top_function.entry3 ...
Execute       set_default_model top_function.entry3 
Execute       apply_spec_resource_limit top_function.entry3 
INFO-FLOW: Configuring Module : busqueda_cam ...
Execute       set_default_model busqueda_cam 
Execute       apply_spec_resource_limit busqueda_cam 
INFO-FLOW: Configuring Module : combinar ...
Execute       set_default_model combinar 
Execute       apply_spec_resource_limit combinar 
INFO-FLOW: Configuring Module : top_function ...
Execute       set_default_model top_function 
Execute       apply_spec_resource_limit top_function 
INFO-FLOW: Model list for preprocess: top_function.entry3 busqueda_cam combinar top_function
INFO-FLOW: Preprocessing Module: top_function.entry3 ...
Execute       set_default_model top_function.entry3 
Execute       cdfg_preprocess -model top_function.entry3 
Execute       rtl_gen_preprocess top_function.entry3 
INFO-FLOW: Preprocessing Module: busqueda_cam ...
Execute       set_default_model busqueda_cam 
Execute       cdfg_preprocess -model busqueda_cam 
Execute       rtl_gen_preprocess busqueda_cam 
INFO-FLOW: Preprocessing Module: combinar ...
Execute       set_default_model combinar 
Execute       cdfg_preprocess -model combinar 
Execute       rtl_gen_preprocess combinar 
INFO-FLOW: Preprocessing Module: top_function ...
Execute       set_default_model top_function 
Execute       cdfg_preprocess -model top_function 
Execute       rtl_gen_preprocess top_function 
INFO-FLOW: Model list for synthesis: top_function.entry3 busqueda_cam combinar top_function
INFO: [HLS 200-10] ----------------------------------------------------------------
INFO: [HLS 200-42] -- Implementing module 'top_function_entry3' 
INFO: [HLS 200-10] ----------------------------------------------------------------
Execute       set_default_model top_function.entry3 
Execute       schedule -model top_function.entry3 
INFO: [SCHED 204-11] Starting scheduling ...
INFO: [SCHED 204-11] Finished scheduling.
INFO: [HLS 200-111]  Elapsed time: 14.654 seconds; current allocated memory: 139.639 MB.
Execute       syn_report -verbosereport -o C:/Users/manug/AppData/Roaming/Xilinx/Vivado/cam_hash/duaL_one_memory_with_mux/.autopilot/db/top_function_entry3.verbose.sched.rpt 
Execute       db_write -o C:/Users/manug/AppData/Roaming/Xilinx/Vivado/cam_hash/duaL_one_memory_with_mux/.autopilot/db/top_function_entry3.sched.adb -f 
INFO-FLOW: Finish scheduling top_function.entry3.
Execute       set_default_model top_function.entry3 
Execute       bind -model top_function.entry3 
BIND OPTION: model=top_function.entry3
INFO: [BIND 205-100] Starting micro-architecture generation ...
INFO: [BIND 205-101] Performing variable lifetime analysis.
INFO: [BIND 205-101] Exploring resource sharing.
INFO: [BIND 205-101] Binding ...
INFO: [BIND 205-100] Finished micro-architecture generation.
INFO: [HLS 200-111]  Elapsed time: 0.092 seconds; current allocated memory: 139.715 MB.
Execute       syn_report -verbosereport -o C:/Users/manug/AppData/Roaming/Xilinx/Vivado/cam_hash/duaL_one_memory_with_mux/.autopilot/db/top_function_entry3.verbose.bind.rpt 
Execute       db_write -o C:/Users/manug/AppData/Roaming/Xilinx/Vivado/cam_hash/duaL_one_memory_with_mux/.autopilot/db/top_function_entry3.bind.adb -f 
INFO-FLOW: Finish binding top_function.entry3.
INFO: [HLS 200-10] ----------------------------------------------------------------
INFO: [HLS 200-42] -- Implementing module 'busqueda_cam' 
INFO: [HLS 200-10] ----------------------------------------------------------------
Execute       set_default_model busqueda_cam 
Execute       schedule -model busqueda_cam 
INFO: [SCHED 204-11] Starting scheduling ...
INFO: [SCHED 204-11] Finished scheduling.
Command       schedule done; 0.295 sec.
INFO: [HLS 200-111]  Elapsed time: 0.356 seconds; current allocated memory: 139.912 MB.
Execute       syn_report -verbosereport -o C:/Users/manug/AppData/Roaming/Xilinx/Vivado/cam_hash/duaL_one_memory_with_mux/.autopilot/db/busqueda_cam.verbose.sched.rpt 
Execute       db_write -o C:/Users/manug/AppData/Roaming/Xilinx/Vivado/cam_hash/duaL_one_memory_with_mux/.autopilot/db/busqueda_cam.sched.adb -f 
INFO-FLOW: Finish scheduling busqueda_cam.
Execute       set_default_model busqueda_cam 
Execute       bind -model busqueda_cam 
BIND OPTION: model=busqueda_cam
INFO: [BIND 205-100] Starting micro-architecture generation ...
INFO: [BIND 205-101] Performing variable lifetime analysis.
INFO: [BIND 205-101] Exploring resource sharing.
INFO: [BIND 205-101] Binding ...
INFO: [BIND 205-100] Finished micro-architecture generation.
INFO: [HLS 200-111]  Elapsed time: 0.101 seconds; current allocated memory: 140.115 MB.
Execute       syn_report -verbosereport -o C:/Users/manug/AppData/Roaming/Xilinx/Vivado/cam_hash/duaL_one_memory_with_mux/.autopilot/db/busqueda_cam.verbose.bind.rpt 
Execute       db_write -o C:/Users/manug/AppData/Roaming/Xilinx/Vivado/cam_hash/duaL_one_memory_with_mux/.autopilot/db/busqueda_cam.bind.adb -f 
INFO-FLOW: Finish binding busqueda_cam.
INFO: [HLS 200-10] ----------------------------------------------------------------
INFO: [HLS 200-42] -- Implementing module 'combinar' 
INFO: [HLS 200-10] ----------------------------------------------------------------
Execute       set_default_model combinar 
Execute       schedule -model combinar 
INFO: [SCHED 204-11] Starting scheduling ...
INFO: [SCHED 204-61] Pipelining loop 'Loop 1'.
WARNING: [SCHED 204-64] Unable to schedule the loop exit test ('and' operation ('and_ln109', cam_hash/cam.cpp:109)) in the first pipeline iteration (II = 1 cycles).
INFO: [SCHED 204-61] Pipelining result : Target II = 1, Final II = 2, Depth = 3.
INFO: [SCHED 204-11] Finished scheduling.
Command       schedule done; 0.195 sec.
INFO: [HLS 200-111]  Elapsed time: 0.283 seconds; current allocated memory: 140.236 MB.
Execute       syn_report -verbosereport -o C:/Users/manug/AppData/Roaming/Xilinx/Vivado/cam_hash/duaL_one_memory_with_mux/.autopilot/db/combinar.verbose.sched.rpt 
Execute       db_write -o C:/Users/manug/AppData/Roaming/Xilinx/Vivado/cam_hash/duaL_one_memory_with_mux/.autopilot/db/combinar.sched.adb -f 
INFO-FLOW: Finish scheduling combinar.
Execute       set_default_model combinar 
Execute       bind -model combinar 
BIND OPTION: model=combinar
INFO: [BIND 205-100] Starting micro-architecture generation ...
INFO: [BIND 205-101] Performing variable lifetime analysis.
INFO: [BIND 205-101] Exploring resource sharing.
INFO: [BIND 205-101] Binding ...
INFO: [BIND 205-100] Finished micro-architecture generation.
INFO: [HLS 200-111]  Elapsed time: 0.094 seconds; current allocated memory: 140.369 MB.
Execute       syn_report -verbosereport -o C:/Users/manug/AppData/Roaming/Xilinx/Vivado/cam_hash/duaL_one_memory_with_mux/.autopilot/db/combinar.verbose.bind.rpt 
Execute       db_write -o C:/Users/manug/AppData/Roaming/Xilinx/Vivado/cam_hash/duaL_one_memory_with_mux/.autopilot/db/combinar.bind.adb -f 
INFO-FLOW: Finish binding combinar.
INFO: [HLS 200-10] ----------------------------------------------------------------
INFO: [HLS 200-42] -- Implementing module 'top_function' 
INFO: [HLS 200-10] ----------------------------------------------------------------
Execute       set_default_model top_function 
Execute       schedule -model top_function 
INFO: [SCHED 204-11] Starting scheduling ...
INFO: [SCHED 204-11] Finished scheduling.
INFO: [HLS 200-111]  Elapsed time: 0.094 seconds; current allocated memory: 140.421 MB.
Execute       syn_report -verbosereport -o C:/Users/manug/AppData/Roaming/Xilinx/Vivado/cam_hash/duaL_one_memory_with_mux/.autopilot/db/top_function.verbose.sched.rpt 
Execute       db_write -o C:/Users/manug/AppData/Roaming/Xilinx/Vivado/cam_hash/duaL_one_memory_with_mux/.autopilot/db/top_function.sched.adb -f 
INFO-FLOW: Finish scheduling top_function.
Execute       set_default_model top_function 
Execute       bind -model top_function 
BIND OPTION: model=top_function
INFO: [BIND 205-100] Starting micro-architecture generation ...
INFO: [BIND 205-101] Performing variable lifetime analysis.
INFO: [BIND 205-101] Exploring resource sharing.
INFO: [BIND 205-101] Binding ...
INFO: [BIND 205-100] Finished micro-architecture generation.
INFO: [HLS 200-111]  Elapsed time: 0.104 seconds; current allocated memory: 140.561 MB.
Execute       syn_report -verbosereport -o C:/Users/manug/AppData/Roaming/Xilinx/Vivado/cam_hash/duaL_one_memory_with_mux/.autopilot/db/top_function.verbose.bind.rpt 
Execute       db_write -o C:/Users/manug/AppData/Roaming/Xilinx/Vivado/cam_hash/duaL_one_memory_with_mux/.autopilot/db/top_function.bind.adb -f 
INFO-FLOW: Finish binding top_function.
Execute       get_model_list top_function -filter all-wo-channel 
INFO-FLOW: Preprocessing for RTLGen ...
Execute       rtl_gen_preprocess top_function.entry3 
Execute       rtl_gen_preprocess busqueda_cam 
Execute       rtl_gen_preprocess combinar 
Execute       rtl_gen_preprocess top_function 
INFO-FLOW: Model list for RTL generation: top_function.entry3 busqueda_cam combinar top_function
INFO: [HLS 200-10] ----------------------------------------------------------------
INFO: [HLS 200-10] -- Generating RTL for module 'top_function_entry3' 
INFO: [HLS 200-10] ----------------------------------------------------------------
Execute       get_config_rtl -module_prefix 
Execute       get_config_rtl -module_auto_prefix 
Execute       create_rtl_model top_function.entry3 -vendor xilinx -mg_file C:/Users/manug/AppData/Roaming/Xilinx/Vivado/cam_hash/duaL_one_memory_with_mux/.autopilot/db/top_function_entry3.compgen.tcl 
INFO: [RTGEN 206-100] Finished creating RTL model for 'top_function_entry3'.
INFO: [HLS 200-111]  Elapsed time: 0.107 seconds; current allocated memory: 140.710 MB.
Execute       source C:/Users/manug/AppData/Roaming/Xilinx/Vivado/cam_hash/duaL_one_memory_with_mux/.autopilot/db/top_function.rtl_wrap.cfg.tcl 
Execute       gen_rtl top_function.entry3 -style xilinx -tracefl mytrace -tracefmt vcd -traceopt all -f -lang sc -o C:/Users/manug/AppData/Roaming/Xilinx/Vivado/cam_hash/duaL_one_memory_with_mux/syn/systemc/top_function_entry3 -synmodules top_function.entry3 busqueda_cam combinar top_function 
Execute       gen_rtl top_function.entry3 -style xilinx -f -lang vhdl -o C:/Users/manug/AppData/Roaming/Xilinx/Vivado/cam_hash/duaL_one_memory_with_mux/syn/vhdl/top_function_entry3 
Execute       gen_rtl top_function.entry3 -style xilinx -f -lang vlog -o C:/Users/manug/AppData/Roaming/Xilinx/Vivado/cam_hash/duaL_one_memory_with_mux/syn/verilog/top_function_entry3 
Execute       syn_report -csynth -model top_function.entry3 -o C:/Users/manug/AppData/Roaming/Xilinx/Vivado/cam_hash/duaL_one_memory_with_mux/syn/report/top_function_entry3_csynth.rpt 
Execute       syn_report -rtlxml -model top_function.entry3 -o C:/Users/manug/AppData/Roaming/Xilinx/Vivado/cam_hash/duaL_one_memory_with_mux/syn/report/top_function_entry3_csynth.xml 
Execute       syn_report -verbosereport -model top_function.entry3 -o C:/Users/manug/AppData/Roaming/Xilinx/Vivado/cam_hash/duaL_one_memory_with_mux/.autopilot/db/top_function_entry3.verbose.rpt 
Execute       db_write -model top_function.entry3 -f -o C:/Users/manug/AppData/Roaming/Xilinx/Vivado/cam_hash/duaL_one_memory_with_mux/.autopilot/db/top_function_entry3.adb 
Execute       gen_tb_info top_function.entry3 -p C:/Users/manug/AppData/Roaming/Xilinx/Vivado/cam_hash/duaL_one_memory_with_mux/.autopilot/db -o C:/Users/manug/AppData/Roaming/Xilinx/Vivado/cam_hash/duaL_one_memory_with_mux/.autopilot/db/top_function_entry3 
INFO: [HLS 200-10] ----------------------------------------------------------------
INFO: [HLS 200-10] -- Generating RTL for module 'busqueda_cam' 
INFO: [HLS 200-10] ----------------------------------------------------------------
Execute       get_config_rtl -module_prefix 
Execute       get_config_rtl -module_auto_prefix 
Execute       create_rtl_model busqueda_cam -vendor xilinx -mg_file C:/Users/manug/AppData/Roaming/Xilinx/Vivado/cam_hash/duaL_one_memory_with_mux/.autopilot/db/busqueda_cam.compgen.tcl 
INFO: [RTGEN 206-100] Finished creating RTL model for 'busqueda_cam'.
INFO: [HLS 200-111]  Elapsed time: 0.149 seconds; current allocated memory: 141.138 MB.
Execute       source C:/Users/manug/AppData/Roaming/Xilinx/Vivado/cam_hash/duaL_one_memory_with_mux/.autopilot/db/top_function.rtl_wrap.cfg.tcl 
Execute       gen_rtl busqueda_cam -style xilinx -tracefl mytrace -tracefmt vcd -traceopt all -f -lang sc -o C:/Users/manug/AppData/Roaming/Xilinx/Vivado/cam_hash/duaL_one_memory_with_mux/syn/systemc/busqueda_cam -synmodules top_function.entry3 busqueda_cam combinar top_function 
Execute       gen_rtl busqueda_cam -style xilinx -f -lang vhdl -o C:/Users/manug/AppData/Roaming/Xilinx/Vivado/cam_hash/duaL_one_memory_with_mux/syn/vhdl/busqueda_cam 
Execute       gen_rtl busqueda_cam -style xilinx -f -lang vlog -o C:/Users/manug/AppData/Roaming/Xilinx/Vivado/cam_hash/duaL_one_memory_with_mux/syn/verilog/busqueda_cam 
Execute       syn_report -csynth -model busqueda_cam -o C:/Users/manug/AppData/Roaming/Xilinx/Vivado/cam_hash/duaL_one_memory_with_mux/syn/report/busqueda_cam_csynth.rpt 
Execute       syn_report -rtlxml -model busqueda_cam -o C:/Users/manug/AppData/Roaming/Xilinx/Vivado/cam_hash/duaL_one_memory_with_mux/syn/report/busqueda_cam_csynth.xml 
Execute       syn_report -verbosereport -model busqueda_cam -o C:/Users/manug/AppData/Roaming/Xilinx/Vivado/cam_hash/duaL_one_memory_with_mux/.autopilot/db/busqueda_cam.verbose.rpt 
Execute       db_write -model busqueda_cam -f -o C:/Users/manug/AppData/Roaming/Xilinx/Vivado/cam_hash/duaL_one_memory_with_mux/.autopilot/db/busqueda_cam.adb 
Execute       gen_tb_info busqueda_cam -p C:/Users/manug/AppData/Roaming/Xilinx/Vivado/cam_hash/duaL_one_memory_with_mux/.autopilot/db -o C:/Users/manug/AppData/Roaming/Xilinx/Vivado/cam_hash/duaL_one_memory_with_mux/.autopilot/db/busqueda_cam 
INFO: [HLS 200-10] ----------------------------------------------------------------
INFO: [HLS 200-10] -- Generating RTL for module 'combinar' 
INFO: [HLS 200-10] ----------------------------------------------------------------
Execute       get_config_rtl -module_prefix 
Execute       get_config_rtl -module_auto_prefix 
Execute       create_rtl_model combinar -vendor xilinx -mg_file C:/Users/manug/AppData/Roaming/Xilinx/Vivado/cam_hash/duaL_one_memory_with_mux/.autopilot/db/combinar.compgen.tcl 
INFO: [RTGEN 206-100] Finished creating RTL model for 'combinar'.
INFO: [HLS 200-111]  Elapsed time: 0.283 seconds; current allocated memory: 141.509 MB.
Execute       source C:/Users/manug/AppData/Roaming/Xilinx/Vivado/cam_hash/duaL_one_memory_with_mux/.autopilot/db/top_function.rtl_wrap.cfg.tcl 
Execute       gen_rtl combinar -style xilinx -tracefl mytrace -tracefmt vcd -traceopt all -f -lang sc -o C:/Users/manug/AppData/Roaming/Xilinx/Vivado/cam_hash/duaL_one_memory_with_mux/syn/systemc/combinar -synmodules top_function.entry3 busqueda_cam combinar top_function 
Execute       gen_rtl combinar -style xilinx -f -lang vhdl -o C:/Users/manug/AppData/Roaming/Xilinx/Vivado/cam_hash/duaL_one_memory_with_mux/syn/vhdl/combinar 
Execute       gen_rtl combinar -style xilinx -f -lang vlog -o C:/Users/manug/AppData/Roaming/Xilinx/Vivado/cam_hash/duaL_one_memory_with_mux/syn/verilog/combinar 
Execute       syn_report -csynth -model combinar -o C:/Users/manug/AppData/Roaming/Xilinx/Vivado/cam_hash/duaL_one_memory_with_mux/syn/report/combinar_csynth.rpt 
Execute       syn_report -rtlxml -model combinar -o C:/Users/manug/AppData/Roaming/Xilinx/Vivado/cam_hash/duaL_one_memory_with_mux/syn/report/combinar_csynth.xml 
Execute       syn_report -verbosereport -model combinar -o C:/Users/manug/AppData/Roaming/Xilinx/Vivado/cam_hash/duaL_one_memory_with_mux/.autopilot/db/combinar.verbose.rpt 
Execute       db_write -model combinar -f -o C:/Users/manug/AppData/Roaming/Xilinx/Vivado/cam_hash/duaL_one_memory_with_mux/.autopilot/db/combinar.adb 
Execute       gen_tb_info combinar -p C:/Users/manug/AppData/Roaming/Xilinx/Vivado/cam_hash/duaL_one_memory_with_mux/.autopilot/db -o C:/Users/manug/AppData/Roaming/Xilinx/Vivado/cam_hash/duaL_one_memory_with_mux/.autopilot/db/combinar 
INFO: [HLS 200-10] ----------------------------------------------------------------
INFO: [HLS 200-10] -- Generating RTL for module 'top_function' 
INFO: [HLS 200-10] ----------------------------------------------------------------
Execute       get_config_rtl -module_prefix 
Execute       get_config_rtl -module_auto_prefix 
Execute       create_rtl_model top_function -vendor xilinx -mg_file C:/Users/manug/AppData/Roaming/Xilinx/Vivado/cam_hash/duaL_one_memory_with_mux/.autopilot/db/top_function.compgen.tcl 
INFO: [RTGEN 206-500] Setting interface mode on port 'top_function/tree_V' to 'ap_memory'.
INFO: [RTGEN 206-500] Setting interface mode on port 'top_function/nodo_V' to 'ap_none'.
INFO: [RTGEN 206-500] Setting interface mode on port 'top_function/relationship_V' to 'ap_none'.
INFO: [RTGEN 206-500] Setting interface mode on port 'top_function/fatherSearch' to 'ap_none'.
INFO: [RTGEN 206-500] Setting interface mode on port 'top_function/result_V_V' to 'ap_fifo'.
INFO: [RTGEN 206-500] Setting interface mode on function 'top_function' to 'ap_ctrl_hs'.
INFO: [SYN 201-210] Renamed object name 'start_for_combinar_U0' to 'start_for_combinabkb' due to the length limit 20
INFO: [RTGEN 206-100] Finished creating RTL model for 'top_function'.
INFO: [HLS 200-111]  Elapsed time: 0.268 seconds; current allocated memory: 141.958 MB.
Execute       source C:/Users/manug/AppData/Roaming/Xilinx/Vivado/cam_hash/duaL_one_memory_with_mux/.autopilot/db/top_function.rtl_wrap.cfg.tcl 
Execute       gen_rtl top_function -istop -style xilinx -tracefl mytrace -tracefmt vcd -traceopt all -f -lang sc -o C:/Users/manug/AppData/Roaming/Xilinx/Vivado/cam_hash/duaL_one_memory_with_mux/syn/systemc/top_function -synmodules top_function.entry3 busqueda_cam combinar top_function 
Execute       gen_rtl top_function -istop -style xilinx -f -lang vhdl -o C:/Users/manug/AppData/Roaming/Xilinx/Vivado/cam_hash/duaL_one_memory_with_mux/syn/vhdl/top_function 
Execute       gen_rtl top_function -istop -style xilinx -f -lang vlog -o C:/Users/manug/AppData/Roaming/Xilinx/Vivado/cam_hash/duaL_one_memory_with_mux/syn/verilog/top_function 
Execute       syn_report -csynth -model top_function -o C:/Users/manug/AppData/Roaming/Xilinx/Vivado/cam_hash/duaL_one_memory_with_mux/syn/report/top_function_csynth.rpt 
Execute       syn_report -rtlxml -model top_function -o C:/Users/manug/AppData/Roaming/Xilinx/Vivado/cam_hash/duaL_one_memory_with_mux/syn/report/top_function_csynth.xml 
Execute       syn_report -verbosereport -model top_function -o C:/Users/manug/AppData/Roaming/Xilinx/Vivado/cam_hash/duaL_one_memory_with_mux/.autopilot/db/top_function.verbose.rpt 
Execute       db_write -model top_function -f -o C:/Users/manug/AppData/Roaming/Xilinx/Vivado/cam_hash/duaL_one_memory_with_mux/.autopilot/db/top_function.adb 
Execute       gen_tb_info top_function -p C:/Users/manug/AppData/Roaming/Xilinx/Vivado/cam_hash/duaL_one_memory_with_mux/.autopilot/db -o C:/Users/manug/AppData/Roaming/Xilinx/Vivado/cam_hash/duaL_one_memory_with_mux/.autopilot/db/top_function 
Execute       export_constraint_db -f -tool general -o C:/Users/manug/AppData/Roaming/Xilinx/Vivado/cam_hash/duaL_one_memory_with_mux/.autopilot/db/top_function.constraint.tcl 
Execute       syn_report -designview -model top_function -o C:/Users/manug/AppData/Roaming/Xilinx/Vivado/cam_hash/duaL_one_memory_with_mux/.autopilot/db/top_function.design.xml 
Execute       get_config_rtl -disable_wave_debug 
Execute       syn_report -wcfg -model top_function -o C:/Users/manug/AppData/Roaming/Xilinx/Vivado/cam_hash/duaL_one_memory_with_mux/.autopilot/db/top_function_dataflow_ana.wcfg 
Execute       syn_report -protoinst -model top_function -o C:/Users/manug/AppData/Roaming/Xilinx/Vivado/cam_hash/duaL_one_memory_with_mux/.autopilot/db/top_function.protoinst 
Execute       get_config_debug -directory 
Execute       sc_get_clocks top_function 
Execute       get_config_export -vivado_clock 
Execute       sc_get_portdomain top_function 
INFO-FLOW: Model list for RTL component generation: top_function.entry3 busqueda_cam combinar top_function
INFO-FLOW: Handling components in module [top_function_entry3] ... 
Execute       source C:/Users/manug/AppData/Roaming/Xilinx/Vivado/cam_hash/duaL_one_memory_with_mux/.autopilot/db/top_function_entry3.compgen.tcl 
INFO-FLOW: Handling components in module [busqueda_cam] ... 
Execute       source C:/Users/manug/AppData/Roaming/Xilinx/Vivado/cam_hash/duaL_one_memory_with_mux/.autopilot/db/busqueda_cam.compgen.tcl 
INFO-FLOW: Handling components in module [combinar] ... 
Execute       source C:/Users/manug/AppData/Roaming/Xilinx/Vivado/cam_hash/duaL_one_memory_with_mux/.autopilot/db/combinar.compgen.tcl 
INFO-FLOW: Handling components in module [top_function] ... 
Execute       source C:/Users/manug/AppData/Roaming/Xilinx/Vivado/cam_hash/duaL_one_memory_with_mux/.autopilot/db/top_function.compgen.tcl 
INFO-FLOW: Found component fifo_w11_d2_A.
INFO-FLOW: Append model fifo_w11_d2_A
INFO-FLOW: Found component fifo_w2_d2_A.
INFO-FLOW: Append model fifo_w2_d2_A
INFO-FLOW: Found component fifo_w1_d2_A.
INFO-FLOW: Append model fifo_w1_d2_A
INFO-FLOW: Found component fifo_w11_d8_A.
INFO-FLOW: Append model fifo_w11_d8_A
INFO-FLOW: Found component fifo_w11_d8_A.
INFO-FLOW: Append model fifo_w11_d8_A
INFO-FLOW: Found component start_for_combinabkb.
INFO-FLOW: Append model start_for_combinabkb
INFO-FLOW: Append model top_function_entry3
INFO-FLOW: Append model busqueda_cam
INFO-FLOW: Append model combinar
INFO-FLOW: Append model top_function
INFO-FLOW: Generating RTL model list ...
INFO-FLOW: All models in this session: fifo_w11_d2_A fifo_w2_d2_A fifo_w1_d2_A fifo_w11_d8_A fifo_w11_d8_A start_for_combinabkb top_function_entry3 busqueda_cam combinar top_function
INFO-FLOW: To file: write model fifo_w11_d2_A
INFO-FLOW: To file: write model fifo_w2_d2_A
INFO-FLOW: To file: write model fifo_w1_d2_A
INFO-FLOW: To file: write model fifo_w11_d8_A
INFO-FLOW: To file: write model fifo_w11_d8_A
INFO-FLOW: To file: write model start_for_combinabkb
INFO-FLOW: To file: write model top_function_entry3
INFO-FLOW: To file: write model busqueda_cam
INFO-FLOW: To file: write model combinar
INFO-FLOW: To file: write model top_function
INFO-FLOW: Finished generating RTL model list.


INFO-FLOW: RTL Generation done.
INFO-FLOW: CAS Generation done.
INFO-FLOW: CBC Generation done.
INFO-FLOW: DBG:CMD: auto_generate_csynth_design
INFO-FLOW: DBG:CMD:     auto_generate --sim-model -phase csynth_design -d C:/Users/manug/AppData/Roaming/Xilinx/Vivado/cam_hash/duaL_one_memory_with_mux
Execute       source C:/Users/manug/AppData/Roaming/Xilinx/Vivado/cam_hash/duaL_one_memory_with_mux/.autopilot/db/global.setting.tcl 
INFO-FLOW: DBG:CMD: read_platform_lib C:/Users/manug/AppData/Roaming/Xilinx/Vivado/cam_hash/duaL_one_memory_with_mux/.autopilot/db/global.setting.tcl
Execute       source G:/Vivado/2019.1/common/technology/generic/autopilot/common.gen 
Execute         source G:/Vivado/2019.1/common/technology/generic/autopilot/APCoreGen.gen 
Execute       source G:/Vivado/2019.1/common/technology/generic/autopilot/op.gen 
Execute       source G:/Vivado/2019.1/common/technology/generic/autopilot/op_simcore.gen 
Execute       source G:/Vivado/2019.1/common/technology/generic/autopilot/interface.gen 
Execute       source C:/Users/manug/AppData/Roaming/Xilinx/Vivado/cam_hash/duaL_one_memory_with_mux/.autopilot/db/global.setting.tcl 
Execute       source G:/Vivado/2019.1/common/technology/xilinx/zynq/zynq.gen 
Execute         source G:/Vivado/2019.1/common/technology/xilinx/common/xilinx.gen 
Execute           source G:/Vivado/2019.1/common/technology/xilinx/interface/plb46.gen 
Execute           source G:/Vivado/2019.1/common/technology/xilinx/interface/fsl.gen 
Execute           source G:/Vivado/2019.1/common/technology/xilinx/interface/axi4.gen 
Execute           source G:/Vivado/2019.1/common/technology/xilinx/interface/nativeAXI4.gen 
Execute             source G:/Vivado/2019.1/common/technology/xilinx/interface/saxilite.gen 
Execute             source G:/Vivado/2019.1/common/technology/xilinx/interface/maxi.gen 
Execute           source G:/Vivado/2019.1/common/technology/xilinx/scripts/xilinxcoregen.gen 
Execute           source G:/Vivado/2019.1/common/technology/xilinx/interface/XilEDKCoreGen.gen 
Execute           source G:/Vivado/2019.1/common/technology/xilinx/ip/dds_compiler.gen 
Execute           source G:/Vivado/2019.1/common/technology/xilinx/ip/util.gen 
Execute           source G:/Vivado/2019.1/common/technology/xilinx/ip/xfft.gen 
Execute           source G:/Vivado/2019.1/common/technology/xilinx/ip/xfir.gen 
Execute           source G:/Vivado/2019.1/common/technology/xilinx/common/dsp48.gen 
Command         ap_source done; 0.132 sec.
Command       ap_source done; 0.132 sec.
Execute       source G:/Vivado/2019.1/common/technology/xilinx/zynq/zynq_fpv6.gen 
Execute         source G:/Vivado/2019.1/common/technology/xilinx/common/xilinx_fp.gen 
INFO-FLOW: DBG:CMD:   using AESL_AUTOCG::g_clock_period=10.000 (was NA)
INFO-FLOW: DBG:CMD:       generate_ip_cores sim=1 export=0 expOnly=0 dstVlogDir=syn/verilog
Execute       source C:/Users/manug/AppData/Roaming/Xilinx/Vivado/cam_hash/duaL_one_memory_with_mux/.autopilot/db/global.setting.tcl 
Execute       ap_part_info -name xc7z020-clg484-1 -data names -quiet 
Execute       ap_part_info -name xc7z020-clg484-1 -data info -quiet 
Execute       source C:/Users/manug/AppData/Roaming/Xilinx/Vivado/cam_hash/duaL_one_memory_with_mux/.autopilot/db/global.setting.tcl 
Execute       source C:/Users/manug/AppData/Roaming/Xilinx/Vivado/cam_hash/duaL_one_memory_with_mux/.autopilot/db/global.setting.tcl 
Execute       source C:/Users/manug/AppData/Roaming/Xilinx/Vivado/cam_hash/duaL_one_memory_with_mux/.autopilot/db/top_function_entry3.compgen.tcl 
Execute       source C:/Users/manug/AppData/Roaming/Xilinx/Vivado/cam_hash/duaL_one_memory_with_mux/.autopilot/db/busqueda_cam.compgen.tcl 
Execute       source C:/Users/manug/AppData/Roaming/Xilinx/Vivado/cam_hash/duaL_one_memory_with_mux/.autopilot/db/combinar.compgen.tcl 
Execute       source C:/Users/manug/AppData/Roaming/Xilinx/Vivado/cam_hash/duaL_one_memory_with_mux/.autopilot/db/top_function.compgen.tcl 
Execute         ap_part_info -name xc7z020-clg484-1 -data names -quiet 
Execute         ap_part_info -name xc7z020-clg484-1 -data info -quiet 
INFO: [RTMG 210-285] Implementing FIFO 'nodo_V_c_U(fifo_w11_d2_A)' using Shift Registers.
Execute         ap_part_info -name xc7z020-clg484-1 -data names -quiet 
Execute         ap_part_info -name xc7z020-clg484-1 -data info -quiet 
INFO: [RTMG 210-285] Implementing FIFO 'relationship_V_c_U(fifo_w2_d2_A)' using Shift Registers.
Execute         ap_part_info -name xc7z020-clg484-1 -data names -quiet 
Execute         ap_part_info -name xc7z020-clg484-1 -data info -quiet 
INFO: [RTMG 210-285] Implementing FIFO 'fatherSearch_c_U(fifo_w1_d2_A)' using Shift Registers.
Execute         ap_part_info -name xc7z020-clg484-1 -data names -quiet 
Execute         ap_part_info -name xc7z020-clg484-1 -data info -quiet 
INFO: [RTMG 210-285] Implementing FIFO 'in1_V_V_U(fifo_w11_d8_A)' using Shift Registers.
Execute         ap_part_info -name xc7z020-clg484-1 -data names -quiet 
Execute         ap_part_info -name xc7z020-clg484-1 -data info -quiet 
INFO: [RTMG 210-285] Implementing FIFO 'in2_V_V_U(fifo_w11_d8_A)' using Shift Registers.
Execute         ap_part_info -name xc7z020-clg484-1 -data names -quiet 
Execute         ap_part_info -name xc7z020-clg484-1 -data info -quiet 
INFO: [RTMG 210-285] Implementing FIFO 'start_for_combinabkb_U(start_for_combinabkb)' using Shift Registers.
Command       ap_source done; 0.163 sec.
INFO-FLOW: DBG:CMD:     auto_generate -export -impltomg_flag -rtl both -tool Vivado -pcore_version 1.00.a -phase csynth_design -d C:/Users/manug/AppData/Roaming/Xilinx/Vivado/cam_hash/duaL_one_memory_with_mux
Execute       source C:/Users/manug/AppData/Roaming/Xilinx/Vivado/cam_hash/duaL_one_memory_with_mux/.autopilot/db/global.setting.tcl 
INFO-FLOW: DBG:CMD: read_platform_lib C:/Users/manug/AppData/Roaming/Xilinx/Vivado/cam_hash/duaL_one_memory_with_mux/.autopilot/db/global.setting.tcl
Execute       source G:/Vivado/2019.1/common/technology/generic/autopilot/common.gen 
Execute         source G:/Vivado/2019.1/common/technology/generic/autopilot/APCoreGen.gen 
Execute       source G:/Vivado/2019.1/common/technology/generic/autopilot/op.gen 
Execute       source G:/Vivado/2019.1/common/technology/generic/autopilot/op_simcore.gen 
Execute       source G:/Vivado/2019.1/common/technology/generic/autopilot/interface.gen 
Execute       source C:/Users/manug/AppData/Roaming/Xilinx/Vivado/cam_hash/duaL_one_memory_with_mux/.autopilot/db/global.setting.tcl 
Execute       source G:/Vivado/2019.1/common/technology/xilinx/zynq/zynq.gen 
Execute         source G:/Vivado/2019.1/common/technology/xilinx/common/xilinx.gen 
Execute           source G:/Vivado/2019.1/common/technology/xilinx/interface/plb46.gen 
Execute           source G:/Vivado/2019.1/common/technology/xilinx/interface/fsl.gen 
Execute           source G:/Vivado/2019.1/common/technology/xilinx/interface/axi4.gen 
Execute           source G:/Vivado/2019.1/common/technology/xilinx/interface/nativeAXI4.gen 
Execute             source G:/Vivado/2019.1/common/technology/xilinx/interface/saxilite.gen 
Execute             source G:/Vivado/2019.1/common/technology/xilinx/interface/maxi.gen 
Execute           source G:/Vivado/2019.1/common/technology/xilinx/scripts/xilinxcoregen.gen 
Execute           source G:/Vivado/2019.1/common/technology/xilinx/interface/XilEDKCoreGen.gen 
Execute           source G:/Vivado/2019.1/common/technology/xilinx/ip/dds_compiler.gen 
Execute           source G:/Vivado/2019.1/common/technology/xilinx/ip/util.gen 
Execute           source G:/Vivado/2019.1/common/technology/xilinx/ip/xfft.gen 
Execute           source G:/Vivado/2019.1/common/technology/xilinx/ip/xfir.gen 
Execute           source G:/Vivado/2019.1/common/technology/xilinx/common/dsp48.gen 
Command         ap_source done; 0.114 sec.
Command       ap_source done; 0.114 sec.
Execute       source G:/Vivado/2019.1/common/technology/xilinx/zynq/zynq_fpv6.gen 
Execute         source G:/Vivado/2019.1/common/technology/xilinx/common/xilinx_fp.gen 
INFO-FLOW: DBG:CMD:       initCTypeInfo top_module=top_function xml_exists=0
Execute       source C:/Users/manug/AppData/Roaming/Xilinx/Vivado/cam_hash/duaL_one_memory_with_mux/.autopilot/db/top_function.rtl_wrap.cfg.tcl 
Execute       source C:/Users/manug/AppData/Roaming/Xilinx/Vivado/cam_hash/duaL_one_memory_with_mux/.autopilot/db/top_function.rtl_wrap.cfg.tcl 
Execute       source C:/Users/manug/AppData/Roaming/Xilinx/Vivado/cam_hash/duaL_one_memory_with_mux/.autopilot/db/top_function.rtl_wrap.cfg.tcl 
Execute       source C:/Users/manug/AppData/Roaming/Xilinx/Vivado/cam_hash/duaL_one_memory_with_mux/.autopilot/db/top_function.tbgen.tcl 
Execute       source C:/Users/manug/AppData/Roaming/Xilinx/Vivado/cam_hash/duaL_one_memory_with_mux/.autopilot/db/top_function.tbgen.tcl 
INFO-FLOW: DBG:CMD:       export_impl_rtl
INFO-FLOW: DBG:CMD:       generate_ip_cores sim=0 export=0 expOnly=0 dstVlogDir=impl/.verilog
Execute       source C:/Users/manug/AppData/Roaming/Xilinx/Vivado/cam_hash/duaL_one_memory_with_mux/.autopilot/db/global.setting.tcl 
Execute       source C:/Users/manug/AppData/Roaming/Xilinx/Vivado/cam_hash/duaL_one_memory_with_mux/.autopilot/db/top_function_entry3.compgen.tcl 
Execute       source C:/Users/manug/AppData/Roaming/Xilinx/Vivado/cam_hash/duaL_one_memory_with_mux/.autopilot/db/busqueda_cam.compgen.tcl 
Execute       source C:/Users/manug/AppData/Roaming/Xilinx/Vivado/cam_hash/duaL_one_memory_with_mux/.autopilot/db/combinar.compgen.tcl 
Execute       source C:/Users/manug/AppData/Roaming/Xilinx/Vivado/cam_hash/duaL_one_memory_with_mux/.autopilot/db/top_function.compgen.tcl 
INFO-FLOW: DBG:CMD:       generate_ip_cores sim=0 export=1 expOnly=1 dstVlogDir=impl/.pcores/verilog
Execute       source C:/Users/manug/AppData/Roaming/Xilinx/Vivado/cam_hash/duaL_one_memory_with_mux/.autopilot/db/global.setting.tcl 
Execute       source C:/Users/manug/AppData/Roaming/Xilinx/Vivado/cam_hash/duaL_one_memory_with_mux/.autopilot/db/top_function_entry3.compgen.tcl 
Execute       source C:/Users/manug/AppData/Roaming/Xilinx/Vivado/cam_hash/duaL_one_memory_with_mux/.autopilot/db/busqueda_cam.compgen.tcl 
Execute       source C:/Users/manug/AppData/Roaming/Xilinx/Vivado/cam_hash/duaL_one_memory_with_mux/.autopilot/db/combinar.compgen.tcl 
Execute       source C:/Users/manug/AppData/Roaming/Xilinx/Vivado/cam_hash/duaL_one_memory_with_mux/.autopilot/db/top_function.compgen.tcl 
Execute         ap_part_info -name xc7z020-clg484-1 -data names -quiet 
Execute         ap_part_info -name xc7z020-clg484-1 -data info -quiet 
Execute         ap_part_info -name xc7z020-clg484-1 -data names -quiet 
Execute         ap_part_info -name xc7z020-clg484-1 -data info -quiet 
Execute         source C:/Users/manug/AppData/Roaming/Xilinx/Vivado/cam_hash/duaL_one_memory_with_mux/.autopilot/db/top_function.tbgen.tcl 
Execute         ap_part_info -name xc7z020-clg484-1 -data names -quiet 
Execute         ap_part_info -name xc7z020-clg484-1 -data info -quiet 
Execute         ap_part_info -name xc7z020-clg484-1 -data names -quiet 
Execute         ap_part_info -name xc7z020-clg484-1 -data info -quiet 
Execute         ap_part_info -name xc7z020-clg484-1 -data names -quiet 
Execute         ap_part_info -name xc7z020-clg484-1 -data info -quiet 
Execute         ap_part_info -name xc7z020-clg484-1 -data names -quiet 
Execute         ap_part_info -name xc7z020-clg484-1 -data info -quiet 
Execute         ap_part_info -name xc7z020-clg484-1 -data names -quiet 
Execute         ap_part_info -name xc7z020-clg484-1 -data info -quiet 
Execute         ap_part_info -name xc7z020-clg484-1 -data names -quiet 
Execute         ap_part_info -name xc7z020-clg484-1 -data info -quiet 
Execute         ap_part_info -name xc7z020-clg484-1 -data names -quiet 
Execute         ap_part_info -name xc7z020-clg484-1 -data info -quiet 
Execute         ap_part_info -name xc7z020-clg484-1 -data names -quiet 
Execute         ap_part_info -name xc7z020-clg484-1 -data info -quiet 
Execute         ap_part_info -name xc7z020-clg484-1 -data names -quiet 
Execute         ap_part_info -name xc7z020-clg484-1 -data info -quiet 
Execute       ap_part_info -name xc7z020-clg484-1 -data names -quiet 
Execute       ap_part_info -name xc7z020-clg484-1 -data info -quiet 
INFO-FLOW: DBG:CMD:       generate_ip_cores sim=0 export=0 expOnly=0 dstVlogDir=impl/.pcores/verilog_sim
Execute       source C:/Users/manug/AppData/Roaming/Xilinx/Vivado/cam_hash/duaL_one_memory_with_mux/.autopilot/db/global.setting.tcl 
Execute       source C:/Users/manug/AppData/Roaming/Xilinx/Vivado/cam_hash/duaL_one_memory_with_mux/.autopilot/db/top_function_entry3.compgen.tcl 
Execute       source C:/Users/manug/AppData/Roaming/Xilinx/Vivado/cam_hash/duaL_one_memory_with_mux/.autopilot/db/busqueda_cam.compgen.tcl 
Execute       source C:/Users/manug/AppData/Roaming/Xilinx/Vivado/cam_hash/duaL_one_memory_with_mux/.autopilot/db/combinar.compgen.tcl 
Execute       source C:/Users/manug/AppData/Roaming/Xilinx/Vivado/cam_hash/duaL_one_memory_with_mux/.autopilot/db/top_function.compgen.tcl 
Execute       ap_part_info -name xc7z020-clg484-1 -data names -quiet 
Execute       ap_part_info -name xc7z020-clg484-1 -data info -quiet 
Execute       ap_part_info -name xc7z020-clg484-1 -data names -quiet 
Execute       ap_part_info -name xc7z020-clg484-1 -data info -quiet 
Execute       source C:/Users/manug/AppData/Roaming/Xilinx/Vivado/cam_hash/duaL_one_memory_with_mux/.autopilot/db/global.setting.tcl 
Execute       ap_part_info -name xc7z020-clg484-1 -data names -quiet 
Execute       ap_part_info -name xc7z020-clg484-1 -data info -quiet 
Execute       source C:/Users/manug/AppData/Roaming/Xilinx/Vivado/cam_hash/duaL_one_memory_with_mux/.autopilot/db/top_function.constraint.tcl 
Execute       source C:/Users/manug/AppData/Roaming/Xilinx/Vivado/cam_hash/duaL_one_memory_with_mux/.autopilot/db/top_function.tbgen.tcl 
INFO-FLOW: DBG:CMD:       hasPcoreIpAdapter=false #gSsdmPorts=12
INFO-FLOW: DBG:CMD: Skipping loadAnalyze_DB, #g_database=5
INFO-FLOW: DBG:CMD:       generate_json is_phase_csynth=1 g_has_adaptors=false generate_bd_files=0 #modelList=10 #gSsdmPorts=12
Execute       source G:/Vivado/2019.1/tps/tcl/tcllib1.11.1/fileutil/fileutil.tcl 
Execute       source C:/Users/manug/AppData/Roaming/Xilinx/Vivado/cam_hash/duaL_one_memory_with_mux/.autopilot/db/global.setting.tcl 
Execute       source C:/Users/manug/AppData/Roaming/Xilinx/Vivado/cam_hash/duaL_one_memory_with_mux/.autopilot/db/global.setting.tcl 
Execute       get_config_export -xo 
Execute       source C:/Users/manug/AppData/Roaming/Xilinx/Vivado/cam_hash/duaL_one_memory_with_mux/.autopilot/db/top_function.tbgen.tcl 
Execute       source C:/Users/manug/AppData/Roaming/Xilinx/Vivado/cam_hash/duaL_one_memory_with_mux/.autopilot/db/top_function.tbgen.tcl 
Execute       source C:/Users/manug/AppData/Roaming/Xilinx/Vivado/cam_hash/duaL_one_memory_with_mux/.autopilot/db/top_function.tbgen.tcl 
Execute       source C:/Users/manug/AppData/Roaming/Xilinx/Vivado/cam_hash/duaL_one_memory_with_mux/.autopilot/db/top_function.tbgen.tcl 
Execute       source C:/Users/manug/AppData/Roaming/Xilinx/Vivado/cam_hash/duaL_one_memory_with_mux/.autopilot/db/top_function.tbgen.tcl 
Execute       source C:/Users/manug/AppData/Roaming/Xilinx/Vivado/cam_hash/duaL_one_memory_with_mux/.autopilot/db/global.setting.tcl 
Execute       get_config_sdx -target 
Execute       source C:/Users/manug/AppData/Roaming/Xilinx/Vivado/cam_hash/duaL_one_memory_with_mux/.autopilot/db/top_function.rtl_wrap.cfg.tcl 
Execute       source C:/Users/manug/AppData/Roaming/Xilinx/Vivado/cam_hash/duaL_one_memory_with_mux/.autopilot/db/top_function.compgen.dataonly.tcl 
Execute       source C:/Users/manug/AppData/Roaming/Xilinx/Vivado/cam_hash/duaL_one_memory_with_mux/.autopilot/db/global.setting.tcl 
Execute       ap_part_info -name xc7z020-clg484-1 -data names -quiet 
Execute       ap_part_info -name xc7z020-clg484-1 -data info -quiet 
Execute       source C:/Users/manug/AppData/Roaming/Xilinx/Vivado/cam_hash/duaL_one_memory_with_mux/.autopilot/db/top_function.constraint.tcl 
Execute       sc_get_clocks top_function 
Execute       ap_part_info -name xc7z020-clg484-1 -data names -quiet 
Execute       ap_part_info -name xc7z020-clg484-1 -data info -quiet 
Execute       source C:/Users/manug/AppData/Roaming/Xilinx/Vivado/cam_hash/duaL_one_memory_with_mux/.autopilot/db/global.setting.tcl 
Execute       get_config_debug -directory 
Execute       source C:/Users/manug/AppData/Roaming/Xilinx/Vivado/cam_hash/duaL_one_memory_with_mux/.autopilot/db/top_function_entry3.tbgen.tcl 
Execute       source C:/Users/manug/AppData/Roaming/Xilinx/Vivado/cam_hash/duaL_one_memory_with_mux/.autopilot/db/busqueda_cam.tbgen.tcl 
Execute       source C:/Users/manug/AppData/Roaming/Xilinx/Vivado/cam_hash/duaL_one_memory_with_mux/.autopilot/db/combinar.tbgen.tcl 
Execute       source C:/Users/manug/AppData/Roaming/Xilinx/Vivado/cam_hash/duaL_one_memory_with_mux/.autopilot/db/top_function.tbgen.tcl 
Execute       get_config_sdx -target 
Execute       get_config_sdx -profile 
Execute       get_config_rtl -kernel_profile 
Execute       get_config_rtl -stall_sig_gen 
Execute       get_config_rtl -profile 
INFO-FLOW: DBG:CMD: add_json_sdx_info kernel file does not exist, skipping opencl info: C:/Users/manug/AppData/Roaming/Xilinx/Vivado/cam_hash/duaL_one_memory_with_mux/.autopilot/db/kernel.internal.xml
INFO-FLOW: DBG:CMD:       delete-temp-dirs (skipped for debug)
INFO: [HLS 200-111] Finished generating all RTL models Time (s): cpu = 00:00:03 ; elapsed = 00:00:18 . Memory (MB): peak = 203.191 ; gain = 135.723
INFO: [VHDL 208-304] Generating VHDL RTL for top_function.
INFO: [VLOG 209-307] Generating Verilog RTL for top_function.
Command     autosyn done; 3.712 sec.
Command   csynth_design done; 15.279 sec.
Command ap_source done; 17.067 sec.
Execute cleanup_all 
INFO-FLOW: Workspace C:/Users/manug/AppData/Roaming/Xilinx/Vivado/cam_hash/duaL_one_memory_with_mux opened at Fri Jul 24 16:47:57 +0200 2020
Execute     config_clock -quiet -name default -period 10 -default=false 
INFO: [SYN 201-201] Setting up clock 'default' with a period of 10ns.
Execute     open_platform DefaultPlatform 
Execute     import_lib G:/Vivado/2019.1/common/technology/xilinx/zynq/zynq 
Execute       source G:/Vivado/2019.1/common/technology/xilinx/common/xilinx.lib 
Execute         source G:/Vivado/2019.1/common/technology/xilinx/interface/xilinx_interface.lib 
Execute           source G:/Vivado/2019.1/common/technology/xilinx/interface/plb46.lib 
Execute           source G:/Vivado/2019.1/common/technology/xilinx/interface/fsl.lib 
Execute           source G:/Vivado/2019.1/common/technology/xilinx/interface/axi4.lib 
Execute           source G:/Vivado/2019.1/common/technology/xilinx/interface/maxi.lib 
Execute           source G:/Vivado/2019.1/common/technology/xilinx/interface/saxilite.lib 
Execute         source G:/Vivado/2019.1/common/technology/xilinx/common/dsp48.lib 
Execute         source G:/Vivado/2019.1/common/technology/xilinx/ip/dds_compiler.lib 
Execute         source G:/Vivado/2019.1/common/technology/xilinx/ip/xfft.lib 
Execute         source G:/Vivado/2019.1/common/technology/xilinx/ip/xfir.lib 
Execute       source G:/Vivado/2019.1/common/technology/xilinx/common/xilinx.hlp 
Execute         source G:/Vivado/2019.1/common/technology/xilinx/common/target_info.tcl 
Execute         source G:/Vivado/2019.1/common/technology/xilinx/interface/xilinx_interface.hlp 
Execute           source G:/Vivado/2019.1/common/technology/xilinx/interface/maxi.hlp 
Execute           source G:/Vivado/2019.1/common/technology/xilinx/interface/saxilite.hlp 
Execute         source G:/Vivado/2019.1/common/technology/xilinx/common/dsp48.hlp 
Execute       source G:/Vivado/2019.1/common/technology/xilinx/zynq/dsp48e1.hlp 
Execute       source G:/Vivado/2019.1/common/technology/xilinx/common/xilinx.hlp 
Execute         source G:/Vivado/2019.1/common/technology/xilinx/common/target_info.tcl 
Execute         source G:/Vivado/2019.1/common/technology/xilinx/interface/xilinx_interface.hlp 
Execute           source G:/Vivado/2019.1/common/technology/xilinx/interface/maxi.hlp 
Execute           source G:/Vivado/2019.1/common/technology/xilinx/interface/saxilite.hlp 
Execute         source G:/Vivado/2019.1/common/technology/xilinx/common/dsp48.hlp 
Execute     source G:/Vivado/2019.1/common/technology/xilinx/zynq/zynq.gen 
Execute       source G:/Vivado/2019.1/common/technology/xilinx/common/xilinx.gen 
Execute         source G:/Vivado/2019.1/common/technology/xilinx/interface/plb46.gen 
Execute         source G:/Vivado/2019.1/common/technology/xilinx/interface/fsl.gen 
Execute         source G:/Vivado/2019.1/common/technology/xilinx/interface/axi4.gen 
Execute         source G:/Vivado/2019.1/common/technology/xilinx/interface/nativeAXI4.gen 
Execute           source G:/Vivado/2019.1/common/technology/xilinx/interface/saxilite.gen 
Execute           source G:/Vivado/2019.1/common/technology/xilinx/interface/maxi.gen 
Execute         source G:/Vivado/2019.1/common/technology/xilinx/scripts/xilinxcoregen.gen 
Execute         source G:/Vivado/2019.1/common/technology/xilinx/interface/XilEDKCoreGen.gen 
Execute         source G:/Vivado/2019.1/common/technology/xilinx/ip/dds_compiler.gen 
Execute         source G:/Vivado/2019.1/common/technology/xilinx/ip/util.gen 
Execute         source G:/Vivado/2019.1/common/technology/xilinx/ip/xfft.gen 
Execute         source G:/Vivado/2019.1/common/technology/xilinx/ip/xfir.gen 
Execute         source G:/Vivado/2019.1/common/technology/xilinx/common/dsp48.gen 
Command       ap_source done; 0.122 sec.
Command     ap_source done; 0.122 sec.
Execute     set_part xc7z020-clg484-1 
Execute       ap_part_info -name xc7z020-clg484-1 -data single -quiet 
Command       ap_part_info done; 0.69 sec.
Execute       ap_part_info -name xc7z020-clg484-1 -data info 
Execute       add_library xilinx/zynq/zynq:xc7z020:-clg484:-1 
Execute         get_default_platform 
Execute         license_isbetapart xc7z020 
Command         license_isbetapart done; error code: 1; 
Execute         ap_part_info -data single -name xc7z020-clg484-1 
Execute         ap_part_info -name xc7z020-clg484-1 -data resources 
Execute         ap_part_info -name xc7z020-clg484-1 -data info 
Execute         ap_part_info -name xc7z020-clg484-1 -data info 
Execute         config_chip_info -quiet -resource {SLICE 13300} {LUT 53200} {FF 106400} {DSP48E 220} {BRAM 280} {URAM 0} 
Execute         ap_part_info -name xc7z020-clg484-1 -data info 
Execute         config_chip_info -quiet -speed slow 
Execute       add_library xilinx/zynq/zynq_fpv6 
Execute         get_default_platform 
Execute         open_platform DefaultPlatform 
Execute         import_lib G:/Vivado/2019.1/common/technology/xilinx/zynq/zynq_fpv6 
Execute           source G:/Vivado/2019.1/common/technology/xilinx/common/xilinx_fp.lib 
Execute           source G:/Vivado/2019.1/common/technology/xilinx/common/xilinx_fp.hlp 
Execute             source G:/Vivado/2019.1/common/technology/xilinx/common/xilinx.hlp 
Execute               source G:/Vivado/2019.1/common/technology/xilinx/common/target_info.tcl 
Execute               source G:/Vivado/2019.1/common/technology/xilinx/interface/xilinx_interface.hlp 
Execute                 source G:/Vivado/2019.1/common/technology/xilinx/interface/maxi.hlp 
Execute                 source G:/Vivado/2019.1/common/technology/xilinx/interface/saxilite.hlp 
Execute               source G:/Vivado/2019.1/common/technology/xilinx/common/dsp48.hlp 
Execute         source G:/Vivado/2019.1/common/technology/xilinx/zynq/zynq_fpv6.gen 
Execute           source G:/Vivado/2019.1/common/technology/xilinx/common/xilinx_fp.gen 
INFO: [HLS 200-10] Setting target device to 'xc7z020-clg484-1'
Execute       ap_part_info -name xc7z020-clg484-1 -data info 
Execute       get_default_platform 
Command     set_part done; 0.823 sec.
Execute     ap_part_info -data single -name xc7z020-clg484-1 
Execute     ap_part_info -name xc7z020-clg484-1 -data resources 
Execute     ap_part_info -name xc7z020-clg484-1 -data info 
Execute     ap_part_info -name xc7z020-clg484-1 -data info 
Execute     config_chip_info -quiet -resource {SLICE 13300} {LUT 53200} {FF 106400} {DSP48E 220} {BRAM 280} {URAM 0} 
Execute     ap_part_info -name xc7z020-clg484-1 -data info 
Execute     config_chip_info -quiet -speed slow 
Command   open_solution done; 0.992 sec.
Execute   csim_design -quiet 
Execute     source C:/Users/manug/AppData/Roaming/Xilinx/Vivado/cam_hash/duaL_one_memory_with_mux/.autopilot/db/global.setting.tcl 
INFO: [SIM 211-2] *************** CSIM start ***************
INFO: [SIM 211-4] CSIM will launch GCC as the compiler.
Execute     source csim/.lst_opt.tcl 
Execute     is_encrypted C:/Users/manug/AppData/Roaming/Xilinx/Vivado/cam_hash/hls_tree_bfs_1024.txt 
Execute     is_xip C:/Users/manug/AppData/Roaming/Xilinx/Vivado/cam_hash/hls_tree_bfs_1024.txt 
Execute     is_encrypted C:/Users/manug/AppData/Roaming/Xilinx/Vivado/cam_hash/test_bench.cpp 
Execute     is_xip C:/Users/manug/AppData/Roaming/Xilinx/Vivado/cam_hash/test_bench.cpp 
Execute     is_encrypted C:/Users/manug/AppData/Roaming/Xilinx/Vivado/cam_hash/cam.cpp 
Execute     is_xip C:/Users/manug/AppData/Roaming/Xilinx/Vivado/cam_hash/cam.cpp 
Execute     is_encrypted C:/Users/manug/AppData/Roaming/Xilinx/Vivado/cam_hash/cam.h 
Execute     is_xip C:/Users/manug/AppData/Roaming/Xilinx/Vivado/cam_hash/cam.h 
Execute     ap_part_info -name xc7z020-clg484-1 -data info 
Execute     source run_sim.tcl 
Command     ap_source done; 0.186 sec.
INFO: [SIM 211-1] CSim done with 0 errors.
INFO: [SIM 211-3] *************** CSIM finish ***************
Command   csim_design done; 3.98 sec.
Command ap_source done; 4.981 sec.
Execute cleanup_all 
