

================================================================
== Vivado HLS Report for 'top_function'
================================================================
* Date:           Fri Jul 24 19:00:08 2020

* Version:        2019.1 (Build 2552052 on Fri May 24 15:28:33 MDT 2019)
* Project:        binarycam
* Solution:       solution1
* Product family: zynq
* Target device:  xc7z020-clg484-1


================================================================
== Performance Estimates
================================================================
+ Timing (ns): 
    * Summary: 
    +--------+-------+----------+------------+
    |  Clock | Target| Estimated| Uncertainty|
    +--------+-------+----------+------------+
    |ap_clk  |  10.00|     7.470|        1.25|
    +--------+-------+----------+------------+

+ Latency (clock cycles): 
    * Summary: 
    +-----+-----+-----+-----+----------+
    |  Latency  |  Interval | Pipeline |
    | min | max | min | max |   Type   |
    +-----+-----+-----+-----+----------+
    |    ?|    ?|    ?|    ?| dataflow |
    +-----+-----+-----+-----+----------+

    + Detail: 
        * Instance: 
        +-------------------------+----------------------+-----+-----+-----+-----+---------+
        |                         |                      |  Latency  |  Interval | Pipeline|
        |         Instance        |        Module        | min | max | min | max |   Type  |
        +-------------------------+----------------------+-----+-----+-----+-----+---------+
        |busqueda_cam_U0          |busqueda_cam          |    1|  259|    1|  259|   none  |
        |busqueda_cam_1_U0        |busqueda_cam_1        |    1|  259|    1|  259|   none  |
        |combinar_U0              |combinar              |    ?|    ?|    ?|    ?|   none  |
        |top_function_entry43_U0  |top_function_entry43  |    0|    0|    0|    0|   none  |
        |top_function_entry3_U0   |top_function_entry3   |    0|    0|    0|    0|   none  |
        +-------------------------+----------------------+-----+-----+-----+-----+---------+

        * Loop: 
        N/A



================================================================
== Utilization Estimates
================================================================
* Summary: 
+-----------------+---------+-------+--------+-------+-----+
|       Name      | BRAM_18K| DSP48E|   FF   |  LUT  | URAM|
+-----------------+---------+-------+--------+-------+-----+
|DSP              |        -|      -|       -|      -|    -|
|Expression       |        -|      -|       0|     46|    -|
|FIFO             |        0|      -|      69|    265|    -|
|Instance         |        -|      -|     258|   1100|    -|
|Memory           |        -|      -|       -|      -|    -|
|Multiplexer      |        -|      -|       -|     54|    -|
|Register         |        -|      -|       9|      -|    -|
+-----------------+---------+-------+--------+-------+-----+
|Total            |        0|      0|     336|   1465|    0|
+-----------------+---------+-------+--------+-------+-----+
|Available        |      280|    220|  106400|  53200|    0|
+-----------------+---------+-------+--------+-------+-----+
|Utilization (%)  |        0|      0|   ~0   |      2|    0|
+-----------------+---------+-------+--------+-------+-----+

+ Detail: 
    * Instance: 
    +-------------------------+----------------------+---------+-------+----+-----+-----+
    |         Instance        |        Module        | BRAM_18K| DSP48E| FF | LUT | URAM|
    +-------------------------+----------------------+---------+-------+----+-----+-----+
    |busqueda_cam_U0          |busqueda_cam          |        0|      0|  93|  380|    0|
    |busqueda_cam_1_U0        |busqueda_cam_1        |        0|      0|  94|  389|    0|
    |combinar_U0              |combinar              |        0|      0|  66|  192|    0|
    |top_function_entry3_U0   |top_function_entry3   |        0|      0|   3|   47|    0|
    |top_function_entry43_U0  |top_function_entry43  |        0|      0|   2|   92|    0|
    +-------------------------+----------------------+---------+-------+----+-----+-----+
    |Total                    |                      |        0|      0| 258| 1100|    0|
    +-------------------------+----------------------+---------+-------+----+-----+-----+

    * DSP48E: 
    N/A

    * Memory: 
    N/A

    * FIFO: 
    +---------------------+---------+---+----+-----+------+-----+---------+
    |         Name        | BRAM_18K| FF| LUT| URAM| Depth| Bits| Size:D*B|
    +---------------------+---------+---+----+-----+------+-----+---------+
    |fatherSearch_c3_U    |        0|  5|   0|    -|     2|    1|        2|
    |fatherSearch_c9_U    |        0|  5|   0|    -|     2|    1|        2|
    |fatherSearch_c_U     |        0|  5|   0|    -|     2|    1|        2|
    |in1_V_V_U            |        0|  6|   0|    -|     8|   11|       88|
    |in1b_V_V_U           |        0|  6|   0|    -|     8|   11|       88|
    |in2_V_V_U            |        0|  6|   0|    -|     8|   11|       88|
    |in2b_V_V_U           |        0|  6|   0|    -|     8|   11|       88|
    |nodo_V_c1_U          |        0|  5|   0|    -|     2|   11|       22|
    |nodo_V_c7_U          |        0|  5|   0|    -|     2|   11|       22|
    |nodo_V_c_U           |        0|  5|   0|    -|     2|   11|       22|
    |relationship_V_c2_U  |        0|  5|   0|    -|     2|    2|        4|
    |relationship_V_c8_U  |        0|  5|   0|    -|     2|    2|        4|
    |relationship_V_c_U   |        0|  5|   0|    -|     2|    2|        4|
    +---------------------+---------+---+----+-----+------+-----+---------+
    |Total                |        0| 69|   0|    0|    50|   86|      436|
    +---------------------+---------+---+----+-----+------+-----+---------+

    * Expression: 
    +-----------------------------------------+----------+-------+---+----+------------+------------+
    |              Variable Name              | Operation| DSP48E| FF| LUT| Bitwidth P0| Bitwidth P1|
    +-----------------------------------------+----------+-------+---+----+------------+------------+
    |busqueda_cam_1_U0_ap_ready_count         |     +    |      0|  0|  10|           2|           1|
    |busqueda_cam_U0_ap_ready_count           |     +    |      0|  0|  10|           2|           1|
    |top_function_entry3_U0_ap_ready_count    |     +    |      0|  0|  10|           2|           1|
    |ap_idle                                  |    and   |      0|  0|   2|           1|           1|
    |ap_sync_ready                            |    and   |      0|  0|   2|           1|           1|
    |busqueda_cam_1_U0_ap_start               |    and   |      0|  0|   2|           1|           1|
    |busqueda_cam_U0_ap_start                 |    and   |      0|  0|   2|           1|           1|
    |top_function_entry3_U0_ap_start          |    and   |      0|  0|   2|           1|           1|
    |ap_sync_busqueda_cam_1_U0_ap_ready       |    or    |      0|  0|   2|           1|           1|
    |ap_sync_busqueda_cam_U0_ap_ready         |    or    |      0|  0|   2|           1|           1|
    |ap_sync_top_function_entry3_U0_ap_ready  |    or    |      0|  0|   2|           1|           1|
    +-----------------------------------------+----------+-------+---+----+------------+------------+
    |Total                                    |          |      0|  0|  46|          14|          11|
    +-----------------------------------------+----------+-------+---+----+------------+------------+

    * Multiplexer: 
    +---------------------------------------------+----+-----------+-----+-----------+
    |                     Name                    | LUT| Input Size| Bits| Total Bits|
    +---------------------------------------------+----+-----------+-----+-----------+
    |ap_sync_reg_busqueda_cam_1_U0_ap_ready       |   9|          2|    1|          2|
    |ap_sync_reg_busqueda_cam_U0_ap_ready         |   9|          2|    1|          2|
    |ap_sync_reg_top_function_entry3_U0_ap_ready  |   9|          2|    1|          2|
    |busqueda_cam_1_U0_ap_ready_count             |   9|          2|    2|          4|
    |busqueda_cam_U0_ap_ready_count               |   9|          2|    2|          4|
    |top_function_entry3_U0_ap_ready_count        |   9|          2|    2|          4|
    +---------------------------------------------+----+-----------+-----+-----------+
    |Total                                        |  54|         12|    9|         18|
    +---------------------------------------------+----+-----------+-----+-----------+

    * Register: 
    +---------------------------------------------+---+----+-----+-----------+
    |                     Name                    | FF| LUT| Bits| Const Bits|
    +---------------------------------------------+---+----+-----+-----------+
    |ap_sync_reg_busqueda_cam_1_U0_ap_ready       |  1|   0|    1|          0|
    |ap_sync_reg_busqueda_cam_U0_ap_ready         |  1|   0|    1|          0|
    |ap_sync_reg_top_function_entry3_U0_ap_ready  |  1|   0|    1|          0|
    |busqueda_cam_1_U0_ap_ready_count             |  2|   0|    2|          0|
    |busqueda_cam_U0_ap_ready_count               |  2|   0|    2|          0|
    |top_function_entry3_U0_ap_ready_count        |  2|   0|    2|          0|
    +---------------------------------------------+---+----+-----+-----------+
    |Total                                        |  9|   0|    9|          0|
    +---------------------------------------------+---+----+-----+-----------+



================================================================
== Interface
================================================================
* Summary: 
+-------------------+-----+-----+------------+----------------+--------------+
|     RTL Ports     | Dir | Bits|  Protocol  |  Source Object |    C Type    |
+-------------------+-----+-----+------------+----------------+--------------+
|tree1_V_address0   | out |    9|  ap_memory |     tree1_V    |     array    |
|tree1_V_ce0        | out |    1|  ap_memory |     tree1_V    |     array    |
|tree1_V_d0         | out |   24|  ap_memory |     tree1_V    |     array    |
|tree1_V_q0         |  in |   24|  ap_memory |     tree1_V    |     array    |
|tree1_V_we0        | out |    1|  ap_memory |     tree1_V    |     array    |
|tree1_V_address1   | out |    9|  ap_memory |     tree1_V    |     array    |
|tree1_V_ce1        | out |    1|  ap_memory |     tree1_V    |     array    |
|tree1_V_d1         | out |   24|  ap_memory |     tree1_V    |     array    |
|tree1_V_q1         |  in |   24|  ap_memory |     tree1_V    |     array    |
|tree1_V_we1        | out |    1|  ap_memory |     tree1_V    |     array    |
|tree2_V_address0   | out |   10|  ap_memory |     tree2_V    |     array    |
|tree2_V_ce0        | out |    1|  ap_memory |     tree2_V    |     array    |
|tree2_V_d0         | out |   24|  ap_memory |     tree2_V    |     array    |
|tree2_V_q0         |  in |   24|  ap_memory |     tree2_V    |     array    |
|tree2_V_we0        | out |    1|  ap_memory |     tree2_V    |     array    |
|tree2_V_address1   | out |   10|  ap_memory |     tree2_V    |     array    |
|tree2_V_ce1        | out |    1|  ap_memory |     tree2_V    |     array    |
|tree2_V_d1         | out |   24|  ap_memory |     tree2_V    |     array    |
|tree2_V_q1         |  in |   24|  ap_memory |     tree2_V    |     array    |
|tree2_V_we1        | out |    1|  ap_memory |     tree2_V    |     array    |
|nodo_V             |  in |   11|   ap_none  |     nodo_V     |    scalar    |
|relationship_V     |  in |    2|   ap_none  | relationship_V |    scalar    |
|fatherSearch       |  in |    1|   ap_none  |  fatherSearch  |    scalar    |
|result_V_V_din     | out |   11|   ap_fifo  |   result_V_V   |    pointer   |
|result_V_V_full_n  |  in |    1|   ap_fifo  |   result_V_V   |    pointer   |
|result_V_V_write   | out |    1|   ap_fifo  |   result_V_V   |    pointer   |
|ap_clk             |  in |    1| ap_ctrl_hs |  top_function  | return value |
|ap_rst             |  in |    1| ap_ctrl_hs |  top_function  | return value |
|ap_start           |  in |    1| ap_ctrl_hs |  top_function  | return value |
|ap_done            | out |    1| ap_ctrl_hs |  top_function  | return value |
|ap_ready           | out |    1| ap_ctrl_hs |  top_function  | return value |
|ap_idle            | out |    1| ap_ctrl_hs |  top_function  | return value |
+-------------------+-----+-----+------------+----------------+--------------+

