

================================================================
== Vivado HLS Report for 'top_function'
================================================================
* Date:           Fri Jul 24 18:41:39 2020

* Version:        2019.1 (Build 2552052 on Fri May 24 15:28:33 MDT 2019)
* Project:        cam_simple
* Solution:       binaria_normal_optimizada
* Product family: zynq
* Target device:  xc7z020-clg484-1


================================================================
== Performance Estimates
================================================================
+ Timing (ns): 
    * Summary: 
    +--------+-------+----------+------------+
    |  Clock | Target| Estimated| Uncertainty|
    +--------+-------+----------+------------+
    |ap_clk  |  10.00|     7.090|        1.25|
    +--------+-------+----------+------------+

+ Latency (clock cycles): 
    * Summary: 
    +-----+------+-----+------+---------+
    |   Latency  |  Interval  | Pipeline|
    | min |  max | min |  max |   Type  |
    +-----+------+-----+------+---------+
    |    2|  1028|    2|  1028|   none  |
    +-----+------+-----+------+---------+

    + Detail: 
        * Instance: 
        +------------------------+--------------+-----+------+-----+------+---------+
        |                        |              |   Latency  |  Interval  | Pipeline|
        |        Instance        |    Module    | min |  max | min |  max |   Type  |
        +------------------------+--------------+-----+------+-----+------+---------+
        |grp_busqueda_cam_fu_64  |busqueda_cam  |    1|  1027|    1|  1027|   none  |
        +------------------------+--------------+-----+------+-----+------+---------+

        * Loop: 
        N/A



================================================================
== Utilization Estimates
================================================================
* Summary: 
+-----------------+---------+-------+--------+-------+-----+
|       Name      | BRAM_18K| DSP48E|   FF   |  LUT  | URAM|
+-----------------+---------+-------+--------+-------+-----+
|DSP              |        -|      -|       -|      -|    -|
|Expression       |        -|      -|       -|      -|    -|
|FIFO             |        -|      -|       -|      -|    -|
|Instance         |        -|      -|     106|    317|    -|
|Memory           |        -|      -|       -|      -|    -|
|Multiplexer      |        -|      -|       -|     24|    -|
|Register         |        -|      -|       3|      -|    -|
+-----------------+---------+-------+--------+-------+-----+
|Total            |        0|      0|     109|    341|    0|
+-----------------+---------+-------+--------+-------+-----+
|Available        |      280|    220|  106400|  53200|    0|
+-----------------+---------+-------+--------+-------+-----+
|Utilization (%)  |        0|      0|   ~0   |   ~0  |    0|
+-----------------+---------+-------+--------+-------+-----+

+ Detail: 
    * Instance: 
    +------------------------+--------------+---------+-------+-----+-----+-----+
    |        Instance        |    Module    | BRAM_18K| DSP48E|  FF | LUT | URAM|
    +------------------------+--------------+---------+-------+-----+-----+-----+
    |grp_busqueda_cam_fu_64  |busqueda_cam  |        0|      0|  106|  317|    0|
    +------------------------+--------------+---------+-------+-----+-----+-----+
    |Total                   |              |        0|      0|  106|  317|    0|
    +------------------------+--------------+---------+-------+-----+-----+-----+

    * DSP48E: 
    N/A

    * Memory: 
    N/A

    * FIFO: 
    N/A

    * Expression: 
    N/A

    * Multiplexer: 
    +------------------+----+-----------+-----+-----------+
    |       Name       | LUT| Input Size| Bits| Total Bits|
    +------------------+----+-----------+-----+-----------+
    |ap_NS_fsm         |  15|          3|    1|          3|
    |result_V_V_write  |   9|          2|    1|          2|
    +------------------+----+-----------+-----+-----------+
    |Total             |  24|          5|    2|          5|
    +------------------+----+-----------+-----+-----------+

    * Register: 
    +-------------------------------------+---+----+-----+-----------+
    |                 Name                | FF| LUT| Bits| Const Bits|
    +-------------------------------------+---+----+-----+-----------+
    |ap_CS_fsm                            |  2|   0|    2|          0|
    |grp_busqueda_cam_fu_64_ap_start_reg  |  1|   0|    1|          0|
    +-------------------------------------+---+----+-----+-----------+
    |Total                                |  3|   0|    3|          0|
    +-------------------------------------+---+----+-----+-----------+



================================================================
== Interface
================================================================
* Summary: 
+-------------------+-----+-----+------------+----------------+--------------+
|     RTL Ports     | Dir | Bits|  Protocol  |  Source Object |    C Type    |
+-------------------+-----+-----+------------+----------------+--------------+
|ap_clk             |  in |    1| ap_ctrl_hs |  top_function  | return value |
|ap_rst             |  in |    1| ap_ctrl_hs |  top_function  | return value |
|ap_start           |  in |    1| ap_ctrl_hs |  top_function  | return value |
|ap_done            | out |    1| ap_ctrl_hs |  top_function  | return value |
|ap_idle            | out |    1| ap_ctrl_hs |  top_function  | return value |
|ap_ready           | out |    1| ap_ctrl_hs |  top_function  | return value |
|tree_V_address0    | out |   10|  ap_memory |     tree_V     |     array    |
|tree_V_ce0         | out |    1|  ap_memory |     tree_V     |     array    |
|tree_V_q0          |  in |   24|  ap_memory |     tree_V     |     array    |
|tree_V_address1    | out |   10|  ap_memory |     tree_V     |     array    |
|tree_V_ce1         | out |    1|  ap_memory |     tree_V     |     array    |
|tree_V_q1          |  in |   24|  ap_memory |     tree_V     |     array    |
|nodo_V             |  in |   11|   ap_none  |     nodo_V     |    scalar    |
|relationship_V     |  in |    2|   ap_none  | relationship_V |    scalar    |
|fatherSearch       |  in |    1|   ap_none  |  fatherSearch  |    scalar    |
|result_V_V_din     | out |   11|   ap_fifo  |   result_V_V   |    pointer   |
|result_V_V_full_n  |  in |    1|   ap_fifo  |   result_V_V   |    pointer   |
|result_V_V_write   | out |    1|   ap_fifo  |   result_V_V   |    pointer   |
+-------------------+-----+-----+------------+----------------+--------------+

============================================================
+ Verbose Summary: Synthesis Manager
============================================================
InlineROM: 1
ExposeGlobal: 0
============================================================
+ Verbose Summary: CDFG Model
============================================================
IsTopModel: 1
ResetActiveHigh: 1
IsCombinational: 2
IsDatapathOnly: 2
HasWiredReturn: 1
HasMFsm: 0
HasVarLatency: 1
IsPipeline: 0
IsRtlPipelined: 0
IsInstanceOverlapped: 0
IsDontTouch: 0
HasImplIP: 0
IsGatedGlobalClock: 0


============================================================
+ Verbose Summary: Schedule
============================================================
* Number of FSM states : 2
* Pipeline : 0
* Dataflow Pipeline: 0

* FSM state transitions: 
1 --> 2 
2 --> 

* FSM state operations: 

State 1 <SV = 0> <Delay = 2.85>
ST_1 : Operation 3 [1/1] (0.00ns)   --->   "%fatherSearch_read = call i1 @_ssdm_op_Read.ap_auto.i1(i1 %fatherSearch)" [cam_simple/cam.cpp:7]   --->   Operation 3 'read' 'fatherSearch_read' <Predicate = true> <Delay = 0.00>
ST_1 : Operation 4 [1/1] (0.00ns)   --->   "%relationship_V_read = call i2 @_ssdm_op_Read.ap_auto.i2(i2 %relationship_V)" [cam_simple/cam.cpp:7]   --->   Operation 4 'read' 'relationship_V_read' <Predicate = true> <Delay = 0.00>
ST_1 : Operation 5 [1/1] (0.00ns)   --->   "%nodo_V_read = call i11 @_ssdm_op_Read.ap_auto.i11(i11 %nodo_V)" [cam_simple/cam.cpp:7]   --->   Operation 5 'read' 'nodo_V_read' <Predicate = true> <Delay = 0.00>
ST_1 : Operation 6 [2/2] (2.85ns)   --->   "call fastcc void @busqueda_cam([1024 x i24]* %tree_V, i11 %nodo_V_read, i2 %relationship_V_read, i1 %fatherSearch_read, i11* %result_V_V)" [cam_simple/cam.cpp:8]   --->   Operation 6 'call' <Predicate = true> <Delay = 2.85> <CoreType = "Generic">   --->   Core 0 '' <Latency = 0> <II = 1> <Delay = 1.00> <Generic> <Opcode : >

State 2 <SV = 1> <Delay = 0.00>
ST_2 : Operation 7 [1/1] (0.00ns)   --->   "%empty = call i32 (...)* @_ssdm_op_SpecInterface(i11* %result_V_V, [8 x i8]* @ap_fifo_str, i32 0, i32 0, [1 x i8]* @p_str18, i32 0, i32 0, [1 x i8]* @p_str19, [1 x i8]* @p_str20, [1 x i8]* @p_str21, i32 2, i32 2, i32 16, i32 16, [1 x i8]* @p_str22, [1 x i8]* @p_str23)"   --->   Operation 7 'specinterface' 'empty' <Predicate = true> <Delay = 0.00>
ST_2 : Operation 8 [1/1] (0.00ns)   --->   "call void (...)* @_ssdm_op_SpecBitsMap([1024 x i24]* %tree_V), !map !54"   --->   Operation 8 'specbitsmap' <Predicate = true> <Delay = 0.00>
ST_2 : Operation 9 [1/1] (0.00ns)   --->   "call void (...)* @_ssdm_op_SpecBitsMap(i11 %nodo_V), !map !60"   --->   Operation 9 'specbitsmap' <Predicate = true> <Delay = 0.00>
ST_2 : Operation 10 [1/1] (0.00ns)   --->   "call void (...)* @_ssdm_op_SpecBitsMap(i2 %relationship_V), !map !66"   --->   Operation 10 'specbitsmap' <Predicate = true> <Delay = 0.00>
ST_2 : Operation 11 [1/1] (0.00ns)   --->   "call void (...)* @_ssdm_op_SpecBitsMap(i1 %fatherSearch), !map !70"   --->   Operation 11 'specbitsmap' <Predicate = true> <Delay = 0.00>
ST_2 : Operation 12 [1/1] (0.00ns)   --->   "call void (...)* @_ssdm_op_SpecBitsMap(i11* %result_V_V), !map !74"   --->   Operation 12 'specbitsmap' <Predicate = true> <Delay = 0.00>
ST_2 : Operation 13 [1/1] (0.00ns)   --->   "call void (...)* @_ssdm_op_SpecTopModule([13 x i8]* @top_function_str) nounwind"   --->   Operation 13 'spectopmodule' <Predicate = true> <Delay = 0.00>
ST_2 : Operation 14 [1/2] (0.00ns)   --->   "call fastcc void @busqueda_cam([1024 x i24]* %tree_V, i11 %nodo_V_read, i2 %relationship_V_read, i1 %fatherSearch_read, i11* %result_V_V)" [cam_simple/cam.cpp:8]   --->   Operation 14 'call' <Predicate = true> <Delay = 0.00> <CoreType = "Generic">   --->   Core 0 '' <Latency = 0> <II = 1> <Delay = 1.00> <Generic> <Opcode : >
ST_2 : Operation 15 [1/1] (0.00ns)   --->   "ret void" [cam_simple/cam.cpp:9]   --->   Operation 15 'ret' <Predicate = true> <Delay = 0.00>


============================================================
+ Verbose Summary: Binding
============================================================
STG Binding: 
---------------- STG Properties BEGIN ----------------
- Is combinational: 0
- Is one-state seq: 0
- Is datapath-only: 0
- Is pipelined: 0
- Is top level: 1
Port [ Return ] is wired: 1; IO mode=ap_ctrl_hs:ce=0
Port [ tree_V]:  wired=1; compound=1; hidden=0; nouse=0; global=0; static=0; extern=0; dir=0; type=1; pingpong=0; private_global=0; MemPort=[11]; IO mode=ap_memory:ce=0
Port [ nodo_V]:  wired=1; compound=0; hidden=0; nouse=0; global=0; static=0; extern=0; dir=0; type=0; pingpong=0; private_global=0; IO mode=ap_none:ce=0
Port [ relationship_V]:  wired=1; compound=0; hidden=0; nouse=0; global=0; static=0; extern=0; dir=0; type=0; pingpong=0; private_global=0; IO mode=ap_none:ce=0
Port [ fatherSearch]:  wired=1; compound=0; hidden=0; nouse=0; global=0; static=0; extern=0; dir=0; type=0; pingpong=0; private_global=0; IO mode=ap_none:ce=0
Port [ result_V_V]:  wired=1; compound=1; hidden=0; nouse=0; global=0; static=0; extern=0; dir=1; type=3; pingpong=0; private_global=0; IO mode=ap_fifo:ce=0
---------------- STG Properties END ------------------

---------------- Datapath Model BEGIN ----------------

<LifeTime>
<method=bitvector/>
fatherSearch_read   (read         ) [ 001]
relationship_V_read (read         ) [ 001]
nodo_V_read         (read         ) [ 001]
empty               (specinterface) [ 000]
specbitsmap_ln0     (specbitsmap  ) [ 000]
specbitsmap_ln0     (specbitsmap  ) [ 000]
specbitsmap_ln0     (specbitsmap  ) [ 000]
specbitsmap_ln0     (specbitsmap  ) [ 000]
specbitsmap_ln0     (specbitsmap  ) [ 000]
spectopmodule_ln0   (spectopmodule) [ 000]
call_ln8            (call         ) [ 000]
ret_ln9             (ret          ) [ 000]
</LifeTime>

<model>

<comp_list>
<comp id="0" class="1000" name="tree_V">
<pin_list>
<pin id="1" dir="1" index="0" bw="1" slack="0"/>
</pin_list>
<bind>
<StgValue><ssdm name="tree_V"/><MemPortTyVec>1 1 </MemPortTyVec>
</StgValue>
</bind>
</comp>

<comp id="2" class="1000" name="nodo_V">
<pin_list>
<pin id="3" dir="1" index="0" bw="1" slack="0"/>
</pin_list>
<bind>
<StgValue><ssdm name="nodo_V"/></StgValue>
</bind>
</comp>

<comp id="4" class="1000" name="relationship_V">
<pin_list>
<pin id="5" dir="1" index="0" bw="1" slack="0"/>
</pin_list>
<bind>
<StgValue><ssdm name="relationship_V"/></StgValue>
</bind>
</comp>

<comp id="6" class="1000" name="fatherSearch">
<pin_list>
<pin id="7" dir="1" index="0" bw="1" slack="0"/>
</pin_list>
<bind>
<StgValue><ssdm name="fatherSearch"/></StgValue>
</bind>
</comp>

<comp id="8" class="1000" name="result_V_V">
<pin_list>
<pin id="9" dir="1" index="0" bw="1" slack="0"/>
</pin_list>
<bind>
<StgValue><ssdm name="result_V_V"/></StgValue>
</bind>
</comp>

<comp id="10" class="1001" name="const_10">
<pin_list>
<pin id="11" dir="1" index="0" bw="1" slack="0"/>
</pin_list>
<bind>
<StgValue><ssdm name="_ssdm_op_Read.ap_auto.i1"/></StgValue>
</bind>
</comp>

<comp id="12" class="1001" name="const_12">
<pin_list>
<pin id="13" dir="1" index="0" bw="1" slack="0"/>
</pin_list>
<bind>
<StgValue><ssdm name="_ssdm_op_Read.ap_auto.i2"/></StgValue>
</bind>
</comp>

<comp id="14" class="1001" name="const_14">
<pin_list>
<pin id="15" dir="1" index="0" bw="1" slack="0"/>
</pin_list>
<bind>
<StgValue><ssdm name="_ssdm_op_Read.ap_auto.i11"/></StgValue>
</bind>
</comp>

<comp id="16" class="1001" name="const_16">
<pin_list>
<pin id="17" dir="1" index="0" bw="1" slack="0"/>
</pin_list>
<bind>
<StgValue><ssdm name="busqueda_cam"/></StgValue>
</bind>
</comp>

<comp id="18" class="1001" name="const_18">
<pin_list>
<pin id="19" dir="1" index="0" bw="1" slack="2147483647"/>
</pin_list>
<bind>
<StgValue><ssdm name="_ssdm_op_SpecInterface"/></StgValue>
</bind>
</comp>

<comp id="20" class="1001" name="const_20">
<pin_list>
<pin id="21" dir="1" index="0" bw="1" slack="2147483647"/>
</pin_list>
<bind>
<StgValue><ssdm name="ap_fifo_str"/></StgValue>
</bind>
</comp>

<comp id="22" class="1001" name="const_22">
<pin_list>
<pin id="23" dir="1" index="0" bw="1" slack="2147483647"/>
</pin_list>
<bind>
<StgValue><ssdm name=""/></StgValue>
</bind>
</comp>

<comp id="24" class="1001" name="const_24">
<pin_list>
<pin id="25" dir="1" index="0" bw="1" slack="2147483647"/>
</pin_list>
<bind>
<StgValue><ssdm name="p_str18"/></StgValue>
</bind>
</comp>

<comp id="26" class="1001" name="const_26">
<pin_list>
<pin id="27" dir="1" index="0" bw="1" slack="2147483647"/>
</pin_list>
<bind>
<StgValue><ssdm name="p_str19"/></StgValue>
</bind>
</comp>

<comp id="28" class="1001" name="const_28">
<pin_list>
<pin id="29" dir="1" index="0" bw="1" slack="2147483647"/>
</pin_list>
<bind>
<StgValue><ssdm name="p_str20"/></StgValue>
</bind>
</comp>

<comp id="30" class="1001" name="const_30">
<pin_list>
<pin id="31" dir="1" index="0" bw="1" slack="2147483647"/>
</pin_list>
<bind>
<StgValue><ssdm name="p_str21"/></StgValue>
</bind>
</comp>

<comp id="32" class="1001" name="const_32">
<pin_list>
<pin id="33" dir="1" index="0" bw="1" slack="2147483647"/>
</pin_list>
<bind>
<StgValue><ssdm name=""/></StgValue>
</bind>
</comp>

<comp id="34" class="1001" name="const_34">
<pin_list>
<pin id="35" dir="1" index="0" bw="1" slack="2147483647"/>
</pin_list>
<bind>
<StgValue><ssdm name=""/></StgValue>
</bind>
</comp>

<comp id="36" class="1001" name="const_36">
<pin_list>
<pin id="37" dir="1" index="0" bw="1" slack="2147483647"/>
</pin_list>
<bind>
<StgValue><ssdm name="p_str22"/></StgValue>
</bind>
</comp>

<comp id="38" class="1001" name="const_38">
<pin_list>
<pin id="39" dir="1" index="0" bw="1" slack="2147483647"/>
</pin_list>
<bind>
<StgValue><ssdm name="p_str23"/></StgValue>
</bind>
</comp>

<comp id="40" class="1001" name="const_40">
<pin_list>
<pin id="41" dir="1" index="0" bw="1" slack="2147483647"/>
</pin_list>
<bind>
<StgValue><ssdm name="_ssdm_op_SpecBitsMap"/></StgValue>
</bind>
</comp>

<comp id="42" class="1001" name="const_42">
<pin_list>
<pin id="43" dir="1" index="0" bw="1" slack="2147483647"/>
</pin_list>
<bind>
<StgValue><ssdm name="_ssdm_op_SpecTopModule"/></StgValue>
</bind>
</comp>

<comp id="44" class="1001" name="const_44">
<pin_list>
<pin id="45" dir="1" index="0" bw="1" slack="2147483647"/>
</pin_list>
<bind>
<StgValue><ssdm name="top_function_str"/></StgValue>
</bind>
</comp>

<comp id="46" class="1004" name="fatherSearch_read_read_fu_46">
<pin_list>
<pin id="47" dir="0" index="0" bw="1" slack="0"/>
<pin id="48" dir="0" index="1" bw="1" slack="0"/>
<pin id="49" dir="1" index="2" bw="1" slack="0"/>
</pin_list>
<bind>
<opcode="read(1150) " fcode="read"/>
<opset="fatherSearch_read/1 "/>
</bind>
</comp>

<comp id="52" class="1004" name="relationship_V_read_read_fu_52">
<pin_list>
<pin id="53" dir="0" index="0" bw="2" slack="0"/>
<pin id="54" dir="0" index="1" bw="2" slack="0"/>
<pin id="55" dir="1" index="2" bw="2" slack="0"/>
</pin_list>
<bind>
<opcode="read(1150) " fcode="read"/>
<opset="relationship_V_read/1 "/>
</bind>
</comp>

<comp id="58" class="1004" name="nodo_V_read_read_fu_58">
<pin_list>
<pin id="59" dir="0" index="0" bw="11" slack="0"/>
<pin id="60" dir="0" index="1" bw="11" slack="0"/>
<pin id="61" dir="1" index="2" bw="11" slack="0"/>
</pin_list>
<bind>
<opcode="read(1150) " fcode="read"/>
<opset="nodo_V_read/1 "/>
</bind>
</comp>

<comp id="64" class="1004" name="grp_busqueda_cam_fu_64">
<pin_list>
<pin id="65" dir="0" index="0" bw="0" slack="0"/>
<pin id="66" dir="0" index="1" bw="24" slack="0"/>
<pin id="67" dir="0" index="2" bw="11" slack="0"/>
<pin id="68" dir="0" index="3" bw="2" slack="0"/>
<pin id="69" dir="0" index="4" bw="1" slack="0"/>
<pin id="70" dir="0" index="5" bw="11" slack="0"/>
<pin id="71" dir="1" index="6" bw="0" slack="2147483647"/>
</pin_list>
<bind>
<opcode="call(48) " fcode="call"/>
<opset="call_ln8/1 "/>
</bind>
</comp>

<comp id="78" class="1005" name="fatherSearch_read_reg_78">
<pin_list>
<pin id="79" dir="0" index="0" bw="1" slack="1"/>
<pin id="80" dir="1" index="1" bw="1" slack="1"/>
</pin_list>
<bind>
<opset="fatherSearch_read "/>
</bind>
</comp>

<comp id="83" class="1005" name="relationship_V_read_reg_83">
<pin_list>
<pin id="84" dir="0" index="0" bw="2" slack="1"/>
<pin id="85" dir="1" index="1" bw="2" slack="1"/>
</pin_list>
<bind>
<opset="relationship_V_read "/>
</bind>
</comp>

<comp id="88" class="1005" name="nodo_V_read_reg_88">
<pin_list>
<pin id="89" dir="0" index="0" bw="11" slack="1"/>
<pin id="90" dir="1" index="1" bw="11" slack="1"/>
</pin_list>
<bind>
<opset="nodo_V_read "/>
</bind>
</comp>

</comp_list>

<net_list>
<net id="50"><net_src comp="10" pin="0"/><net_sink comp="46" pin=0"/></net>

<net id="51"><net_src comp="6" pin="0"/><net_sink comp="46" pin=1"/></net>

<net id="56"><net_src comp="12" pin="0"/><net_sink comp="52" pin=0"/></net>

<net id="57"><net_src comp="4" pin="0"/><net_sink comp="52" pin=1"/></net>

<net id="62"><net_src comp="14" pin="0"/><net_sink comp="58" pin=0"/></net>

<net id="63"><net_src comp="2" pin="0"/><net_sink comp="58" pin=1"/></net>

<net id="72"><net_src comp="16" pin="0"/><net_sink comp="64" pin=0"/></net>

<net id="73"><net_src comp="0" pin="0"/><net_sink comp="64" pin=1"/></net>

<net id="74"><net_src comp="58" pin="2"/><net_sink comp="64" pin=2"/></net>

<net id="75"><net_src comp="52" pin="2"/><net_sink comp="64" pin=3"/></net>

<net id="76"><net_src comp="46" pin="2"/><net_sink comp="64" pin=4"/></net>

<net id="77"><net_src comp="8" pin="0"/><net_sink comp="64" pin=5"/></net>

<net id="81"><net_src comp="46" pin="2"/><net_sink comp="78" pin=0"/></net>

<net id="82"><net_src comp="78" pin="1"/><net_sink comp="64" pin=4"/></net>

<net id="86"><net_src comp="52" pin="2"/><net_sink comp="83" pin=0"/></net>

<net id="87"><net_src comp="83" pin="1"/><net_sink comp="64" pin=3"/></net>

<net id="91"><net_src comp="58" pin="2"/><net_sink comp="88" pin=0"/></net>

<net id="92"><net_src comp="88" pin="1"/><net_sink comp="64" pin=2"/></net>

</net_list>

</model> 
---------------- Datapath Model END ------------------

* FSMD analyzer results:
  - Output states:
	Port: result_V_V | {1 2 }
 - Input state : 
	Port: top_function : tree_V | {1 2 }
	Port: top_function : nodo_V | {1 }
	Port: top_function : relationship_V | {1 }
	Port: top_function : fatherSearch | {1 }
  - Chain level:
	State 1
	State 2


============================================================
+ Verbose Summary: Datapath Resource usage 
============================================================

* Functional unit list:
|----------|--------------------------------|---------|---------|---------|
| Operation|         Functional Unit        |  Delay  |    FF   |   LUT   |
|----------|--------------------------------|---------|---------|---------|
|   call   |     grp_busqueda_cam_fu_64     | 9.16525 |   148   |   196   |
|----------|--------------------------------|---------|---------|---------|
|          |  fatherSearch_read_read_fu_46  |    0    |    0    |    0    |
|   read   | relationship_V_read_read_fu_52 |    0    |    0    |    0    |
|          |     nodo_V_read_read_fu_58     |    0    |    0    |    0    |
|----------|--------------------------------|---------|---------|---------|
|   Total  |                                | 9.16525 |   148   |   196   |
|----------|--------------------------------|---------|---------|---------|

Memories:
N/A

* Register list:
+--------------------------+--------+
|                          |   FF   |
+--------------------------+--------+
| fatherSearch_read_reg_78 |    1   |
|    nodo_V_read_reg_88    |   11   |
|relationship_V_read_reg_83|    2   |
+--------------------------+--------+
|           Total          |   14   |
+--------------------------+--------+

* Multiplexer (MUX) list: 
|------------------------|------|------|------|--------||---------||---------|
|          Comp          |  Pin | Size |  BW  | S x BW ||  Delay  ||   LUT   |
|------------------------|------|------|------|--------||---------||---------|
| grp_busqueda_cam_fu_64 |  p2  |   2  |  11  |   22   ||    9    |
| grp_busqueda_cam_fu_64 |  p3  |   2  |   2  |    4   ||    9    |
| grp_busqueda_cam_fu_64 |  p4  |   2  |   1  |    2   ||    9    |
|------------------------|------|------|------|--------||---------||---------|
|          Total         |      |      |      |   28   ||  5.307  ||    27   |
|------------------------|------|------|------|--------||---------||---------|



* Summary:
+-----------+--------+--------+--------+
|           |  Delay |   FF   |   LUT  |
+-----------+--------+--------+--------+
|  Function |    9   |   148  |   196  |
|   Memory  |    -   |    -   |    -   |
|Multiplexer|    5   |    -   |   27   |
|  Register |    -   |   14   |    -   |
+-----------+--------+--------+--------+
|   Total   |   14   |   162  |   223  |
+-----------+--------+--------+--------+
