FICHERO DE ENTRADA CON NUMERO DE DATOS 1024 BUSQUEDA 1
0 Arco leído: 8200
1 Arco leído: 16396
2 Arco leído: 16400
3 Arco leído: 16404
4 Arco leído: 24600
5 Arco leído: 24604
6 Arco leído: 32800
7 Arco leído: 40996
8 Arco leído: 41000
9 Arco leído: 49196
10 Arco leído: 49200
11 Arco leído: 57396
12 Arco leído: 57400
13 Arco leído: 57404
14 Arco leído: 65600
15 Arco leído: 65604
16 Arco leído: 73800
17 Arco leído: 81996
18 Arco leído: 90192
19 Arco leído: 98388
20 Arco leído: 98392
21 Arco leído: 98396
22 Arco leído: 106592
23 Arco leído: 114788
24 Arco leído: 114792
25 Arco leído: 114796
26 Arco leído: 131184
27 Arco leído: 131188
28 Arco leído: 131192
29 Arco leído: 139388
30 Arco leído: 147584
31 Arco leído: 155780
32 Arco leído: 163976
33 Arco leído: 172172
34 Arco leído: 180368
35 Arco leído: 188564
36 Arco leído: 188568
37 Arco leído: 196764
38 Arco leído: 196768
39 Arco leído: 204964
40 Arco leído: 204968
41 Arco leído: 204972
42 Arco leído: 213168
43 Arco leído: 221364
44 Arco leído: 229560
45 Arco leído: 229564
46 Arco leído: 229568
47 Arco leído: 237764
48 Arco leído: 254152
49 Arco leído: 270540
50 Arco leído: 295120
51 Arco leído: 295124
52 Arco leído: 303320
53 Arco leído: 311516
54 Arco leído: 319712
55 Arco leído: 319716
56 Arco leído: 327912
57 Arco leído: 327916
58 Arco leído: 336112
59 Arco leído: 336116
60 Arco leído: 344312
61 Arco leído: 344316
62 Arco leído: 344320
63 Arco leído: 352516
64 Arco leído: 352520
65 Arco leído: 360716
66 Arco leído: 377104
67 Arco leído: 377108
68 Arco leído: 377112
69 Arco leído: 385308
70 Arco leído: 385312
71 Arco leído: 385316
72 Arco leído: 409896
73 Arco leído: 418092
74 Arco leído: 426288
75 Arco leído: 434484
76 Arco leído: 442680
77 Arco leído: 459068
78 Arco leído: 467264
79 Arco leído: 467268
80 Arco leído: 475464
81 Arco leído: 483660
82 Arco leído: 491856
83 Arco leído: 500052
84 Arco leído: 508248
85 Arco leído: 516444
86 Arco leído: 516448
87 Arco leído: 516452
88 Arco leído: 524648
89 Arco leído: 557420
90 Arco leído: 565616
91 Arco leído: 565620
92 Arco leído: 565624
93 Arco leído: 582012
94 Arco leído: 582016
95 Arco leído: 590212
96 Arco leído: 590216
97 Arco leído: 590220
98 Arco leído: 606608
99 Arco leído: 614804
100 Arco leído: 614808
101 Arco leído: 623004
102 Arco leído: 623008
103 Arco leído: 631204
104 Arco leído: 639400
105 Arco leído: 655788
106 Arco leído: 663984
107 Arco leído: 672180
108 Arco leído: 680376
109 Arco leído: 696764
110 Arco leído: 696768
111 Arco leído: 704964
112 Arco leído: 713160
113 Arco leído: 713164
114 Arco leído: 721360
115 Arco leído: 729556
116 Arco leído: 737752
117 Arco leído: 745948
118 Arco leído: 754144
119 Arco leído: 754148
120 Arco leído: 754152
121 Arco leído: 762348
122 Arco leído: 770544
123 Arco leído: 770548
124 Arco leído: 778744
125 Arco leído: 786940
126 Arco leído: 795136
127 Arco leído: 795140
128 Arco leído: 803336
129 Arco leído: 803340
130 Arco leído: 819728
131 Arco leído: 827924
132 Arco leído: 827928
133 Arco leído: 844316
134 Arco leído: 844320
135 Arco leído: 852516
136 Arco leído: 852520
137 Arco leído: 868908
138 Arco leído: 868912
139 Arco leído: 877108
140 Arco leído: 885304
141 Arco leído: 885308
142 Arco leído: 893504
143 Arco leído: 901700
144 Arco leído: 901704
145 Arco leído: 918092
146 Arco leído: 918096
147 Arco leído: 934484
148 Arco leído: 942680
149 Arco leído: 942684
150 Arco leído: 959072
151 Arco leído: 959076
152 Arco leído: 983656
153 Arco leído: 983660
154 Arco leído: 983664
155 Arco leído: 991860
156 Arco leído: 991864
157 Arco leído: 1000060
158 Arco leído: 1016448
159 Arco leído: 1024644
160 Arco leído: 1041032
161 Arco leído: 1049228
162 Arco leído: 1065616
163 Arco leído: 1073812
164 Arco leído: 1073816
165 Arco leído: 1082012
166 Arco leído: 1082016
167 Arco leído: 1098404
168 Arco leído: 1098408
169 Arco leído: 1114796
170 Arco leído: 1114800
171 Arco leído: 1122996
172 Arco leído: 1123000
173 Arco leído: 1131196
174 Arco leído: 1131200
175 Arco leído: 1147588
176 Arco leído: 1163976
177 Arco leído: 1163980
178 Arco leído: 1172176
179 Arco leído: 1188564
180 Arco leído: 1204952
181 Arco leído: 1204956
182 Arco leído: 1213152
183 Arco leído: 1221348
184 Arco leído: 1229544
185 Arco leído: 1229548
186 Arco leído: 1237744
187 Arco leído: 1237748
188 Arco leído: 1245944
189 Arco leído: 1262332
190 Arco leído: 1262336
191 Arco leído: 1270532
192 Arco leído: 1278728
193 Arco leído: 1278732
194 Arco leído: 1286928
195 Arco leído: 1286932
196 Arco leído: 1303320
197 Arco leído: 1336092
198 Arco leído: 1336096
199 Arco leído: 1344292
200 Arco leído: 1344296
201 Arco leído: 1352492
202 Arco leído: 1377072
203 Arco leído: 1385268
204 Arco leído: 1385272
205 Arco leído: 1401660
206 Arco leído: 1401664
207 Arco leído: 1418052
208 Arco leído: 1418056
209 Arco leído: 1442636
210 Arco leído: 1459024
211 Arco leído: 1475412
212 Arco leído: 1475416
213 Arco leído: 1483612
214 Arco leído: 1500000
215 Arco leído: 1524580
216 Arco leído: 1532776
217 Arco leído: 1540972
218 Arco leído: 1549168
219 Arco leído: 1549172
220 Arco leído: 1557368
221 Arco leído: 1565564
222 Arco leído: 1573760
223 Arco leído: 1581956
224 Arco leído: 1606536
225 Arco leído: 1614732
226 Arco leído: 1622928
227 Arco leído: 1622932
228 Arco leído: 1647512
229 Arco leído: 1655708
230 Arco leído: 1655712
231 Arco leído: 1663908
232 Arco leído: 1688488
233 Arco leído: 1721260
234 Arco leído: 1721264
235 Arco leído: 1729460
236 Arco leído: 1729464
237 Arco leído: 1737660
238 Arco leído: 1754048
239 Arco leído: 1762244
240 Arco leído: 1762248
241 Arco leído: 1770444
242 Arco leído: 1778640
243 Arco leído: 1778644
244 Arco leído: 1795032
245 Arco leído: 1795036
246 Arco leído: 1803232
247 Arco leído: 1819620
248 Arco leído: 1827816
249 Arco leído: 1836012
250 Arco leído: 1836016
251 Arco leído: 1860596
252 Arco leído: 1876984
253 Arco leído: 1876988
254 Arco leído: 1885184
255 Arco leído: 1885188
256 Arco leído: 1893384
257 Arco leído: 1893388
258 Arco leído: 1901584
259 Arco leído: 1909780
260 Arco leído: 1909784
261 Arco leído: 1917980
262 Arco leído: 1926176
263 Arco leído: 1942564
264 Arco leído: 1942568
265 Arco leído: 1958956
266 Arco leído: 1975344
267 Arco leído: 1983540
268 Arco leído: 1991736
269 Arco leído: 1991740
270 Arco leído: 1999936
271 Arco leído: 1999940
272 Arco leído: 2008136
273 Arco leído: 2008140
274 Arco leído: 2016336
275 Arco leído: 2016340
276 Arco leído: 2024536
277 Arco leído: 2032732
278 Arco leído: 2032736
279 Arco leído: 2040932
280 Arco leído: 2040936
281 Arco leído: 2049132
282 Arco leído: 2049136
283 Arco leído: 2073716
284 Arco leído: 2073720
285 Arco leído: 2090108
286 Arco leído: 2098304
287 Arco leído: 2098308
288 Arco leído: 2106504
289 Arco leído: 2122892
290 Arco leído: 2155664
291 Arco leído: 2155668
292 Arco leído: 2163864
293 Arco leído: 2163868
294 Arco leído: 2172064
295 Arco leído: 2172068
296 Arco leído: 2180264
297 Arco leído: 2180268
298 Arco leído: 2188464
299 Arco leído: 2188468
300 Arco leído: 2204856
301 Arco leído: 2204860
302 Arco leído: 2221248
303 Arco leído: 2229444
304 Arco leído: 2229448
305 Arco leído: 2254028
306 Arco leído: 2262224
307 Arco leído: 2262228
308 Arco leído: 2286808
309 Arco leído: 2295004
310 Arco leído: 2295008
311 Arco leído: 2311396
312 Arco leído: 2327784
313 Arco leído: 2327788
314 Arco leído: 2335984
315 Arco leído: 2335988
316 Arco leído: 2344184
317 Arco leído: 2352380
318 Arco leído: 2360576
319 Arco leído: 2368772
320 Arco leído: 2376968
321 Arco leído: 2376972
322 Arco leído: 2385168
323 Arco leído: 2401556
324 Arco leído: 2401560
325 Arco leído: 2409756
326 Arco leído: 2426144
327 Arco leído: 2434340
328 Arco leído: 2434344
329 Arco leído: 2442540
330 Arco leído: 2450736
331 Arco leído: 2458932
332 Arco leído: 2467128
333 Arco leído: 2467132
334 Arco leído: 2483520
335 Arco leído: 2483524
336 Arco leído: 2491720
337 Arco leído: 2491724
338 Arco leído: 2499920
339 Arco leído: 2508116
340 Arco leído: 2516312
341 Arco leído: 2524508
342 Arco leído: 2524512
343 Arco leído: 2532708
344 Arco leído: 2532712
345 Arco leído: 2540908
346 Arco leído: 2557296
347 Arco leído: 2557300
348 Arco leído: 2565496
349 Arco leído: 2581884
350 Arco leído: 2581888
351 Arco leído: 2590084
352 Arco leído: 2590088
353 Arco leído: 2598284
354 Arco leído: 2598288
355 Arco leído: 2606484
356 Arco leído: 2614680
357 Arco leído: 2614684
358 Arco leído: 2622880
359 Arco leído: 2622884
360 Arco leído: 2639272
361 Arco leído: 2639276
362 Arco leído: 2647472
363 Arco leído: 2655668
364 Arco leído: 2655672
365 Arco leído: 2663868
366 Arco leído: 2663872
367 Arco leído: 2672068
368 Arco leído: 2672072
369 Arco leído: 2680268
370 Arco leído: 2688464
371 Arco leído: 2696660
372 Arco leído: 2721240
373 Arco leído: 2721244
374 Arco leído: 2729440
375 Arco leído: 2729444
376 Arco leído: 2737640
377 Arco leído: 2745836
378 Arco leído: 2745840
379 Arco leído: 2778612
380 Arco leído: 2786808
381 Arco leído: 2786812
382 Arco leído: 2795008
383 Arco leído: 2811396
384 Arco leído: 2819592
385 Arco leído: 2819596
386 Arco leído: 2844176
387 Arco leído: 2844180
388 Arco leído: 2860568
389 Arco leído: 2860572
390 Arco leído: 2885152
391 Arco leído: 2893348
392 Arco leído: 2893352
393 Arco leído: 2901548
394 Arco leído: 2901552
395 Arco leído: 2909748
396 Arco leído: 2917944
397 Arco leído: 2934332
398 Arco leído: 2942528
399 Arco leído: 2967108
400 Arco leído: 2967112
401 Arco leído: 2975308
402 Arco leído: 2975312
403 Arco leído: 2999892
404 Arco leído: 3008088
405 Arco leído: 3008092
406 Arco leído: 3024480
407 Arco leído: 3032676
408 Arco leído: 3032680
409 Arco leído: 3049068
410 Arco leído: 3057264
411 Arco leído: 3065460
412 Arco leído: 3073656
413 Arco leído: 3090044
414 Arco leído: 3106432
415 Arco leído: 3106436
416 Arco leído: 3147400
417 Arco leído: 3163788
418 Arco leído: 3180176
419 Arco leído: 3196564
420 Arco leído: 3196568
421 Arco leído: 3221148
422 Arco leído: 3237536
423 Arco leído: 3245732
424 Arco leído: 3253928
425 Arco leído: 3270316
426 Arco leído: 3270320
427 Arco leído: 3286708
428 Arco leído: 3294904
429 Arco leído: 3303100
430 Arco leído: 3311296
431 Arco leído: 3335876
432 Arco leído: 3335880
433 Arco leído: 3344076
434 Arco leído: 3344080
435 Arco leído: 3352276
436 Arco leído: 3352280
437 Arco leído: 3360476
438 Arco leído: 3368672
439 Arco leído: 3376868
440 Arco leído: 3385064
441 Arco leído: 3417836
442 Arco leído: 3426032
443 Arco leído: 3434228
444 Arco leído: 3442424
445 Arco leído: 3442428
446 Arco leído: 3450624
447 Arco leído: 3458820
448 Arco leído: 3475208
449 Arco leído: 3475212
450 Arco leído: 3483408
451 Arco leído: 3507988
452 Arco leído: 3516184
453 Arco leído: 3516188
454 Arco leído: 3532576
455 Arco leído: 3548964
456 Arco leído: 3548968
457 Arco leído: 3557164
458 Arco leído: 3565360
459 Arco leído: 3565364
460 Arco leído: 3573560
461 Arco leído: 3581756
462 Arco leído: 3589952
463 Arco leído: 3598148
464 Arco leído: 3606344
465 Arco leído: 3606348
466 Arco leído: 3622736
467 Arco leído: 3622740
468 Arco leído: 3647320
469 Arco leído: 3647324
470 Arco leído: 3655520
471 Arco leído: 3655524
472 Arco leído: 3671912
473 Arco leído: 3671916
474 Arco leído: 3680112
475 Arco leído: 3688308
476 Arco leído: 3688312
477 Arco leído: 3696508
478 Arco leído: 3696512
479 Arco leído: 3704708
480 Arco leído: 3704712
481 Arco leído: 3712908
482 Arco leído: 3745680
483 Arco leído: 3753876
484 Arco leído: 3762072
485 Arco leído: 3778460
486 Arco leído: 3778464
487 Arco leído: 3786660
488 Arco leído: 3811240
489 Arco leído: 3811244
490 Arco leído: 3819440
491 Arco leído: 3819444
492 Arco leído: 3835832
493 Arco leído: 3852220
494 Arco leído: 3860416
495 Arco leído: 3868612
496 Arco leído: 3868616
497 Arco leído: 3876812
498 Arco leído: 3893200
499 Arco leído: 3901396
500 Arco leído: 3901400
501 Arco leído: 3925980
502 Arco leído: 3925984
503 Arco leído: 3934180
504 Arco leído: 3942376
505 Arco leído: 3942380
506 Arco leído: 3950576
507 Arco leído: 3958772
508 Arco leído: 3958776
509 Arco leído: 3966972
510 Arco leído: 3966976
511 Arco leído: 3975172
512 Arco leído: 3975176
513 Arco leído: 3983372
514 Arco leído: 3983376
515 Arco leído: 3991572
516 Arco leído: 3991576
517 Arco leído: 4007964
518 Arco leído: 4024352
519 Arco leído: 4024356
520 Arco leído: 4040744
521 Arco leído: 4040748
522 Arco leído: 4048944
523 Arco leído: 4057140
524 Arco leído: 4057144
525 Arco leído: 4073532
526 Arco leído: 4073536
527 Arco leído: 4081732
528 Arco leído: 4081736
529 Arco leído: 4098124
530 Arco leído: 4106320
531 Arco leído: 4106324
532 Arco leído: 4122712
533 Arco leído: 4122716
534 Arco leído: 4130912
535 Arco leído: 4130916
536 Arco leído: 4147304
537 Arco leído: 4155500
538 Arco leído: 4155504
539 Arco leído: 4163700
540 Arco leído: 4163704
541 Arco leído: 4171900
542 Arco leído: 4196480
543 Arco leído: 4204676
544 Arco leído: 4212872
545 Arco leído: 4212876
546 Arco leído: 4221072
547 Arco leído: 4221076
548 Arco leído: 4229272
549 Arco leído: 4237468
550 Arco leído: 4245664
551 Arco leído: 4245668
552 Arco leído: 4253864
553 Arco leído: 4253868
554 Arco leído: 4262064
555 Arco leído: 4270260
556 Arco leído: 4270264
557 Arco leído: 4278460
558 Arco leído: 4278464
559 Arco leído: 4286660
560 Arco leído: 4303048
561 Arco leído: 4303052
562 Arco leído: 4319440
563 Arco leído: 4344020
564 Arco leído: 4344024
565 Arco leído: 4352220
566 Arco leído: 4360416
567 Arco leído: 4376804
568 Arco leído: 4376808
569 Arco leído: 4409580
570 Arco leído: 4434160
571 Arco leído: 4434164
572 Arco leído: 4442360
573 Arco leído: 4458748
574 Arco leído: 4466944
575 Arco leído: 4589828
576 Arco leído: 4589832
577 Arco leído: 4598028
578 Arco leído: 4606224
579 Arco leído: 4606228
580 Arco leído: 4614424
581 Arco leído: 4630812
582 Arco leído: 4630816
583 Arco leído: 4639012
584 Arco leído: 4639016
585 Arco leído: 4663596
586 Arco leído: 4671792
587 Arco leído: 4671796
588 Arco leído: 4688184
589 Arco leído: 4688188
590 Arco leído: 4704576
591 Arco leído: 4704580
592 Arco leído: 4729160
593 Arco leído: 4729164
594 Arco leído: 4737360
595 Arco leído: 4745556
596 Arco leído: 4745560
597 Arco leído: 4753756
598 Arco leído: 4761952
599 Arco leído: 4761956
600 Arco leído: 4835688
601 Arco leído: 4843884
602 Arco leído: 4843888
603 Arco leído: 4852084
604 Arco leído: 4852088
605 Arco leído: 4860284
606 Arco leído: 4860288
607 Arco leído: 4868484
608 Arco leído: 4876680
609 Arco leído: 4884876
610 Arco leído: 4884880
611 Arco leído: 4893076
612 Arco leído: 4893080
613 Arco leído: 4901276
614 Arco leído: 4901280
615 Arco leído: 4909476
616 Arco leído: 4909480
617 Arco leído: 4917676
618 Arco leído: 4917680
619 Arco leído: 4925876
620 Arco leído: 4925880
621 Arco leído: 4934076
622 Arco leído: 4934080
623 Arco leído: 4942276
624 Arco leído: 4950472
625 Arco leído: 4950476
626 Arco leído: 4958672
627 Arco leído: 4966868
628 Arco leído: 4991448
629 Arco leído: 5024220
630 Arco leído: 5040608
631 Arco leído: 5040612
632 Arco leído: 5048808
633 Arco leído: 5048812
634 Arco leído: 5065200
635 Arco leído: 5073396
636 Arco leído: 5097976
637 Arco leído: 5106172
638 Arco leído: 5106176
639 Arco leído: 5122564
640 Arco leído: 5122568
641 Arco leído: 5147148
642 Arco leído: 5147152
643 Arco leído: 5155348
644 Arco leído: 5155352
645 Arco leído: 5163548
646 Arco leído: 5171744
647 Arco leído: 5188132
648 Arco leído: 5188136
649 Arco leído: 5196332
650 Arco leído: 5204528
651 Arco leído: 5204532
652 Arco leído: 5229112
653 Arco leído: 5237308
654 Arco leído: 5261888
655 Arco leído: 5261892
656 Arco leído: 5270088
657 Arco leído: 5286476
658 Arco leído: 5302864
659 Arco leído: 5302868
660 Arco leído: 5311064
661 Arco leído: 5335644
662 Arco leído: 5352032
663 Arco leído: 5352036
664 Arco leído: 5360232
665 Arco leído: 5360236
666 Arco leído: 5376624
667 Arco leído: 5376628
668 Arco leído: 5384824
669 Arco leído: 5384828
670 Arco leído: 5393024
671 Arco leído: 5393028
672 Arco leído: 5401224
673 Arco leído: 5409420
674 Arco leído: 5425808
675 Arco leído: 5425812
676 Arco leído: 5434008
677 Arco leído: 5434012
678 Arco leído: 5442208
679 Arco leído: 5450404
680 Arco leído: 5458600
681 Arco leído: 5474988
682 Arco leído: 5483184
683 Arco leído: 5491380
684 Arco leído: 5491384
685 Arco leído: 5499580
686 Arco leído: 5499584
687 Arco leído: 5507780
688 Arco leído: 5507784
689 Arco leído: 5532364
690 Arco leído: 5540560
691 Arco leído: 5548756
692 Arco leído: 5548760
693 Arco leído: 5556956
694 Arco leído: 5556960
695 Arco leído: 5565156
696 Arco leído: 5565160
697 Arco leído: 5573356
698 Arco leído: 5573360
699 Arco leído: 5581556
700 Arco leído: 5581560
701 Arco leído: 5589756
702 Arco leído: 5589760
703 Arco leído: 5597956
704 Arco leído: 5597960
705 Arco leído: 5606156
706 Arco leído: 5614352
707 Arco leído: 5614356
708 Arco leído: 5630744
709 Arco leído: 5630748
710 Arco leído: 5638944
711 Arco leído: 5647140
712 Arco leído: 5647144
713 Arco leído: 5655340
714 Arco leído: 5671728
715 Arco leído: 5671732
716 Arco leído: 5679928
717 Arco leído: 5679932
718 Arco leído: 5688128
719 Arco leído: 5696324
720 Arco leído: 5696328
721 Arco leído: 5704524
722 Arco leído: 5704528
723 Arco leído: 5745492
724 Arco leído: 5761880
725 Arco leído: 5761884
726 Arco leído: 5770080
727 Arco leído: 5770084
728 Arco leído: 5778280
729 Arco leído: 5786476
730 Arco leído: 5794672
731 Arco leído: 5802868
732 Arco leído: 5802872
733 Arco leído: 5811068
734 Arco leído: 5819264
735 Arco leído: 5819268
736 Arco leído: 5827464
737 Arco leído: 5827468
738 Arco leído: 5843856
739 Arco leído: 5843860
740 Arco leído: 5852056
741 Arco leído: 5852060
742 Arco leído: 5860256
743 Arco leído: 5860260
744 Arco leído: 5868456
745 Arco leído: 5893036
746 Arco leído: 5893040
747 Arco leído: 5901236
748 Arco leído: 5901240
749 Arco leído: 5909436
750 Arco leído: 5909440
751 Arco leído: 5917636
752 Arco leído: 5917640
753 Arco leído: 5925836
754 Arco leído: 5925840
755 Arco leído: 5934036
756 Arco leído: 5934040
757 Arco leído: 5942236
758 Arco leído: 5950432
759 Arco leído: 5958628
760 Arco leído: 5958632
761 Arco leído: 5966828
762 Arco leído: 5983216
763 Arco leído: 5983220
764 Arco leído: 5999608
765 Arco leído: 6007804
766 Arco leído: 6007808
767 Arco leído: 6016004
768 Arco leído: 6024200
769 Arco leído: 6024204
770 Arco leído: 6040592
771 Arco leído: 6040596
772 Arco leído: 6048792
773 Arco leído: 6048796
774 Arco leído: 6056992
775 Arco leído: 6065188
776 Arco leído: 6089768
777 Arco leído: 6089772
778 Arco leído: 6114352
779 Arco leído: 6122548
780 Arco leído: 6130744
781 Arco leído: 6138940
782 Arco leído: 6147136
783 Arco leído: 6163524
784 Arco leído: 6179912
785 Arco leído: 6179916
786 Arco leído: 6204496
787 Arco leído: 6212692
788 Arco leído: 6220888
789 Arco leído: 6229084
790 Arco leído: 6245472
791 Arco leído: 6245476
792 Arco leído: 6253672
793 Arco leído: 6253676
794 Arco leído: 6261872
795 Arco leído: 6286452
796 Arco leído: 6294648
797 Arco leído: 6294652
798 Arco leído: 6302848
799 Arco leído: 6302852
800 Arco leído: 6327432
801 Arco leído: 6327436
802 Arco leído: 6335632
803 Arco leído: 6335636
804 Arco leído: 6343832
805 Arco leído: 6343836
806 Arco leído: 6360224
807 Arco leído: 6376612
808 Arco leído: 6384808
809 Arco leído: 6384812
810 Arco leído: 6393008
811 Arco leído: 6393012
812 Arco leído: 6401208
813 Arco leído: 6401212
814 Arco leído: 6409408
815 Arco leído: 6417604
816 Arco leído: 6417608
817 Arco leído: 6425804
818 Arco leído: 6458576
819 Arco leído: 6458580
820 Arco leído: 6466776
821 Arco leído: 6466780
822 Arco leído: 6474976
823 Arco leído: 6483172
824 Arco leído: 6491368
825 Arco leído: 6491372
826 Arco leído: 6499568
827 Arco leído: 6524148
828 Arco leído: 6524152
829 Arco leído: 6532348
830 Arco leído: 6540544
831 Arco leído: 6540548
832 Arco leído: 6556936
833 Arco leído: 6565132
834 Arco leído: 6573328
835 Arco leído: 6606100
836 Arco leído: 6622488
837 Arco leído: 6630684
838 Arco leído: 6638880
839 Arco leído: 6647076
840 Arco leído: 6655272
841 Arco leído: 6655276
842 Arco leído: 6671664
843 Arco leído: 6679860
844 Arco leído: 6688056
845 Arco leído: 6688060
846 Arco leído: 6696256
847 Arco leído: 6696260
848 Arco leído: 6712648
849 Arco leído: 6720844
850 Arco leído: 6737232
851 Arco leído: 6745428
852 Arco leído: 6761816
853 Arco leído: 6810972
854 Arco leído: 6819168
855 Arco leído: 6827364
856 Arco leído: 6827368
857 Arco leído: 6843756
858 Arco leído: 6843760
859 Arco leído: 6851956
860 Arco leído: 6860152
861 Arco leído: 6884732
862 Arco leído: 6884736
863 Arco leído: 6892932
864 Arco leído: 6892936
865 Arco leído: 6901132
866 Arco leído: 6909328
867 Arco leído: 6909332
868 Arco leído: 6917528
869 Arco leído: 6925724
870 Arco leído: 6925728
871 Arco leído: 6933924
872 Arco leído: 6942120
873 Arco leído: 6942124
874 Arco leído: 6950320
875 Arco leído: 6950324
876 Arco leído: 6958520
877 Arco leído: 6966716
878 Arco leído: 6983104
879 Arco leído: 6999492
880 Arco leído: 6999496
881 Arco leído: 7007692
882 Arco leído: 7015888
883 Arco leído: 7015892
884 Arco leído: 7040472
885 Arco leído: 7040476
886 Arco leído: 7056864
887 Arco leído: 7056868
888 Arco leído: 7073256
889 Arco leído: 7073260
890 Arco leído: 7106032
891 Arco leído: 7114228
892 Arco leído: 7114232
893 Arco leído: 7122428
894 Arco leído: 7130624
895 Arco leído: 7138820
896 Arco leído: 7163400
897 Arco leído: 7163404
898 Arco leído: 7171600
899 Arco leído: 7179796
900 Arco leído: 7204376
901 Arco leído: 7204380
902 Arco leído: 7212576
903 Arco leído: 7212580
904 Arco leído: 7228968
905 Arco leído: 7237164
906 Arco leído: 7237168
907 Arco leído: 7245364
908 Arco leído: 7253560
909 Arco leído: 7253564
910 Arco leído: 7269952
911 Arco leído: 7269956
912 Arco leído: 7278152
913 Arco leído: 7302732
914 Arco leído: 7302736
915 Arco leído: 7310932
916 Arco leído: 7310936
917 Arco leído: 7319132
918 Arco leído: 7319136
919 Arco leído: 7327332
920 Arco leído: 7335528
921 Arco leído: 7335532
922 Arco leído: 7343728
923 Arco leído: 7343732
924 Arco leído: 7360120
925 Arco leído: 7368316
926 Arco leído: 7384704
927 Arco leído: 7425668
928 Arco leído: 7442056
929 Arco leído: 7442060
930 Arco leído: 7450256
931 Arco leído: 7450260
932 Arco leído: 7466648
933 Arco leído: 7474844
934 Arco leído: 7474848
935 Arco leído: 7483044
936 Arco leído: 7483048
937 Arco leído: 7515820
938 Arco leído: 7524016
939 Arco leído: 7524020
940 Arco leído: 7532216
941 Arco leído: 7532220
942 Arco leído: 7540416
943 Arco leído: 7573188
944 Arco leído: 7581384
945 Arco leído: 7581388
946 Arco leído: 7589584
947 Arco leído: 7597780
948 Arco leído: 7630552
949 Arco leído: 7630556
950 Arco leído: 7638752
951 Arco leído: 7663332
952 Arco leído: 7671528
953 Arco leído: 7679724
954 Arco leído: 7679728
955 Arco leído: 7687924
956 Arco leído: 7687928
957 Arco leído: 7704316
958 Arco leído: 7704320
959 Arco leído: 7712516
960 Arco leído: 7728904
961 Arco leído: 7728908
962 Arco leído: 7769872
963 Arco leído: 7778068
964 Arco leído: 7778072
965 Arco leído: 7786268
966 Arco leído: 7819040
967 Arco leído: 7819044
968 Arco leído: 7827240
969 Arco leído: 7827244
970 Arco leído: 7835440
971 Arco leído: 7843636
972 Arco leído: 7851832
973 Arco leído: 7868220
974 Arco leído: 7876416
975 Arco leído: 7892804
976 Arco leído: 7909192
977 Arco leído: 7917388
978 Arco leído: 7917392
979 Arco leído: 7925588
980 Arco leído: 7925592
981 Arco leído: 7941980
982 Arco leído: 7958368
983 Arco leído: 7966564
984 Arco leído: 7991144
985 Arco leído: 7999340
986 Arco leído: 8015728
987 Arco leído: 8023924
988 Arco leído: 8023928
989 Arco leído: 8040316
990 Arco leído: 8040320
991 Arco leído: 8048516
992 Arco leído: 8064904
993 Arco leído: 8081292
994 Arco leído: 8114064
995 Arco leído: 8114068
996 Arco leído: 8122264
997 Arco leído: 8122268
998 Arco leído: 8130464
999 Arco leído: 8138660
1000 Arco leído: 8138664
1001 Arco leído: 8146860
1002 Arco leído: 8155056
1003 Arco leído: 8171444
1004 Arco leído: 8196024
1005 Arco leído: 8196028
1006 Arco leído: 8212416
1007 Arco leído: 8220612
1008 Arco leído: 8220616
1009 Arco leído: 8228812
1010 Arco leído: 8228816
1011 Arco leído: 8245204
1012 Arco leído: 8261592
1013 Arco leído: 8277980
1014 Arco leído: 8286176
1015 Arco leído: 8318948
1016 Arco leído: 8335336
1017 Arco leído: 8335340
1018 Arco leído: 8343536
1019 Arco leído: 8351732
1020 Arco leído: 8351736
1021 Arco leído: 8359932
1022 Arco leído: 8376320
---- CASE TESTING FOR PARENT CASES ---- 
---- Testing nº of access for worst case (i = N) ---- 
Node 1023 's father is:  
1020
SEARCH ENDED
---- Test succesful at the moment! ----
---- Finalized test for worst case ---- 
 
---- Testing nº of access for best case (i = 1) ---- 
Node 2 's father is:  
1
SEARCH ENDED
---- Test succesful at the moment! ----
---- Finalized test for best case ---- 
 
---- Testing nº of access for promedium case (i = N/2)
Node 512 's father is:  
484
SEARCH ENDED
---- Test succesful at the moment! ----
---- Finalized test for promedium case ---- 
---- Finalized test for PARENT cases. Starting CHILDREN cases----
---- CASE TESTING FOR CHILDREN CASES ---- 
---- Testing nº of access for worst case (i = N). ---- 
Node 1023 's children is/are: 
SEARCH ENDED
---- Test succesful at the moment! ----
---- Finalized test for worst case ---- 
 
---- Testing nº of access for best case (i = 1) ---- 
Node 1 's children is/are: 
2
SEARCH ENDED
---- Test succesful at the moment! ----
---- Finalized test for best case ---- 
 
---- Testing nº of access for promedium case (i = N/2)
Node 512 's children is/are: 
544
SEARCH ENDED
---- Test succesful at the moment! ----
 

C:\Users\manug\AppData\Roaming\Xilinx\Vivado\cam_hash\duaL_one_memory_with_mux\sim\verilog>set PATH= 

C:\Users\manug\AppData\Roaming\Xilinx\Vivado\cam_hash\duaL_one_memory_with_mux\sim\verilog>call G:/Vivado/2019.1/bin/xelab xil_defaultlib.apatb_top_function_top glbl -prj top_function.prj -L smartconnect_v1_0 -L axi_protocol_checker_v1_1_12 -L axi_protocol_checker_v1_1_13 -L axis_protocol_checker_v1_1_11 -L axis_protocol_checker_v1_1_12 -L xil_defaultlib -L unisims_ver -L xpm --initfile "G:/Vivado/2019.1/data/xsim/ip/xsim_ip.ini" --lib "ieee_proposed=./ieee_proposed" -s top_function  
INFO: [XSIM 43-3496] Using init file passed via -initfile option "G:/Vivado/2019.1/data/xsim/ip/xsim_ip.ini".
Vivado Simulator 2019.1
Copyright 1986-1999, 2001-2019 Xilinx, Inc. All Rights Reserved.
Running: G:/Vivado/2019.1/bin/unwrapped/win64.o/xelab.exe xil_defaultlib.apatb_top_function_top glbl -prj top_function.prj -L smartconnect_v1_0 -L axi_protocol_checker_v1_1_12 -L axi_protocol_checker_v1_1_13 -L axis_protocol_checker_v1_1_11 -L axis_protocol_checker_v1_1_12 -L xil_defaultlib -L unisims_ver -L xpm --initfile G:/Vivado/2019.1/data/xsim/ip/xsim_ip.ini --lib ieee_proposed=./ieee_proposed -s top_function 
Multi-threading is on. Using 10 slave threads.
INFO: [VRFC 10-2263] Analyzing SystemVerilog file "C:/Users/manug/AppData/Roaming/Xilinx/Vivado/cam_hash/duaL_one_memory_with_mux/sim/verilog/glbl.v" into library work
INFO: [VRFC 10-311] analyzing module glbl
INFO: [VRFC 10-2263] Analyzing SystemVerilog file "C:/Users/manug/AppData/Roaming/Xilinx/Vivado/cam_hash/duaL_one_memory_with_mux/sim/verilog/AESL_autofifo_result_V_V.v" into library xil_defaultlib
INFO: [VRFC 10-311] analyzing module AESL_autofifo_result_V_V
INFO: [VRFC 10-2263] Analyzing SystemVerilog file "C:/Users/manug/AppData/Roaming/Xilinx/Vivado/cam_hash/duaL_one_memory_with_mux/sim/verilog/AESL_automem_tree_V.v" into library xil_defaultlib
INFO: [VRFC 10-311] analyzing module AESL_automem_tree_V
INFO: [VRFC 10-2263] Analyzing SystemVerilog file "C:/Users/manug/AppData/Roaming/Xilinx/Vivado/cam_hash/duaL_one_memory_with_mux/sim/verilog/AESL_deadlock_detection_unit.v" into library xil_defaultlib
INFO: [VRFC 10-311] analyzing module AESL_deadlock_detect_unit
INFO: [VRFC 10-2263] Analyzing SystemVerilog file "C:/Users/manug/AppData/Roaming/Xilinx/Vivado/cam_hash/duaL_one_memory_with_mux/sim/verilog/AESL_deadlock_detector.v" into library xil_defaultlib
INFO: [VRFC 10-311] analyzing module AESL_deadlock_detector
INFO: [VRFC 10-2263] Analyzing SystemVerilog file "C:/Users/manug/AppData/Roaming/Xilinx/Vivado/cam_hash/duaL_one_memory_with_mux/sim/verilog/AESL_deadlock_report_unit.v" into library xil_defaultlib
INFO: [VRFC 10-311] analyzing module AESL_deadlock_report_unit
INFO: [VRFC 10-2263] Analyzing SystemVerilog file "C:/Users/manug/AppData/Roaming/Xilinx/Vivado/cam_hash/duaL_one_memory_with_mux/sim/verilog/busqueda_cam.v" into library xil_defaultlib
INFO: [VRFC 10-311] analyzing module busqueda_cam
INFO: [VRFC 10-2263] Analyzing SystemVerilog file "C:/Users/manug/AppData/Roaming/Xilinx/Vivado/cam_hash/duaL_one_memory_with_mux/sim/verilog/combinar.v" into library xil_defaultlib
INFO: [VRFC 10-311] analyzing module combinar
INFO: [VRFC 10-2263] Analyzing SystemVerilog file "C:/Users/manug/AppData/Roaming/Xilinx/Vivado/cam_hash/duaL_one_memory_with_mux/sim/verilog/fifo_w11_d2_A.v" into library xil_defaultlib
INFO: [VRFC 10-311] analyzing module fifo_w11_d2_A_shiftReg
INFO: [VRFC 10-311] analyzing module fifo_w11_d2_A
INFO: [VRFC 10-2263] Analyzing SystemVerilog file "C:/Users/manug/AppData/Roaming/Xilinx/Vivado/cam_hash/duaL_one_memory_with_mux/sim/verilog/fifo_w11_d8_A.v" into library xil_defaultlib
INFO: [VRFC 10-311] analyzing module fifo_w11_d8_A_shiftReg
INFO: [VRFC 10-311] analyzing module fifo_w11_d8_A
INFO: [VRFC 10-2263] Analyzing SystemVerilog file "C:/Users/manug/AppData/Roaming/Xilinx/Vivado/cam_hash/duaL_one_memory_with_mux/sim/verilog/fifo_w1_d2_A.v" into library xil_defaultlib
INFO: [VRFC 10-311] analyzing module fifo_w1_d2_A_shiftReg
INFO: [VRFC 10-311] analyzing module fifo_w1_d2_A
INFO: [VRFC 10-2263] Analyzing SystemVerilog file "C:/Users/manug/AppData/Roaming/Xilinx/Vivado/cam_hash/duaL_one_memory_with_mux/sim/verilog/fifo_w2_d2_A.v" into library xil_defaultlib
INFO: [VRFC 10-311] analyzing module fifo_w2_d2_A_shiftReg
INFO: [VRFC 10-311] analyzing module fifo_w2_d2_A
INFO: [VRFC 10-2263] Analyzing SystemVerilog file "C:/Users/manug/AppData/Roaming/Xilinx/Vivado/cam_hash/duaL_one_memory_with_mux/sim/verilog/start_for_combinabkb.v" into library xil_defaultlib
INFO: [VRFC 10-311] analyzing module start_for_combinabkb_shiftReg
INFO: [VRFC 10-311] analyzing module start_for_combinabkb
INFO: [VRFC 10-2263] Analyzing SystemVerilog file "C:/Users/manug/AppData/Roaming/Xilinx/Vivado/cam_hash/duaL_one_memory_with_mux/sim/verilog/top_function.autotb.v" into library xil_defaultlib
INFO: [VRFC 10-311] analyzing module apatb_top_function_top
INFO: [VRFC 10-2263] Analyzing SystemVerilog file "C:/Users/manug/AppData/Roaming/Xilinx/Vivado/cam_hash/duaL_one_memory_with_mux/sim/verilog/top_function.v" into library xil_defaultlib
INFO: [VRFC 10-311] analyzing module top_function
INFO: [VRFC 10-2263] Analyzing SystemVerilog file "C:/Users/manug/AppData/Roaming/Xilinx/Vivado/cam_hash/duaL_one_memory_with_mux/sim/verilog/top_function_entry3.v" into library xil_defaultlib
INFO: [VRFC 10-311] analyzing module top_function_entry3
Starting static elaboration
Completed static elaboration
Starting simulation data flow analysis
Completed simulation data flow analysis
Time Resolution for simulation is 1ps
Compiling module xil_defaultlib.top_function_entry3
Compiling module xil_defaultlib.busqueda_cam
Compiling module xil_defaultlib.combinar
Compiling module xil_defaultlib.fifo_w11_d2_A_shiftReg
Compiling module xil_defaultlib.fifo_w11_d2_A
Compiling module xil_defaultlib.fifo_w2_d2_A_shiftReg
Compiling module xil_defaultlib.fifo_w2_d2_A
Compiling module xil_defaultlib.fifo_w1_d2_A_shiftReg
Compiling module xil_defaultlib.fifo_w1_d2_A
Compiling module xil_defaultlib.fifo_w11_d8_A_shiftReg
Compiling module xil_defaultlib.fifo_w11_d8_A
Compiling module xil_defaultlib.start_for_combinabkb_shiftReg
Compiling module xil_defaultlib.start_for_combinabkb
Compiling module xil_defaultlib.top_function
Compiling module xil_defaultlib.AESL_automem_tree_V
Compiling module xil_defaultlib.AESL_autofifo_result_V_V
Compiling module xil_defaultlib.AESL_deadlock_detect_unit(PROC_N...
Compiling module xil_defaultlib.AESL_deadlock_detect_unit(PROC_N...
Compiling module xil_defaultlib.AESL_deadlock_detect_unit(PROC_N...
Compiling module xil_defaultlib.AESL_deadlock_report_unit(PROC_N...
Compiling module xil_defaultlib.AESL_deadlock_detector_1
Compiling module xil_defaultlib.apatb_top_function_top
Compiling module work.glbl
Built simulation snapshot top_function

****** Webtalk v2019.1 (64-bit)
  **** SW Build 2552052 on Fri May 24 14:49:42 MDT 2019
  **** IP Build 2548770 on Fri May 24 18:01:18 MDT 2019
    ** Copyright 1986-2019 Xilinx, Inc. All Rights Reserved.

source C:/Users/manug/AppData/Roaming/Xilinx/Vivado/cam_hash/duaL_one_memory_with_mux/sim/verilog/xsim.dir/top_function/webtalk/xsim_webtalk.tcl -notrace
INFO: [Common 17-186] 'C:/Users/manug/AppData/Roaming/Xilinx/Vivado/cam_hash/duaL_one_memory_with_mux/sim/verilog/xsim.dir/top_function/webtalk/usage_statistics_ext_xsim.xml' has been successfully sent to Xilinx on Fri Jul 24 11:50:26 2020. For additional details about this file, please refer to the WebTalk help file at G:/Vivado/2019.1/doc/webtalk_introduction.html.
INFO: [Common 17-206] Exiting Webtalk at Fri Jul 24 11:50:26 2020...

****** xsim v2019.1 (64-bit)
  **** SW Build 2552052 on Fri May 24 14:49:42 MDT 2019
  **** IP Build 2548770 on Fri May 24 18:01:18 MDT 2019
    ** Copyright 1986-2019 Xilinx, Inc. All Rights Reserved.

source xsim.dir/top_function/xsim_script.tcl
# xsim {top_function} -autoloadwcfg -tclbatch {top_function.tcl}
Vivado Simulator 2019.1
Time resolution is 1 ps
source top_function.tcl
## run all
////////////////////////////////////////////////////////////////////////////////////
// Inter-Transaction Progress: Completed Transaction / Total Transaction
// Intra-Transaction Progress: Measured Latency / Latency Estimation * 100%
//
// RTL Simulation : "Inter-Transaction Progress" ["Intra-Transaction Progress"] @ "Simulation Time"
////////////////////////////////////////////////////////////////////////////////////
// RTL Simulation : 0 / 6 [n/a] @ "125000"
// RTL Simulation : 1 / 6 [n/a] @ "215000"
// RTL Simulation : 2 / 6 [n/a] @ "285000"
// RTL Simulation : 3 / 6 [n/a] @ "335000"
// RTL Simulation : 4 / 6 [n/a] @ "385000"
// RTL Simulation : 5 / 6 [n/a] @ "455000"
// RTL Simulation : 6 / 6 [n/a] @ "505000"
////////////////////////////////////////////////////////////////////////////////////
$finish called at time : 545 ns : File "C:/Users/manug/AppData/Roaming/Xilinx/Vivado/cam_hash/duaL_one_memory_with_mux/sim/verilog/top_function.autotb.v" Line 461
## quit
INFO: [Common 17-206] Exiting xsim at Fri Jul 24 11:50:45 2020...
FICHERO DE ENTRADA CON NUMERO DE DATOS 1024 BUSQUEDA 1
0 Arco leído: 8200
1 Arco leído: 16396
2 Arco leído: 16400
3 Arco leído: 16404
4 Arco leído: 24600
5 Arco leído: 24604
6 Arco leído: 32800
7 Arco leído: 40996
8 Arco leído: 41000
9 Arco leído: 49196
10 Arco leído: 49200
11 Arco leído: 57396
12 Arco leído: 57400
13 Arco leído: 57404
14 Arco leído: 65600
15 Arco leído: 65604
16 Arco leído: 73800
17 Arco leído: 81996
18 Arco leído: 90192
19 Arco leído: 98388
20 Arco leído: 98392
21 Arco leído: 98396
22 Arco leído: 106592
23 Arco leído: 114788
24 Arco leído: 114792
25 Arco leído: 114796
26 Arco leído: 131184
27 Arco leído: 131188
28 Arco leído: 131192
29 Arco leído: 139388
30 Arco leído: 147584
31 Arco leído: 155780
32 Arco leído: 163976
33 Arco leído: 172172
34 Arco leído: 180368
35 Arco leído: 188564
36 Arco leído: 188568
37 Arco leído: 196764
38 Arco leído: 196768
39 Arco leído: 204964
40 Arco leído: 204968
41 Arco leído: 204972
42 Arco leído: 213168
43 Arco leído: 221364
44 Arco leído: 229560
45 Arco leído: 229564
46 Arco leído: 229568
47 Arco leído: 237764
48 Arco leído: 254152
49 Arco leído: 270540
50 Arco leído: 295120
51 Arco leído: 295124
52 Arco leído: 303320
53 Arco leído: 311516
54 Arco leído: 319712
55 Arco leído: 319716
56 Arco leído: 327912
57 Arco leído: 327916
58 Arco leído: 336112
59 Arco leído: 336116
60 Arco leído: 344312
61 Arco leído: 344316
62 Arco leído: 344320
63 Arco leído: 352516
64 Arco leído: 352520
65 Arco leído: 360716
66 Arco leído: 377104
67 Arco leído: 377108
68 Arco leído: 377112
69 Arco leído: 385308
70 Arco leído: 385312
71 Arco leído: 385316
72 Arco leído: 409896
73 Arco leído: 418092
74 Arco leído: 426288
75 Arco leído: 434484
76 Arco leído: 442680
77 Arco leído: 459068
78 Arco leído: 467264
79 Arco leído: 467268
80 Arco leído: 475464
81 Arco leído: 483660
82 Arco leído: 491856
83 Arco leído: 500052
84 Arco leído: 508248
85 Arco leído: 516444
86 Arco leído: 516448
87 Arco leído: 516452
88 Arco leído: 524648
89 Arco leído: 557420
90 Arco leído: 565616
91 Arco leído: 565620
92 Arco leído: 565624
93 Arco leído: 582012
94 Arco leído: 582016
95 Arco leído: 590212
96 Arco leído: 590216
97 Arco leído: 590220
98 Arco leído: 606608
99 Arco leído: 614804
100 Arco leído: 614808
101 Arco leído: 623004
102 Arco leído: 623008
103 Arco leído: 631204
104 Arco leído: 639400
105 Arco leído: 655788
106 Arco leído: 663984
107 Arco leído: 672180
108 Arco leído: 680376
109 Arco leído: 696764
110 Arco leído: 696768
111 Arco leído: 704964
112 Arco leído: 713160
113 Arco leído: 713164
114 Arco leído: 721360
115 Arco leído: 729556
116 Arco leído: 737752
117 Arco leído: 745948
118 Arco leído: 754144
119 Arco leído: 754148
120 Arco leído: 754152
121 Arco leído: 762348
122 Arco leído: 770544
123 Arco leído: 770548
124 Arco leído: 778744
125 Arco leído: 786940
126 Arco leído: 795136
127 Arco leído: 795140
128 Arco leído: 803336
129 Arco leído: 803340
130 Arco leído: 819728
131 Arco leído: 827924
132 Arco leído: 827928
133 Arco leído: 844316
134 Arco leído: 844320
135 Arco leído: 852516
136 Arco leído: 852520
137 Arco leído: 868908
138 Arco leído: 868912
139 Arco leído: 877108
140 Arco leído: 885304
141 Arco leído: 885308
142 Arco leído: 893504
143 Arco leído: 901700
144 Arco leído: 901704
145 Arco leído: 918092
146 Arco leído: 918096
147 Arco leído: 934484
148 Arco leído: 942680
149 Arco leído: 942684
150 Arco leído: 959072
151 Arco leído: 959076
152 Arco leído: 983656
153 Arco leído: 983660
154 Arco leído: 983664
155 Arco leído: 991860
156 Arco leído: 991864
157 Arco leído: 1000060
158 Arco leído: 1016448
159 Arco leído: 1024644
160 Arco leído: 1041032
161 Arco leído: 1049228
162 Arco leído: 1065616
163 Arco leído: 1073812
164 Arco leído: 1073816
165 Arco leído: 1082012
166 Arco leído: 1082016
167 Arco leído: 1098404
168 Arco leído: 1098408
169 Arco leído: 1114796
170 Arco leído: 1114800
171 Arco leído: 1122996
172 Arco leído: 1123000
173 Arco leído: 1131196
174 Arco leído: 1131200
175 Arco leído: 1147588
176 Arco leído: 1163976
177 Arco leído: 1163980
178 Arco leído: 1172176
179 Arco leído: 1188564
180 Arco leído: 1204952
181 Arco leído: 1204956
182 Arco leído: 1213152
183 Arco leído: 1221348
184 Arco leído: 1229544
185 Arco leído: 1229548
186 Arco leído: 1237744
187 Arco leído: 1237748
188 Arco leído: 1245944
189 Arco leído: 1262332
190 Arco leído: 1262336
191 Arco leído: 1270532
192 Arco leído: 1278728
193 Arco leído: 1278732
194 Arco leído: 1286928
195 Arco leído: 1286932
196 Arco leído: 1303320
197 Arco leído: 1336092
198 Arco leído: 1336096
199 Arco leído: 1344292
200 Arco leído: 1344296
201 Arco leído: 1352492
202 Arco leído: 1377072
203 Arco leído: 1385268
204 Arco leído: 1385272
205 Arco leído: 1401660
206 Arco leído: 1401664
207 Arco leído: 1418052
208 Arco leído: 1418056
209 Arco leído: 1442636
210 Arco leído: 1459024
211 Arco leído: 1475412
212 Arco leído: 1475416
213 Arco leído: 1483612
214 Arco leído: 1500000
215 Arco leído: 1524580
216 Arco leído: 1532776
217 Arco leído: 1540972
218 Arco leído: 1549168
219 Arco leído: 1549172
220 Arco leído: 1557368
221 Arco leído: 1565564
222 Arco leído: 1573760
223 Arco leído: 1581956
224 Arco leído: 1606536
225 Arco leído: 1614732
226 Arco leído: 1622928
227 Arco leído: 1622932
228 Arco leído: 1647512
229 Arco leído: 1655708
230 Arco leído: 1655712
231 Arco leído: 1663908
232 Arco leído: 1688488
233 Arco leído: 1721260
234 Arco leído: 1721264
235 Arco leído: 1729460
236 Arco leído: 1729464
237 Arco leído: 1737660
238 Arco leído: 1754048
239 Arco leído: 1762244
240 Arco leído: 1762248
241 Arco leído: 1770444
242 Arco leído: 1778640
243 Arco leído: 1778644
244 Arco leído: 1795032
245 Arco leído: 1795036
246 Arco leído: 1803232
247 Arco leído: 1819620
248 Arco leído: 1827816
249 Arco leído: 1836012
250 Arco leído: 1836016
251 Arco leído: 1860596
252 Arco leído: 1876984
253 Arco leído: 1876988
254 Arco leído: 1885184
255 Arco leído: 1885188
256 Arco leído: 1893384
257 Arco leído: 1893388
258 Arco leído: 1901584
259 Arco leído: 1909780
260 Arco leído: 1909784
261 Arco leído: 1917980
262 Arco leído: 1926176
263 Arco leído: 1942564
264 Arco leído: 1942568
265 Arco leído: 1958956
266 Arco leído: 1975344
267 Arco leído: 1983540
268 Arco leído: 1991736
269 Arco leído: 1991740
270 Arco leído: 1999936
271 Arco leído: 1999940
272 Arco leído: 2008136
273 Arco leído: 2008140
274 Arco leído: 2016336
275 Arco leído: 2016340
276 Arco leído: 2024536
277 Arco leído: 2032732
278 Arco leído: 2032736
279 Arco leído: 2040932
280 Arco leído: 2040936
281 Arco leído: 2049132
282 Arco leído: 2049136
283 Arco leído: 2073716
284 Arco leído: 2073720
285 Arco leído: 2090108
286 Arco leído: 2098304
287 Arco leído: 2098308
288 Arco leído: 2106504
289 Arco leído: 2122892
290 Arco leído: 2155664
291 Arco leído: 2155668
292 Arco leído: 2163864
293 Arco leído: 2163868
294 Arco leído: 2172064
295 Arco leído: 2172068
296 Arco leído: 2180264
297 Arco leído: 2180268
298 Arco leído: 2188464
299 Arco leído: 2188468
300 Arco leído: 2204856
301 Arco leído: 2204860
302 Arco leído: 2221248
303 Arco leído: 2229444
304 Arco leído: 2229448
305 Arco leído: 2254028
306 Arco leído: 2262224
307 Arco leído: 2262228
308 Arco leído: 2286808
309 Arco leído: 2295004
310 Arco leído: 2295008
311 Arco leído: 2311396
312 Arco leído: 2327784
313 Arco leído: 2327788
314 Arco leído: 2335984
315 Arco leído: 2335988
316 Arco leído: 2344184
317 Arco leído: 2352380
318 Arco leído: 2360576
319 Arco leído: 2368772
320 Arco leído: 2376968
321 Arco leído: 2376972
322 Arco leído: 2385168
323 Arco leído: 2401556
324 Arco leído: 2401560
325 Arco leído: 2409756
326 Arco leído: 2426144
327 Arco leído: 2434340
328 Arco leído: 2434344
329 Arco leído: 2442540
330 Arco leído: 2450736
331 Arco leído: 2458932
332 Arco leído: 2467128
333 Arco leído: 2467132
334 Arco leído: 2483520
335 Arco leído: 2483524
336 Arco leído: 2491720
337 Arco leído: 2491724
338 Arco leído: 2499920
339 Arco leído: 2508116
340 Arco leído: 2516312
341 Arco leído: 2524508
342 Arco leído: 2524512
343 Arco leído: 2532708
344 Arco leído: 2532712
345 Arco leído: 2540908
346 Arco leído: 2557296
347 Arco leído: 2557300
348 Arco leído: 2565496
349 Arco leído: 2581884
350 Arco leído: 2581888
351 Arco leído: 2590084
352 Arco leído: 2590088
353 Arco leído: 2598284
354 Arco leído: 2598288
355 Arco leído: 2606484
356 Arco leído: 2614680
357 Arco leído: 2614684
358 Arco leído: 2622880
359 Arco leído: 2622884
360 Arco leído: 2639272
361 Arco leído: 2639276
362 Arco leído: 2647472
363 Arco leído: 2655668
364 Arco leído: 2655672
365 Arco leído: 2663868
366 Arco leído: 2663872
367 Arco leído: 2672068
368 Arco leído: 2672072
369 Arco leído: 2680268
370 Arco leído: 2688464
371 Arco leído: 2696660
372 Arco leído: 2721240
373 Arco leído: 2721244
374 Arco leído: 2729440
375 Arco leído: 2729444
376 Arco leído: 2737640
377 Arco leído: 2745836
378 Arco leído: 2745840
379 Arco leído: 2778612
380 Arco leído: 2786808
381 Arco leído: 2786812
382 Arco leído: 2795008
383 Arco leído: 2811396
384 Arco leído: 2819592
385 Arco leído: 2819596
386 Arco leído: 2844176
387 Arco leído: 2844180
388 Arco leído: 2860568
389 Arco leído: 2860572
390 Arco leído: 2885152
391 Arco leído: 2893348
392 Arco leído: 2893352
393 Arco leído: 2901548
394 Arco leído: 2901552
395 Arco leído: 2909748
396 Arco leído: 2917944
397 Arco leído: 2934332
398 Arco leído: 2942528
399 Arco leído: 2967108
400 Arco leído: 2967112
401 Arco leído: 2975308
402 Arco leído: 2975312
403 Arco leído: 2999892
404 Arco leído: 3008088
405 Arco leído: 3008092
406 Arco leído: 3024480
407 Arco leído: 3032676
408 Arco leído: 3032680
409 Arco leído: 3049068
410 Arco leído: 3057264
411 Arco leído: 3065460
412 Arco leído: 3073656
413 Arco leído: 3090044
414 Arco leído: 3106432
415 Arco leído: 3106436
416 Arco leído: 3147400
417 Arco leído: 3163788
418 Arco leído: 3180176
419 Arco leído: 3196564
420 Arco leído: 3196568
421 Arco leído: 3221148
422 Arco leído: 3237536
423 Arco leído: 3245732
424 Arco leído: 3253928
425 Arco leído: 3270316
426 Arco leído: 3270320
427 Arco leído: 3286708
428 Arco leído: 3294904
429 Arco leído: 3303100
430 Arco leído: 3311296
431 Arco leído: 3335876
432 Arco leído: 3335880
433 Arco leído: 3344076
434 Arco leído: 3344080
435 Arco leído: 3352276
436 Arco leído: 3352280
437 Arco leído: 3360476
438 Arco leído: 3368672
439 Arco leído: 3376868
440 Arco leído: 3385064
441 Arco leído: 3417836
442 Arco leído: 3426032
443 Arco leído: 3434228
444 Arco leído: 3442424
445 Arco leído: 3442428
446 Arco leído: 3450624
447 Arco leído: 3458820
448 Arco leído: 3475208
449 Arco leído: 3475212
450 Arco leído: 3483408
451 Arco leído: 3507988
452 Arco leído: 3516184
453 Arco leído: 3516188
454 Arco leído: 3532576
455 Arco leído: 3548964
456 Arco leído: 3548968
457 Arco leído: 3557164
458 Arco leído: 3565360
459 Arco leído: 3565364
460 Arco leído: 3573560
461 Arco leído: 3581756
462 Arco leído: 3589952
463 Arco leído: 3598148
464 Arco leído: 3606344
465 Arco leído: 3606348
466 Arco leído: 3622736
467 Arco leído: 3622740
468 Arco leído: 3647320
469 Arco leído: 3647324
470 Arco leído: 3655520
471 Arco leído: 3655524
472 Arco leído: 3671912
473 Arco leído: 3671916
474 Arco leído: 3680112
475 Arco leído: 3688308
476 Arco leído: 3688312
477 Arco leído: 3696508
478 Arco leído: 3696512
479 Arco leído: 3704708
480 Arco leído: 3704712
481 Arco leído: 3712908
482 Arco leído: 3745680
483 Arco leído: 3753876
484 Arco leído: 3762072
485 Arco leído: 3778460
486 Arco leído: 3778464
487 Arco leído: 3786660
488 Arco leído: 3811240
489 Arco leído: 3811244
490 Arco leído: 3819440
491 Arco leído: 3819444
492 Arco leído: 3835832
493 Arco leído: 3852220
494 Arco leído: 3860416
495 Arco leído: 3868612
496 Arco leído: 3868616
497 Arco leído: 3876812
498 Arco leído: 3893200
499 Arco leído: 3901396
500 Arco leído: 3901400
501 Arco leído: 3925980
502 Arco leído: 3925984
503 Arco leído: 3934180
504 Arco leído: 3942376
505 Arco leído: 3942380
506 Arco leído: 3950576
507 Arco leído: 3958772
508 Arco leído: 3958776
509 Arco leído: 3966972
510 Arco leído: 3966976
511 Arco leído: 3975172
512 Arco leído: 3975176
513 Arco leído: 3983372
514 Arco leído: 3983376
515 Arco leído: 3991572
516 Arco leído: 3991576
517 Arco leído: 4007964
518 Arco leído: 4024352
519 Arco leído: 4024356
520 Arco leído: 4040744
521 Arco leído: 4040748
522 Arco leído: 4048944
523 Arco leído: 4057140
524 Arco leído: 4057144
525 Arco leído: 4073532
526 Arco leído: 4073536
527 Arco leído: 4081732
528 Arco leído: 4081736
529 Arco leído: 4098124
530 Arco leído: 4106320
531 Arco leído: 4106324
532 Arco leído: 4122712
533 Arco leído: 4122716
534 Arco leído: 4130912
535 Arco leído: 4130916
536 Arco leído: 4147304
537 Arco leído: 4155500
538 Arco leído: 4155504
539 Arco leído: 4163700
540 Arco leído: 4163704
541 Arco leído: 4171900
542 Arco leído: 4196480
543 Arco leído: 4204676
544 Arco leído: 4212872
545 Arco leído: 4212876
546 Arco leído: 4221072
547 Arco leído: 4221076
548 Arco leído: 4229272
549 Arco leído: 4237468
550 Arco leído: 4245664
551 Arco leído: 4245668
552 Arco leído: 4253864
553 Arco leído: 4253868
554 Arco leído: 4262064
555 Arco leído: 4270260
556 Arco leído: 4270264
557 Arco leído: 4278460
558 Arco leído: 4278464
559 Arco leído: 4286660
560 Arco leído: 4303048
561 Arco leído: 4303052
562 Arco leído: 4319440
563 Arco leído: 4344020
564 Arco leído: 4344024
565 Arco leído: 4352220
566 Arco leído: 4360416
567 Arco leído: 4376804
568 Arco leído: 4376808
569 Arco leído: 4409580
570 Arco leído: 4434160
571 Arco leído: 4434164
572 Arco leído: 4442360
573 Arco leído: 4458748
574 Arco leído: 4466944
575 Arco leído: 4589828
576 Arco leído: 4589832
577 Arco leído: 4598028
578 Arco leído: 4606224
579 Arco leído: 4606228
580 Arco leído: 4614424
581 Arco leído: 4630812
582 Arco leído: 4630816
583 Arco leído: 4639012
584 Arco leído: 4639016
585 Arco leído: 4663596
586 Arco leído: 4671792
587 Arco leído: 4671796
588 Arco leído: 4688184
589 Arco leído: 4688188
590 Arco leído: 4704576
591 Arco leído: 4704580
592 Arco leído: 4729160
593 Arco leído: 4729164
594 Arco leído: 4737360
595 Arco leído: 4745556
596 Arco leído: 4745560
597 Arco leído: 4753756
598 Arco leído: 4761952
599 Arco leído: 4761956
600 Arco leído: 4835688
601 Arco leído: 4843884
602 Arco leído: 4843888
603 Arco leído: 4852084
604 Arco leído: 4852088
605 Arco leído: 4860284
606 Arco leído: 4860288
607 Arco leído: 4868484
608 Arco leído: 4876680
609 Arco leído: 4884876
610 Arco leído: 4884880
611 Arco leído: 4893076
612 Arco leído: 4893080
613 Arco leído: 4901276
614 Arco leído: 4901280
615 Arco leído: 4909476
616 Arco leído: 4909480
617 Arco leído: 4917676
618 Arco leído: 4917680
619 Arco leído: 4925876
620 Arco leído: 4925880
621 Arco leído: 4934076
622 Arco leído: 4934080
623 Arco leído: 4942276
624 Arco leído: 4950472
625 Arco leído: 4950476
626 Arco leído: 4958672
627 Arco leído: 4966868
628 Arco leído: 4991448
629 Arco leído: 5024220
630 Arco leído: 5040608
631 Arco leído: 5040612
632 Arco leído: 5048808
633 Arco leído: 5048812
634 Arco leído: 5065200
635 Arco leído: 5073396
636 Arco leído: 5097976
637 Arco leído: 5106172
638 Arco leído: 5106176
639 Arco leído: 5122564
640 Arco leído: 5122568
641 Arco leído: 5147148
642 Arco leído: 5147152
643 Arco leído: 5155348
644 Arco leído: 5155352
645 Arco leído: 5163548
646 Arco leído: 5171744
647 Arco leído: 5188132
648 Arco leído: 5188136
649 Arco leído: 5196332
650 Arco leído: 5204528
651 Arco leído: 5204532
652 Arco leído: 5229112
653 Arco leído: 5237308
654 Arco leído: 5261888
655 Arco leído: 5261892
656 Arco leído: 5270088
657 Arco leído: 5286476
658 Arco leído: 5302864
659 Arco leído: 5302868
660 Arco leído: 5311064
661 Arco leído: 5335644
662 Arco leído: 5352032
663 Arco leído: 5352036
664 Arco leído: 5360232
665 Arco leído: 5360236
666 Arco leído: 5376624
667 Arco leído: 5376628
668 Arco leído: 5384824
669 Arco leído: 5384828
670 Arco leído: 5393024
671 Arco leído: 5393028
672 Arco leído: 5401224
673 Arco leído: 5409420
674 Arco leído: 5425808
675 Arco leído: 5425812
676 Arco leído: 5434008
677 Arco leído: 5434012
678 Arco leído: 5442208
679 Arco leído: 5450404
680 Arco leído: 5458600
681 Arco leído: 5474988
682 Arco leído: 5483184
683 Arco leído: 5491380
684 Arco leído: 5491384
685 Arco leído: 5499580
686 Arco leído: 5499584
687 Arco leído: 5507780
688 Arco leído: 5507784
689 Arco leído: 5532364
690 Arco leído: 5540560
691 Arco leído: 5548756
692 Arco leído: 5548760
693 Arco leído: 5556956
694 Arco leído: 5556960
695 Arco leído: 5565156
696 Arco leído: 5565160
697 Arco leído: 5573356
698 Arco leído: 5573360
699 Arco leído: 5581556
700 Arco leído: 5581560
701 Arco leído: 5589756
702 Arco leído: 5589760
703 Arco leído: 5597956
704 Arco leído: 5597960
705 Arco leído: 5606156
706 Arco leído: 5614352
707 Arco leído: 5614356
708 Arco leído: 5630744
709 Arco leído: 5630748
710 Arco leído: 5638944
711 Arco leído: 5647140
712 Arco leído: 5647144
713 Arco leído: 5655340
714 Arco leído: 5671728
715 Arco leído: 5671732
716 Arco leído: 5679928
717 Arco leído: 5679932
718 Arco leído: 5688128
719 Arco leído: 5696324
720 Arco leído: 5696328
721 Arco leído: 5704524
722 Arco leído: 5704528
723 Arco leído: 5745492
724 Arco leído: 5761880
725 Arco leído: 5761884
726 Arco leído: 5770080
727 Arco leído: 5770084
728 Arco leído: 5778280
729 Arco leído: 5786476
730 Arco leído: 5794672
731 Arco leído: 5802868
732 Arco leído: 5802872
733 Arco leído: 5811068
734 Arco leído: 5819264
735 Arco leído: 5819268
736 Arco leído: 5827464
737 Arco leído: 5827468
738 Arco leído: 5843856
739 Arco leído: 5843860
740 Arco leído: 5852056
741 Arco leído: 5852060
742 Arco leído: 5860256
743 Arco leído: 5860260
744 Arco leído: 5868456
745 Arco leído: 5893036
746 Arco leído: 5893040
747 Arco leído: 5901236
748 Arco leído: 5901240
749 Arco leído: 5909436
750 Arco leído: 5909440
751 Arco leído: 5917636
752 Arco leído: 5917640
753 Arco leído: 5925836
754 Arco leído: 5925840
755 Arco leído: 5934036
756 Arco leído: 5934040
757 Arco leído: 5942236
758 Arco leído: 5950432
759 Arco leído: 5958628
760 Arco leído: 5958632
761 Arco leído: 5966828
762 Arco leído: 5983216
763 Arco leído: 5983220
764 Arco leído: 5999608
765 Arco leído: 6007804
766 Arco leído: 6007808
767 Arco leído: 6016004
768 Arco leído: 6024200
769 Arco leído: 6024204
770 Arco leído: 6040592
771 Arco leído: 6040596
772 Arco leído: 6048792
773 Arco leído: 6048796
774 Arco leído: 6056992
775 Arco leído: 6065188
776 Arco leído: 6089768
777 Arco leído: 6089772
778 Arco leído: 6114352
779 Arco leído: 6122548
780 Arco leído: 6130744
781 Arco leído: 6138940
782 Arco leído: 6147136
783 Arco leído: 6163524
784 Arco leído: 6179912
785 Arco leído: 6179916
786 Arco leído: 6204496
787 Arco leído: 6212692
788 Arco leído: 6220888
789 Arco leído: 6229084
790 Arco leído: 6245472
791 Arco leído: 6245476
792 Arco leído: 6253672
793 Arco leído: 6253676
794 Arco leído: 6261872
795 Arco leído: 6286452
796 Arco leído: 6294648
797 Arco leído: 6294652
798 Arco leído: 6302848
799 Arco leído: 6302852
800 Arco leído: 6327432
801 Arco leído: 6327436
802 Arco leído: 6335632
803 Arco leído: 6335636
804 Arco leído: 6343832
805 Arco leído: 6343836
806 Arco leído: 6360224
807 Arco leído: 6376612
808 Arco leído: 6384808
809 Arco leído: 6384812
810 Arco leído: 6393008
811 Arco leído: 6393012
812 Arco leído: 6401208
813 Arco leído: 6401212
814 Arco leído: 6409408
815 Arco leído: 6417604
816 Arco leído: 6417608
817 Arco leído: 6425804
818 Arco leído: 6458576
819 Arco leído: 6458580
820 Arco leído: 6466776
821 Arco leído: 6466780
822 Arco leído: 6474976
823 Arco leído: 6483172
824 Arco leído: 6491368
825 Arco leído: 6491372
826 Arco leído: 6499568
827 Arco leído: 6524148
828 Arco leído: 6524152
829 Arco leído: 6532348
830 Arco leído: 6540544
831 Arco leído: 6540548
832 Arco leído: 6556936
833 Arco leído: 6565132
834 Arco leído: 6573328
835 Arco leído: 6606100
836 Arco leído: 6622488
837 Arco leído: 6630684
838 Arco leído: 6638880
839 Arco leído: 6647076
840 Arco leído: 6655272
841 Arco leído: 6655276
842 Arco leído: 6671664
843 Arco leído: 6679860
844 Arco leído: 6688056
845 Arco leído: 6688060
846 Arco leído: 6696256
847 Arco leído: 6696260
848 Arco leído: 6712648
849 Arco leído: 6720844
850 Arco leído: 6737232
851 Arco leído: 6745428
852 Arco leído: 6761816
853 Arco leído: 6810972
854 Arco leído: 6819168
855 Arco leído: 6827364
856 Arco leído: 6827368
857 Arco leído: 6843756
858 Arco leído: 6843760
859 Arco leído: 6851956
860 Arco leído: 6860152
861 Arco leído: 6884732
862 Arco leído: 6884736
863 Arco leído: 6892932
864 Arco leído: 6892936
865 Arco leído: 6901132
866 Arco leído: 6909328
867 Arco leído: 6909332
868 Arco leído: 6917528
869 Arco leído: 6925724
870 Arco leído: 6925728
871 Arco leído: 6933924
872 Arco leído: 6942120
873 Arco leído: 6942124
874 Arco leído: 6950320
875 Arco leído: 6950324
876 Arco leído: 6958520
877 Arco leído: 6966716
878 Arco leído: 6983104
879 Arco leído: 6999492
880 Arco leído: 6999496
881 Arco leído: 7007692
882 Arco leído: 7015888
883 Arco leído: 7015892
884 Arco leído: 7040472
885 Arco leído: 7040476
886 Arco leído: 7056864
887 Arco leído: 7056868
888 Arco leído: 7073256
889 Arco leído: 7073260
890 Arco leído: 7106032
891 Arco leído: 7114228
892 Arco leído: 7114232
893 Arco leído: 7122428
894 Arco leído: 7130624
895 Arco leído: 7138820
896 Arco leído: 7163400
897 Arco leído: 7163404
898 Arco leído: 7171600
899 Arco leído: 7179796
900 Arco leído: 7204376
901 Arco leído: 7204380
902 Arco leído: 7212576
903 Arco leído: 7212580
904 Arco leído: 7228968
905 Arco leído: 7237164
906 Arco leído: 7237168
907 Arco leído: 7245364
908 Arco leído: 7253560
909 Arco leído: 7253564
910 Arco leído: 7269952
911 Arco leído: 7269956
912 Arco leído: 7278152
913 Arco leído: 7302732
914 Arco leído: 7302736
915 Arco leído: 7310932
916 Arco leído: 7310936
917 Arco leído: 7319132
918 Arco leído: 7319136
919 Arco leído: 7327332
920 Arco leído: 7335528
921 Arco leído: 7335532
922 Arco leído: 7343728
923 Arco leído: 7343732
924 Arco leído: 7360120
925 Arco leído: 7368316
926 Arco leído: 7384704
927 Arco leído: 7425668
928 Arco leído: 7442056
929 Arco leído: 7442060
930 Arco leído: 7450256
931 Arco leído: 7450260
932 Arco leído: 7466648
933 Arco leído: 7474844
934 Arco leído: 7474848
935 Arco leído: 7483044
936 Arco leído: 7483048
937 Arco leído: 7515820
938 Arco leído: 7524016
939 Arco leído: 7524020
940 Arco leído: 7532216
941 Arco leído: 7532220
942 Arco leído: 7540416
943 Arco leído: 7573188
944 Arco leído: 7581384
945 Arco leído: 7581388
946 Arco leído: 7589584
947 Arco leído: 7597780
948 Arco leído: 7630552
949 Arco leído: 7630556
950 Arco leído: 7638752
951 Arco leído: 7663332
952 Arco leído: 7671528
953 Arco leído: 7679724
954 Arco leído: 7679728
955 Arco leído: 7687924
956 Arco leído: 7687928
957 Arco leído: 7704316
958 Arco leído: 7704320
959 Arco leído: 7712516
960 Arco leído: 7728904
961 Arco leído: 7728908
962 Arco leído: 7769872
963 Arco leído: 7778068
964 Arco leído: 7778072
965 Arco leído: 7786268
966 Arco leído: 7819040
967 Arco leído: 7819044
968 Arco leído: 7827240
969 Arco leído: 7827244
970 Arco leído: 7835440
971 Arco leído: 7843636
972 Arco leído: 7851832
973 Arco leído: 7868220
974 Arco leído: 7876416
975 Arco leído: 7892804
976 Arco leído: 7909192
977 Arco leído: 7917388
978 Arco leído: 7917392
979 Arco leído: 7925588
980 Arco leído: 7925592
981 Arco leído: 7941980
982 Arco leído: 7958368
983 Arco leído: 7966564
984 Arco leído: 7991144
985 Arco leído: 7999340
986 Arco leído: 8015728
987 Arco leído: 8023924
988 Arco leído: 8023928
989 Arco leído: 8040316
990 Arco leído: 8040320
991 Arco leído: 8048516
992 Arco leído: 8064904
993 Arco leído: 8081292
994 Arco leído: 8114064
995 Arco leído: 8114068
996 Arco leído: 8122264
997 Arco leído: 8122268
998 Arco leído: 8130464
999 Arco leído: 8138660
1000 Arco leído: 8138664
1001 Arco leído: 8146860
1002 Arco leído: 8155056
1003 Arco leído: 8171444
1004 Arco leído: 8196024
1005 Arco leído: 8196028
1006 Arco leído: 8212416
1007 Arco leído: 8220612
1008 Arco leído: 8220616
1009 Arco leído: 8228812
1010 Arco leído: 8228816
1011 Arco leído: 8245204
1012 Arco leído: 8261592
1013 Arco leído: 8277980
1014 Arco leído: 8286176
1015 Arco leído: 8318948
1016 Arco leído: 8335336
1017 Arco leído: 8335340
1018 Arco leído: 8343536
1019 Arco leído: 8351732
1020 Arco leído: 8351736
1021 Arco leído: 8359932
1022 Arco leído: 8376320
---- CASE TESTING FOR PARENT CASES ---- 
---- Testing nº of access for worst case (i = N) ---- 
Node 1023 's father is:  
SEARCH ENDED
---- Test succesful at the moment! ----
---- Finalized test for worst case ---- 
 
---- Testing nº of access for best case (i = 1) ---- 
Node 2 's father is:  
1
SEARCH ENDED
---- Test succesful at the moment! ----
---- Finalized test for best case ---- 
 
---- Testing nº of access for promedium case (i = N/2)
Node 512 's father is:  
SEARCH ENDED
---- Test succesful at the moment! ----
---- Finalized test for promedium case ---- 
---- Finalized test for PARENT cases. Starting CHILDREN cases----
---- CASE TESTING FOR CHILDREN CASES ---- 
---- Testing nº of access for worst case (i = N). ---- 
Node 1023 's children is/are: 
SEARCH ENDED
---- Test succesful at the moment! ----
---- Finalized test for worst case ---- 
 
---- Testing nº of access for best case (i = 1) ---- 
Node 1 's children is/are: 
2
SEARCH ENDED
---- Test succesful at the moment! ----
---- Finalized test for best case ---- 
 
---- Testing nº of access for promedium case (i = N/2)
Node 512 's children is/are: 
SEARCH ENDED
---- Test succesful at the moment! ----
 
