

================================================================
== Vivado HLS Report for 'busqueda_cam'
================================================================
* Date:           Fri Jul 24 18:21:57 2020

* Version:        2019.1 (Build 2552052 on Fri May 24 15:28:33 MDT 2019)
* Project:        cam_simple
* Solution:       binaria_normal
* Product family: zynq
* Target device:  xc7z020-clg484-1


================================================================
== Performance Estimates
================================================================
+ Timing (ns): 
    * Summary: 
    +--------+-------+----------+------------+
    |  Clock | Target| Estimated| Uncertainty|
    +--------+-------+----------+------------+
    |ap_clk  |  10.00|     6.888|        1.25|
    +--------+-------+----------+------------+

+ Latency (clock cycles): 
    * Summary: 
    +-----+-----+-----+-----+---------+
    |  Latency  |  Interval | Pipeline|
    | min | max | min | max |   Type  |
    +-----+-----+-----+-----+---------+
    |    1|  769|    1|  769|   none  |
    +-----+-----+-----+-----+---------+

    + Detail: 
        * Instance: 
        N/A

        * Loop: 
        +----------+-----+-----+----------+-----------+-----------+------+----------+
        |          |  Latency  | Iteration|  Initiation Interval  | Trip |          |
        | Loop Name| min | max |  Latency |  achieved |   target  | Count| Pipelined|
        +----------+-----+-----+----------+-----------+-----------+------+----------+
        |- Loop 1  |  768|  768|         3|          -|          -|   256|    no    |
        |- Loop 2  |  768|  768|         3|          -|          -|   256|    no    |
        +----------+-----+-----+----------+-----------+-----------+------+----------+



================================================================
== Utilization Estimates
================================================================
* Summary: 
+-----------------+---------+-------+--------+-------+-----+
|       Name      | BRAM_18K| DSP48E|   FF   |  LUT  | URAM|
+-----------------+---------+-------+--------+-------+-----+
|DSP              |        -|      -|       -|      -|    -|
|Expression       |        -|      -|       0|    143|    -|
|FIFO             |        -|      -|       -|      -|    -|
|Instance         |        -|      -|       -|      -|    -|
|Memory           |        -|      -|       -|      -|    -|
|Multiplexer      |        -|      -|       -|    128|    -|
|Register         |        -|      -|      52|      -|    -|
+-----------------+---------+-------+--------+-------+-----+
|Total            |        0|      0|      52|    271|    0|
+-----------------+---------+-------+--------+-------+-----+
|Available        |      280|    220|  106400|  53200|    0|
+-----------------+---------+-------+--------+-------+-----+
|Utilization (%)  |        0|      0|   ~0   |   ~0  |    0|
+-----------------+---------+-------+--------+-------+-----+

+ Detail: 
    * Instance: 
    N/A

    * DSP48E: 
    N/A

    * Memory: 
    N/A

    * FIFO: 
    N/A

    * Expression: 
    +--------------------------------+----------+-------+---+----+------------+------------+
    |          Variable Name         | Operation| DSP48E| FF| LUT| Bitwidth P0| Bitwidth P1|
    +--------------------------------+----------+-------+---+----+------------+------------+
    |i_1_fu_307_p2                   |     +    |      0|  0|  14|          10|           2|
    |i_fu_333_p2                     |     +    |      0|  0|  14|          10|           2|
    |and_ln25_fu_219_p2              |    and   |      0|  0|   2|           1|           1|
    |ap_block_state2                 |    and   |      0|  0|   2|           1|           1|
    |ap_block_state3                 |    and   |      0|  0|   2|           1|           1|
    |ap_block_state4                 |    and   |      0|  0|   2|           1|           1|
    |ap_block_state5                 |    and   |      0|  0|   2|           1|           1|
    |ap_block_state6                 |    and   |      0|  0|   2|           1|           1|
    |icmp_ln25_fu_213_p2             |   icmp   |      0|  0|  13|          11|           1|
    |icmp_ln35_1_fu_225_p2           |   icmp   |      0|  0|   8|           2|           1|
    |icmp_ln35_fu_313_p2             |   icmp   |      0|  0|  13|          11|          11|
    |icmp_ln36_fu_323_p2             |   icmp   |      0|  0|  13|          11|          11|
    |icmp_ln45_fu_287_p2             |   icmp   |      0|  0|  13|          11|          11|
    |icmp_ln46_fu_297_p2             |   icmp   |      0|  0|  13|          11|          11|
    |ap_block_state1                 |    or    |      0|  0|   2|           1|           1|
    |ap_predicate_op46_write_state2  |    or    |      0|  0|   2|           1|           1|
    |or_ln32_fu_276_p2               |    or    |      0|  0|   9|           9|           1|
    |or_ln35_fu_318_p2               |    or    |      0|  0|   2|           1|           1|
    |or_ln36_fu_328_p2               |    or    |      0|  0|   2|           1|           1|
    |or_ln42_fu_248_p2               |    or    |      0|  0|   9|           9|           1|
    |or_ln45_fu_292_p2               |    or    |      0|  0|   2|           1|           1|
    |or_ln46_fu_302_p2               |    or    |      0|  0|   2|           1|           1|
    +--------------------------------+----------+-------+---+----+------------+------------+
    |Total                           |          |      0|  0| 143|         107|          64|
    +--------------------------------+----------+-------+---+----+------------+------------+

    * Multiplexer: 
    +------------------+----+-----------+-----+-----------+
    |       Name       | LUT| Input Size| Bits| Total Bits|
    +------------------+----+-----------+-----+-----------+
    |ap_NS_fsm         |  38|          7|    1|          7|
    |i1_0_reg_127      |   9|          2|   10|         20|
    |i_0_reg_139       |   9|          2|   10|         20|
    |result_V_V_blk_n  |   9|          2|    1|          2|
    |result_V_V_din    |  33|          6|   11|         66|
    |tree_V_address0   |  15|          3|   10|         30|
    |tree_V_address1   |  15|          3|   10|         30|
    +------------------+----+-----------+-----+-----------+
    |Total             | 128|         25|   53|        175|
    +------------------+----+-----------+-----+-----------+

    * Register: 
    +---------------------+----+----+-----+-----------+
    |         Name        | FF | LUT| Bits| Const Bits|
    +---------------------+----+----+-----+-----------+
    |and_ln25_reg_351     |   1|   0|    1|          0|
    |ap_CS_fsm            |   6|   0|    6|          0|
    |i1_0_reg_127         |  10|   0|   10|          0|
    |i_0_reg_139          |  10|   0|   10|          0|
    |icmp_ln35_1_reg_355  |   1|   0|    1|          0|
    |or_ln36_reg_409      |   1|   0|    1|          0|
    |or_ln46_reg_392      |   1|   0|    1|          0|
    |tmp_V_2_reg_413      |  11|   0|   11|          0|
    |tmp_V_3_reg_396      |  11|   0|   11|          0|
    +---------------------+----+----+-----+-----------+
    |Total                |  52|   0|   52|          0|
    +---------------------+----+----+-----+-----------+



================================================================
== Interface
================================================================
* Summary: 
+-------------------+-----+-----+------------+----------------+--------------+
|     RTL Ports     | Dir | Bits|  Protocol  |  Source Object |    C Type    |
+-------------------+-----+-----+------------+----------------+--------------+
|ap_clk             |  in |    1| ap_ctrl_hs |  busqueda_cam  | return value |
|ap_rst             |  in |    1| ap_ctrl_hs |  busqueda_cam  | return value |
|ap_start           |  in |    1| ap_ctrl_hs |  busqueda_cam  | return value |
|ap_done            | out |    1| ap_ctrl_hs |  busqueda_cam  | return value |
|ap_idle            | out |    1| ap_ctrl_hs |  busqueda_cam  | return value |
|ap_ready           | out |    1| ap_ctrl_hs |  busqueda_cam  | return value |
|tree_V_address0    | out |   10|  ap_memory |     tree_V     |     array    |
|tree_V_ce0         | out |    1|  ap_memory |     tree_V     |     array    |
|tree_V_q0          |  in |   24|  ap_memory |     tree_V     |     array    |
|tree_V_address1    | out |   10|  ap_memory |     tree_V     |     array    |
|tree_V_ce1         | out |    1|  ap_memory |     tree_V     |     array    |
|tree_V_q1          |  in |   24|  ap_memory |     tree_V     |     array    |
|nodo_V             |  in |   11|   ap_none  |     nodo_V     |    scalar    |
|relationship_V     |  in |    2|   ap_none  | relationship_V |    scalar    |
|fatherSearch       |  in |    1|   ap_none  |  fatherSearch  |    scalar    |
|result_V_V_din     | out |   11|   ap_fifo  |   result_V_V   |    pointer   |
|result_V_V_full_n  |  in |    1|   ap_fifo  |   result_V_V   |    pointer   |
|result_V_V_write   | out |    1|   ap_fifo  |   result_V_V   |    pointer   |
+-------------------+-----+-----+------------+----------------+--------------+

