

================================================================
== Vivado HLS Report for 'busqueda_cam'
================================================================
* Date:           Fri Jul 24 17:47:06 2020

* Version:        2019.1 (Build 2552052 on Fri May 24 15:28:33 MDT 2019)
* Project:        cam_simple
* Solution:       simple_optimizada
* Product family: zynq
* Target device:  xc7z020-clg484-1


================================================================
== Performance Estimates
================================================================
+ Timing (ns): 
    * Summary: 
    +--------+-------+----------+------------+
    |  Clock | Target| Estimated| Uncertainty|
    +--------+-------+----------+------------+
    |ap_clk  |  10.00|     7.090|        1.25|
    +--------+-------+----------+------------+

+ Latency (clock cycles): 
    * Summary: 
    +------+------+------+------+---------+
    |   Latency   |   Interval  | Pipeline|
    |  min |  max |  min |  max |   Type  |
    +------+------+------+------+---------+
    |  1027|  1027|  1027|  1027|   none  |
    +------+------+------+------+---------+

    + Detail: 
        * Instance: 
        N/A

        * Loop: 
        +----------+------+------+----------+-----------+-----------+------+----------+
        |          |   Latency   | Iteration|  Initiation Interval  | Trip |          |
        | Loop Name|  min |  max |  Latency |  achieved |   target  | Count| Pipelined|
        +----------+------+------+----------+-----------+-----------+------+----------+
        |- Loop 1  |  1025|  1025|         3|          1|          1|  1024|    yes   |
        |- Loop 2  |  1025|  1025|         3|          1|          1|  1024|    yes   |
        +----------+------+------+----------+-----------+-----------+------+----------+



================================================================
== Utilization Estimates
================================================================
* Summary: 
+-----------------+---------+-------+--------+-------+-----+
|       Name      | BRAM_18K| DSP48E|   FF   |  LUT  | URAM|
+-----------------+---------+-------+--------+-------+-----+
|DSP              |        -|      -|       -|      -|    -|
|Expression       |        -|      -|       0|    114|    -|
|FIFO             |        -|      -|       -|      -|    -|
|Instance         |        -|      -|       -|      -|    -|
|Memory           |        -|      -|       -|      -|    -|
|Multiplexer      |        -|      -|       -|    126|    -|
|Register         |        -|      -|      56|      -|    -|
+-----------------+---------+-------+--------+-------+-----+
|Total            |        0|      0|      56|    240|    0|
+-----------------+---------+-------+--------+-------+-----+
|Available        |      280|    220|  106400|  53200|    0|
+-----------------+---------+-------+--------+-------+-----+
|Utilization (%)  |        0|      0|   ~0   |   ~0  |    0|
+-----------------+---------+-------+--------+-------+-----+

+ Detail: 
    * Instance: 
    N/A

    * DSP48E: 
    N/A

    * Memory: 
    N/A

    * FIFO: 
    N/A

    * Expression: 
    +----------------------------------+----------+-------+---+----+------------+------------+
    |           Variable Name          | Operation| DSP48E| FF| LUT| Bitwidth P0| Bitwidth P1|
    +----------------------------------+----------+-------+---+----+------------+------------+
    |i_1_fu_181_p2                     |     +    |      0|  0|  13|          11|           1|
    |i_fu_218_p2                       |     +    |      0|  0|  13|          11|           1|
    |and_ln22_fu_243_p2                |    and   |      0|  0|   2|           1|           1|
    |and_ln30_fu_206_p2                |    and   |      0|  0|   2|           1|           1|
    |ap_block_pp0_stage0_01001         |    and   |      0|  0|   2|           1|           1|
    |ap_block_pp1_stage0_01001         |    and   |      0|  0|   2|           1|           1|
    |ap_block_state4_pp0_stage0_iter2  |    and   |      0|  0|   2|           1|           1|
    |ap_block_state8_pp1_stage0_iter2  |    and   |      0|  0|   2|           1|           1|
    |icmp_ln17_fu_212_p2               |   icmp   |      0|  0|  13|          11|          12|
    |icmp_ln25_fu_175_p2               |   icmp   |      0|  0|  13|          11|          12|
    |icmp_ln879_1_fu_196_p2            |   icmp   |      0|  0|  13|          11|          11|
    |icmp_ln879_2_fu_238_p2            |   icmp   |      0|  0|   8|           2|           2|
    |icmp_ln879_3_fu_201_p2            |   icmp   |      0|  0|   8|           2|           2|
    |icmp_ln879_fu_233_p2              |   icmp   |      0|  0|  13|          11|          11|
    |ap_enable_pp0                     |    xor   |      0|  0|   2|           1|           2|
    |ap_enable_pp1                     |    xor   |      0|  0|   2|           1|           2|
    |ap_enable_reg_pp0_iter1           |    xor   |      0|  0|   2|           2|           1|
    |ap_enable_reg_pp1_iter1           |    xor   |      0|  0|   2|           2|           1|
    +----------------------------------+----------+-------+---+----+------------+------------+
    |Total                             |          |      0|  0| 114|          82|          64|
    +----------------------------------+----------+-------+---+----+------------+------------+

    * Multiplexer: 
    +-------------------------+----+-----------+-----+-----------+
    |           Name          | LUT| Input Size| Bits| Total Bits|
    +-------------------------+----+-----------+-----+-----------+
    |ap_NS_fsm                |  27|          5|    1|          5|
    |ap_enable_reg_pp0_iter1  |   9|          2|    1|          2|
    |ap_enable_reg_pp0_iter2  |   9|          2|    1|          2|
    |ap_enable_reg_pp1_iter1  |   9|          2|    1|          2|
    |ap_enable_reg_pp1_iter2  |   9|          2|    1|          2|
    |i1_0_reg_123             |   9|          2|   11|         22|
    |i_0_reg_134              |   9|          2|   11|         22|
    |result_V_V_blk_n         |   9|          2|    1|          2|
    |result_V_V_din           |  21|          4|   11|         44|
    |tree_V_address0          |  15|          3|   10|         30|
    +-------------------------+----+-----------+-----+-----------+
    |Total                    | 126|         26|   49|        133|
    +-------------------------+----+-----------+-----+-----------+

    * Register: 
    +-------------------------+----+----+-----+-----------+
    |           Name          | FF | LUT| Bits| Const Bits|
    +-------------------------+----+----+-----+-----------+
    |and_ln22_reg_302         |   1|   0|    1|          0|
    |and_ln30_reg_279         |   1|   0|    1|          0|
    |ap_CS_fsm                |   4|   0|    4|          0|
    |ap_enable_reg_pp0_iter0  |   1|   0|    1|          0|
    |ap_enable_reg_pp0_iter1  |   1|   0|    1|          0|
    |ap_enable_reg_pp0_iter2  |   1|   0|    1|          0|
    |ap_enable_reg_pp1_iter0  |   1|   0|    1|          0|
    |ap_enable_reg_pp1_iter1  |   1|   0|    1|          0|
    |ap_enable_reg_pp1_iter2  |   1|   0|    1|          0|
    |i1_0_reg_123             |  11|   0|   11|          0|
    |i_0_reg_134              |  11|   0|   11|          0|
    |tmp_V_1_reg_283          |  11|   0|   11|          0|
    |tmp_V_reg_306            |  11|   0|   11|          0|
    +-------------------------+----+----+-----+-----------+
    |Total                    |  56|   0|   56|          0|
    +-------------------------+----+----+-----+-----------+



================================================================
== Interface
================================================================
* Summary: 
+-------------------+-----+-----+------------+----------------+--------------+
|     RTL Ports     | Dir | Bits|  Protocol  |  Source Object |    C Type    |
+-------------------+-----+-----+------------+----------------+--------------+
|ap_clk             |  in |    1| ap_ctrl_hs |  busqueda_cam  | return value |
|ap_rst             |  in |    1| ap_ctrl_hs |  busqueda_cam  | return value |
|ap_start           |  in |    1| ap_ctrl_hs |  busqueda_cam  | return value |
|ap_done            | out |    1| ap_ctrl_hs |  busqueda_cam  | return value |
|ap_idle            | out |    1| ap_ctrl_hs |  busqueda_cam  | return value |
|ap_ready           | out |    1| ap_ctrl_hs |  busqueda_cam  | return value |
|tree_V_address0    | out |   10|  ap_memory |     tree_V     |     array    |
|tree_V_ce0         | out |    1|  ap_memory |     tree_V     |     array    |
|tree_V_q0          |  in |   24|  ap_memory |     tree_V     |     array    |
|nodo_V             |  in |   11|   ap_none  |     nodo_V     |    scalar    |
|relationship_V     |  in |    2|   ap_none  | relationship_V |    scalar    |
|fatherSearch       |  in |    1|   ap_none  |  fatherSearch  |    scalar    |
|result_V_V_din     | out |   11|   ap_fifo  |   result_V_V   |    pointer   |
|result_V_V_full_n  |  in |    1|   ap_fifo  |   result_V_V   |    pointer   |
|result_V_V_write   | out |    1|   ap_fifo  |   result_V_V   |    pointer   |
+-------------------+-----+-----+------------+----------------+--------------+

