FICHERO DE ENTRADA CON NUMERO DE DATOS 1024 BUSQUEDA 1
---- CASE TESTING FOR PARENT CASES ---- 
---- Testing nº of access for worst case (i = N) ---- 
Node 1023 's father is:  
695
SEARCH ENDED
---- Test succesful at the moment! ----
---- Finalized test for worst case ---- 
 
---- Testing nº of access for best case (i = 1) ---- 
Node 2 's father is:  
1
SEARCH ENDED
---- Test succesful at the moment! ----
---- Finalized test for best case ---- 
 
---- Testing nº of access for promedium case (i = N/2)
Node 512 's father is:  
339
SEARCH ENDED
---- Test succesful at the moment! ----
---- Finalized test for promedium case ---- 
---- Finalized test for PARENT cases. Starting CHILDREN cases----
---- CASE TESTING FOR CHILDREN CASES ---- 
---- Testing nº of access for worst case (i = N). ---- 
Node 1023 's children is/are: 
SEARCH ENDED
---- Test succesful at the moment! ----
---- Finalized test for worst case ---- 
 
---- Testing nº of access for best case (i = 1) ---- 
Node 1 's children is/are: 
2
3
4
SEARCH ENDED
---- Test succesful at the moment! ----
---- Finalized test for best case ---- 
 
---- Testing nº of access for promedium case (i = N/2)
Node 512 's children is/are: 
769
770
771
SEARCH ENDED
---- Test succesful at the moment! ----
 

C:\Users\manug\AppData\Roaming\Xilinx\Vivado\binarycam\solution2\sim\verilog>set PATH= 

C:\Users\manug\AppData\Roaming\Xilinx\Vivado\binarycam\solution2\sim\verilog>call G:/Vivado/2019.1/bin/xelab xil_defaultlib.apatb_top_function_top glbl -prj top_function.prj -L smartconnect_v1_0 -L axi_protocol_checker_v1_1_12 -L axi_protocol_checker_v1_1_13 -L axis_protocol_checker_v1_1_11 -L axis_protocol_checker_v1_1_12 -L xil_defaultlib -L unisims_ver -L xpm --initfile "G:/Vivado/2019.1/data/xsim/ip/xsim_ip.ini" --lib "ieee_proposed=./ieee_proposed" -s top_function  
INFO: [XSIM 43-3496] Using init file passed via -initfile option "G:/Vivado/2019.1/data/xsim/ip/xsim_ip.ini".
Vivado Simulator 2019.1
Copyright 1986-1999, 2001-2019 Xilinx, Inc. All Rights Reserved.
Running: G:/Vivado/2019.1/bin/unwrapped/win64.o/xelab.exe xil_defaultlib.apatb_top_function_top glbl -prj top_function.prj -L smartconnect_v1_0 -L axi_protocol_checker_v1_1_12 -L axi_protocol_checker_v1_1_13 -L axis_protocol_checker_v1_1_11 -L axis_protocol_checker_v1_1_12 -L xil_defaultlib -L unisims_ver -L xpm --initfile G:/Vivado/2019.1/data/xsim/ip/xsim_ip.ini --lib ieee_proposed=./ieee_proposed -s top_function 
Multi-threading is on. Using 10 slave threads.
INFO: [VRFC 10-2263] Analyzing SystemVerilog file "C:/Users/manug/AppData/Roaming/Xilinx/Vivado/binarycam/solution2/sim/verilog/glbl.v" into library work
INFO: [VRFC 10-311] analyzing module glbl
INFO: [VRFC 10-2263] Analyzing SystemVerilog file "C:/Users/manug/AppData/Roaming/Xilinx/Vivado/binarycam/solution2/sim/verilog/AESL_autofifo_result_V_V.v" into library xil_defaultlib
INFO: [VRFC 10-311] analyzing module AESL_autofifo_result_V_V
INFO: [VRFC 10-2263] Analyzing SystemVerilog file "C:/Users/manug/AppData/Roaming/Xilinx/Vivado/binarycam/solution2/sim/verilog/AESL_automem_tree_V.v" into library xil_defaultlib
INFO: [VRFC 10-311] analyzing module AESL_automem_tree_V
INFO: [VRFC 10-2263] Analyzing SystemVerilog file "C:/Users/manug/AppData/Roaming/Xilinx/Vivado/binarycam/solution2/sim/verilog/AESL_deadlock_detection_unit.v" into library xil_defaultlib
INFO: [VRFC 10-311] analyzing module AESL_deadlock_detect_unit
INFO: [VRFC 10-2263] Analyzing SystemVerilog file "C:/Users/manug/AppData/Roaming/Xilinx/Vivado/binarycam/solution2/sim/verilog/AESL_deadlock_detector.v" into library xil_defaultlib
INFO: [VRFC 10-311] analyzing module AESL_deadlock_detector
INFO: [VRFC 10-2263] Analyzing SystemVerilog file "C:/Users/manug/AppData/Roaming/Xilinx/Vivado/binarycam/solution2/sim/verilog/AESL_deadlock_report_unit.v" into library xil_defaultlib
INFO: [VRFC 10-311] analyzing module AESL_deadlock_report_unit
INFO: [VRFC 10-2263] Analyzing SystemVerilog file "C:/Users/manug/AppData/Roaming/Xilinx/Vivado/binarycam/solution2/sim/verilog/busqueda_cam.v" into library xil_defaultlib
INFO: [VRFC 10-311] analyzing module busqueda_cam
INFO: [VRFC 10-2263] Analyzing SystemVerilog file "C:/Users/manug/AppData/Roaming/Xilinx/Vivado/binarycam/solution2/sim/verilog/busqueda_cam51.v" into library xil_defaultlib
INFO: [VRFC 10-311] analyzing module busqueda_cam51
INFO: [VRFC 10-2263] Analyzing SystemVerilog file "C:/Users/manug/AppData/Roaming/Xilinx/Vivado/binarycam/solution2/sim/verilog/combinar.v" into library xil_defaultlib
INFO: [VRFC 10-311] analyzing module combinar
INFO: [VRFC 10-2263] Analyzing SystemVerilog file "C:/Users/manug/AppData/Roaming/Xilinx/Vivado/binarycam/solution2/sim/verilog/fifo_w11_d2_A.v" into library xil_defaultlib
INFO: [VRFC 10-311] analyzing module fifo_w11_d2_A_shiftReg
INFO: [VRFC 10-311] analyzing module fifo_w11_d2_A
INFO: [VRFC 10-2263] Analyzing SystemVerilog file "C:/Users/manug/AppData/Roaming/Xilinx/Vivado/binarycam/solution2/sim/verilog/fifo_w11_d8_A.v" into library xil_defaultlib
INFO: [VRFC 10-311] analyzing module fifo_w11_d8_A_shiftReg
INFO: [VRFC 10-311] analyzing module fifo_w11_d8_A
INFO: [VRFC 10-2263] Analyzing SystemVerilog file "C:/Users/manug/AppData/Roaming/Xilinx/Vivado/binarycam/solution2/sim/verilog/fifo_w1_d2_A.v" into library xil_defaultlib
INFO: [VRFC 10-311] analyzing module fifo_w1_d2_A_shiftReg
INFO: [VRFC 10-311] analyzing module fifo_w1_d2_A
INFO: [VRFC 10-2263] Analyzing SystemVerilog file "C:/Users/manug/AppData/Roaming/Xilinx/Vivado/binarycam/solution2/sim/verilog/fifo_w24_d8_A.v" into library xil_defaultlib
INFO: [VRFC 10-311] analyzing module fifo_w24_d8_A_shiftReg
INFO: [VRFC 10-311] analyzing module fifo_w24_d8_A
INFO: [VRFC 10-2263] Analyzing SystemVerilog file "C:/Users/manug/AppData/Roaming/Xilinx/Vivado/binarycam/solution2/sim/verilog/fifo_w2_d2_A.v" into library xil_defaultlib
INFO: [VRFC 10-311] analyzing module fifo_w2_d2_A_shiftReg
INFO: [VRFC 10-311] analyzing module fifo_w2_d2_A
INFO: [VRFC 10-2263] Analyzing SystemVerilog file "C:/Users/manug/AppData/Roaming/Xilinx/Vivado/binarycam/solution2/sim/verilog/preprocessor_cam52.v" into library xil_defaultlib
INFO: [VRFC 10-311] analyzing module preprocessor_cam52
INFO: [VRFC 10-2263] Analyzing SystemVerilog file "C:/Users/manug/AppData/Roaming/Xilinx/Vivado/binarycam/solution2/sim/verilog/start_for_busquedbkb.v" into library xil_defaultlib
INFO: [VRFC 10-311] analyzing module start_for_busquedbkb_shiftReg
INFO: [VRFC 10-311] analyzing module start_for_busquedbkb
INFO: [VRFC 10-2263] Analyzing SystemVerilog file "C:/Users/manug/AppData/Roaming/Xilinx/Vivado/binarycam/solution2/sim/verilog/start_for_busquedcud.v" into library xil_defaultlib
INFO: [VRFC 10-311] analyzing module start_for_busquedcud_shiftReg
INFO: [VRFC 10-311] analyzing module start_for_busquedcud
INFO: [VRFC 10-2263] Analyzing SystemVerilog file "C:/Users/manug/AppData/Roaming/Xilinx/Vivado/binarycam/solution2/sim/verilog/start_for_combinadEe.v" into library xil_defaultlib
INFO: [VRFC 10-311] analyzing module start_for_combinadEe_shiftReg
INFO: [VRFC 10-311] analyzing module start_for_combinadEe
INFO: [VRFC 10-2263] Analyzing SystemVerilog file "C:/Users/manug/AppData/Roaming/Xilinx/Vivado/binarycam/solution2/sim/verilog/top_function.autotb.v" into library xil_defaultlib
INFO: [VRFC 10-311] analyzing module apatb_top_function_top
INFO: [VRFC 10-2263] Analyzing SystemVerilog file "C:/Users/manug/AppData/Roaming/Xilinx/Vivado/binarycam/solution2/sim/verilog/top_function.v" into library xil_defaultlib
INFO: [VRFC 10-311] analyzing module top_function
INFO: [VRFC 10-2263] Analyzing SystemVerilog file "C:/Users/manug/AppData/Roaming/Xilinx/Vivado/binarycam/solution2/sim/verilog/top_function_entry3.v" into library xil_defaultlib
INFO: [VRFC 10-311] analyzing module top_function_entry3
Starting static elaboration
Completed static elaboration
Starting simulation data flow analysis
Completed simulation data flow analysis
Time Resolution for simulation is 1ps
Compiling module xil_defaultlib.top_function_entry3
Compiling module xil_defaultlib.preprocessor_cam52
Compiling module xil_defaultlib.busqueda_cam51
Compiling module xil_defaultlib.busqueda_cam
Compiling module xil_defaultlib.combinar
Compiling module xil_defaultlib.fifo_w11_d2_A_shiftReg
Compiling module xil_defaultlib.fifo_w11_d2_A
Compiling module xil_defaultlib.fifo_w2_d2_A_shiftReg
Compiling module xil_defaultlib.fifo_w2_d2_A
Compiling module xil_defaultlib.fifo_w1_d2_A_shiftReg
Compiling module xil_defaultlib.fifo_w1_d2_A
Compiling module xil_defaultlib.fifo_w24_d8_A_shiftReg
Compiling module xil_defaultlib.fifo_w24_d8_A
Compiling module xil_defaultlib.fifo_w11_d8_A_shiftReg
Compiling module xil_defaultlib.fifo_w11_d8_A
Compiling module xil_defaultlib.start_for_busquedbkb_shiftReg
Compiling module xil_defaultlib.start_for_busquedbkb
Compiling module xil_defaultlib.start_for_busquedcud_shiftReg
Compiling module xil_defaultlib.start_for_busquedcud
Compiling module xil_defaultlib.start_for_combinadEe_shiftReg
Compiling module xil_defaultlib.start_for_combinadEe
Compiling module xil_defaultlib.top_function
Compiling module xil_defaultlib.AESL_automem_tree_V
Compiling module xil_defaultlib.AESL_autofifo_result_V_V
Compiling module xil_defaultlib.AESL_deadlock_detect_unit(PROC_N...
Compiling module xil_defaultlib.AESL_deadlock_detect_unit(PROC_N...
Compiling module xil_defaultlib.AESL_deadlock_detect_unit(PROC_N...
Compiling module xil_defaultlib.AESL_deadlock_detect_unit(PROC_N...
Compiling module xil_defaultlib.AESL_deadlock_detect_unit(PROC_N...
Compiling module xil_defaultlib.AESL_deadlock_report_unit(PROC_N...
Compiling module xil_defaultlib.AESL_deadlock_detector_1
Compiling module xil_defaultlib.apatb_top_function_top
Compiling module work.glbl
Built simulation snapshot top_function

****** Webtalk v2019.1 (64-bit)
  **** SW Build 2552052 on Fri May 24 14:49:42 MDT 2019
  **** IP Build 2548770 on Fri May 24 18:01:18 MDT 2019
    ** Copyright 1986-2019 Xilinx, Inc. All Rights Reserved.

source C:/Users/manug/AppData/Roaming/Xilinx/Vivado/binarycam/solution2/sim/verilog/xsim.dir/top_function/webtalk/xsim_webtalk.tcl -notrace
INFO: [Common 17-186] 'C:/Users/manug/AppData/Roaming/Xilinx/Vivado/binarycam/solution2/sim/verilog/xsim.dir/top_function/webtalk/usage_statistics_ext_xsim.xml' has been successfully sent to Xilinx on Fri Jul 24 18:51:10 2020. For additional details about this file, please refer to the WebTalk help file at G:/Vivado/2019.1/doc/webtalk_introduction.html.
INFO: [Common 17-206] Exiting Webtalk at Fri Jul 24 18:51:10 2020...

****** xsim v2019.1 (64-bit)
  **** SW Build 2552052 on Fri May 24 14:49:42 MDT 2019
  **** IP Build 2548770 on Fri May 24 18:01:18 MDT 2019
    ** Copyright 1986-2019 Xilinx, Inc. All Rights Reserved.

source xsim.dir/top_function/xsim_script.tcl
# xsim {top_function} -autoloadwcfg -tclbatch {top_function.tcl}
Vivado Simulator 2019.1
Time resolution is 1 ps
source top_function.tcl
## run all
////////////////////////////////////////////////////////////////////////////////////
// Inter-Transaction Progress: Completed Transaction / Total Transaction
// Intra-Transaction Progress: Measured Latency / Latency Estimation * 100%
//
// RTL Simulation : "Inter-Transaction Progress" ["Intra-Transaction Progress"] @ "Simulation Time"
////////////////////////////////////////////////////////////////////////////////////
// RTL Simulation : 0 / 6 [n/a] @ "125000"
// RTL Simulation : 1 / 6 [n/a] @ "5365000"
// RTL Simulation : 2 / 6 [n/a] @ "10535000"
// RTL Simulation : 3 / 6 [n/a] @ "15685000"
// RTL Simulation : 4 / 6 [n/a] @ "20855000"
// RTL Simulation : 5 / 6 [n/a] @ "26005000"
// RTL Simulation : 6 / 6 [n/a] @ "31175000"
////////////////////////////////////////////////////////////////////////////////////
$finish called at time : 31215 ns : File "C:/Users/manug/AppData/Roaming/Xilinx/Vivado/binarycam/solution2/sim/verilog/top_function.autotb.v" Line 464
## quit
INFO: [Common 17-206] Exiting xsim at Fri Jul 24 18:51:29 2020...
FICHERO DE ENTRADA CON NUMERO DE DATOS 1024 BUSQUEDA 1
---- CASE TESTING FOR PARENT CASES ---- 
---- Testing nº of access for worst case (i = N) ---- 
Node 1023 's father is:  
695
SEARCH ENDED
---- Test succesful at the moment! ----
---- Finalized test for worst case ---- 
 
---- Testing nº of access for best case (i = 1) ---- 
Node 2 's father is:  
1
SEARCH ENDED
---- Test succesful at the moment! ----
---- Finalized test for best case ---- 
 
---- Testing nº of access for promedium case (i = N/2)
Node 512 's father is:  
339
SEARCH ENDED
---- Test succesful at the moment! ----
---- Finalized test for promedium case ---- 
---- Finalized test for PARENT cases. Starting CHILDREN cases----
---- CASE TESTING FOR CHILDREN CASES ---- 
---- Testing nº of access for worst case (i = N). ---- 
Node 1023 's children is/are: 
SEARCH ENDED
---- Test succesful at the moment! ----
---- Finalized test for worst case ---- 
 
---- Testing nº of access for best case (i = 1) ---- 
Node 1 's children is/are: 
2
3
4
SEARCH ENDED
---- Test succesful at the moment! ----
---- Finalized test for best case ---- 
 
---- Testing nº of access for promedium case (i = N/2)
Node 512 's children is/are: 
769
770
771
SEARCH ENDED
---- Test succesful at the moment! ----
 
