

================================================================
== Vivado HLS Report for 'busqueda_cam'
================================================================
* Date:           Fri Jul 24 18:38:37 2020

* Version:        2019.1 (Build 2552052 on Fri May 24 15:28:33 MDT 2019)
* Project:        cam_simple
* Solution:       binaria_normal_optimizada_parada
* Product family: zynq
* Target device:  xc7z020-clg484-1


================================================================
== Performance Estimates
================================================================
+ Timing (ns): 
    * Summary: 
    +--------+-------+----------+------------+
    |  Clock | Target| Estimated| Uncertainty|
    +--------+-------+----------+------------+
    |ap_clk  |  10.00|     7.881|        1.25|
    +--------+-------+----------+------------+

+ Latency (clock cycles): 
    * Summary: 
    +-----+------+-----+------+---------+
    |   Latency  |  Interval  | Pipeline|
    | min |  max | min |  max |   Type  |
    +-----+------+-----+------+---------+
    |    1|  1542|    1|  1542|   none  |
    +-----+------+-----+------+---------+

    + Detail: 
        * Instance: 
        N/A

        * Loop: 
        +----------+-----+------+----------+-----------+-----------+---------+----------+
        |          |   Latency  | Iteration|  Initiation Interval  |   Trip  |          |
        | Loop Name| min |  max |  Latency |  achieved |   target  |  Count  | Pipelined|
        +----------+-----+------+----------+-----------+-----------+---------+----------+
        |- Loop 1  |    3|  1025|         2|          2|          1| 1 ~ 512 |    yes   |
        |- Loop 2  |    6|  1539|         4|          3|          1| 1 ~ 512 |    yes   |
        +----------+-----+------+----------+-----------+-----------+---------+----------+



================================================================
== Utilization Estimates
================================================================
* Summary: 
+-----------------+---------+-------+--------+-------+-----+
|       Name      | BRAM_18K| DSP48E|   FF   |  LUT  | URAM|
+-----------------+---------+-------+--------+-------+-----+
|DSP              |        -|      -|       -|      -|    -|
|Expression       |        -|      -|       0|    169|    -|
|FIFO             |        -|      -|       -|      -|    -|
|Instance         |        -|      -|       -|      -|    -|
|Memory           |        -|      -|       -|      -|    -|
|Multiplexer      |        -|      -|       -|    194|    -|
|Register         |        -|      -|     128|      -|    -|
+-----------------+---------+-------+--------+-------+-----+
|Total            |        0|      0|     128|    363|    0|
+-----------------+---------+-------+--------+-------+-----+
|Available        |      280|    220|  106400|  53200|    0|
+-----------------+---------+-------+--------+-------+-----+
|Utilization (%)  |        0|      0|   ~0   |   ~0  |    0|
+-----------------+---------+-------+--------+-------+-----+

+ Detail: 
    * Instance: 
    N/A

    * DSP48E: 
    N/A

    * Memory: 
    N/A

    * FIFO: 
    N/A

    * Expression: 
    +----------------------------------+----------+-------+---+----+------------+------------+
    |           Variable Name          | Operation| DSP48E| FF| LUT| Bitwidth P0| Bitwidth P1|
    +----------------------------------+----------+-------+---+----+------------+------------+
    |i_1_fu_355_p2                     |     +    |      0|  0|  13|          11|           2|
    |i_fu_409_p2                       |     +    |      0|  0|  13|          11|           2|
    |and_ln25_fu_247_p2                |    and   |      0|  0|   2|           1|           1|
    |ap_block_pp0_stage0_01001         |    and   |      0|  0|   2|           1|           1|
    |ap_block_pp0_stage2_01001         |    and   |      0|  0|   2|           1|           1|
    |ap_block_state11                  |    and   |      0|  0|   2|           1|           1|
    |ap_block_state4_pp0_stage2_iter0  |    and   |      0|  0|   2|           1|           1|
    |ap_block_state5_pp0_stage0_iter1  |    and   |      0|  0|   2|           1|           1|
    |ap_condition_198                  |    and   |      0|  0|   2|           1|           1|
    |ap_condition_428                  |    and   |      0|  0|   2|           1|           1|
    |ap_predicate_op53_write_state4    |    and   |      0|  0|   2|           1|           1|
    |ap_predicate_op64_write_state5    |    and   |      0|  0|   2|           1|           1|
    |ap_predicate_op96_write_state9    |    and   |      0|  0|   2|           1|           1|
    |ap_predicate_op99_write_state9    |    and   |      0|  0|   2|           1|           1|
    |icmp_ln25_fu_241_p2               |   icmp   |      0|  0|  13|          11|           1|
    |icmp_ln36_1_fu_253_p2             |   icmp   |      0|  0|   8|           2|           1|
    |icmp_ln36_fu_389_p2               |   icmp   |      0|  0|  13|          11|          11|
    |icmp_ln40_fu_399_p2               |   icmp   |      0|  0|  13|          11|          11|
    |icmp_ln879_1_fu_323_p2            |   icmp   |      0|  0|  13|          11|          11|
    |icmp_ln879_fu_307_p2              |   icmp   |      0|  0|  13|          11|          11|
    |ap_block_state1                   |    or    |      0|  0|   2|           1|           1|
    |ap_block_state9                   |    or    |      0|  0|   2|           1|           1|
    |ap_predicate_tran5to6_state4      |    or    |      0|  0|   2|           1|           1|
    |or_ln33_fu_378_p2                 |    or    |      0|  0|  10|          10|           1|
    |or_ln36_fu_394_p2                 |    or    |      0|  0|   2|           1|           1|
    |or_ln40_fu_404_p2                 |    or    |      0|  0|   2|           1|           1|
    |or_ln49_fu_276_p2                 |    or    |      0|  0|  10|          10|           1|
    |or_ln52_fu_318_p2                 |    or    |      0|  0|   2|           1|           1|
    |or_ln56_fu_334_p2                 |    or    |      0|  0|   2|           1|           1|
    |or_ln60_1_fu_350_p2               |    or    |      0|  0|   2|           1|           1|
    |or_ln60_fu_345_p2                 |    or    |      0|  0|   2|           1|           1|
    |ap_enable_pp0                     |    xor   |      0|  0|   2|           1|           2|
    |xor_ln52_fu_312_p2                |    xor   |      0|  0|   2|           1|           2|
    |xor_ln56_fu_328_p2                |    xor   |      0|  0|   2|           1|           2|
    |xor_ln60_fu_339_p2                |    xor   |      0|  0|   2|           1|           2|
    +----------------------------------+----------+-------+---+----+------------+------------+
    |Total                             |          |      0|  0| 169|         124|          81|
    +----------------------------------+----------+-------+---+----+------------+------------+

    * Multiplexer: 
    +-------------------------------------+----+-----------+-----+-----------+
    |                 Name                | LUT| Input Size| Bits| Total Bits|
    +-------------------------------------+----+-----------+-----+-----------+
    |ap_NS_fsm                            |  50|         11|    1|         11|
    |ap_enable_reg_pp0_iter1              |   9|          2|    1|          2|
    |ap_phi_mux_flag_4_phi_fu_200_p4      |   9|          2|    1|          2|
    |ap_phi_mux_i1_0_phi_fu_175_p4        |   9|          2|   11|         22|
    |ap_phi_reg_pp0_iter0_flag_2_reg_183  |   9|          2|    1|          2|
    |flag_0_reg_159                       |   9|          2|    1|          2|
    |flag_4_reg_195                       |   9|          2|    1|          2|
    |i1_0_reg_171                         |   9|          2|   11|         22|
    |i_0_reg_209                          |   9|          2|   11|         22|
    |result_V_V_blk_n                     |   9|          2|    1|          2|
    |result_V_V_din                       |  33|          6|   11|         66|
    |tree_V_address0                      |  15|          3|   10|         30|
    |tree_V_address1                      |  15|          3|   10|         30|
    +-------------------------------------+----+-----------+-----+-----------+
    |Total                                | 194|         41|   71|        215|
    +-------------------------------------+----+-----------+-----+-----------+

    * Register: 
    +-------------------------------------+----+----+-----+-----------+
    |                 Name                | FF | LUT| Bits| Const Bits|
    +-------------------------------------+----+----+-----+-----------+
    |and_ln25_reg_447                     |   1|   0|    1|          0|
    |ap_CS_fsm                            |  10|   0|   10|          0|
    |ap_enable_reg_pp0_iter0              |   1|   0|    1|          0|
    |ap_enable_reg_pp0_iter1              |   1|   0|    1|          0|
    |ap_phi_reg_pp0_iter0_flag_2_reg_183  |   1|   0|    1|          0|
    |flag_0_reg_159                       |   1|   0|    1|          0|
    |flag_4_reg_195                       |   1|   0|    1|          0|
    |i1_0_reg_171                         |  11|   0|   11|          0|
    |i_0_reg_209                          |  11|   0|   11|          0|
    |i_1_reg_505                          |  11|   0|   11|          0|
    |icmp_ln36_1_reg_451                  |   1|   0|    1|          0|
    |icmp_ln879_1_reg_487                 |   1|   0|    1|          0|
    |icmp_ln879_reg_473                   |   1|   0|    1|          0|
    |or_ln36_reg_534                      |   1|   0|    1|          0|
    |or_ln52_reg_478                      |   1|   0|    1|          0|
    |or_ln56_reg_492                      |   1|   0|    1|          0|
    |or_ln60_1_reg_501                    |   1|   0|    1|          0|
    |tmp_2_reg_510                        |   1|   0|    1|          0|
    |tmp_3_reg_459                        |   1|   0|    1|          0|
    |tmp_V_1_reg_482                      |  11|   0|   11|          0|
    |tmp_V_3_reg_496                      |  11|   0|   11|          0|
    |valor2_V_reg_529                     |  24|   0|   24|          0|
    |valor_V_reg_524                      |  24|   0|   24|          0|
    +-------------------------------------+----+----+-----+-----------+
    |Total                                | 128|   0|  128|          0|
    +-------------------------------------+----+----+-----+-----------+



================================================================
== Interface
================================================================
* Summary: 
+-------------------+-----+-----+------------+----------------+--------------+
|     RTL Ports     | Dir | Bits|  Protocol  |  Source Object |    C Type    |
+-------------------+-----+-----+------------+----------------+--------------+
|ap_clk             |  in |    1| ap_ctrl_hs |  busqueda_cam  | return value |
|ap_rst             |  in |    1| ap_ctrl_hs |  busqueda_cam  | return value |
|ap_start           |  in |    1| ap_ctrl_hs |  busqueda_cam  | return value |
|ap_done            | out |    1| ap_ctrl_hs |  busqueda_cam  | return value |
|ap_idle            | out |    1| ap_ctrl_hs |  busqueda_cam  | return value |
|ap_ready           | out |    1| ap_ctrl_hs |  busqueda_cam  | return value |
|tree_V_address0    | out |   10|  ap_memory |     tree_V     |     array    |
|tree_V_ce0         | out |    1|  ap_memory |     tree_V     |     array    |
|tree_V_q0          |  in |   24|  ap_memory |     tree_V     |     array    |
|tree_V_address1    | out |   10|  ap_memory |     tree_V     |     array    |
|tree_V_ce1         | out |    1|  ap_memory |     tree_V     |     array    |
|tree_V_q1          |  in |   24|  ap_memory |     tree_V     |     array    |
|nodo_V             |  in |   11|   ap_none  |     nodo_V     |    scalar    |
|relationship_V     |  in |    2|   ap_none  | relationship_V |    scalar    |
|fatherSearch       |  in |    1|   ap_none  |  fatherSearch  |    scalar    |
|result_V_V_din     | out |   11|   ap_fifo  |   result_V_V   |    pointer   |
|result_V_V_full_n  |  in |    1|   ap_fifo  |   result_V_V   |    pointer   |
|result_V_V_write   | out |    1|   ap_fifo  |   result_V_V   |    pointer   |
+-------------------+-----+-----+------------+----------------+--------------+

