

================================================================
== Vivado HLS Report for 'top_function'
================================================================
* Date:           Mon Jul 20 13:08:27 2020

* Version:        2019.1 (Build 2552052 on Fri May 24 15:28:33 MDT 2019)
* Project:        binarycam
* Solution:       solution2
* Product family: zynq
* Target device:  xc7z020-clg484-1


================================================================
== Performance Estimates
================================================================
+ Timing (ns): 
    * Summary: 
    +--------+-------+----------+------------+
    |  Clock | Target| Estimated| Uncertainty|
    +--------+-------+----------+------------+
    |ap_clk  |  10.00|     8.448|        1.25|
    +--------+-------+----------+------------+

+ Latency (clock cycles): 
    * Summary: 
    +-----+-----+-----+-----+----------+
    |  Latency  |  Interval | Pipeline |
    | min | max | min | max |   Type   |
    +-----+-----+-----+-----+----------+
    |    ?|    ?|    ?|    ?| dataflow |
    +-----+-----+-----+-----+----------+

    + Detail: 
        * Instance: 
        +--------------------------------------+---------------------+-----+-----+-----+-----+---------+
        |                                      |                     |  Latency  |  Interval | Pipeline|
        |               Instance               |        Module       | min | max | min | max |   Type  |
        +--------------------------------------+---------------------+-----+-----+-----+-----+---------+
        |grp_busqueda_cam51_fu_146             |busqueda_cam51       |    ?|    ?|    ?|    ?|   none  |
        |grp_busqueda_cam_fu_157               |busqueda_cam         |    ?|    ?|    ?|    ?|   none  |
        |grp_preprocessor_cam52_fu_168         |preprocessor_cam52   |    1|  514|    1|  514|   none  |
        |grp_combinar_fu_187                   |combinar             |    ?|    ?|    ?|    ?|   none  |
        |call_ln22_top_function_entry3_fu_197  |top_function_entry3  |    0|    0|    0|    0|   none  |
        +--------------------------------------+---------------------+-----+-----+-----+-----+---------+

        * Loop: 
        N/A

============================================================
+ Verbose Summary: Synthesis Manager
============================================================
InlineROM: 1
ExposeGlobal: 0
============================================================
+ Verbose Summary: CDFG Model
============================================================
IsTopModel: 1
ResetActiveHigh: 1
IsCombinational: 2
IsDatapathOnly: 0
HasWiredReturn: 1
HasMFsm: 0
HasVarLatency: 1
IsPipeline: 0
IsRtlPipelined: 0
IsInstanceOverlapped: 0
IsDontTouch: 0
HasImplIP: 0
IsGatedGlobalClock: 0


============================================================
+ Verbose Summary: Schedule
============================================================
* Number of FSM states : 7
* Pipeline : 0
* Dataflow Pipeline: 1
  DF-Pipeline-0: Size = 7, States = { 1 2 3 4 5 6 7 }

* FSM state transitions: 
1 --> 2 
2 --> 3 
3 --> 4 
4 --> 5 
5 --> 6 
6 --> 7 
7 --> 

* FSM state operations: 

State 1 <SV = 0> <Delay = 3.63>
ST_1 : Operation 8 [1/1] (0.00ns)   --->   "%fatherSearch_read = call i1 @_ssdm_op_Read.ap_auto.i1(i1 %fatherSearch)" [binarycam/cam.cpp:12]   --->   Operation 8 'read' 'fatherSearch_read' <Predicate = true> <Delay = 0.00>
ST_1 : Operation 9 [1/1] (0.00ns)   --->   "%relationship_V_read = call i2 @_ssdm_op_Read.ap_auto.i2(i2 %relationship_V)" [binarycam/cam.cpp:12]   --->   Operation 9 'read' 'relationship_V_read' <Predicate = true> <Delay = 0.00>
ST_1 : Operation 10 [1/1] (0.00ns)   --->   "%nodo_V_read = call i11 @_ssdm_op_Read.ap_auto.i11(i11 %nodo_V)" [binarycam/cam.cpp:12]   --->   Operation 10 'read' 'nodo_V_read' <Predicate = true> <Delay = 0.00>
ST_1 : Operation 11 [1/1] (0.00ns)   --->   "%fatherSearch_c3 = alloca i1, align 1" [binarycam/cam.cpp:12]   --->   Operation 11 'alloca' 'fatherSearch_c3' <Predicate = true> <Delay = 0.00> <Core = "FIFO">   --->   Core 32 'FIFO' <Latency = 0> <II = 1> <Delay = 3.63> <Storage> <Opcode : 'read' 'write' 'nbread' 'nbwrite'> <Ports = 0> <Width = 11> <Depth = 2> <FIFO>
ST_1 : Operation 12 [1/1] (0.00ns)   --->   "%relationship_V_c2 = alloca i2, align 1" [binarycam/cam.cpp:22]   --->   Operation 12 'alloca' 'relationship_V_c2' <Predicate = true> <Delay = 0.00> <Core = "FIFO">   --->   Core 32 'FIFO' <Latency = 0> <II = 1> <Delay = 3.63> <Storage> <Opcode : 'read' 'write' 'nbread' 'nbwrite'> <Ports = 0> <Width = 11> <Depth = 2> <FIFO>
ST_1 : Operation 13 [1/1] (0.00ns)   --->   "%nodo_V_c1 = alloca i11, align 2" [binarycam/cam.cpp:22]   --->   Operation 13 'alloca' 'nodo_V_c1' <Predicate = true> <Delay = 0.00> <Core = "FIFO">   --->   Core 32 'FIFO' <Latency = 0> <II = 1> <Delay = 3.63> <Storage> <Opcode : 'read' 'write' 'nbread' 'nbwrite'> <Ports = 0> <Width = 11> <Depth = 2> <FIFO>
ST_1 : Operation 14 [1/1] (0.00ns)   --->   "%relationship_V_c11 = alloca i2, align 1" [binarycam/cam.cpp:22]   --->   Operation 14 'alloca' 'relationship_V_c11' <Predicate = true> <Delay = 0.00> <Core = "FIFO">   --->   Core 32 'FIFO' <Latency = 0> <II = 1> <Delay = 3.63> <Storage> <Opcode : 'read' 'write' 'nbread' 'nbwrite'> <Ports = 0> <Width = 11> <Depth = 2> <FIFO>
ST_1 : Operation 15 [1/1] (0.00ns)   --->   "%relationship_V_c = alloca i2, align 1" [binarycam/cam.cpp:22]   --->   Operation 15 'alloca' 'relationship_V_c' <Predicate = true> <Delay = 0.00> <Core = "FIFO">   --->   Core 32 'FIFO' <Latency = 0> <II = 1> <Delay = 3.63> <Storage> <Opcode : 'read' 'write' 'nbread' 'nbwrite'> <Ports = 0> <Width = 11> <Depth = 2> <FIFO>
ST_1 : Operation 16 [1/1] (0.00ns)   --->   "%fatherSearch_c10 = alloca i1, align 1" [binarycam/cam.cpp:12]   --->   Operation 16 'alloca' 'fatherSearch_c10' <Predicate = true> <Delay = 0.00> <Core = "FIFO">   --->   Core 32 'FIFO' <Latency = 0> <II = 1> <Delay = 3.63> <Storage> <Opcode : 'read' 'write' 'nbread' 'nbwrite'> <Ports = 0> <Width = 11> <Depth = 2> <FIFO>
ST_1 : Operation 17 [1/1] (0.00ns)   --->   "%fatherSearch_c = alloca i1, align 1" [binarycam/cam.cpp:12]   --->   Operation 17 'alloca' 'fatherSearch_c' <Predicate = true> <Delay = 0.00> <Core = "FIFO">   --->   Core 32 'FIFO' <Latency = 0> <II = 1> <Delay = 3.63> <Storage> <Opcode : 'read' 'write' 'nbread' 'nbwrite'> <Ports = 0> <Width = 11> <Depth = 2> <FIFO>
ST_1 : Operation 18 [1/1] (0.00ns)   --->   "%nodo_V_c9 = alloca i11, align 2" [binarycam/cam.cpp:22]   --->   Operation 18 'alloca' 'nodo_V_c9' <Predicate = true> <Delay = 0.00> <Core = "FIFO">   --->   Core 32 'FIFO' <Latency = 0> <II = 1> <Delay = 3.63> <Storage> <Opcode : 'read' 'write' 'nbread' 'nbwrite'> <Ports = 0> <Width = 11> <Depth = 2> <FIFO>
ST_1 : Operation 19 [1/1] (0.00ns)   --->   "%nodo_V_c = alloca i11, align 2" [binarycam/cam.cpp:22]   --->   Operation 19 'alloca' 'nodo_V_c' <Predicate = true> <Delay = 0.00> <Core = "FIFO">   --->   Core 32 'FIFO' <Latency = 0> <II = 1> <Delay = 3.63> <Storage> <Opcode : 'read' 'write' 'nbread' 'nbwrite'> <Ports = 0> <Width = 11> <Depth = 2> <FIFO>
ST_1 : Operation 20 [1/1] (3.63ns)   --->   "call void @top_function.entry3(i11 %nodo_V_read, i2 %relationship_V_read, i1 %fatherSearch_read, i11* %nodo_V_c1, i2* %relationship_V_c2, i1* %fatherSearch_c3)" [binarycam/cam.cpp:22]   --->   Operation 20 'call' <Predicate = true> <Delay = 3.63> <CoreType = "Generic">   --->   Core 0 '' <Latency = 0> <II = 1> <Delay = 1.00> <Generic> <Opcode : >

State 2 <SV = 1> <Delay = 0.00>
ST_2 : Operation 21 [2/2] (0.00ns)   --->   "call fastcc void @preprocessor_cam52([1024 x i24]* nocapture %tree_V, i11* nocapture %nodo_V_c1, i1* nocapture %fatherSearch_c3, i2* nocapture %relationship_V_c2, i11* %nodo_V_c, i11* %nodo_V_c9, i1* %fatherSearch_c, i1* %fatherSearch_c10, i2* %relationship_V_c, i2* %relationship_V_c11)" [binarycam/cam.cpp:22]   --->   Operation 21 'call' <Predicate = true> <Delay = 0.00> <CoreType = "Generic">   --->   Core 0 '' <Latency = 0> <II = 1> <Delay = 1.00> <Generic> <Opcode : >

State 3 <SV = 2> <Delay = 0.00>
ST_3 : Operation 22 [1/2] (0.00ns)   --->   "call fastcc void @preprocessor_cam52([1024 x i24]* nocapture %tree_V, i11* nocapture %nodo_V_c1, i1* nocapture %fatherSearch_c3, i2* nocapture %relationship_V_c2, i11* %nodo_V_c, i11* %nodo_V_c9, i1* %fatherSearch_c, i1* %fatherSearch_c10, i2* %relationship_V_c, i2* %relationship_V_c11)" [binarycam/cam.cpp:22]   --->   Operation 22 'call' <Predicate = true> <Delay = 0.00> <CoreType = "Generic">   --->   Core 0 '' <Latency = 0> <II = 1> <Delay = 1.00> <Generic> <Opcode : >

State 4 <SV = 3> <Delay = 0.00>
ST_4 : Operation 23 [2/2] (0.00ns)   --->   "call fastcc void @busqueda_cam51(i11* nocapture %nodo_V_c, i2* nocapture %relationship_V_c, i1* nocapture %fatherSearch_c)" [binarycam/cam.cpp:23]   --->   Operation 23 'call' <Predicate = true> <Delay = 0.00> <CoreType = "Generic">   --->   Core 0 '' <Latency = 0> <II = 1> <Delay = 1.00> <Generic> <Opcode : >
ST_4 : Operation 24 [2/2] (0.00ns)   --->   "call fastcc void @busqueda_cam(i11* nocapture %nodo_V_c9, i2* nocapture %relationship_V_c11, i1* nocapture %fatherSearch_c10)" [binarycam/cam.cpp:24]   --->   Operation 24 'call' <Predicate = true> <Delay = 0.00> <CoreType = "Generic">   --->   Core 0 '' <Latency = 0> <II = 1> <Delay = 1.00> <Generic> <Opcode : >

State 5 <SV = 4> <Delay = 0.00>
ST_5 : Operation 25 [1/2] (0.00ns)   --->   "call fastcc void @busqueda_cam51(i11* nocapture %nodo_V_c, i2* nocapture %relationship_V_c, i1* nocapture %fatherSearch_c)" [binarycam/cam.cpp:23]   --->   Operation 25 'call' <Predicate = true> <Delay = 0.00> <CoreType = "Generic">   --->   Core 0 '' <Latency = 0> <II = 1> <Delay = 1.00> <Generic> <Opcode : >
ST_5 : Operation 26 [1/2] (0.00ns)   --->   "call fastcc void @busqueda_cam(i11* nocapture %nodo_V_c9, i2* nocapture %relationship_V_c11, i1* nocapture %fatherSearch_c10)" [binarycam/cam.cpp:24]   --->   Operation 26 'call' <Predicate = true> <Delay = 0.00> <CoreType = "Generic">   --->   Core 0 '' <Latency = 0> <II = 1> <Delay = 1.00> <Generic> <Opcode : >

State 6 <SV = 5> <Delay = 0.00>
ST_6 : Operation 27 [2/2] (0.00ns)   --->   "call fastcc void @combinar(i11* %result_V_V)" [binarycam/cam.cpp:25]   --->   Operation 27 'call' <Predicate = true> <Delay = 0.00> <CoreType = "Generic">   --->   Core 0 '' <Latency = 0> <II = 1> <Delay = 1.00> <Generic> <Opcode : >

State 7 <SV = 6> <Delay = 0.00>
ST_7 : Operation 28 [1/1] (0.00ns)   --->   "call void (...)* @_ssdm_op_SpecDataflowPipeline(i32 -1, i32 0, [1 x i8]* @p_str1) nounwind" [binarycam/cam.cpp:21]   --->   Operation 28 'specdataflowpipeline' <Predicate = true> <Delay = 0.00>
ST_7 : Operation 29 [1/1] (0.00ns)   --->   "%empty = call i32 (...)* @_ssdm_op_SpecChannel([8 x i8]* @in1_OC_V_OC_V_str, i32 1, [1 x i8]* @p_str, [1 x i8]* @p_str, i32 8, i32 8, i24* @in1_V_V, i24* @in1_V_V)"   --->   Operation 29 'specchannel' 'empty' <Predicate = true> <Delay = 0.00>
ST_7 : Operation 30 [1/1] (0.00ns)   --->   "%empty_12 = call i32 (...)* @_ssdm_op_SpecInterface(i24* @in1_V_V, [8 x i8]* @ap_fifo_str, i32 0, i32 0, [1 x i8]* @p_str, i32 0, i32 0, [1 x i8]* @p_str, [1 x i8]* @p_str, [1 x i8]* @p_str, i32 2, i32 2, i32 16, i32 16, [1 x i8]* @p_str, [1 x i8]* @p_str)"   --->   Operation 30 'specinterface' 'empty_12' <Predicate = true> <Delay = 0.00>
ST_7 : Operation 31 [1/1] (0.00ns)   --->   "%empty_13 = call i32 (...)* @_ssdm_op_SpecChannel([9 x i8]* @in1b_OC_V_OC_V_str, i32 1, [1 x i8]* @p_str, [1 x i8]* @p_str, i32 8, i32 8, i11* @in1b_V_V, i11* @in1b_V_V)"   --->   Operation 31 'specchannel' 'empty_13' <Predicate = true> <Delay = 0.00>
ST_7 : Operation 32 [1/1] (0.00ns)   --->   "%empty_14 = call i32 (...)* @_ssdm_op_SpecInterface(i11* @in1b_V_V, [8 x i8]* @ap_fifo_str, i32 0, i32 0, [1 x i8]* @p_str, i32 0, i32 0, [1 x i8]* @p_str, [1 x i8]* @p_str, [1 x i8]* @p_str, i32 2, i32 2, i32 16, i32 16, [1 x i8]* @p_str, [1 x i8]* @p_str)"   --->   Operation 32 'specinterface' 'empty_14' <Predicate = true> <Delay = 0.00>
ST_7 : Operation 33 [1/1] (0.00ns)   --->   "%empty_15 = call i32 (...)* @_ssdm_op_SpecChannel([8 x i8]* @in2_OC_V_OC_V_str, i32 1, [1 x i8]* @p_str, [1 x i8]* @p_str, i32 8, i32 8, i24* @in2_V_V, i24* @in2_V_V)"   --->   Operation 33 'specchannel' 'empty_15' <Predicate = true> <Delay = 0.00>
ST_7 : Operation 34 [1/1] (0.00ns)   --->   "%empty_16 = call i32 (...)* @_ssdm_op_SpecInterface(i24* @in2_V_V, [8 x i8]* @ap_fifo_str, i32 0, i32 0, [1 x i8]* @p_str, i32 0, i32 0, [1 x i8]* @p_str, [1 x i8]* @p_str, [1 x i8]* @p_str, i32 2, i32 2, i32 16, i32 16, [1 x i8]* @p_str, [1 x i8]* @p_str)"   --->   Operation 34 'specinterface' 'empty_16' <Predicate = true> <Delay = 0.00>
ST_7 : Operation 35 [1/1] (0.00ns)   --->   "%empty_17 = call i32 (...)* @_ssdm_op_SpecChannel([9 x i8]* @in2b_OC_V_OC_V_str, i32 1, [1 x i8]* @p_str, [1 x i8]* @p_str, i32 8, i32 8, i11* @in2b_V_V, i11* @in2b_V_V)"   --->   Operation 35 'specchannel' 'empty_17' <Predicate = true> <Delay = 0.00>
ST_7 : Operation 36 [1/1] (0.00ns)   --->   "%empty_18 = call i32 (...)* @_ssdm_op_SpecInterface(i11* @in2b_V_V, [8 x i8]* @ap_fifo_str, i32 0, i32 0, [1 x i8]* @p_str, i32 0, i32 0, [1 x i8]* @p_str, [1 x i8]* @p_str, [1 x i8]* @p_str, i32 2, i32 2, i32 16, i32 16, [1 x i8]* @p_str, [1 x i8]* @p_str)"   --->   Operation 36 'specinterface' 'empty_18' <Predicate = true> <Delay = 0.00>
ST_7 : Operation 37 [1/1] (0.00ns)   --->   "%empty_19 = call i32 (...)* @_ssdm_op_SpecInterface(i11* %result_V_V, [8 x i8]* @ap_fifo_str, i32 0, i32 0, [1 x i8]* @p_str, i32 0, i32 0, [1 x i8]* @p_str, [1 x i8]* @p_str, [1 x i8]* @p_str, i32 2, i32 2, i32 16, i32 16, [1 x i8]* @p_str, [1 x i8]* @p_str)"   --->   Operation 37 'specinterface' 'empty_19' <Predicate = true> <Delay = 0.00>
ST_7 : Operation 38 [1/1] (0.00ns)   --->   "call void (...)* @_ssdm_op_SpecBitsMap([1024 x i24]* %tree_V), !map !80"   --->   Operation 38 'specbitsmap' <Predicate = true> <Delay = 0.00>
ST_7 : Operation 39 [1/1] (0.00ns)   --->   "call void (...)* @_ssdm_op_SpecBitsMap(i11 %nodo_V), !map !86"   --->   Operation 39 'specbitsmap' <Predicate = true> <Delay = 0.00>
ST_7 : Operation 40 [1/1] (0.00ns)   --->   "call void (...)* @_ssdm_op_SpecBitsMap(i2 %relationship_V), !map !92"   --->   Operation 40 'specbitsmap' <Predicate = true> <Delay = 0.00>
ST_7 : Operation 41 [1/1] (0.00ns)   --->   "call void (...)* @_ssdm_op_SpecBitsMap(i1 %fatherSearch), !map !96"   --->   Operation 41 'specbitsmap' <Predicate = true> <Delay = 0.00>
ST_7 : Operation 42 [1/1] (0.00ns)   --->   "call void (...)* @_ssdm_op_SpecBitsMap(i11* %result_V_V), !map !100"   --->   Operation 42 'specbitsmap' <Predicate = true> <Delay = 0.00>
ST_7 : Operation 43 [1/1] (0.00ns)   --->   "call void (...)* @_ssdm_op_SpecTopModule([13 x i8]* @top_function_str) nounwind"   --->   Operation 43 'spectopmodule' <Predicate = true> <Delay = 0.00>
ST_7 : Operation 44 [1/1] (0.00ns)   --->   "%empty_20 = call i32 (...)* @_ssdm_op_SpecChannel([9 x i8]* @nodo_OC_V_c_str, i32 1, [1 x i8]* @p_str, [1 x i8]* @p_str, i32 2, i32 0, i11* %nodo_V_c, i11* %nodo_V_c)" [binarycam/cam.cpp:22]   --->   Operation 44 'specchannel' 'empty_20' <Predicate = true> <Delay = 0.00>
ST_7 : Operation 45 [1/1] (0.00ns)   --->   "%empty_21 = call i32 (...)* @_ssdm_op_SpecInterface(i11* %nodo_V_c, [8 x i8]* @ap_fifo_str, i32 0, i32 0, [1 x i8]* @p_str, i32 0, i32 0, [1 x i8]* @p_str, [1 x i8]* @p_str, [1 x i8]* @p_str, i32 2, i32 2, i32 16, i32 16, [1 x i8]* @p_str, [1 x i8]* @p_str)" [binarycam/cam.cpp:22]   --->   Operation 45 'specinterface' 'empty_21' <Predicate = true> <Delay = 0.00>
ST_7 : Operation 46 [1/1] (0.00ns)   --->   "%empty_22 = call i32 (...)* @_ssdm_op_SpecChannel([10 x i8]* @nodo_OC_V_c9_str, i32 1, [1 x i8]* @p_str, [1 x i8]* @p_str, i32 2, i32 0, i11* %nodo_V_c9, i11* %nodo_V_c9)" [binarycam/cam.cpp:22]   --->   Operation 46 'specchannel' 'empty_22' <Predicate = true> <Delay = 0.00>
ST_7 : Operation 47 [1/1] (0.00ns)   --->   "%empty_23 = call i32 (...)* @_ssdm_op_SpecInterface(i11* %nodo_V_c9, [8 x i8]* @ap_fifo_str, i32 0, i32 0, [1 x i8]* @p_str, i32 0, i32 0, [1 x i8]* @p_str, [1 x i8]* @p_str, [1 x i8]* @p_str, i32 2, i32 2, i32 16, i32 16, [1 x i8]* @p_str, [1 x i8]* @p_str)" [binarycam/cam.cpp:22]   --->   Operation 47 'specinterface' 'empty_23' <Predicate = true> <Delay = 0.00>
ST_7 : Operation 48 [1/1] (0.00ns)   --->   "%empty_24 = call i32 (...)* @_ssdm_op_SpecChannel([15 x i8]* @fatherSearch_c_str, i32 1, [1 x i8]* @p_str, [1 x i8]* @p_str, i32 2, i32 0, i1* %fatherSearch_c, i1* %fatherSearch_c)" [binarycam/cam.cpp:12]   --->   Operation 48 'specchannel' 'empty_24' <Predicate = true> <Delay = 0.00>
ST_7 : Operation 49 [1/1] (0.00ns)   --->   "%empty_25 = call i32 (...)* @_ssdm_op_SpecInterface(i1* %fatherSearch_c, [8 x i8]* @ap_fifo_str, i32 0, i32 0, [1 x i8]* @p_str, i32 0, i32 0, [1 x i8]* @p_str, [1 x i8]* @p_str, [1 x i8]* @p_str, i32 2, i32 2, i32 16, i32 16, [1 x i8]* @p_str, [1 x i8]* @p_str)" [binarycam/cam.cpp:12]   --->   Operation 49 'specinterface' 'empty_25' <Predicate = true> <Delay = 0.00>
ST_7 : Operation 50 [1/1] (0.00ns)   --->   "%empty_26 = call i32 (...)* @_ssdm_op_SpecChannel([17 x i8]* @fatherSearch_c10_str, i32 1, [1 x i8]* @p_str, [1 x i8]* @p_str, i32 2, i32 0, i1* %fatherSearch_c10, i1* %fatherSearch_c10)" [binarycam/cam.cpp:12]   --->   Operation 50 'specchannel' 'empty_26' <Predicate = true> <Delay = 0.00>
ST_7 : Operation 51 [1/1] (0.00ns)   --->   "%empty_27 = call i32 (...)* @_ssdm_op_SpecInterface(i1* %fatherSearch_c10, [8 x i8]* @ap_fifo_str, i32 0, i32 0, [1 x i8]* @p_str, i32 0, i32 0, [1 x i8]* @p_str, [1 x i8]* @p_str, [1 x i8]* @p_str, i32 2, i32 2, i32 16, i32 16, [1 x i8]* @p_str, [1 x i8]* @p_str)" [binarycam/cam.cpp:12]   --->   Operation 51 'specinterface' 'empty_27' <Predicate = true> <Delay = 0.00>
ST_7 : Operation 52 [1/1] (0.00ns)   --->   "%empty_28 = call i32 (...)* @_ssdm_op_SpecChannel([17 x i8]* @relationship_OC_V_c_s, i32 1, [1 x i8]* @p_str, [1 x i8]* @p_str, i32 2, i32 0, i2* %relationship_V_c, i2* %relationship_V_c)" [binarycam/cam.cpp:22]   --->   Operation 52 'specchannel' 'empty_28' <Predicate = true> <Delay = 0.00>
ST_7 : Operation 53 [1/1] (0.00ns)   --->   "%empty_29 = call i32 (...)* @_ssdm_op_SpecInterface(i2* %relationship_V_c, [8 x i8]* @ap_fifo_str, i32 0, i32 0, [1 x i8]* @p_str, i32 0, i32 0, [1 x i8]* @p_str, [1 x i8]* @p_str, [1 x i8]* @p_str, i32 2, i32 2, i32 16, i32 16, [1 x i8]* @p_str, [1 x i8]* @p_str)" [binarycam/cam.cpp:22]   --->   Operation 53 'specinterface' 'empty_29' <Predicate = true> <Delay = 0.00>
ST_7 : Operation 54 [1/1] (0.00ns)   --->   "%empty_30 = call i32 (...)* @_ssdm_op_SpecChannel([19 x i8]* @relationship_OC_V_c1, i32 1, [1 x i8]* @p_str, [1 x i8]* @p_str, i32 2, i32 0, i2* %relationship_V_c11, i2* %relationship_V_c11)" [binarycam/cam.cpp:22]   --->   Operation 54 'specchannel' 'empty_30' <Predicate = true> <Delay = 0.00>
ST_7 : Operation 55 [1/1] (0.00ns)   --->   "%empty_31 = call i32 (...)* @_ssdm_op_SpecInterface(i2* %relationship_V_c11, [8 x i8]* @ap_fifo_str, i32 0, i32 0, [1 x i8]* @p_str, i32 0, i32 0, [1 x i8]* @p_str, [1 x i8]* @p_str, [1 x i8]* @p_str, i32 2, i32 2, i32 16, i32 16, [1 x i8]* @p_str, [1 x i8]* @p_str)" [binarycam/cam.cpp:22]   --->   Operation 55 'specinterface' 'empty_31' <Predicate = true> <Delay = 0.00>
ST_7 : Operation 56 [1/1] (0.00ns)   --->   "%empty_32 = call i32 (...)* @_ssdm_op_SpecChannel([10 x i8]* @nodo_OC_V_c1_str, i32 1, [1 x i8]* @p_str, [1 x i8]* @p_str, i32 2, i32 0, i11* %nodo_V_c1, i11* %nodo_V_c1)" [binarycam/cam.cpp:22]   --->   Operation 56 'specchannel' 'empty_32' <Predicate = true> <Delay = 0.00>
ST_7 : Operation 57 [1/1] (0.00ns)   --->   "%empty_33 = call i32 (...)* @_ssdm_op_SpecInterface(i11* %nodo_V_c1, [8 x i8]* @ap_fifo_str, i32 0, i32 0, [1 x i8]* @p_str, i32 0, i32 0, [1 x i8]* @p_str, [1 x i8]* @p_str, [1 x i8]* @p_str, i32 2, i32 2, i32 16, i32 16, [1 x i8]* @p_str, [1 x i8]* @p_str)" [binarycam/cam.cpp:22]   --->   Operation 57 'specinterface' 'empty_33' <Predicate = true> <Delay = 0.00>
ST_7 : Operation 58 [1/1] (0.00ns)   --->   "%empty_34 = call i32 (...)* @_ssdm_op_SpecChannel([18 x i8]* @relationship_OC_V_c2, i32 1, [1 x i8]* @p_str, [1 x i8]* @p_str, i32 2, i32 0, i2* %relationship_V_c2, i2* %relationship_V_c2)" [binarycam/cam.cpp:22]   --->   Operation 58 'specchannel' 'empty_34' <Predicate = true> <Delay = 0.00>
ST_7 : Operation 59 [1/1] (0.00ns)   --->   "%empty_35 = call i32 (...)* @_ssdm_op_SpecInterface(i2* %relationship_V_c2, [8 x i8]* @ap_fifo_str, i32 0, i32 0, [1 x i8]* @p_str, i32 0, i32 0, [1 x i8]* @p_str, [1 x i8]* @p_str, [1 x i8]* @p_str, i32 2, i32 2, i32 16, i32 16, [1 x i8]* @p_str, [1 x i8]* @p_str)" [binarycam/cam.cpp:22]   --->   Operation 59 'specinterface' 'empty_35' <Predicate = true> <Delay = 0.00>
ST_7 : Operation 60 [1/1] (0.00ns)   --->   "%empty_36 = call i32 (...)* @_ssdm_op_SpecChannel([16 x i8]* @fatherSearch_c3_str, i32 1, [1 x i8]* @p_str, [1 x i8]* @p_str, i32 2, i32 0, i1* %fatherSearch_c3, i1* %fatherSearch_c3)" [binarycam/cam.cpp:12]   --->   Operation 60 'specchannel' 'empty_36' <Predicate = true> <Delay = 0.00>
ST_7 : Operation 61 [1/1] (0.00ns)   --->   "%empty_37 = call i32 (...)* @_ssdm_op_SpecInterface(i1* %fatherSearch_c3, [8 x i8]* @ap_fifo_str, i32 0, i32 0, [1 x i8]* @p_str, i32 0, i32 0, [1 x i8]* @p_str, [1 x i8]* @p_str, [1 x i8]* @p_str, i32 2, i32 2, i32 16, i32 16, [1 x i8]* @p_str, [1 x i8]* @p_str)" [binarycam/cam.cpp:12]   --->   Operation 61 'specinterface' 'empty_37' <Predicate = true> <Delay = 0.00>
ST_7 : Operation 62 [1/2] (0.00ns)   --->   "call fastcc void @combinar(i11* %result_V_V)" [binarycam/cam.cpp:25]   --->   Operation 62 'call' <Predicate = true> <Delay = 0.00> <CoreType = "Generic">   --->   Core 0 '' <Latency = 0> <II = 1> <Delay = 1.00> <Generic> <Opcode : >
ST_7 : Operation 63 [1/1] (0.00ns)   --->   "ret void" [binarycam/cam.cpp:26]   --->   Operation 63 'ret' <Predicate = true> <Delay = 0.00>


============================================================
+ Verbose Summary: Binding
============================================================
STG Binding: 
---------------- STG Properties BEGIN ----------------
- Is combinational: 0
- Is one-state seq: 0
- Is datapath-only: 0
- Is pipelined: 0
- Is top level: 1
Port [ Return ] is wired: 1; IO mode=ap_ctrl_hs:ce=0
Port [ tree_V]:  wired=1; compound=1; hidden=0; nouse=0; global=0; static=0; extern=0; dir=0; type=1; pingpong=0; private_global=0; MemPort=[11]; IO mode=ap_memory:ce=0
Port [ nodo_V]:  wired=1; compound=0; hidden=0; nouse=0; global=0; static=0; extern=0; dir=0; type=0; pingpong=0; private_global=0; IO mode=ap_none:ce=0
Port [ relationship_V]:  wired=1; compound=0; hidden=0; nouse=0; global=0; static=0; extern=0; dir=0; type=0; pingpong=0; private_global=0; IO mode=ap_none:ce=0
Port [ fatherSearch]:  wired=1; compound=0; hidden=0; nouse=0; global=0; static=0; extern=0; dir=0; type=0; pingpong=0; private_global=0; IO mode=ap_none:ce=0
Port [ result_V_V]:  wired=1; compound=1; hidden=0; nouse=0; global=0; static=0; extern=0; dir=1; type=3; pingpong=0; private_global=0; IO mode=ap_fifo:ce=0
Port [ in1_V_V]:  wired=0; compound=1; hidden=1; nouse=0; global=1; static=1; extern=0; dir=2; type=3; pingpong=0; private_global=1; linkage=7; visibility=0; IO mode=ap_fifo:ce=0
Port [ in2_V_V]:  wired=0; compound=1; hidden=1; nouse=0; global=1; static=1; extern=0; dir=2; type=3; pingpong=0; private_global=1; linkage=7; visibility=0; IO mode=ap_fifo:ce=0
Port [ in1b_V_V]:  wired=0; compound=1; hidden=1; nouse=0; global=1; static=1; extern=0; dir=2; type=3; pingpong=0; private_global=1; linkage=7; visibility=0; IO mode=ap_fifo:ce=0
Port [ in2b_V_V]:  wired=0; compound=1; hidden=1; nouse=0; global=1; static=1; extern=0; dir=2; type=3; pingpong=0; private_global=1; linkage=7; visibility=0; IO mode=ap_fifo:ce=0
---------------- STG Properties END ------------------

---------------- Datapath Model BEGIN ----------------

<LifeTime>
<method=bitvector/>
fatherSearch_read         (read                ) [ 00000000]
relationship_V_read       (read                ) [ 00000000]
nodo_V_read               (read                ) [ 00000000]
fatherSearch_c3           (alloca              ) [ 01111111]
relationship_V_c2         (alloca              ) [ 01111111]
nodo_V_c1                 (alloca              ) [ 01111111]
relationship_V_c11        (alloca              ) [ 00111111]
relationship_V_c          (alloca              ) [ 00111111]
fatherSearch_c10          (alloca              ) [ 00111111]
fatherSearch_c            (alloca              ) [ 00111111]
nodo_V_c9                 (alloca              ) [ 00111111]
nodo_V_c                  (alloca              ) [ 00111111]
call_ln22                 (call                ) [ 00000000]
call_ln22                 (call                ) [ 00000000]
call_ln23                 (call                ) [ 00000000]
call_ln24                 (call                ) [ 00000000]
specdataflowpipeline_ln21 (specdataflowpipeline) [ 00000000]
empty                     (specchannel         ) [ 00000000]
empty_12                  (specinterface       ) [ 00000000]
empty_13                  (specchannel         ) [ 00000000]
empty_14                  (specinterface       ) [ 00000000]
empty_15                  (specchannel         ) [ 00000000]
empty_16                  (specinterface       ) [ 00000000]
empty_17                  (specchannel         ) [ 00000000]
empty_18                  (specinterface       ) [ 00000000]
empty_19                  (specinterface       ) [ 00000000]
specbitsmap_ln0           (specbitsmap         ) [ 00000000]
specbitsmap_ln0           (specbitsmap         ) [ 00000000]
specbitsmap_ln0           (specbitsmap         ) [ 00000000]
specbitsmap_ln0           (specbitsmap         ) [ 00000000]
specbitsmap_ln0           (specbitsmap         ) [ 00000000]
spectopmodule_ln0         (spectopmodule       ) [ 00000000]
empty_20                  (specchannel         ) [ 00000000]
empty_21                  (specinterface       ) [ 00000000]
empty_22                  (specchannel         ) [ 00000000]
empty_23                  (specinterface       ) [ 00000000]
empty_24                  (specchannel         ) [ 00000000]
empty_25                  (specinterface       ) [ 00000000]
empty_26                  (specchannel         ) [ 00000000]
empty_27                  (specinterface       ) [ 00000000]
empty_28                  (specchannel         ) [ 00000000]
empty_29                  (specinterface       ) [ 00000000]
empty_30                  (specchannel         ) [ 00000000]
empty_31                  (specinterface       ) [ 00000000]
empty_32                  (specchannel         ) [ 00000000]
empty_33                  (specinterface       ) [ 00000000]
empty_34                  (specchannel         ) [ 00000000]
empty_35                  (specinterface       ) [ 00000000]
empty_36                  (specchannel         ) [ 00000000]
empty_37                  (specinterface       ) [ 00000000]
call_ln25                 (call                ) [ 00000000]
ret_ln26                  (ret                 ) [ 00000000]
</LifeTime>

<model>

<comp_list>
<comp id="0" class="1000" name="tree_V">
<pin_list>
<pin id="1" dir="1" index="0" bw="1" slack="0"/>
</pin_list>
<bind>
<StgValue><ssdm name="tree_V"/><MemPortTyVec>1 1 </MemPortTyVec>
</StgValue>
</bind>
</comp>

<comp id="2" class="1000" name="nodo_V">
<pin_list>
<pin id="3" dir="1" index="0" bw="1" slack="0"/>
</pin_list>
<bind>
<StgValue><ssdm name="nodo_V"/></StgValue>
</bind>
</comp>

<comp id="4" class="1000" name="relationship_V">
<pin_list>
<pin id="5" dir="1" index="0" bw="1" slack="0"/>
</pin_list>
<bind>
<StgValue><ssdm name="relationship_V"/></StgValue>
</bind>
</comp>

<comp id="6" class="1000" name="fatherSearch">
<pin_list>
<pin id="7" dir="1" index="0" bw="1" slack="0"/>
</pin_list>
<bind>
<StgValue><ssdm name="fatherSearch"/></StgValue>
</bind>
</comp>

<comp id="8" class="1000" name="result_V_V">
<pin_list>
<pin id="9" dir="1" index="0" bw="1" slack="0"/>
</pin_list>
<bind>
<StgValue><ssdm name="result_V_V"/></StgValue>
</bind>
</comp>

<comp id="10" class="1000" name="in1_V_V">
<pin_list>
<pin id="11" dir="1" index="0" bw="1" slack="0"/>
</pin_list>
<bind>
<StgValue><ssdm name="in1_V_V"/></StgValue>
</bind>
</comp>

<comp id="12" class="1000" name="in2_V_V">
<pin_list>
<pin id="13" dir="1" index="0" bw="1" slack="0"/>
</pin_list>
<bind>
<StgValue><ssdm name="in2_V_V"/></StgValue>
</bind>
</comp>

<comp id="14" class="1000" name="in1b_V_V">
<pin_list>
<pin id="15" dir="1" index="0" bw="1" slack="0"/>
</pin_list>
<bind>
<StgValue><ssdm name="in1b_V_V"/></StgValue>
</bind>
</comp>

<comp id="16" class="1000" name="in2b_V_V">
<pin_list>
<pin id="17" dir="1" index="0" bw="1" slack="0"/>
</pin_list>
<bind>
<StgValue><ssdm name="in2b_V_V"/></StgValue>
</bind>
</comp>

<comp id="18" class="1001" name="const_18">
<pin_list>
<pin id="19" dir="1" index="0" bw="1" slack="0"/>
</pin_list>
<bind>
<StgValue><ssdm name="_ssdm_op_Read.ap_auto.i1"/></StgValue>
</bind>
</comp>

<comp id="20" class="1001" name="const_20">
<pin_list>
<pin id="21" dir="1" index="0" bw="1" slack="0"/>
</pin_list>
<bind>
<StgValue><ssdm name="_ssdm_op_Read.ap_auto.i2"/></StgValue>
</bind>
</comp>

<comp id="22" class="1001" name="const_22">
<pin_list>
<pin id="23" dir="1" index="0" bw="1" slack="0"/>
</pin_list>
<bind>
<StgValue><ssdm name="_ssdm_op_Read.ap_auto.i11"/></StgValue>
</bind>
</comp>

<comp id="24" class="1001" name="const_24">
<pin_list>
<pin id="25" dir="1" index="0" bw="1" slack="0"/>
</pin_list>
<bind>
<StgValue><ssdm name=""/></StgValue>
</bind>
</comp>

<comp id="26" class="1001" name="const_26">
<pin_list>
<pin id="27" dir="1" index="0" bw="1" slack="0"/>
</pin_list>
<bind>
<StgValue><ssdm name="top_function.entry3"/></StgValue>
</bind>
</comp>

<comp id="28" class="1001" name="const_28">
<pin_list>
<pin id="29" dir="1" index="0" bw="1" slack="0"/>
</pin_list>
<bind>
<StgValue><ssdm name="preprocessor_cam52"/></StgValue>
</bind>
</comp>

<comp id="30" class="1001" name="const_30">
<pin_list>
<pin id="31" dir="1" index="0" bw="1" slack="0"/>
</pin_list>
<bind>
<StgValue><ssdm name="busqueda_cam51"/></StgValue>
</bind>
</comp>

<comp id="32" class="1001" name="const_32">
<pin_list>
<pin id="33" dir="1" index="0" bw="1" slack="0"/>
</pin_list>
<bind>
<StgValue><ssdm name="busqueda_cam"/></StgValue>
</bind>
</comp>

<comp id="34" class="1001" name="const_34">
<pin_list>
<pin id="35" dir="1" index="0" bw="1" slack="0"/>
</pin_list>
<bind>
<StgValue><ssdm name="combinar"/></StgValue>
</bind>
</comp>

<comp id="36" class="1001" name="const_36">
<pin_list>
<pin id="37" dir="1" index="0" bw="1" slack="2147483647"/>
</pin_list>
<bind>
<StgValue><ssdm name="_ssdm_op_SpecDataflowPipeline"/></StgValue>
</bind>
</comp>

<comp id="38" class="1001" name="const_38">
<pin_list>
<pin id="39" dir="1" index="0" bw="1" slack="2147483647"/>
</pin_list>
<bind>
<StgValue><ssdm name=""/></StgValue>
</bind>
</comp>

<comp id="40" class="1001" name="const_40">
<pin_list>
<pin id="41" dir="1" index="0" bw="1" slack="2147483647"/>
</pin_list>
<bind>
<StgValue><ssdm name=""/></StgValue>
</bind>
</comp>

<comp id="42" class="1001" name="const_42">
<pin_list>
<pin id="43" dir="1" index="0" bw="1" slack="2147483647"/>
</pin_list>
<bind>
<StgValue><ssdm name="p_str1"/></StgValue>
</bind>
</comp>

<comp id="44" class="1001" name="const_44">
<pin_list>
<pin id="45" dir="1" index="0" bw="1" slack="2147483647"/>
</pin_list>
<bind>
<StgValue><ssdm name="_ssdm_op_SpecChannel"/></StgValue>
</bind>
</comp>

<comp id="46" class="1001" name="const_46">
<pin_list>
<pin id="47" dir="1" index="0" bw="1" slack="2147483647"/>
</pin_list>
<bind>
<StgValue><ssdm name="in1_OC_V_OC_V_str"/></StgValue>
</bind>
</comp>

<comp id="48" class="1001" name="const_48">
<pin_list>
<pin id="49" dir="1" index="0" bw="1" slack="2147483647"/>
</pin_list>
<bind>
<StgValue><ssdm name=""/></StgValue>
</bind>
</comp>

<comp id="50" class="1001" name="const_50">
<pin_list>
<pin id="51" dir="1" index="0" bw="1" slack="2147483647"/>
</pin_list>
<bind>
<StgValue><ssdm name="p_str"/></StgValue>
</bind>
</comp>

<comp id="52" class="1001" name="const_52">
<pin_list>
<pin id="53" dir="1" index="0" bw="1" slack="2147483647"/>
</pin_list>
<bind>
<StgValue><ssdm name=""/></StgValue>
</bind>
</comp>

<comp id="54" class="1001" name="const_54">
<pin_list>
<pin id="55" dir="1" index="0" bw="1" slack="2147483647"/>
</pin_list>
<bind>
<StgValue><ssdm name="_ssdm_op_SpecInterface"/></StgValue>
</bind>
</comp>

<comp id="56" class="1001" name="const_56">
<pin_list>
<pin id="57" dir="1" index="0" bw="1" slack="2147483647"/>
</pin_list>
<bind>
<StgValue><ssdm name="ap_fifo_str"/></StgValue>
</bind>
</comp>

<comp id="58" class="1001" name="const_58">
<pin_list>
<pin id="59" dir="1" index="0" bw="1" slack="2147483647"/>
</pin_list>
<bind>
<StgValue><ssdm name=""/></StgValue>
</bind>
</comp>

<comp id="60" class="1001" name="const_60">
<pin_list>
<pin id="61" dir="1" index="0" bw="1" slack="2147483647"/>
</pin_list>
<bind>
<StgValue><ssdm name=""/></StgValue>
</bind>
</comp>

<comp id="62" class="1001" name="const_62">
<pin_list>
<pin id="63" dir="1" index="0" bw="1" slack="2147483647"/>
</pin_list>
<bind>
<StgValue><ssdm name="in1b_OC_V_OC_V_str"/></StgValue>
</bind>
</comp>

<comp id="64" class="1001" name="const_64">
<pin_list>
<pin id="65" dir="1" index="0" bw="1" slack="2147483647"/>
</pin_list>
<bind>
<StgValue><ssdm name="in2_OC_V_OC_V_str"/></StgValue>
</bind>
</comp>

<comp id="66" class="1001" name="const_66">
<pin_list>
<pin id="67" dir="1" index="0" bw="1" slack="2147483647"/>
</pin_list>
<bind>
<StgValue><ssdm name="in2b_OC_V_OC_V_str"/></StgValue>
</bind>
</comp>

<comp id="68" class="1001" name="const_68">
<pin_list>
<pin id="69" dir="1" index="0" bw="1" slack="2147483647"/>
</pin_list>
<bind>
<StgValue><ssdm name="_ssdm_op_SpecBitsMap"/></StgValue>
</bind>
</comp>

<comp id="70" class="1001" name="const_70">
<pin_list>
<pin id="71" dir="1" index="0" bw="1" slack="2147483647"/>
</pin_list>
<bind>
<StgValue><ssdm name="_ssdm_op_SpecTopModule"/></StgValue>
</bind>
</comp>

<comp id="72" class="1001" name="const_72">
<pin_list>
<pin id="73" dir="1" index="0" bw="1" slack="2147483647"/>
</pin_list>
<bind>
<StgValue><ssdm name="top_function_str"/></StgValue>
</bind>
</comp>

<comp id="74" class="1001" name="const_74">
<pin_list>
<pin id="75" dir="1" index="0" bw="1" slack="2147483647"/>
</pin_list>
<bind>
<StgValue><ssdm name="nodo_OC_V_c_str"/></StgValue>
</bind>
</comp>

<comp id="76" class="1001" name="const_76">
<pin_list>
<pin id="77" dir="1" index="0" bw="1" slack="2147483647"/>
</pin_list>
<bind>
<StgValue><ssdm name="nodo_OC_V_c9_str"/></StgValue>
</bind>
</comp>

<comp id="78" class="1001" name="const_78">
<pin_list>
<pin id="79" dir="1" index="0" bw="1" slack="2147483647"/>
</pin_list>
<bind>
<StgValue><ssdm name="fatherSearch_c_str"/></StgValue>
</bind>
</comp>

<comp id="80" class="1001" name="const_80">
<pin_list>
<pin id="81" dir="1" index="0" bw="1" slack="2147483647"/>
</pin_list>
<bind>
<StgValue><ssdm name="fatherSearch_c10_str"/></StgValue>
</bind>
</comp>

<comp id="82" class="1001" name="const_82">
<pin_list>
<pin id="83" dir="1" index="0" bw="1" slack="2147483647"/>
</pin_list>
<bind>
<StgValue><ssdm name="relationship_OC_V_c_s"/></StgValue>
</bind>
</comp>

<comp id="84" class="1001" name="const_84">
<pin_list>
<pin id="85" dir="1" index="0" bw="1" slack="2147483647"/>
</pin_list>
<bind>
<StgValue><ssdm name="relationship_OC_V_c1"/></StgValue>
</bind>
</comp>

<comp id="86" class="1001" name="const_86">
<pin_list>
<pin id="87" dir="1" index="0" bw="1" slack="2147483647"/>
</pin_list>
<bind>
<StgValue><ssdm name="nodo_OC_V_c1_str"/></StgValue>
</bind>
</comp>

<comp id="88" class="1001" name="const_88">
<pin_list>
<pin id="89" dir="1" index="0" bw="1" slack="2147483647"/>
</pin_list>
<bind>
<StgValue><ssdm name="relationship_OC_V_c2"/></StgValue>
</bind>
</comp>

<comp id="90" class="1001" name="const_90">
<pin_list>
<pin id="91" dir="1" index="0" bw="1" slack="2147483647"/>
</pin_list>
<bind>
<StgValue><ssdm name="fatherSearch_c3_str"/></StgValue>
</bind>
</comp>

<comp id="92" class="1004" name="fatherSearch_c3_fu_92">
<pin_list>
<pin id="93" dir="0" index="0" bw="1" slack="0"/>
<pin id="94" dir="1" index="1" bw="1" slack="0"/>
</pin_list>
<bind>
<opcode="alloca(26) " fcode="alloca"/>
<opset="fatherSearch_c3/1 "/>
</bind>
</comp>

<comp id="96" class="1004" name="relationship_V_c2_fu_96">
<pin_list>
<pin id="97" dir="0" index="0" bw="1" slack="0"/>
<pin id="98" dir="1" index="1" bw="2" slack="0"/>
</pin_list>
<bind>
<opcode="alloca(26) " fcode="alloca"/>
<opset="relationship_V_c2/1 "/>
</bind>
</comp>

<comp id="100" class="1004" name="nodo_V_c1_fu_100">
<pin_list>
<pin id="101" dir="0" index="0" bw="1" slack="0"/>
<pin id="102" dir="1" index="1" bw="11" slack="0"/>
</pin_list>
<bind>
<opcode="alloca(26) " fcode="alloca"/>
<opset="nodo_V_c1/1 "/>
</bind>
</comp>

<comp id="104" class="1004" name="relationship_V_c11_fu_104">
<pin_list>
<pin id="105" dir="0" index="0" bw="1" slack="0"/>
<pin id="106" dir="1" index="1" bw="2" slack="1"/>
</pin_list>
<bind>
<opcode="alloca(26) " fcode="alloca"/>
<opset="relationship_V_c11/1 "/>
</bind>
</comp>

<comp id="108" class="1004" name="relationship_V_c_fu_108">
<pin_list>
<pin id="109" dir="0" index="0" bw="1" slack="0"/>
<pin id="110" dir="1" index="1" bw="2" slack="1"/>
</pin_list>
<bind>
<opcode="alloca(26) " fcode="alloca"/>
<opset="relationship_V_c/1 "/>
</bind>
</comp>

<comp id="112" class="1004" name="fatherSearch_c10_fu_112">
<pin_list>
<pin id="113" dir="0" index="0" bw="1" slack="0"/>
<pin id="114" dir="1" index="1" bw="1" slack="1"/>
</pin_list>
<bind>
<opcode="alloca(26) " fcode="alloca"/>
<opset="fatherSearch_c10/1 "/>
</bind>
</comp>

<comp id="116" class="1004" name="fatherSearch_c_fu_116">
<pin_list>
<pin id="117" dir="0" index="0" bw="1" slack="0"/>
<pin id="118" dir="1" index="1" bw="1" slack="1"/>
</pin_list>
<bind>
<opcode="alloca(26) " fcode="alloca"/>
<opset="fatherSearch_c/1 "/>
</bind>
</comp>

<comp id="120" class="1004" name="nodo_V_c9_fu_120">
<pin_list>
<pin id="121" dir="0" index="0" bw="1" slack="0"/>
<pin id="122" dir="1" index="1" bw="11" slack="1"/>
</pin_list>
<bind>
<opcode="alloca(26) " fcode="alloca"/>
<opset="nodo_V_c9/1 "/>
</bind>
</comp>

<comp id="124" class="1004" name="nodo_V_c_fu_124">
<pin_list>
<pin id="125" dir="0" index="0" bw="1" slack="0"/>
<pin id="126" dir="1" index="1" bw="11" slack="1"/>
</pin_list>
<bind>
<opcode="alloca(26) " fcode="alloca"/>
<opset="nodo_V_c/1 "/>
</bind>
</comp>

<comp id="128" class="1004" name="fatherSearch_read_read_fu_128">
<pin_list>
<pin id="129" dir="0" index="0" bw="1" slack="0"/>
<pin id="130" dir="0" index="1" bw="1" slack="0"/>
<pin id="131" dir="1" index="2" bw="1" slack="0"/>
</pin_list>
<bind>
<opcode="read(1150) " fcode="read"/>
<opset="fatherSearch_read/1 "/>
</bind>
</comp>

<comp id="134" class="1004" name="relationship_V_read_read_fu_134">
<pin_list>
<pin id="135" dir="0" index="0" bw="2" slack="0"/>
<pin id="136" dir="0" index="1" bw="2" slack="0"/>
<pin id="137" dir="1" index="2" bw="2" slack="0"/>
</pin_list>
<bind>
<opcode="read(1150) " fcode="read"/>
<opset="relationship_V_read/1 "/>
</bind>
</comp>

<comp id="140" class="1004" name="nodo_V_read_read_fu_140">
<pin_list>
<pin id="141" dir="0" index="0" bw="11" slack="0"/>
<pin id="142" dir="0" index="1" bw="11" slack="0"/>
<pin id="143" dir="1" index="2" bw="11" slack="0"/>
</pin_list>
<bind>
<opcode="read(1150) " fcode="read"/>
<opset="nodo_V_read/1 "/>
</bind>
</comp>

<comp id="146" class="1004" name="grp_busqueda_cam51_fu_146">
<pin_list>
<pin id="147" dir="0" index="0" bw="0" slack="0"/>
<pin id="148" dir="0" index="1" bw="11" slack="3"/>
<pin id="149" dir="0" index="2" bw="2" slack="3"/>
<pin id="150" dir="0" index="3" bw="1" slack="3"/>
<pin id="151" dir="0" index="4" bw="24" slack="0"/>
<pin id="152" dir="0" index="5" bw="11" slack="0"/>
<pin id="153" dir="1" index="6" bw="0" slack="2147483647"/>
</pin_list>
<bind>
<opcode="call(48) " fcode="call"/>
<opset="call_ln23/4 "/>
</bind>
</comp>

<comp id="157" class="1004" name="grp_busqueda_cam_fu_157">
<pin_list>
<pin id="158" dir="0" index="0" bw="0" slack="0"/>
<pin id="159" dir="0" index="1" bw="11" slack="3"/>
<pin id="160" dir="0" index="2" bw="2" slack="3"/>
<pin id="161" dir="0" index="3" bw="1" slack="3"/>
<pin id="162" dir="0" index="4" bw="24" slack="0"/>
<pin id="163" dir="0" index="5" bw="11" slack="0"/>
<pin id="164" dir="1" index="6" bw="0" slack="2147483647"/>
</pin_list>
<bind>
<opcode="call(48) " fcode="call"/>
<opset="call_ln24/4 "/>
</bind>
</comp>

<comp id="168" class="1004" name="grp_preprocessor_cam52_fu_168">
<pin_list>
<pin id="169" dir="0" index="0" bw="0" slack="0"/>
<pin id="170" dir="0" index="1" bw="24" slack="0"/>
<pin id="171" dir="0" index="2" bw="11" slack="1"/>
<pin id="172" dir="0" index="3" bw="1" slack="1"/>
<pin id="173" dir="0" index="4" bw="2" slack="1"/>
<pin id="174" dir="0" index="5" bw="11" slack="1"/>
<pin id="175" dir="0" index="6" bw="11" slack="1"/>
<pin id="176" dir="0" index="7" bw="1" slack="1"/>
<pin id="177" dir="0" index="8" bw="1" slack="1"/>
<pin id="178" dir="0" index="9" bw="2" slack="1"/>
<pin id="179" dir="0" index="10" bw="2" slack="1"/>
<pin id="180" dir="0" index="11" bw="24" slack="0"/>
<pin id="181" dir="0" index="12" bw="24" slack="0"/>
<pin id="182" dir="1" index="13" bw="0" slack="2147483647"/>
</pin_list>
<bind>
<opcode="call(48) " fcode="call"/>
<opset="call_ln22/2 "/>
</bind>
</comp>

<comp id="187" class="1004" name="grp_combinar_fu_187">
<pin_list>
<pin id="188" dir="0" index="0" bw="0" slack="0"/>
<pin id="189" dir="0" index="1" bw="11" slack="0"/>
<pin id="190" dir="0" index="2" bw="11" slack="0"/>
<pin id="191" dir="0" index="3" bw="11" slack="0"/>
<pin id="192" dir="1" index="4" bw="0" slack="2147483647"/>
</pin_list>
<bind>
<opcode="call(48) " fcode="call"/>
<opset="call_ln25/6 "/>
</bind>
</comp>

<comp id="197" class="1004" name="call_ln22_top_function_entry3_fu_197">
<pin_list>
<pin id="198" dir="0" index="0" bw="0" slack="0"/>
<pin id="199" dir="0" index="1" bw="11" slack="0"/>
<pin id="200" dir="0" index="2" bw="2" slack="0"/>
<pin id="201" dir="0" index="3" bw="1" slack="0"/>
<pin id="202" dir="0" index="4" bw="11" slack="0"/>
<pin id="203" dir="0" index="5" bw="2" slack="0"/>
<pin id="204" dir="0" index="6" bw="1" slack="0"/>
<pin id="205" dir="1" index="7" bw="0" slack="2147483647"/>
</pin_list>
<bind>
<opcode="call(48) " fcode="call"/>
<opset="call_ln22/1 "/>
</bind>
</comp>

<comp id="210" class="1005" name="fatherSearch_c3_reg_210">
<pin_list>
<pin id="211" dir="0" index="0" bw="1" slack="0"/>
<pin id="212" dir="1" index="1" bw="1" slack="0"/>
</pin_list>
<bind>
<opset="fatherSearch_c3 "/>
</bind>
</comp>

<comp id="216" class="1005" name="relationship_V_c2_reg_216">
<pin_list>
<pin id="217" dir="0" index="0" bw="2" slack="0"/>
<pin id="218" dir="1" index="1" bw="2" slack="0"/>
</pin_list>
<bind>
<opset="relationship_V_c2 "/>
</bind>
</comp>

<comp id="222" class="1005" name="nodo_V_c1_reg_222">
<pin_list>
<pin id="223" dir="0" index="0" bw="11" slack="0"/>
<pin id="224" dir="1" index="1" bw="11" slack="0"/>
</pin_list>
<bind>
<opset="nodo_V_c1 "/>
</bind>
</comp>

<comp id="228" class="1005" name="relationship_V_c11_reg_228">
<pin_list>
<pin id="229" dir="0" index="0" bw="2" slack="1"/>
<pin id="230" dir="1" index="1" bw="2" slack="1"/>
</pin_list>
<bind>
<opset="relationship_V_c11 "/>
</bind>
</comp>

<comp id="234" class="1005" name="relationship_V_c_reg_234">
<pin_list>
<pin id="235" dir="0" index="0" bw="2" slack="1"/>
<pin id="236" dir="1" index="1" bw="2" slack="1"/>
</pin_list>
<bind>
<opset="relationship_V_c "/>
</bind>
</comp>

<comp id="240" class="1005" name="fatherSearch_c10_reg_240">
<pin_list>
<pin id="241" dir="0" index="0" bw="1" slack="1"/>
<pin id="242" dir="1" index="1" bw="1" slack="1"/>
</pin_list>
<bind>
<opset="fatherSearch_c10 "/>
</bind>
</comp>

<comp id="246" class="1005" name="fatherSearch_c_reg_246">
<pin_list>
<pin id="247" dir="0" index="0" bw="1" slack="1"/>
<pin id="248" dir="1" index="1" bw="1" slack="1"/>
</pin_list>
<bind>
<opset="fatherSearch_c "/>
</bind>
</comp>

<comp id="252" class="1005" name="nodo_V_c9_reg_252">
<pin_list>
<pin id="253" dir="0" index="0" bw="11" slack="1"/>
<pin id="254" dir="1" index="1" bw="11" slack="1"/>
</pin_list>
<bind>
<opset="nodo_V_c9 "/>
</bind>
</comp>

<comp id="258" class="1005" name="nodo_V_c_reg_258">
<pin_list>
<pin id="259" dir="0" index="0" bw="11" slack="1"/>
<pin id="260" dir="1" index="1" bw="11" slack="1"/>
</pin_list>
<bind>
<opset="nodo_V_c "/>
</bind>
</comp>

</comp_list>

<net_list>
<net id="95"><net_src comp="24" pin="0"/><net_sink comp="92" pin=0"/></net>

<net id="99"><net_src comp="24" pin="0"/><net_sink comp="96" pin=0"/></net>

<net id="103"><net_src comp="24" pin="0"/><net_sink comp="100" pin=0"/></net>

<net id="107"><net_src comp="24" pin="0"/><net_sink comp="104" pin=0"/></net>

<net id="111"><net_src comp="24" pin="0"/><net_sink comp="108" pin=0"/></net>

<net id="115"><net_src comp="24" pin="0"/><net_sink comp="112" pin=0"/></net>

<net id="119"><net_src comp="24" pin="0"/><net_sink comp="116" pin=0"/></net>

<net id="123"><net_src comp="24" pin="0"/><net_sink comp="120" pin=0"/></net>

<net id="127"><net_src comp="24" pin="0"/><net_sink comp="124" pin=0"/></net>

<net id="132"><net_src comp="18" pin="0"/><net_sink comp="128" pin=0"/></net>

<net id="133"><net_src comp="6" pin="0"/><net_sink comp="128" pin=1"/></net>

<net id="138"><net_src comp="20" pin="0"/><net_sink comp="134" pin=0"/></net>

<net id="139"><net_src comp="4" pin="0"/><net_sink comp="134" pin=1"/></net>

<net id="144"><net_src comp="22" pin="0"/><net_sink comp="140" pin=0"/></net>

<net id="145"><net_src comp="2" pin="0"/><net_sink comp="140" pin=1"/></net>

<net id="154"><net_src comp="30" pin="0"/><net_sink comp="146" pin=0"/></net>

<net id="155"><net_src comp="10" pin="0"/><net_sink comp="146" pin=4"/></net>

<net id="156"><net_src comp="14" pin="0"/><net_sink comp="146" pin=5"/></net>

<net id="165"><net_src comp="32" pin="0"/><net_sink comp="157" pin=0"/></net>

<net id="166"><net_src comp="12" pin="0"/><net_sink comp="157" pin=4"/></net>

<net id="167"><net_src comp="16" pin="0"/><net_sink comp="157" pin=5"/></net>

<net id="183"><net_src comp="28" pin="0"/><net_sink comp="168" pin=0"/></net>

<net id="184"><net_src comp="0" pin="0"/><net_sink comp="168" pin=1"/></net>

<net id="185"><net_src comp="10" pin="0"/><net_sink comp="168" pin=11"/></net>

<net id="186"><net_src comp="12" pin="0"/><net_sink comp="168" pin=12"/></net>

<net id="193"><net_src comp="34" pin="0"/><net_sink comp="187" pin=0"/></net>

<net id="194"><net_src comp="8" pin="0"/><net_sink comp="187" pin=1"/></net>

<net id="195"><net_src comp="14" pin="0"/><net_sink comp="187" pin=2"/></net>

<net id="196"><net_src comp="16" pin="0"/><net_sink comp="187" pin=3"/></net>

<net id="206"><net_src comp="26" pin="0"/><net_sink comp="197" pin=0"/></net>

<net id="207"><net_src comp="140" pin="2"/><net_sink comp="197" pin=1"/></net>

<net id="208"><net_src comp="134" pin="2"/><net_sink comp="197" pin=2"/></net>

<net id="209"><net_src comp="128" pin="2"/><net_sink comp="197" pin=3"/></net>

<net id="213"><net_src comp="92" pin="1"/><net_sink comp="210" pin=0"/></net>

<net id="214"><net_src comp="210" pin="1"/><net_sink comp="197" pin=6"/></net>

<net id="215"><net_src comp="210" pin="1"/><net_sink comp="168" pin=3"/></net>

<net id="219"><net_src comp="96" pin="1"/><net_sink comp="216" pin=0"/></net>

<net id="220"><net_src comp="216" pin="1"/><net_sink comp="197" pin=5"/></net>

<net id="221"><net_src comp="216" pin="1"/><net_sink comp="168" pin=4"/></net>

<net id="225"><net_src comp="100" pin="1"/><net_sink comp="222" pin=0"/></net>

<net id="226"><net_src comp="222" pin="1"/><net_sink comp="197" pin=4"/></net>

<net id="227"><net_src comp="222" pin="1"/><net_sink comp="168" pin=2"/></net>

<net id="231"><net_src comp="104" pin="1"/><net_sink comp="228" pin=0"/></net>

<net id="232"><net_src comp="228" pin="1"/><net_sink comp="168" pin=10"/></net>

<net id="233"><net_src comp="228" pin="1"/><net_sink comp="157" pin=2"/></net>

<net id="237"><net_src comp="108" pin="1"/><net_sink comp="234" pin=0"/></net>

<net id="238"><net_src comp="234" pin="1"/><net_sink comp="168" pin=9"/></net>

<net id="239"><net_src comp="234" pin="1"/><net_sink comp="146" pin=2"/></net>

<net id="243"><net_src comp="112" pin="1"/><net_sink comp="240" pin=0"/></net>

<net id="244"><net_src comp="240" pin="1"/><net_sink comp="168" pin=8"/></net>

<net id="245"><net_src comp="240" pin="1"/><net_sink comp="157" pin=3"/></net>

<net id="249"><net_src comp="116" pin="1"/><net_sink comp="246" pin=0"/></net>

<net id="250"><net_src comp="246" pin="1"/><net_sink comp="168" pin=7"/></net>

<net id="251"><net_src comp="246" pin="1"/><net_sink comp="146" pin=3"/></net>

<net id="255"><net_src comp="120" pin="1"/><net_sink comp="252" pin=0"/></net>

<net id="256"><net_src comp="252" pin="1"/><net_sink comp="168" pin=6"/></net>

<net id="257"><net_src comp="252" pin="1"/><net_sink comp="157" pin=1"/></net>

<net id="261"><net_src comp="124" pin="1"/><net_sink comp="258" pin=0"/></net>

<net id="262"><net_src comp="258" pin="1"/><net_sink comp="168" pin=5"/></net>

<net id="263"><net_src comp="258" pin="1"/><net_sink comp="146" pin=1"/></net>

</net_list>

</model> 
---------------- Datapath Model END ------------------

* FSMD analyzer results:
  - Output states:
	Port: result_V_V | {6 7 }
	Port: in1_V_V | {2 3 }
	Port: in2_V_V | {2 3 }
	Port: in1b_V_V | {4 5 }
	Port: in2b_V_V | {4 5 }
 - Input state : 
	Port: top_function : tree_V | {2 3 }
	Port: top_function : nodo_V | {1 }
	Port: top_function : relationship_V | {1 }
	Port: top_function : fatherSearch | {1 }
	Port: top_function : in1_V_V | {4 5 }
	Port: top_function : in2_V_V | {4 5 }
	Port: top_function : in1b_V_V | {6 7 }
	Port: top_function : in2b_V_V | {6 7 }
  - Chain level:
	State 1
		call_ln22 : 1
	State 2
	State 3
	State 4
	State 5
	State 6
	State 7


============================================================
+ Verbose Summary: Datapath Resource usage 
============================================================

* Functional unit list:
|----------|--------------------------------------|---------|---------|---------|
| Operation|            Functional Unit           |  Delay  |    FF   |   LUT   |
|----------|--------------------------------------|---------|---------|---------|
|          |       grp_busqueda_cam51_fu_146      | 1.81475 |    42   |    79   |
|          |        grp_busqueda_cam_fu_157       | 1.81475 |    42   |    79   |
|   call   |     grp_preprocessor_cam52_fu_168    |  7.076  |    44   |    64   |
|          |          grp_combinar_fu_187         | 1.81475 |    29   |    43   |
|          | call_ln22_top_function_entry3_fu_197 |    0    |    0    |    0    |
|----------|--------------------------------------|---------|---------|---------|
|          |     fatherSearch_read_read_fu_128    |    0    |    0    |    0    |
|   read   |    relationship_V_read_read_fu_134   |    0    |    0    |    0    |
|          |        nodo_V_read_read_fu_140       |    0    |    0    |    0    |
|----------|--------------------------------------|---------|---------|---------|
|   Total  |                                      | 12.5202 |   157   |   265   |
|----------|--------------------------------------|---------|---------|---------|

Memories:
N/A

* Register list:
+--------------------------+--------+
|                          |   FF   |
+--------------------------+--------+
| fatherSearch_c10_reg_240 |    1   |
|  fatherSearch_c3_reg_210 |    1   |
|  fatherSearch_c_reg_246  |    1   |
|     nodo_V_c1_reg_222    |   11   |
|     nodo_V_c9_reg_252    |   11   |
|     nodo_V_c_reg_258     |   11   |
|relationship_V_c11_reg_228|    2   |
| relationship_V_c2_reg_216|    2   |
| relationship_V_c_reg_234 |    2   |
+--------------------------+--------+
|           Total          |   42   |
+--------------------------+--------+

* Multiplexer (MUX) list: 
|--------|------|------|------|--------|
|  Comp  |  Pin | Size |  BW  | S x BW |
|--------|------|------|------|--------|
|  Total |      |      |      |    0   |
|--------|------|------|------|--------|



* Summary:
+-----------+--------+--------+--------+
|           |  Delay |   FF   |   LUT  |
+-----------+--------+--------+--------+
|  Function |   12   |   157  |   265  |
|   Memory  |    -   |    -   |    -   |
|Multiplexer|    -   |    -   |    -   |
|  Register |    -   |   42   |    -   |
+-----------+--------+--------+--------+
|   Total   |   12   |   199  |   265  |
+-----------+--------+--------+--------+
